#
# A fatal error has been detected by the Java Runtime Environment:
#
#  EXCEPTION_ACCESS_VIOLATION (0xc0000005) at pc=0x00007ffd8bc47bfa, pid=5048, tid=5556
#
# JRE version: Java(TM) SE Runtime Environment (18.0.2+9) (build 18.0.2+9-61)
# Java VM: Java HotSpot(TM) 64-Bit Server VM (18.0.2+9-61, mixed mode, sharing, tiered, compressed oops, compressed class ptrs, parallel gc, windows-amd64)
# Problematic frame:
# V  [jvm.dll+0x307bfa]
#
# No core dump will be written. Minidumps are not enabled by default on client versions of Windows
#
# If you would like to submit a bug report, please visit:
#   https://bugreport.java.com/bugreport/crash.jsp
#

---------------  S U M M A R Y ------------

Command Line: --add-modules=ALL-SYSTEM --add-opens=java.base/java.util=ALL-UNNAMED --add-opens=java.base/java.lang=ALL-UNNAMED --add-opens=java.base/sun.nio.fs=ALL-UNNAMED -Declipse.application=org.eclipse.jdt.ls.core.id1 -Dosgi.bundles.defaultStartLevel=4 -Declipse.product=org.eclipse.jdt.ls.core.product -Djava.import.generatesMetadataFilesAtProjectRoot=false -Dfile.encoding=utf8 -XX:+UseParallelGC -XX:GCTimeRatio=4 -XX:AdaptiveSizePolicyWeight=90 -Dsun.zip.disableMemoryMapping=true -Xmx1G -Xms100m -Xlog:disable -javaagent:c:\Users\brend\.vscode\extensions\redhat.java-1.21.0-win32-x64\lombok\lombok-1.18.28.jar -XX:+HeapDumpOnOutOfMemoryError -XX:HeapDumpPath=c:\Users\brend\AppData\Roaming\Code\User\workspaceStorage\740d546d7c3ef9ec51985389fff41459\redhat.java -Daether.dependencyCollector.impl=bf c:\Users\brend\.vscode\extensions\redhat.java-1.21.0-win32-x64\server\plugins\org.eclipse.equinox.launcher_1.6.500.v20230717-2134.jar -configuration c:\Users\brend\AppData\Roaming\Code\User\globalStorage\redhat.java\1.21.0\config_win -data c:\Users\brend\AppData\Roaming\Code\User\workspaceStorage\740d546d7c3ef9ec51985389fff41459\redhat.java\jdt_ws

Host: Intel(R) Core(TM) i9-10900K CPU @ 3.70GHz, 20 cores, 63G,  Windows 11 , 64 bit Build 22621 (10.0.22621.1928)
Time: Sat Aug  5 00:37:34 2023 Eastern Daylight Time elapsed time: 108792.590129 seconds (1d 6h 13m 12s)

---------------  T H R E A D  ---------------

Current thread (0x000001587e94ad10):  WorkerThread "GC Thread#11" [stack: 0x00000044ead00000,0x00000044eae00000] [id=5556]

Stack: [0x00000044ead00000,0x00000044eae00000],  sp=0x00000044eadff988,  free space=1022k
Native frames: (J=compiled Java code, j=interpreted, Vv=VM code, C=native code)
V  [jvm.dll+0x307bfa]
V  [jvm.dll+0x6d9708]
V  [jvm.dll+0x6d9b7f]
V  [jvm.dll+0x820a44]
V  [jvm.dll+0x7a125a]
V  [jvm.dll+0x698275]
C  [ucrtbase.dll+0x29363]
C  [KERNEL32.DLL+0x126ad]
C  [ntdll.dll+0x5aa68]


siginfo: EXCEPTION_ACCESS_VIOLATION (0xc0000005), data execution prevention violation at address 0x00007ffd08c07bfa


Register to memory mapping:

RIP=0x00007ffd8bc47bfa jvm.dll
RAX=0x000000000001f100 is an unknown value
RBX=0x000000000000000c is an unknown value
RCX=0x00000158763f1160 points into unknown readable memory: 0x0000000000000000 | 00 00 00 00 00 00 00 00
RDX=0x0000000000000001 is an unknown value
RSP=0x00000044eadff988 points into unknown readable memory: 0x00000044e89ff4a8 | a8 f4 9f e8 44 00 00 00
RBP=0x0000000000000002 is an unknown value
RSI=0x0000000000000008 is an unknown value
RDI=0x000001585d9569b0 points into unknown readable memory: 0x00007ffd8c25e660 | 60 e6 25 8c fd 7f 00 00
R8 =0x0 is NULL
R9 =0x0000000000000004 is an unknown value
R10=0x0 is NULL
R11=0x00000158763f3d60 points into unknown readable memory: 0x0000000000000000 | 00 00 00 00 00 00 00 00
R12=0x0 is NULL
R13=0x000001587eb88de0 points into unknown readable memory: 0x0000000000000002 | 02 00 00 00 00 00 00 00
R14=0x0000000000000020 is an unknown value
R15=0x00000044eadff9f0 points into unknown readable memory: 0x0000000000000000 | 00 00 00 00 00 00 00 00


Registers:
RAX=0x000000000001f100, RBX=0x000000000000000c, RCX=0x00000158763f1160, RDX=0x0000000000000001
RSP=0x00000044eadff988, RBP=0x0000000000000002, RSI=0x0000000000000008, RDI=0x000001585d9569b0
R8 =0x0000000000000000, R9 =0x0000000000000004, R10=0x0000000000000000, R11=0x00000158763f3d60
R12=0x0000000000000000, R13=0x000001587eb88de0, R14=0x0000000000000020, R15=0x00000044eadff9f0
RIP=0x00007ffd8bc47bfa, EFLAGS=0x0000000000010246

Top of Stack: (sp=0x00000044eadff988)
0x00000044eadff988:   00000044e89ff4a8 0000000000000020
0x00000044eadff998:   0000000000000005 000000000000000c
0x00000044eadff9a8:   00007ffd8c019708 00000158763f3d00
0x00000044eadff9b8:   00000158763f3d00 0000000000000000
0x00000044eadff9c8:   00000044e89ff500 00000044e89ff3a0
0x00000044eadff9d8:   00007ffd8c019b7f 0000000000000000
0x00000044eadff9e8:   00000044eadffa79 0000000000000000
0x00000044eadff9f8:   0000000000000001 00000158763f3d00
0x00000044eadffa08:   000000000000000c 000000000000000f
0x00000044eadffa18:   00000044e89fef48 0000000c00000002
0x00000044eadffa28:   00000158763f3d00 00007ffd8c2bc250
0x00000044eadffa38:   00000158763f3d00 00000044e89ff3a0
0x00000044eadffa48:   0000015877dedac0 00000000000003d8
0x00000044eadffa58:   0000015877dedad0 0000015877dedea8
0x00000044eadffa68:   00007ffd8c2bc3a8 000000000000000c
0x00000044eadffa78:   0000000000000000 0000000000000001 

Instructions: (pc=0x00007ffd8bc47bfa)
0x00007ffd8bc47afa:   47 10 49 8b 0c 06 8b 81 00 01 00 00 44 8b 91 80
0x00007ffd8bc47b0a:   00 00 00 44 2b d0 8b c2 41 81 e2 ff ff 01 00 41
0x00007ffd8bc47b1a:   81 fa ff ff 01 00 45 0f 44 d4 48 8d 34 c5 00 00
0x00007ffd8bc47b2a:   00 00 48 8b 47 10 48 8b 0c 06 8b 81 00 01 00 00
0x00007ffd8bc47b3a:   44 8b 81 80 00 00 00 44 2b c0 32 c0 41 81 e0 ff
0x00007ffd8bc47b4a:   ff 01 00 41 81 f8 ff ff 01 00 45 0f 44 c4 45 3b
0x00007ffd8bc47b5a:   c2 76 11 48 8b 47 10 48 8b 34 06 48 8b 86 00 01
0x00007ffd8bc47b6a:   00 00 eb 1b 45 85 d2 0f 84 83 00 00 00 48 8b 47
0x00007ffd8bc47b7a:   10 41 8b d1 49 8b 34 06 48 8b 86 00 01 00 00 8b
0x00007ffd8bc47b8a:   8e 80 00 00 00 2b c8 81 e1 ff ff 01 00 81 f9 ff
0x00007ffd8bc47b9a:   ff 01 00 41 0f 44 cc 85 c9 75 13 ba ff ff ff ff
0x00007ffd8bc47baa:   32 c0 41 89 93 00 02 00 00 e9 c4 00 00 00 48 8b
0x00007ffd8bc47bba:   8e 80 01 00 00 4c 8b c8 44 8b c0 4e 8b 04 c1 8d
0x00007ffd8bc47bca:   48 01 81 e1 ff ff 01 00 4d 89 07 45 8b c4 41 0f
0x00007ffd8bc47bda:   94 c0 49 c1 e9 20 45 03 c8 49 c1 e1 20 4c 0b c9
0x00007ffd8bc47bea:   f0 4c 0f b1 8e 00 01 00 00 0f 94 c0 84 c0 75 05
0x00007ffd8bc47bfa:   ba ff ff ff ff 41 89 93 00 02 00 00 eb 74 75 76
0x00007ffd8bc47c0a:   48 8b 47 10 8d 4b ff 83 e1 01 4c 8b 14 c8 49 8b
0x00007ffd8bc47c1a:   82 00 01 00 00 41 8b 8a 80 00 00 00 2b c8 81 e1
0x00007ffd8bc47c2a:   ff ff 01 00 81 f9 ff ff 01 00 41 0f 44 cc 85 c9
0x00007ffd8bc47c3a:   75 04 32 c0 eb 3c 49 8b 8a 80 01 00 00 4c 8b c0
0x00007ffd8bc47c4a:   8b d0 48 8b 14 d1 8d 48 01 81 e1 ff ff 01 00 49
0x00007ffd8bc47c5a:   89 17 41 8b d4 0f 94 c2 49 c1 e8 20 44 03 c2 49
0x00007ffd8bc47c6a:   c1 e0 20 4c 0b c1 f0 4d 0f b1 82 00 01 00 00 0f
0x00007ffd8bc47c7a:   94 c0 84 c0 75 29 8b 4f 08 ff c5 8d 04 09 3b e8
0x00007ffd8bc47c8a:   0f 82 a2 fd ff ff 32 c0 48 8b 5c 24 30 48 8b 6c
0x00007ffd8bc47c9a:   24 38 48 8b 74 24 40 41 5f 41 5e 41 5c 5f c3 b0
0x00007ffd8bc47caa:   01 eb e5 cc cc cc 48 8b 91 90 00 00 00 48 8b 81
0x00007ffd8bc47cba:   98 00 00 00 48 89 81 90 00 00 00 48 89 91 98 00
0x00007ffd8bc47cca:   00 00 c3 cc cc cc 48 8b 89 a0 06 00 00 e9 d4 8e
0x00007ffd8bc47cda:   51 00 cc cc cc cc 48 89 54 24 10 4c 89 44 24 18
0x00007ffd8bc47cea:   4c 89 4c 24 20 53 48 83 ec 20 48 8b d9 4c 8d 4c 


Stack slot to memory mapping:
stack at sp + 0 slots: 0x00000044e89ff4a8 points into unknown readable memory: 0x000001585d8d45f0 | f0 45 8d 5d 58 01 00 00
stack at sp + 1 slots: 0x0000000000000020 is an unknown value
stack at sp + 2 slots: 0x0000000000000005 is an unknown value
stack at sp + 3 slots: 0x000000000000000c is an unknown value
stack at sp + 4 slots: 0x00007ffd8c019708 jvm.dll
stack at sp + 5 slots: 0x00000158763f3d00 points into unknown readable memory: 0x00007ffd8c2bc0f0 | f0 c0 2b 8c fd 7f 00 00
stack at sp + 6 slots: 0x00000158763f3d00 points into unknown readable memory: 0x00007ffd8c2bc0f0 | f0 c0 2b 8c fd 7f 00 00
stack at sp + 7 slots: 0x0 is NULL


---------------  P R O C E S S  ---------------

Threads class SMR info:
_java_thread_list=0x000001587e61f250, length=75, elements={
0x000001585d8e4d90, 0x0000015877b46660, 0x00000158763f9980, 0x0000015877b48fe0,
0x0000015877b49890, 0x0000015877b4bbe0, 0x0000015877b6eaa0, 0x0000015877b70760,
0x0000015877b7a160, 0x0000015877b82b30, 0x000001585d94a5d0, 0x000001587dda18a0,
0x000001587e571d70, 0x000001587e5282c0, 0x000001587e645d60, 0x000001587e73b390,
0x000001587e802790, 0x000001587e801450, 0x000001587e802c60, 0x000001587e8005e0,
0x000001587e0b8ee0, 0x000001587e0ba220, 0x000001587e0bbf00, 0x000001587e0bef20,
0x000001587e0be580, 0x000001587e0be0b0, 0x000001587e0b9880, 0x000001587e0b9d50,
0x000001587e0bb560, 0x0000015802f970d0, 0x0000015802f98410, 0x0000015802f99c20,
0x000001587f3b9db0, 0x000001587e12cdd0, 0x000001587e12d2a0, 0x000001587f3c0790,
0x000001587f3b98e0, 0x000001587f3b8f40, 0x000001587f3ba280, 0x000001587f3bb5c0,
0x000001587f3bbf60, 0x000001587f3bb0f0, 0x000001587e0bfd90, 0x000001587f3bac20,
0x000001587f3beab0, 0x0000015800735830, 0x000001587e0bc8a0, 0x000001587f3bdc40,
0x000001587f3bfdf0, 0x00000158133c78d0, 0x00000158133c7da0, 0x00000158007349c0,
0x00000158133c8740, 0x00000158133cdde0, 0x00000158133c95b0, 0x00000158133cf120,
0x00000158133c9f50, 0x000001587e0bcd70, 0x00000158133cb290, 0x0000015800730b30,
0x0000015802f9af60, 0x0000015802f9a0f0, 0x000001587e801920, 0x000001587e803130,
0x000001587de2cb80, 0x000001587de313b0, 0x000001587de2b840, 0x000001587de30a10,
0x000001587de2b370, 0x000001587de31880, 0x000001587de2e860, 0x000001587de31d50,
0x000001587de2ed30, 0x000001587de32220, 0x000001587de2f200
}

Java Threads: ( => current thread )
  0x000001585d8e4d90 JavaThread "main" [_thread_blocked, id=6160, stack(0x00000044e8700000,0x00000044e8800000)]
  0x0000015877b46660 JavaThread "Reference Handler" daemon [_thread_blocked, id=1736, stack(0x00000044e8a00000,0x00000044e8b00000)]
  0x00000158763f9980 JavaThread "Finalizer" daemon [_thread_blocked, id=8384, stack(0x00000044e8b00000,0x00000044e8c00000)]
  0x0000015877b48fe0 JavaThread "Signal Dispatcher" daemon [_thread_blocked, id=14664, stack(0x00000044e8c00000,0x00000044e8d00000)]
  0x0000015877b49890 JavaThread "Attach Listener" daemon [_thread_blocked, id=24736, stack(0x00000044e8d00000,0x00000044e8e00000)]
  0x0000015877b4bbe0 JavaThread "Service Thread" daemon [_thread_blocked, id=25620, stack(0x00000044e8e00000,0x00000044e8f00000)]
  0x0000015877b6eaa0 JavaThread "Monitor Deflation Thread" daemon [_thread_blocked, id=2488, stack(0x00000044e8f00000,0x00000044e9000000)]
  0x0000015877b70760 JavaThread "C2 CompilerThread0" daemon [_thread_blocked, id=12980, stack(0x00000044e9000000,0x00000044e9100000)]
  0x0000015877b7a160 JavaThread "C1 CompilerThread0" daemon [_thread_blocked, id=380, stack(0x00000044e9100000,0x00000044e9200000)]
  0x0000015877b82b30 JavaThread "Sweeper thread" daemon [_thread_blocked, id=5940, stack(0x00000044e9200000,0x00000044e9300000)]
  0x000001585d94a5d0 JavaThread "Common-Cleaner" daemon [_thread_blocked, id=3224, stack(0x00000044e9300000,0x00000044e9400000)]
  0x000001587dda18a0 JavaThread "Notification Thread" daemon [_thread_blocked, id=27012, stack(0x00000044e9700000,0x00000044e9800000)]
  0x000001587e571d70 JavaThread "Active Thread: Equinox Container: ee4fe96d-1dcc-4193-b3b3-fb164ce0a618" [_thread_blocked, id=26056, stack(0x00000044e9a00000,0x00000044e9b00000)]
  0x000001587e5282c0 JavaThread "Framework Event Dispatcher: Equinox Container: ee4fe96d-1dcc-4193-b3b3-fb164ce0a618" daemon [_thread_blocked, id=13972, stack(0x00000044e9b00000,0x00000044e9c00000)]
  0x000001587e645d60 JavaThread "Start Level: Equinox Container: ee4fe96d-1dcc-4193-b3b3-fb164ce0a618" daemon [_thread_blocked, id=13652, stack(0x00000044ea200000,0x00000044ea300000)]
  0x000001587e73b390 JavaThread "SCR Component Actor" daemon [_thread_blocked, id=21212, stack(0x00000044ea300000,0x00000044ea400000)]
  0x000001587e802790 JavaThread "Bundle File Closer" daemon [_thread_blocked, id=13468, stack(0x00000044ea700000,0x00000044ea800000)]
  0x000001587e801450 JavaThread "Worker-JM" [_thread_blocked, id=23332, stack(0x00000044eaa00000,0x00000044eab00000)]
  0x000001587e802c60 JavaThread "Java indexing" daemon [_thread_blocked, id=9932, stack(0x00000044eb300000,0x00000044eb400000)]
  0x000001587e8005e0 JavaThread "JNA Cleaner" daemon [_thread_blocked, id=21036, stack(0x00000044eb700000,0x00000044eb800000)]
  0x000001587e0b8ee0 JavaThread "pool-2-thread-1" [_thread_blocked, id=13552, stack(0x00000044ec000000,0x00000044ec100000)]
  0x000001587e0ba220 JavaThread "WorkspaceEventsHandler" [_thread_blocked, id=29452, stack(0x00000044eaf00000,0x00000044eb000000)]
  0x000001587e0bbf00 JavaThread "pool-1-thread-1" [_thread_in_native, id=29256, stack(0x00000044ebb00000,0x00000044ebc00000)]
  0x000001587e0bef20 JavaThread "Timer-0" [_thread_blocked, id=21020, stack(0x00000044ec200000,0x00000044ec300000)]
  0x000001587e0be580 JavaThread "Timer-1" [_thread_blocked, id=11980, stack(0x00000044e9900000,0x00000044e9a00000)]
  0x000001587e0be0b0 JavaThread "Timer-2" [_thread_blocked, id=30044, stack(0x00000044ebe00000,0x00000044ebf00000)]
  0x000001587e0b9880 JavaThread "Timer-3" [_thread_blocked, id=9156, stack(0x00000044e9500000,0x00000044e9600000)]
  0x000001587e0b9d50 JavaThread "Timer-4" [_thread_blocked, id=32400, stack(0x00000044ebf00000,0x00000044ec000000)]
  0x000001587e0bb560 JavaThread "Timer-5" [_thread_blocked, id=24780, stack(0x00000044ec300000,0x00000044ec400000)]
  0x0000015802f970d0 JavaThread "Java Debug Server" daemon [_thread_in_native, id=32392, stack(0x00000044ede00000,0x00000044edf00000)]
  0x0000015802f98410 JavaThread "RxSchedulerPurge-1" daemon [_thread_blocked, id=11596, stack(0x00000044ee000000,0x00000044ee100000)]
  0x0000015802f99c20 JavaThread "RxCachedWorkerPoolEvictor-1" daemon [_thread_blocked, id=31832, stack(0x00000044ee100000,0x00000044ee200000)]
  0x000001587f3b9db0 JavaThread "pool-5-thread-14" [_thread_in_native, id=32304, stack(0x00000044eac00000,0x00000044ead00000)]
  0x000001587e12cdd0 JavaThread "RxNewThreadScheduler-59" daemon [_thread_blocked, id=416, stack(0x00000044ec800000,0x00000044ec900000)]
  0x000001587e12d2a0 JavaThread "Packet Receive Manager" daemon [_thread_in_native, id=17324, stack(0x00000044ecf00000,0x00000044ed000000)]
  0x000001587f3c0790 JavaThread "Packet Send Manager" daemon [_thread_blocked, id=19056, stack(0x00000044ecc00000,0x00000044ecd00000)]
  0x000001587f3b98e0 JavaThread "Event Hub" daemon [_thread_blocked, id=31844, stack(0x00000044ecd00000,0x00000044ece00000)]
  0x000001587f3b8f40 JavaThread "pool-5-thread-15" [_thread_in_native, id=33960, stack(0x00000044ed400000,0x00000044ed500000)]
  0x000001587f3ba280 JavaThread "RxNewThreadScheduler-61" daemon [_thread_blocked, id=33716, stack(0x00000044ed500000,0x00000044ed600000)]
  0x000001587f3bb5c0 JavaThread "Packet Receive Manager" daemon [_thread_in_native, id=30180, stack(0x00000044ed800000,0x00000044ed900000)]
  0x000001587f3bbf60 JavaThread "Packet Send Manager" daemon [_thread_blocked, id=29484, stack(0x00000044ed600000,0x00000044ed700000)]
  0x000001587f3bb0f0 JavaThread "Event Hub" daemon [_thread_blocked, id=25492, stack(0x00000044ed700000,0x00000044ed800000)]
  0x000001587e0bfd90 JavaThread "ForkJoinPool.commonPool-worker-180" daemon [_thread_blocked, id=33744, stack(0x00000044e9400000,0x00000044e9500000)]
  0x000001587f3bac20 JavaThread "ForkJoinPool.commonPool-worker-201" daemon [_thread_blocked, id=36532, stack(0x00000044ec100000,0x00000044ec200000)]
  0x000001587f3beab0 JavaThread "ForkJoinPool.commonPool-worker-210" daemon [_thread_blocked, id=35236, stack(0x00000044ebc00000,0x00000044ebd00000)]
  0x0000015800735830 JavaThread "ForkJoinPool.commonPool-worker-215" daemon [_thread_blocked, id=29804, stack(0x00000044eb000000,0x00000044eb100000)]
  0x000001587e0bc8a0 JavaThread "ForkJoinPool.commonPool-worker-219" daemon [_thread_blocked, id=34676, stack(0x00000044eca00000,0x00000044ecb00000)]
  0x000001587f3bdc40 JavaThread "ForkJoinPool.commonPool-worker-225" daemon [_thread_blocked, id=20224, stack(0x00000044ebd00000,0x00000044ebe00000)]
  0x000001587f3bfdf0 JavaThread "ForkJoinPool.commonPool-worker-229" daemon [_thread_blocked, id=30928, stack(0x00000044eb500000,0x00000044eb600000)]
  0x00000158133c78d0 JavaThread "ForkJoinPool.commonPool-worker-236" daemon [_thread_blocked, id=3884, stack(0x00000044e9600000,0x00000044e9700000)]
  0x00000158133c7da0 JavaThread "ForkJoinPool.commonPool-worker-237" daemon [_thread_blocked, id=35980, stack(0x00000044ea600000,0x00000044ea700000)]
  0x00000158007349c0 JavaThread "ForkJoinPool.commonPool-worker-239" daemon [_thread_blocked, id=38532, stack(0x00000044e8500000,0x00000044e8600000)]
  0x00000158133c8740 JavaThread "ForkJoinPool.commonPool-worker-242" daemon [_thread_blocked, id=35816, stack(0x00000044e8400000,0x00000044e8500000)]
  0x00000158133cdde0 JavaThread "ForkJoinPool.commonPool-worker-243" daemon [_thread_blocked, id=38584, stack(0x00000044eab00000,0x00000044eac00000)]
  0x00000158133c95b0 JavaThread "ForkJoinPool.commonPool-worker-244" daemon [_thread_blocked, id=948, stack(0x00000044eb600000,0x00000044eb700000)]
  0x00000158133cf120 JavaThread "ForkJoinPool.commonPool-worker-245" daemon [_thread_blocked, id=29924, stack(0x00000044eb800000,0x00000044eb900000)]
  0x00000158133c9f50 JavaThread "ForkJoinPool.commonPool-worker-246" daemon [_thread_blocked, id=36328, stack(0x00000044eba00000,0x00000044ebb00000)]
  0x000001587e0bcd70 JavaThread "ForkJoinPool.commonPool-worker-247" daemon [_thread_blocked, id=22984, stack(0x00000044ec500000,0x00000044ec600000)]
  0x00000158133cb290 JavaThread "ForkJoinPool.commonPool-worker-248" daemon [_thread_blocked, id=29124, stack(0x00000044ec700000,0x00000044ec800000)]
  0x0000015800730b30 JavaThread "ForkJoinPool.commonPool-worker-249" daemon [_thread_blocked, id=30144, stack(0x00000044ec400000,0x00000044ec500000)]
  0x0000015802f9af60 JavaThread "ForkJoinPool.commonPool-worker-250" daemon [_thread_blocked, id=34888, stack(0x00000044ec600000,0x00000044ec700000)]
  0x0000015802f9a0f0 JavaThread "ForkJoinPool.commonPool-worker-251" daemon [_thread_blocked, id=5044, stack(0x00000044ec900000,0x00000044eca00000)]
  0x000001587e801920 JavaThread "ForkJoinPool.commonPool-worker-252" daemon [_thread_blocked, id=11972, stack(0x00000044eb400000,0x00000044eb500000)]
  0x000001587e803130 JavaThread "ForkJoinPool.commonPool-worker-253" daemon [_thread_blocked, id=38604, stack(0x00000044ed200000,0x00000044ed300000)]
  0x000001587de2cb80 JavaThread "ForkJoinPool.commonPool-worker-254" daemon [_thread_blocked, id=37796, stack(0x00000044ed000000,0x00000044ed100000)]
  0x000001587de313b0 JavaThread "ForkJoinPool.commonPool-worker-255" daemon [_thread_blocked, id=12640, stack(0x00000044e8600000,0x00000044e8700000)]
  0x000001587de2b840 JavaThread "Worker-83" [_thread_blocked, id=37028, stack(0x00000044ecb00000,0x00000044ecc00000)]
  0x000001587de30a10 JavaThread "Worker-84" [_thread_blocked, id=39140, stack(0x00000044eb900000,0x00000044eba00000)]
  0x000001587de2b370 JavaThread "Worker-85" [_thread_blocked, id=4828, stack(0x00000044ece00000,0x00000044ecf00000)]
  0x000001587de31880 JavaThread "ForkJoinPool.commonPool-worker-256" daemon [_thread_blocked, id=37652, stack(0x00000044ed100000,0x00000044ed200000)]
  0x000001587de2e860 JavaThread "ForkJoinPool.commonPool-worker-257" daemon [_thread_blocked, id=37148, stack(0x00000044ed300000,0x00000044ed400000)]
  0x000001587de31d50 JavaThread "ForkJoinPool.commonPool-worker-258" daemon [_thread_blocked, id=38300, stack(0x00000044ed900000,0x00000044eda00000)]
  0x000001587de2ed30 JavaThread "ForkJoinPool.commonPool-worker-259" daemon [_thread_blocked, id=33444, stack(0x00000044eda00000,0x00000044edb00000)]
  0x000001587de32220 JavaThread "ForkJoinPool.commonPool-worker-260" daemon [_thread_blocked, id=29236, stack(0x00000044edb00000,0x00000044edc00000)]
  0x000001587de2f200 JavaThread "ForkJoinPool.commonPool-worker-261" daemon [_thread_blocked, id=30004, stack(0x00000044edc00000,0x00000044edd00000)]

Other Threads:
  0x000001585d99e930 VMThread "VM Thread" [stack: 0x00000044e8900000,0x00000044e8a00000] [id=2632]
  0x0000015877e7d600 WatcherThread "VM Periodic Task Thread" [stack: 0x00000044e9800000,0x00000044e9900000] [id=12912]
  0x000001585d8ff8a0 WorkerThread "GC Thread#0" [stack: 0x00000044e8800000,0x00000044e8900000] [id=5608]
  0x000001587e2b0220 WorkerThread "GC Thread#1" [stack: 0x00000044e9c00000,0x00000044e9d00000] [id=11928]
  0x000001587e2b0df0 WorkerThread "GC Thread#2" [stack: 0x00000044e9d00000,0x00000044e9e00000] [id=28048]
  0x000001587deabee0 WorkerThread "GC Thread#3" [stack: 0x00000044e9e00000,0x00000044e9f00000] [id=22604]
  0x000001587deac180 WorkerThread "GC Thread#4" [stack: 0x00000044e9f00000,0x00000044ea000000] [id=5668]
  0x000001587deac420 WorkerThread "GC Thread#5" [stack: 0x00000044ea000000,0x00000044ea100000] [id=26832]
  0x000001587deac6c0 WorkerThread "GC Thread#6" [stack: 0x00000044ea100000,0x00000044ea200000] [id=25760]
  0x000001587e6e94a0 WorkerThread "GC Thread#7" [stack: 0x00000044ea400000,0x00000044ea500000] [id=12692]
  0x000001587e63ace0 WorkerThread "GC Thread#8" [stack: 0x00000044ea500000,0x00000044ea600000] [id=29496]
  0x000001587e5e06b0 WorkerThread "GC Thread#9" [stack: 0x00000044ea800000,0x00000044ea900000] [id=2044]
  0x000001587e94c4b0 WorkerThread "GC Thread#10" [stack: 0x00000044ea900000,0x00000044eaa00000] [id=6504]
=>0x000001587e94ad10 WorkerThread "GC Thread#11" [stack: 0x00000044ead00000,0x00000044eae00000] [id=5556]
  0x000001587e94c750 WorkerThread "GC Thread#12" [stack: 0x00000044eae00000,0x00000044eaf00000] [id=20472]
  0x000001587e94afb0 WorkerThread "GC Thread#13" [stack: 0x00000044eb100000,0x00000044eb200000] [id=1848]
  0x000001587e94b250 WorkerThread "GC Thread#14" [stack: 0x00000044eb200000,0x00000044eb300000] [id=28820]

Threads with active compile tasks:

VM state: at safepoint (normal execution)

VM Mutex/Monitor currently owned by a thread:  ([mutex/lock_event])
[0x000001585d8e1960] Threads_lock - owner thread: 0x000001585d99e930
[0x000001585d8e1720] Heap_lock - owner thread: 0x00000158133c7da0

Heap address: 0x00000000c0000000, size: 1024 MB, Compressed Oops mode: 32-bit

CDS archive(s) mapped at: [0x0000000800000000-0x0000000800ba0000-0x0000000800ba0000), size 12189696, SharedBaseAddress: 0x0000000800000000, ArchiveRelocationMode: 0.
Compressed class space mapped at: 0x0000000800c00000-0x0000000840c00000, reserved size: 1073741824
Narrow klass base: 0x0000000800000000, Narrow klass shift: 0, Narrow klass range: 0x100000000

GC Precious Log:
 CardTable entry size: 512
 CPUs: 20 total, 20 available
 Memory: 65404M
 Large Page Support: Disabled
 NUMA Support: Disabled
 Compressed Oops: Enabled (32-bit)
 Alignments: Space 512K, Generation 512K, Heap 2M
 Heap Min Capacity: 100M
 Heap Initial Capacity: 100M
 Heap Max Capacity: 1G
 Pre-touch: Disabled
 Parallel Workers: 15

Heap:
 PSYoungGen      total 3072K, used 2624K [0x00000000eab00000, 0x00000000eaf80000, 0x0000000100000000)
  eden space 2048K, 100% used [0x00000000eab00000,0x00000000ead00000,0x00000000ead00000)
  from space 1024K, 56% used [0x00000000ead00000,0x00000000ead90000,0x00000000eae00000)
  to   space 1024K, 61% used [0x00000000eae80000,0x00000000eaf1dff0,0x00000000eaf80000)
 ParOldGen       total 320000K, used 316912K [0x00000000c0000000, 0x00000000d3880000, 0x00000000eab00000)
  object space 320000K, 99% used [0x00000000c0000000,0x00000000d357c180,0x00000000d3880000)
 Metaspace       used 103849K, committed 105344K, reserved 1179648K
  class space    used 10690K, committed 11456K, reserved 1048576K

Card table byte_map: [0x000001585d280000,0x000001585d490000] _byte_map_base: 0x000001585cc80000

Marking Bits: (ParMarkBitMap*) 0x00007ffd8c48fbc0
 Begin Bits: [0x0000015874210000, 0x0000015875210000)
 End Bits:   [0x0000015875210000, 0x0000015876210000)

Polling page: 0x000001585b4e0000

Metaspace:

Usage:
  Non-class:     90.98 MB used.
      Class:     10.44 MB used.
       Both:    101.42 MB used.

Virtual space:
  Non-class space:      128.00 MB reserved,      91.69 MB ( 72%) committed,  2 nodes.
      Class space:        1.00 GB reserved,      11.19 MB (  1%) committed,  1 nodes.
             Both:        1.12 GB reserved,     102.88 MB (  9%) committed. 

Chunk freelists:
   Non-Class:  128.00 KB
       Class:  667.00 KB
        Both:  795.00 KB

MaxMetaspaceSize: unlimited
CompressedClassSpaceSize: 1.00 GB
Initial GC threshold: 21.00 MB
Current GC threshold: 171.38 MB
CDS: on
MetaspaceReclaimPolicy: balanced
 - commit_granule_bytes: 65536.
 - commit_granule_words: 8192.
 - virtual_space_node_default_size: 8388608.
 - enlarge_chunks_in_place: 1.
 - new_chunks_are_fully_committed: 0.
 - uncommit_free_chunks: 1.
 - use_allocation_guard: 0.


Internal statistics:

num_allocs_failed_limit: 9.
num_arena_births: 2640.
num_arena_deaths: 1088.
num_vsnodes_births: 3.
num_vsnodes_deaths: 0.
num_space_committed: 1646.
num_space_uncommitted: 0.
num_chunks_returned_to_freelist: 1339.
num_chunks_taken_from_freelist: 8661.
num_chunk_merges: 418.
num_chunk_splits: 4752.
num_chunks_enlarged: 2410.
num_inconsistent_stats: 0.

CodeHeap 'non-profiled nmethods': size=119168Kb used=41981Kb max_used=42104Kb free=77186Kb
 bounds [0x000001586cdb0000, 0x000001586f6f0000, 0x0000015874210000]
CodeHeap 'profiled nmethods': size=119104Kb used=48810Kb max_used=49668Kb free=70293Kb
 bounds [0x0000015865960000, 0x0000015868ae0000, 0x000001586cdb0000]
CodeHeap 'non-nmethods': size=7488Kb used=1470Kb max_used=3304Kb free=6017Kb
 bounds [0x0000015865210000, 0x0000015865560000, 0x0000015865960000]
 total_blobs=26426 nmethods=25617 adapters=711
 compilation: enabled
              stopped_count=0, restarted_count=0
 full_count=0

Compilation events (20 events):
Event: 108749.498 Thread 0x0000015877b70760 43162       4       org.eclipse.jdt.internal.core.search.matching.TypeReferenceLocator::match (135 bytes)
Event: 108749.502 Thread 0x0000015877b70760 nmethod 43162 0x000001586dbf3c10 code [0x000001586dbf3e00, 0x000001586dbf4480]
Event: 108755.348 Thread 0x0000015877b70760 43163       4       org.eclipse.jdt.internal.formatter.SpacePreparator::visit (7 bytes)
Event: 108755.349 Thread 0x0000015877b70760 nmethod 43163 0x000001586e522590 code [0x000001586e522700, 0x000001586e5227b8]
Event: 108755.349 Thread 0x0000015877b70760 43164       4       org.eclipse.jdt.internal.formatter.LineBreaksPreparator::visit (7 bytes)
Event: 108755.353 Thread 0x0000015877b70760 nmethod 43164 0x000001586e8e2110 code [0x000001586e8e22c0, 0x000001586e8e26d8]
Event: 108756.181 Thread 0x0000015877b70760 43165       4       org.eclipse.jdt.internal.compiler.classfmt.AnnotationInfo::readRetentionPolicy (302 bytes)
Event: 108756.195 Thread 0x0000015877b70760 nmethod 43165 0x000001586e0d6310 code [0x000001586e0d6500, 0x000001586e0d7bf8]
Event: 108757.526 Thread 0x0000015877b70760 43166       4       org.eclipse.jdt.internal.compiler.ast.SingleNameReference::analyseAssignment (750 bytes)
Event: 108757.527 Thread 0x0000015877b7a160 43167       1       org.eclipse.jdt.core.dom.SwitchExpression::getNodeType0 (3 bytes)
Event: 108757.528 Thread 0x0000015877b7a160 nmethod 43167 0x000001586eef1f90 code [0x000001586eef2120, 0x000001586eef21f8]
Event: 108757.542 Thread 0x0000015877b70760 nmethod 43166 0x000001586e962d10 code [0x000001586e963060, 0x000001586e964988]
Event: 108761.350 Thread 0x0000015877b7a160 43168       3       org.eclipse.jdt.internal.compiler.ast.FakedTrackingVariable::isClosedInFinallyOfEnclosing (48 bytes)
Event: 108761.350 Thread 0x0000015877b7a160 nmethod 43168 0x0000015865f28490 code [0x0000015865f28660, 0x0000015865f28ba8]
Event: 108773.000 Thread 0x0000015877b7a160 43169       3       java.util.ArrayDeque::grow (165 bytes)
Event: 108773.000 Thread 0x0000015877b7a160 nmethod 43169 0x00000158675bfd10 code [0x00000158675bff20, 0x00000158675c0648]
Event: 108775.015 Thread 0x0000015877b70760 43170       4       org.eclipse.jdt.internal.compiler.impl.CompilerOptions::getMap (2908 bytes)
Event: 108775.138 Thread 0x0000015877b70760 nmethod 43170 0x000001586f6e1f10 code [0x000001586f6e32e0, 0x000001586f6ea270]
Event: 108776.869 Thread 0x0000015877b70760 43171   !   4       org.eclipse.jdt.core.dom.CompilationUnitResolver::resolve (495 bytes)
Event: 108776.897 Thread 0x0000015877b70760 nmethod 43171 0x000001586e603990 code [0x000001586e603ca0, 0x000001586e6055e8]

GC Heap History (20 events):
Event: 108792.531 GC heap after
{Heap after GC invocations=83875 (full 1754):
 PSYoungGen      total 3584K, used 704K [0x00000000eab00000, 0x00000000eb000000, 0x0000000100000000)
  eden space 2560K, 0% used [0x00000000eab00000,0x00000000eab00000,0x00000000ead80000)
  from space 1024K, 68% used [0x00000000eaf00000,0x00000000eafb0000,0x00000000eb000000)
  to   space 1024K, 0% used [0x00000000eae00000,0x00000000eae00000,0x00000000eaf00000)
 ParOldGen       total 320000K, used 311409K [0x00000000c0000000, 0x00000000d3880000, 0x00000000eab00000)
  object space 320000K, 97% used [0x00000000c0000000,0x00000000d301c788,0x00000000d3880000)
 Metaspace       used 103849K, committed 105344K, reserved 1179648K
  class space    used 10690K, committed 11456K, reserved 1048576K
}
Event: 108792.535 GC heap before
{Heap before GC invocations=83876 (full 1754):
 PSYoungGen      total 3584K, used 3264K [0x00000000eab00000, 0x00000000eb000000, 0x0000000100000000)
  eden space 2560K, 100% used [0x00000000eab00000,0x00000000ead80000,0x00000000ead80000)
  from space 1024K, 68% used [0x00000000eaf00000,0x00000000eafb0000,0x00000000eb000000)
  to   space 1024K, 0% used [0x00000000eae00000,0x00000000eae00000,0x00000000eaf00000)
 ParOldGen       total 320000K, used 311409K [0x00000000c0000000, 0x00000000d3880000, 0x00000000eab00000)
  object space 320000K, 97% used [0x00000000c0000000,0x00000000d301c788,0x00000000d3880000)
 Metaspace       used 103849K, committed 105344K, reserved 1179648K
  class space    used 10690K, committed 11456K, reserved 1048576K
}
Event: 108792.536 GC heap after
{Heap after GC invocations=83876 (full 1754):
 PSYoungGen      total 3584K, used 995K [0x00000000eab00000, 0x00000000eb280000, 0x0000000100000000)
  eden space 2560K, 0% used [0x00000000eab00000,0x00000000eab00000,0x00000000ead80000)
  from space 1024K, 97% used [0x00000000eae00000,0x00000000eaef8e10,0x00000000eaf00000)
  to   space 2560K, 0% used [0x00000000eb000000,0x00000000eb000000,0x00000000eb280000)
 ParOldGen       total 320000K, used 312290K [0x00000000c0000000, 0x00000000d3880000, 0x00000000eab00000)
  object space 320000K, 97% used [0x00000000c0000000,0x00000000d30f8850,0x00000000d3880000)
 Metaspace       used 103849K, committed 105344K, reserved 1179648K
  class space    used 10690K, committed 11456K, reserved 1048576K
}
Event: 108792.542 GC heap before
{Heap before GC invocations=83877 (full 1754):
 PSYoungGen      total 3584K, used 3555K [0x00000000eab00000, 0x00000000eb280000, 0x0000000100000000)
  eden space 2560K, 100% used [0x00000000eab00000,0x00000000ead80000,0x00000000ead80000)
  from space 1024K, 97% used [0x00000000eae00000,0x00000000eaef8e10,0x00000000eaf00000)
  to   space 2560K, 0% used [0x00000000eb000000,0x00000000eb000000,0x00000000eb280000)
 ParOldGen       total 320000K, used 312290K [0x00000000c0000000, 0x00000000d3880000, 0x00000000eab00000)
  object space 320000K, 97% used [0x00000000c0000000,0x00000000d30f8850,0x00000000d3880000)
 Metaspace       used 103849K, committed 105344K, reserved 1179648K
  class space    used 10690K, committed 11456K, reserved 1048576K
}
Event: 108792.543 GC heap after
{Heap after GC invocations=83877 (full 1754):
 PSYoungGen      total 3584K, used 704K [0x00000000eab00000, 0x00000000eb100000, 0x0000000100000000)
  eden space 2560K, 0% used [0x00000000eab00000,0x00000000eab00000,0x00000000ead80000)
  from space 1024K, 68% used [0x00000000eb000000,0x00000000eb0b03d0,0x00000000eb100000)
  to   space 1536K, 0% used [0x00000000eae00000,0x00000000eae00000,0x00000000eaf80000)
 ParOldGen       total 320000K, used 312754K [0x00000000c0000000, 0x00000000d3880000, 0x00000000eab00000)
  object space 320000K, 97% used [0x00000000c0000000,0x00000000d316c850,0x00000000d3880000)
 Metaspace       used 103849K, committed 105344K, reserved 1179648K
  class space    used 10690K, committed 11456K, reserved 1048576K
}
Event: 108792.556 GC heap before
{Heap before GC invocations=83878 (full 1754):
 PSYoungGen      total 3584K, used 3264K [0x00000000eab00000, 0x00000000eb100000, 0x0000000100000000)
  eden space 2560K, 100% used [0x00000000eab00000,0x00000000ead80000,0x00000000ead80000)
  from space 1024K, 68% used [0x00000000eb000000,0x00000000eb0b03d0,0x00000000eb100000)
  to   space 1536K, 0% used [0x00000000eae00000,0x00000000eae00000,0x00000000eaf80000)
 ParOldGen       total 320000K, used 312754K [0x00000000c0000000, 0x00000000d3880000, 0x00000000eab00000)
  object space 320000K, 97% used [0x00000000c0000000,0x00000000d316c850,0x00000000d3880000)
 Metaspace       used 103849K, committed 105344K, reserved 1179648K
  class space    used 10690K, committed 11456K, reserved 1048576K
}
Event: 108792.557 GC heap after
{Heap after GC invocations=83878 (full 1754):
 PSYoungGen      total 4096K, used 883K [0x00000000eab00000, 0x00000000eb080000, 0x0000000100000000)
  eden space 2560K, 0% used [0x00000000eab00000,0x00000000eab00000,0x00000000ead80000)
  from space 1536K, 57% used [0x00000000eae00000,0x00000000eaedcf90,0x00000000eaf80000)
  to   space 1024K, 0% used [0x00000000eaf80000,0x00000000eaf80000,0x00000000eb080000)
 ParOldGen       total 320000K, used 313137K [0x00000000c0000000, 0x00000000d3880000, 0x00000000eab00000)
  object space 320000K, 97% used [0x00000000c0000000,0x00000000d31cc560,0x00000000d3880000)
 Metaspace       used 103849K, committed 105344K, reserved 1179648K
  class space    used 10690K, committed 11456K, reserved 1048576K
}
Event: 108792.565 GC heap before
{Heap before GC invocations=83879 (full 1754):
 PSYoungGen      total 4096K, used 3443K [0x00000000eab00000, 0x00000000eb080000, 0x0000000100000000)
  eden space 2560K, 100% used [0x00000000eab00000,0x00000000ead80000,0x00000000ead80000)
  from space 1536K, 57% used [0x00000000eae00000,0x00000000eaedcf90,0x00000000eaf80000)
  to   space 1024K, 0% used [0x00000000eaf80000,0x00000000eaf80000,0x00000000eb080000)
 ParOldGen       total 320000K, used 313137K [0x00000000c0000000, 0x00000000d3880000, 0x00000000eab00000)
  object space 320000K, 97% used [0x00000000c0000000,0x00000000d31cc560,0x00000000d3880000)
 Metaspace       used 103849K, committed 105344K, reserved 1179648K
  class space    used 10690K, committed 11456K, reserved 1048576K
}
Event: 108792.566 GC heap after
{Heap after GC invocations=83879 (full 1754):
 PSYoungGen      total 1536K, used 1013K [0x00000000eab00000, 0x00000000eb580000, 0x0000000100000000)
  eden space 512K, 0% used [0x00000000eab00000,0x00000000eab00000,0x00000000eab80000)
  from space 1024K, 98% used [0x00000000eaf80000,0x00000000eb07d640,0x00000000eb080000)
  to   space 4096K, 0% used [0x00000000eab80000,0x00000000eab80000,0x00000000eaf80000)
 ParOldGen       total 320000K, used 315466K [0x00000000c0000000, 0x00000000d3880000, 0x00000000eab00000)
  object space 320000K, 98% used [0x00000000c0000000,0x00000000d34129a8,0x00000000d3880000)
 Metaspace       used 103849K, committed 105344K, reserved 1179648K
  class space    used 10690K, committed 11456K, reserved 1048576K
}
Event: 108792.566 GC heap before
{Heap before GC invocations=83880 (full 1754):
 PSYoungGen      total 1536K, used 1525K [0x00000000eab00000, 0x00000000eb580000, 0x0000000100000000)
  eden space 512K, 99% used [0x00000000eab00000,0x00000000eab7ffd0,0x00000000eab80000)
  from space 1024K, 98% used [0x00000000eaf80000,0x00000000eb07d640,0x00000000eb080000)
  to   space 4096K, 0% used [0x00000000eab80000,0x00000000eab80000,0x00000000eaf80000)
 ParOldGen       total 320000K, used 315466K [0x00000000c0000000, 0x00000000d3880000, 0x00000000eab00000)
  object space 320000K, 98% used [0x00000000c0000000,0x00000000d34129a8,0x00000000d3880000)
 Metaspace       used 103849K, committed 105344K, reserved 1179648K
  class space    used 10690K, committed 11456K, reserved 1048576K
}
Event: 108792.567 GC heap after
{Heap after GC invocations=83880 (full 1754):
 PSYoungGen      total 1024K, used 416K [0x00000000eab00000, 0x00000000eb000000, 0x0000000100000000)
  eden space 512K, 0% used [0x00000000eab00000,0x00000000eab00000,0x00000000eab80000)
  from space 512K, 81% used [0x00000000eab80000,0x00000000eabe8000,0x00000000eac00000)
  to   space 1536K, 0% used [0x00000000eae80000,0x00000000eae80000,0x00000000eb000000)
 ParOldGen       total 320000K, used 316096K [0x00000000c0000000, 0x00000000d3880000, 0x00000000eab00000)
  object space 320000K, 98% used [0x00000000c0000000,0x00000000d34b0180,0x00000000d3880000)
 Metaspace       used 103849K, committed 105344K, reserved 1179648K
  class space    used 10690K, committed 11456K, reserved 1048576K
}
Event: 108792.568 GC heap before
{Heap before GC invocations=83881 (full 1754):
 PSYoungGen      total 1024K, used 928K [0x00000000eab00000, 0x00000000eb000000, 0x0000000100000000)
  eden space 512K, 100% used [0x00000000eab00000,0x00000000eab80000,0x00000000eab80000)
  from space 512K, 81% used [0x00000000eab80000,0x00000000eabe8000,0x00000000eac00000)
  to   space 1536K, 0% used [0x00000000eae80000,0x00000000eae80000,0x00000000eb000000)
 ParOldGen       total 320000K, used 316096K [0x00000000c0000000, 0x00000000d3880000, 0x00000000eab00000)
  object space 320000K, 98% used [0x00000000c0000000,0x00000000d34b0180,0x00000000d3880000)
 Metaspace       used 103849K, committed 105344K, reserved 1179648K
  class space    used 10690K, committed 11456K, reserved 1048576K
}
Event: 108792.568 GC heap after
{Heap after GC invocations=83881 (full 1754):
 PSYoungGen      total 1536K, used 192K [0x00000000eab00000, 0x00000000eaf00000, 0x0000000100000000)
  eden space 1024K, 0% used [0x00000000eab00000,0x00000000eab00000,0x00000000eac00000)
  from space 512K, 37% used [0x00000000eae80000,0x00000000eaeb0000,0x00000000eaf00000)
  to   space 512K, 0% used [0x00000000eae00000,0x00000000eae00000,0x00000000eae80000)
 ParOldGen       total 320000K, used 316232K [0x00000000c0000000, 0x00000000d3880000, 0x00000000eab00000)
  object space 320000K, 98% used [0x00000000c0000000,0x00000000d34d2180,0x00000000d3880000)
 Metaspace       used 103849K, committed 105344K, reserved 1179648K
  class space    used 10690K, committed 11456K, reserved 1048576K
}
Event: 108792.570 GC heap before
{Heap before GC invocations=83882 (full 1754):
 PSYoungGen      total 1536K, used 1212K [0x00000000eab00000, 0x00000000eaf00000, 0x0000000100000000)
  eden space 1024K, 99% used [0x00000000eab00000,0x00000000eabff270,0x00000000eac00000)
  from space 512K, 37% used [0x00000000eae80000,0x00000000eaeb0000,0x00000000eaf00000)
  to   space 512K, 0% used [0x00000000eae00000,0x00000000eae00000,0x00000000eae80000)
 ParOldGen       total 320000K, used 316232K [0x00000000c0000000, 0x00000000d3880000, 0x00000000eab00000)
  object space 320000K, 98% used [0x00000000c0000000,0x00000000d34d2180,0x00000000d3880000)
 Metaspace       used 103849K, committed 105344K, reserved 1179648K
  class space    used 10690K, committed 11456K, reserved 1048576K
}
Event: 108792.571 GC heap after
{Heap after GC invocations=83882 (full 1754):
 PSYoungGen      total 2048K, used 512K [0x00000000eab00000, 0x00000000eaf00000, 0x0000000100000000)
  eden space 1536K, 0% used [0x00000000eab00000,0x00000000eab00000,0x00000000eac80000)
  from space 512K, 100% used [0x00000000eae00000,0x00000000eae80000,0x00000000eae80000)
  to   space 512K, 0% used [0x00000000eae80000,0x00000000eae80000,0x00000000eaf00000)
 ParOldGen       total 320000K, used 316256K [0x00000000c0000000, 0x00000000d3880000, 0x00000000eab00000)
  object space 320000K, 98% used [0x00000000c0000000,0x00000000d34d8180,0x00000000d3880000)
 Metaspace       used 103849K, committed 105344K, reserved 1179648K
  class space    used 10690K, committed 11456K, reserved 1048576K
}
Event: 108792.574 GC heap before
{Heap before GC invocations=83883 (full 1754):
 PSYoungGen      total 2048K, used 2048K [0x00000000eab00000, 0x00000000eaf00000, 0x0000000100000000)
  eden space 1536K, 100% used [0x00000000eab00000,0x00000000eac80000,0x00000000eac80000)
  from space 512K, 100% used [0x00000000eae00000,0x00000000eae80000,0x00000000eae80000)
  to   space 512K, 0% used [0x00000000eae80000,0x00000000eae80000,0x00000000eaf00000)
 ParOldGen       total 320000K, used 316256K [0x00000000c0000000, 0x00000000d3880000, 0x00000000eab00000)
  object space 320000K, 98% used [0x00000000c0000000,0x00000000d34d8180,0x00000000d3880000)
 Metaspace       used 103849K, committed 105344K, reserved 1179648K
  class space    used 10690K, committed 11456K, reserved 1048576K
}
Event: 108792.574 GC heap after
{Heap after GC invocations=83883 (full 1754):
 PSYoungGen      total 2560K, used 512K [0x00000000eab00000, 0x00000000eaf00000, 0x0000000100000000)
  eden space 2048K, 0% used [0x00000000eab00000,0x00000000eab00000,0x00000000ead00000)
  from space 512K, 100% used [0x00000000eae80000,0x00000000eaf00000,0x00000000eaf00000)
  to   space 1024K, 0% used [0x00000000ead00000,0x00000000ead00000,0x00000000eae00000)
 ParOldGen       total 320000K, used 316424K [0x00000000c0000000, 0x00000000d3880000, 0x00000000eab00000)
  object space 320000K, 98% used [0x00000000c0000000,0x00000000d3502180,0x00000000d3880000)
 Metaspace       used 103849K, committed 105344K, reserved 1179648K
  class space    used 10690K, committed 11456K, reserved 1048576K
}
Event: 108792.578 GC heap before
{Heap before GC invocations=83884 (full 1754):
 PSYoungGen      total 2560K, used 2560K [0x00000000eab00000, 0x00000000eaf00000, 0x0000000100000000)
  eden space 2048K, 100% used [0x00000000eab00000,0x00000000ead00000,0x00000000ead00000)
  from space 512K, 100% used [0x00000000eae80000,0x00000000eaf00000,0x00000000eaf00000)
  to   space 1024K, 0% used [0x00000000ead00000,0x00000000ead00000,0x00000000eae00000)
 ParOldGen       total 320000K, used 316424K [0x00000000c0000000, 0x00000000d3880000, 0x00000000eab00000)
  object space 320000K, 98% used [0x00000000c0000000,0x00000000d3502180,0x00000000d3880000)
 Metaspace       used 103849K, committed 105344K, reserved 1179648K
  class space    used 10690K, committed 11456K, reserved 1048576K
}
Event: 108792.578 GC heap after
{Heap after GC invocations=83884 (full 1754):
 PSYoungGen      total 3072K, used 576K [0x00000000eab00000, 0x00000000eaf80000, 0x0000000100000000)
  eden space 2048K, 0% used [0x00000000eab00000,0x00000000eab00000,0x00000000ead00000)
  from space 1024K, 56% used [0x00000000ead00000,0x00000000ead90000,0x00000000eae00000)
  to   space 1024K, 0% used [0x00000000eae80000,0x00000000eae80000,0x00000000eaf80000)
 ParOldGen       total 320000K, used 316648K [0x00000000c0000000, 0x00000000d3880000, 0x00000000eab00000)
  object space 320000K, 98% used [0x00000000c0000000,0x00000000d353a180,0x00000000d3880000)
 Metaspace       used 103849K, committed 105344K, reserved 1179648K
  class space    used 10690K, committed 11456K, reserved 1048576K
}
Event: 108792.582 GC heap before
{Heap before GC invocations=83885 (full 1754):
 PSYoungGen      total 3072K, used 2624K [0x00000000eab00000, 0x00000000eaf80000, 0x0000000100000000)
  eden space 2048K, 100% used [0x00000000eab00000,0x00000000ead00000,0x00000000ead00000)
  from space 1024K, 56% used [0x00000000ead00000,0x00000000ead90000,0x00000000eae00000)
  to   space 1024K, 0% used [0x00000000eae80000,0x00000000eae80000,0x00000000eaf80000)
 ParOldGen       total 320000K, used 316648K [0x00000000c0000000, 0x00000000d3880000, 0x00000000eab00000)
  object space 320000K, 98% used [0x00000000c0000000,0x00000000d353a180,0x00000000d3880000)
 Metaspace       used 103849K, committed 105344K, reserved 1179648K
  class space    used 10690K, committed 11456K, reserved 1048576K
}

Deoptimization events (20 events):
Event: 108690.274 Thread 0x000001587f3bdc40 DEOPT PACKING pc=0x000001586e84e4c0 sp=0x00000044ebdfec80
Event: 108690.274 Thread 0x000001587f3bdc40 DEOPT UNPACKING pc=0x00000158652620a3 sp=0x00000044ebdfeb98 mode 2
Event: 108692.561 Thread 0x000001587f3bdc40 Uncommon trap: trap_request=0xffffff66 fr.pc=0x000001586e84e4c0 relative=0x00000000000011e0
Event: 108692.561 Thread 0x000001587f3bdc40 Uncommon trap: reason=speculate_class_check action=maybe_recompile pc=0x000001586e84e4c0 method=org.eclipse.jdt.internal.compiler.lookup.TypeBinding.isCompatibleWith(Lorg/eclipse/jdt/internal/compiler/lookup/TypeBinding;)Z @ 3 c2
Event: 108692.561 Thread 0x000001587f3bdc40 DEOPT PACKING pc=0x000001586e84e4c0 sp=0x00000044ebdfec80
Event: 108692.561 Thread 0x000001587f3bdc40 DEOPT UNPACKING pc=0x00000158652620a3 sp=0x00000044ebdfeb98 mode 2
Event: 108698.525 Thread 0x000001587de2f200 Uncommon trap: trap_request=0xffffffde fr.pc=0x000001586e0753a0 relative=0x0000000000000160
Event: 108698.525 Thread 0x000001587de2f200 Uncommon trap: reason=class_check action=maybe_recompile pc=0x000001586e0753a0 method=org.eclipse.jdt.internal.compiler.ast.AbstractMethodDeclaration.resolveStatements()V @ 55 c2
Event: 108698.525 Thread 0x000001587de2f200 DEOPT PACKING pc=0x000001586e0753a0 sp=0x00000044edcfeac0
Event: 108698.525 Thread 0x000001587de2f200 DEOPT UNPACKING pc=0x00000158652620a3 sp=0x00000044edcfea50 mode 2
Event: 108698.920 Thread 0x000001587de2f200 Uncommon trap: trap_request=0xffffffde fr.pc=0x000001586e0753a0 relative=0x0000000000000160
Event: 108698.920 Thread 0x000001587de2f200 Uncommon trap: reason=class_check action=maybe_recompile pc=0x000001586e0753a0 method=org.eclipse.jdt.internal.compiler.ast.AbstractMethodDeclaration.resolveStatements()V @ 55 c2
Event: 108698.920 Thread 0x000001587de2f200 DEOPT PACKING pc=0x000001586e0753a0 sp=0x00000044edcfe980
Event: 108698.920 Thread 0x000001587de2f200 DEOPT UNPACKING pc=0x00000158652620a3 sp=0x00000044edcfe910 mode 2
Event: 108700.063 Thread 0x000001587f3bdc40 DEOPT PACKING pc=0x0000015868a3cc0a sp=0x00000044ebdfe280
Event: 108700.063 Thread 0x000001587f3bdc40 DEOPT UNPACKING pc=0x0000015865262843 sp=0x00000044ebdfdc08 mode 0
Event: 108708.632 Thread 0x000001587de2b370 DEOPT PACKING pc=0x0000015868a3cc0a sp=0x00000044ecefddb0
Event: 108708.632 Thread 0x000001587de2b370 DEOPT UNPACKING pc=0x0000015865262843 sp=0x00000044ecefd738 mode 0
Event: 108715.106 Thread 0x000001587de313b0 DEOPT PACKING pc=0x0000015868a3cc0a sp=0x00000044e86fe050
Event: 108715.106 Thread 0x000001587de313b0 DEOPT UNPACKING pc=0x0000015865262843 sp=0x00000044e86fd9d8 mode 0

Classes loaded (20 events):
Event: 415.498 Loading class java/util/AbstractList$RandomAccessSubList
Event: 415.498 Loading class java/util/AbstractList$RandomAccessSubList done
Event: 4209.644 Loading class java/util/DualPivotQuicksort$Sorter
Event: 4209.644 Loading class java/util/DualPivotQuicksort$Sorter done
Event: 4231.449 Loading class java/util/stream/ReduceOps$5
Event: 4231.449 Loading class java/util/stream/ReduceOps$5 done
Event: 4231.449 Loading class java/util/stream/ReduceOps$CountingSink$OfRef
Event: 4231.449 Loading class java/util/stream/ReduceOps$CountingSink
Event: 4231.449 Loading class java/util/stream/ReduceOps$CountingSink done
Event: 4231.449 Loading class java/util/stream/ReduceOps$CountingSink$OfRef done
Event: 9696.362 Loading class java/util/stream/SliceOps
Event: 9696.362 Loading class java/util/stream/SliceOps done
Event: 9696.363 Loading class java/util/stream/SliceOps$1
Event: 9696.363 Loading class java/util/stream/SliceOps$1 done
Event: 9696.363 Loading class java/util/stream/SliceOps$1$1
Event: 9696.363 Loading class java/util/stream/SliceOps$1$1 done
Event: 103853.584 Loading class java/lang/Class$EnclosingMethodInfo
Event: 103853.584 Loading class java/lang/Class$EnclosingMethodInfo done
Event: 104157.741 Loading class java/util/Collections$EmptyListIterator
Event: 104157.742 Loading class java/util/Collections$EmptyListIterator done

Classes unloaded (20 events):
Event: 106841.438 Thread 0x000001585d99e930 Unloading class 0x0000000801741000 'java/lang/invoke/LambdaForm$MH+0x0000000801741000'
Event: 106841.438 Thread 0x000001585d99e930 Unloading class 0x0000000801740c00 'java/lang/invoke/LambdaForm$MH+0x0000000801740c00'
Event: 106841.438 Thread 0x000001585d99e930 Unloading class 0x0000000801740800 'java/lang/invoke/LambdaForm$MH+0x0000000801740800'
Event: 106841.438 Thread 0x000001585d99e930 Unloading class 0x0000000801740400 'java/lang/invoke/LambdaForm$MH+0x0000000801740400'
Event: 107500.834 Thread 0x000001585d99e930 Unloading class 0x000000080174a400 'java/lang/invoke/LambdaForm$MH+0x000000080174a400'
Event: 107500.834 Thread 0x000001585d99e930 Unloading class 0x000000080174a000 'java/lang/invoke/LambdaForm$MH+0x000000080174a000'
Event: 107500.834 Thread 0x000001585d99e930 Unloading class 0x0000000801739800 'java/lang/invoke/LambdaForm$MH+0x0000000801739800'
Event: 108094.401 Thread 0x000001585d99e930 Unloading class 0x0000000801741c00 'java/lang/invoke/LambdaForm$MH+0x0000000801741c00'
Event: 108094.401 Thread 0x000001585d99e930 Unloading class 0x0000000801741800 'java/lang/invoke/LambdaForm$MH+0x0000000801741800'
Event: 108094.401 Thread 0x000001585d99e930 Unloading class 0x0000000801741400 'java/lang/invoke/LambdaForm$MH+0x0000000801741400'
Event: 108604.260 Thread 0x000001585d99e930 Unloading class 0x000000080174bc00 'java/lang/invoke/LambdaForm$MH+0x000000080174bc00'
Event: 108604.260 Thread 0x000001585d99e930 Unloading class 0x000000080174a400 'java/lang/invoke/LambdaForm$MH+0x000000080174a400'
Event: 108610.254 Thread 0x000001585d99e930 Unloading class 0x0000000801755800 'java/lang/invoke/LambdaForm$MH+0x0000000801755800'
Event: 108610.254 Thread 0x000001585d99e930 Unloading class 0x0000000801755400 'java/lang/invoke/LambdaForm$MH+0x0000000801755400'
Event: 108610.254 Thread 0x000001585d99e930 Unloading class 0x0000000801755000 'java/lang/invoke/LambdaForm$MH+0x0000000801755000'
Event: 108610.254 Thread 0x000001585d99e930 Unloading class 0x0000000801754c00 'java/lang/invoke/LambdaForm$MH+0x0000000801754c00'
Event: 108610.254 Thread 0x000001585d99e930 Unloading class 0x0000000801754800 'java/lang/invoke/LambdaForm$MH+0x0000000801754800'
Event: 108610.254 Thread 0x000001585d99e930 Unloading class 0x0000000801754400 'java/lang/invoke/LambdaForm$MH+0x0000000801754400'
Event: 108610.254 Thread 0x000001585d99e930 Unloading class 0x000000080174c400 'java/lang/invoke/LambdaForm$MH+0x000000080174c400'
Event: 108610.254 Thread 0x000001585d99e930 Unloading class 0x000000080173a400 'java/lang/invoke/LambdaForm$MH+0x000000080173a400'

Classes redefined (0 events):
No events

Internal exceptions (20 events):
Event: 108579.011 Thread 0x000001587e802c60 Exception <a 'sun/nio/fs/WindowsException'{0x00000000eacb9228}> (0x00000000eacb9228) 
thrown [s\open\src\hotspot\share\prims\jni.cpp, line 516]
Event: 108579.268 Thread 0x000001587e802c60 Exception <a 'sun/nio/fs/WindowsException'{0x00000000ead0eb28}> (0x00000000ead0eb28) 
thrown [s\open\src\hotspot\share\prims\jni.cpp, line 516]
Event: 108592.027 Thread 0x000001587e802c60 Exception <a 'sun/nio/fs/WindowsException'{0x00000000eab4f9f0}> (0x00000000eab4f9f0) 
thrown [s\open\src\hotspot\share\prims\jni.cpp, line 516]
Event: 108592.290 Thread 0x000001587e802c60 Exception <a 'sun/nio/fs/WindowsException'{0x00000000eaecc580}> (0x00000000eaecc580) 
thrown [s\open\src\hotspot\share\prims\jni.cpp, line 516]
Event: 108610.515 Thread 0x000001587de2cb80 Implicit null exception at 0x000001586de24db9 to 0x000001586de25144
Event: 108627.547 Thread 0x000001587de2cb80 Implicit null exception at 0x000001586f0244ee to 0x000001586f029624
Event: 108632.090 Thread 0x000001587e802c60 Exception <a 'sun/nio/fs/WindowsException'{0x00000000ead727f0}> (0x00000000ead727f0) 
thrown [s\open\src\hotspot\share\prims\jni.cpp, line 516]
Event: 108632.242 Thread 0x000001587e802c60 Exception <a 'sun/nio/fs/WindowsException'{0x00000000eae19368}> (0x00000000eae19368) 
thrown [s\open\src\hotspot\share\prims\jni.cpp, line 516]
Event: 108679.317 Thread 0x000001587e802c60 Exception <a 'sun/nio/fs/WindowsException'{0x00000000eabbb3a8}> (0x00000000eabbb3a8) 
thrown [s\open\src\hotspot\share\prims\jni.cpp, line 516]
Event: 108679.590 Thread 0x000001587e802c60 Exception <a 'sun/nio/fs/WindowsException'{0x00000000eac63b68}> (0x00000000eac63b68) 
thrown [s\open\src\hotspot\share\prims\jni.cpp, line 516]
Event: 108690.442 Thread 0x000001587e802c60 Exception <a 'sun/nio/fs/WindowsException'{0x00000000eae2aef8}> (0x00000000eae2aef8) 
thrown [s\open\src\hotspot\share\prims\jni.cpp, line 516]
Event: 108690.697 Thread 0x000001587e802c60 Exception <a 'sun/nio/fs/WindowsException'{0x00000000eac67db8}> (0x00000000eac67db8) 
thrown [s\open\src\hotspot\share\prims\jni.cpp, line 516]
Event: 108697.352 Thread 0x000001587e802c60 Exception <a 'sun/nio/fs/WindowsException'{0x00000000ead559e8}> (0x00000000ead559e8) 
thrown [s\open\src\hotspot\share\prims\jni.cpp, line 516]
Event: 108697.504 Thread 0x000001587e802c60 Exception <a 'sun/nio/fs/WindowsException'{0x00000000eac36960}> (0x00000000eac36960) 
thrown [s\open\src\hotspot\share\prims\jni.cpp, line 516]
Event: 108707.915 Thread 0x000001587e802c60 Exception <a 'sun/nio/fs/WindowsException'{0x00000000eab959c0}> (0x00000000eab959c0) 
thrown [s\open\src\hotspot\share\prims\jni.cpp, line 516]
Event: 108708.175 Thread 0x000001587e802c60 Exception <a 'sun/nio/fs/WindowsException'{0x00000000eab017f8}> (0x00000000eab017f8) 
thrown [s\open\src\hotspot\share\prims\jni.cpp, line 516]
Event: 108755.377 Thread 0x000001587e802c60 Exception <a 'sun/nio/fs/WindowsException'{0x00000000eac62740}> (0x00000000eac62740) 
thrown [s\open\src\hotspot\share\prims\jni.cpp, line 516]
Event: 108755.638 Thread 0x000001587e802c60 Exception <a 'sun/nio/fs/WindowsException'{0x00000000eaea7940}> (0x00000000eaea7940) 
thrown [s\open\src\hotspot\share\prims\jni.cpp, line 516]
Event: 108773.028 Thread 0x000001587e802c60 Exception <a 'sun/nio/fs/WindowsException'{0x00000000ead45c18}> (0x00000000ead45c18) 
thrown [s\open\src\hotspot\share\prims\jni.cpp, line 516]
Event: 108773.286 Thread 0x000001587e802c60 Exception <a 'sun/nio/fs/WindowsException'{0x00000000eac95650}> (0x00000000eac95650) 
thrown [s\open\src\hotspot\share\prims\jni.cpp, line 516]

VM Operations (20 events):
Event: 108792.531 Executing VM operation: ParallelGCFailedAllocation done
Event: 108792.535 Executing VM operation: ParallelGCFailedAllocation
Event: 108792.536 Executing VM operation: ParallelGCFailedAllocation done
Event: 108792.542 Executing VM operation: ParallelGCFailedAllocation
Event: 108792.543 Executing VM operation: ParallelGCFailedAllocation done
Event: 108792.556 Executing VM operation: ParallelGCFailedAllocation
Event: 108792.557 Executing VM operation: ParallelGCFailedAllocation done
Event: 108792.565 Executing VM operation: ParallelGCFailedAllocation
Event: 108792.566 Executing VM operation: ParallelGCFailedAllocation done
Event: 108792.566 Executing VM operation: ParallelGCFailedAllocation
Event: 108792.567 Executing VM operation: ParallelGCFailedAllocation done
Event: 108792.567 Executing VM operation: ParallelGCFailedAllocation
Event: 108792.568 Executing VM operation: ParallelGCFailedAllocation done
Event: 108792.570 Executing VM operation: ParallelGCFailedAllocation
Event: 108792.571 Executing VM operation: ParallelGCFailedAllocation done
Event: 108792.573 Executing VM operation: ParallelGCFailedAllocation
Event: 108792.574 Executing VM operation: ParallelGCFailedAllocation done
Event: 108792.578 Executing VM operation: ParallelGCFailedAllocation
Event: 108792.578 Executing VM operation: ParallelGCFailedAllocation done
Event: 108792.582 Executing VM operation: ParallelGCFailedAllocation

Events (20 events):
Event: 108716.263 Thread 0x0000015877b82b30 flushing nmethod 0x0000015866cba090
Event: 108716.263 Thread 0x0000015877b82b30 flushing nmethod 0x0000015866cf9810
Event: 108716.263 Thread 0x0000015877b82b30 flushing nmethod 0x0000015866d6c490
Event: 108716.267 Thread 0x0000015877b82b30 flushing nmethod 0x00000158677e1110
Event: 108716.268 Thread 0x0000015877b82b30 flushing nmethod 0x0000015867923b10
Event: 108716.268 Thread 0x0000015877b82b30 flushing nmethod 0x000001586794f890
Event: 108716.268 Thread 0x0000015877b82b30 flushing nmethod 0x00000158679c3290
Event: 108716.268 Thread 0x0000015877b82b30 flushing nmethod 0x0000015867aa1110
Event: 108716.269 Thread 0x0000015877b82b30 flushing nmethod 0x0000015867b8ee10
Event: 108716.269 Thread 0x0000015877b82b30 flushing nmethod 0x0000015867c83010
Event: 108716.271 Thread 0x0000015877b82b30 flushing nmethod 0x000001586814de10
Event: 108716.271 Thread 0x0000015877b82b30 flushing nmethod 0x0000015868189c90
Event: 108716.273 Thread 0x0000015877b82b30 flushing nmethod 0x0000015868561910
Event: 108716.273 Thread 0x0000015877b82b30 flushing nmethod 0x0000015868796f10
Event: 108716.273 Thread 0x0000015877b82b30 flushing nmethod 0x00000158687aeb10
Event: 108716.274 Thread 0x0000015877b82b30 flushing nmethod 0x0000015868970d10
Event: 108755.518 Thread 0x000001587de326f0 Thread added: 0x000001587de326f0
Event: 108755.561 Thread 0x000001587de326f0 Thread exited: 0x000001587de326f0
Event: 108773.160 Thread 0x000001587de2fba0 Thread added: 0x000001587de2fba0
Event: 108773.200 Thread 0x000001587de2fba0 Thread exited: 0x000001587de2fba0


Dynamic libraries:
0x00007ff62f900000 - 0x00007ff62f910000 	C:\Program Files\Java\jdk-18.0.2\bin\java.exe
0x00007ffe8e450000 - 0x00007ffe8e664000 	C:\WINDOWS\SYSTEM32\ntdll.dll
0x00007ffe8d980000 - 0x00007ffe8da42000 	C:\WINDOWS\System32\KERNEL32.DLL
0x00007ffe8bd10000 - 0x00007ffe8c0b3000 	C:\WINDOWS\System32\KERNELBASE.dll
0x00007ffe8ba60000 - 0x00007ffe8bb71000 	C:\WINDOWS\System32\ucrtbase.dll
0x00007ffe52ec0000 - 0x00007ffe52eda000 	C:\Program Files\Java\jdk-18.0.2\bin\VCRUNTIME140.dll
0x00007ffe54190000 - 0x00007ffe541a8000 	C:\Program Files\Java\jdk-18.0.2\bin\jli.dll
0x00007ffe8c610000 - 0x00007ffe8c6be000 	C:\WINDOWS\System32\ADVAPI32.dll
0x00007ffe8d780000 - 0x00007ffe8d827000 	C:\WINDOWS\System32\msvcrt.dll
0x00007ffe8cbe0000 - 0x00007ffe8cc84000 	C:\WINDOWS\System32\sechost.dll
0x00007ffe8d860000 - 0x00007ffe8d977000 	C:\WINDOWS\System32\RPCRT4.dll
0x00007ffe8c460000 - 0x00007ffe8c60a000 	C:\WINDOWS\System32\USER32.dll
0x00007ffe8b970000 - 0x00007ffe8b996000 	C:\WINDOWS\System32\win32u.dll
0x00007ffe8d830000 - 0x00007ffe8d859000 	C:\WINDOWS\System32\GDI32.dll
0x00007ffe8b850000 - 0x00007ffe8b969000 	C:\WINDOWS\System32\gdi32full.dll
0x00007ffe8bc00000 - 0x00007ffe8bc9a000 	C:\WINDOWS\System32\msvcp_win.dll
0x00007ffe7c0e0000 - 0x00007ffe7c36e000 	C:\WINDOWS\WinSxS\amd64_microsoft.windows.common-controls_6595b64144ccf1df_6.0.22621.1635_none_270f70857386168e\COMCTL32.dll
0x00007ffe80130000 - 0x00007ffe8013a000 	C:\WINDOWS\SYSTEM32\VERSION.dll
0x00007ffe8d6c0000 - 0x00007ffe8d6f1000 	C:\WINDOWS\System32\IMM32.DLL
0x00007ffe692f0000 - 0x00007ffe692fc000 	C:\Program Files\Java\jdk-18.0.2\bin\vcruntime140_1.dll
0x00007ffe193d0000 - 0x00007ffe1945d000 	C:\Program Files\Java\jdk-18.0.2\bin\msvcp140.dll
0x00007ffd8b940000 - 0x00007ffd8c551000 	C:\Program Files\Java\jdk-18.0.2\bin\server\jvm.dll
0x00007ffe8c740000 - 0x00007ffe8c748000 	C:\WINDOWS\System32\PSAPI.DLL
0x00007ffe6a600000 - 0x00007ffe6a609000 	C:\WINDOWS\SYSTEM32\WSOCK32.dll
0x00007ffe8d700000 - 0x00007ffe8d771000 	C:\WINDOWS\System32\WS2_32.dll
0x00007ffe83940000 - 0x00007ffe83974000 	C:\WINDOWS\SYSTEM32\WINMM.dll
0x00007ffe8a940000 - 0x00007ffe8a958000 	C:\WINDOWS\SYSTEM32\kernel.appcore.dll
0x00007ffe65460000 - 0x00007ffe6546a000 	C:\Program Files\Java\jdk-18.0.2\bin\jimage.dll
0x00007ffe892b0000 - 0x00007ffe894de000 	C:\WINDOWS\SYSTEM32\DBGHELP.DLL
0x00007ffe8e080000 - 0x00007ffe8e409000 	C:\WINDOWS\System32\combase.dll
0x00007ffe8da50000 - 0x00007ffe8db27000 	C:\WINDOWS\System32\OLEAUT32.dll
0x00007ffe793c0000 - 0x00007ffe793f2000 	C:\WINDOWS\SYSTEM32\dbgcore.DLL
0x00007ffe8bb80000 - 0x00007ffe8bbfa000 	C:\WINDOWS\System32\bcryptPrimitives.dll
0x00007ffe61090000 - 0x00007ffe6109e000 	C:\Program Files\Java\jdk-18.0.2\bin\instrument.dll
0x00007ffe32900000 - 0x00007ffe32925000 	C:\Program Files\Java\jdk-18.0.2\bin\java.dll
0x00007ffe19490000 - 0x00007ffe19566000 	C:\Program Files\Java\jdk-18.0.2\bin\jsvml.dll
0x00007ffe8cec0000 - 0x00007ffe8d6b9000 	C:\WINDOWS\System32\SHELL32.dll
0x00007ffe89800000 - 0x00007ffe8a0ce000 	C:\WINDOWS\SYSTEM32\windows.storage.dll
0x00007ffe896c0000 - 0x00007ffe897fe000 	C:\WINDOWS\SYSTEM32\wintypes.dll
0x00007ffe8ded0000 - 0x00007ffe8dfc1000 	C:\WINDOWS\System32\SHCORE.dll
0x00007ffe8db80000 - 0x00007ffe8dbde000 	C:\WINDOWS\System32\shlwapi.dll
0x00007ffe8b780000 - 0x00007ffe8b7a6000 	C:\WINDOWS\SYSTEM32\profapi.dll
0x00007ffe44bb0000 - 0x00007ffe44bc8000 	C:\Program Files\Java\jdk-18.0.2\bin\zip.dll
0x00007ffe3db50000 - 0x00007ffe3db63000 	C:\Program Files\Java\jdk-18.0.2\bin\net.dll
0x00007ffe84d30000 - 0x00007ffe84e67000 	C:\WINDOWS\SYSTEM32\WINHTTP.dll
0x00007ffe8adb0000 - 0x00007ffe8ae19000 	C:\WINDOWS\system32\mswsock.dll
0x00007ffe39bf0000 - 0x00007ffe39c06000 	C:\Program Files\Java\jdk-18.0.2\bin\nio.dll
0x00007ffe60840000 - 0x00007ffe60850000 	C:\Program Files\Java\jdk-18.0.2\bin\verify.dll
0x00007ffe243d0000 - 0x00007ffe2440e000 	C:\Users\brend\AppData\Roaming\Code\User\globalStorage\redhat.java\1.21.0\config_win\org.eclipse.equinox.launcher\org.eclipse.equinox.launcher.win32.win32.x86_64_1.2.700.v20221108-1024\eclipse_11801.dll
0x00007ffe8cd20000 - 0x00007ffe8cebc000 	C:\WINDOWS\System32\ole32.dll
0x00007ffe8b0d0000 - 0x00007ffe8b0eb000 	C:\WINDOWS\SYSTEM32\CRYPTSP.dll
0x00007ffe8a8b0000 - 0x00007ffe8a8e5000 	C:\WINDOWS\system32\rsaenh.dll
0x00007ffe8ae50000 - 0x00007ffe8ae7c000 	C:\WINDOWS\SYSTEM32\USERENV.dll
0x00007ffe8b200000 - 0x00007ffe8b228000 	C:\WINDOWS\SYSTEM32\bcrypt.dll
0x00007ffe8b0b0000 - 0x00007ffe8b0bc000 	C:\WINDOWS\SYSTEM32\CRYPTBASE.dll
0x00007ffe8a3e0000 - 0x00007ffe8a40d000 	C:\WINDOWS\SYSTEM32\IPHLPAPI.DLL
0x00007ffe8cbd0000 - 0x00007ffe8cbd9000 	C:\WINDOWS\System32\NSI.dll
0x00007ffe84eb0000 - 0x00007ffe84ec9000 	C:\WINDOWS\SYSTEM32\dhcpcsvc6.DLL
0x00007ffe84a90000 - 0x00007ffe84aaf000 	C:\WINDOWS\SYSTEM32\dhcpcsvc.DLL
0x00007ffe8a410000 - 0x00007ffe8a503000 	C:\WINDOWS\SYSTEM32\DNSAPI.dll
0x00007ffe18e50000 - 0x00007ffe18e95000 	C:\Users\brend\AppData\Local\Temp\jna-94001803\jna13049923584069011443.dll
0x00007ffe1b880000 - 0x00007ffe1b8a7000 	C:\Users\brend\.gradle\native\68d5fa5c4cc2d200863cafc0d521ce42e7d3e7ee720ec0a83991735586a16f82\windows-amd64\native-platform.dll
0x00007ffe54150000 - 0x00007ffe54159000 	C:\Program Files\Java\jdk-18.0.2\bin\management.dll
0x00007ffe53c40000 - 0x00007ffe53c4b000 	C:\Program Files\Java\jdk-18.0.2\bin\management_ext.dll

dbghelp: loaded successfully - version: 4.0.5 - missing functions: none
symbol engine: initialized successfully - sym options: 0x614 - pdb path: .;C:\Program Files\Java\jdk-18.0.2\bin;C:\WINDOWS\SYSTEM32;C:\WINDOWS\WinSxS\amd64_microsoft.windows.common-controls_6595b64144ccf1df_6.0.22621.1635_none_270f70857386168e;C:\Program Files\Java\jdk-18.0.2\bin\server;C:\Users\brend\AppData\Roaming\Code\User\globalStorage\redhat.java\1.21.0\config_win\org.eclipse.equinox.launcher\org.eclipse.equinox.launcher.win32.win32.x86_64_1.2.700.v20221108-1024;C:\Users\brend\AppData\Local\Temp\jna-94001803;C:\Users\brend\.gradle\native\68d5fa5c4cc2d200863cafc0d521ce42e7d3e7ee720ec0a83991735586a16f82\windows-amd64

VM Arguments:
jvm_args: --add-modules=ALL-SYSTEM --add-opens=java.base/java.util=ALL-UNNAMED --add-opens=java.base/java.lang=ALL-UNNAMED --add-opens=java.base/sun.nio.fs=ALL-UNNAMED -Declipse.application=org.eclipse.jdt.ls.core.id1 -Dosgi.bundles.defaultStartLevel=4 -Declipse.product=org.eclipse.jdt.ls.core.product -Djava.import.generatesMetadataFilesAtProjectRoot=false -Dfile.encoding=utf8 -XX:+UseParallelGC -XX:GCTimeRatio=4 -XX:AdaptiveSizePolicyWeight=90 -Dsun.zip.disableMemoryMapping=true -Xmx1G -Xms100m -Xlog:disable -javaagent:c:\Users\brend\.vscode\extensions\redhat.java-1.21.0-win32-x64\lombok\lombok-1.18.28.jar -XX:+HeapDumpOnOutOfMemoryError -XX:HeapDumpPath=c:\Users\brend\AppData\Roaming\Code\User\workspaceStorage\740d546d7c3ef9ec51985389fff41459\redhat.java -Daether.dependencyCollector.impl=bf 
java_command: c:\Users\brend\.vscode\extensions\redhat.java-1.21.0-win32-x64\server\plugins\org.eclipse.equinox.launcher_1.6.500.v20230717-2134.jar -configuration c:\Users\brend\AppData\Roaming\Code\User\globalStorage\redhat.java\1.21.0\config_win -data c:\Users\brend\AppData\Roaming\Code\User\workspaceStorage\740d546d7c3ef9ec51985389fff41459\redhat.java\jdt_ws
java_class_path (initial): c:\Users\brend\.vscode\extensions\redhat.java-1.21.0-win32-x64\server\plugins\org.eclipse.equinox.launcher_1.6.500.v20230717-2134.jar
Launcher Type: SUN_STANDARD

[Global flags]
    uintx AdaptiveSizePolicyWeight                 = 90                                        {product} {command line}
     intx CICompilerCount                          = 12                                        {product} {ergonomic}
    uintx GCTimeRatio                              = 4                                         {product} {command line}
     bool HeapDumpOnOutOfMemoryError               = true                                   {manageable} {command line}
    ccstr HeapDumpPath                             = c:\Users\brend\AppData\Roaming\Code\User\workspaceStorage\740d546d7c3ef9ec51985389fff41459\redhat.java         {manageable} {command line}
   size_t InitialHeapSize                          = 104857600                                 {product} {command line}
   size_t MaxHeapSize                              = 1073741824                                {product} {command line}
   size_t MaxNewSize                               = 357564416                                 {product} {ergonomic}
   size_t MinHeapDeltaBytes                        = 524288                                    {product} {ergonomic}
   size_t MinHeapSize                              = 104857600                                 {product} {command line}
   size_t NewSize                                  = 34603008                                  {product} {ergonomic}
    uintx NonNMethodCodeHeapSize                   = 7602480                                {pd product} {ergonomic}
    uintx NonProfiledCodeHeapSize                  = 122027880                              {pd product} {ergonomic}
   size_t OldSize                                  = 70254592                                  {product} {ergonomic}
    uintx ProfiledCodeHeapSize                     = 122027880                              {pd product} {ergonomic}
    uintx ReservedCodeCacheSize                    = 251658240                              {pd product} {ergonomic}
     bool SegmentedCodeCache                       = true                                      {product} {ergonomic}
   size_t SoftMaxHeapSize                          = 1073741824                             {manageable} {ergonomic}
     bool UseCompressedClassPointers               = true                           {product lp64_product} {ergonomic}
     bool UseCompressedOops                        = true                           {product lp64_product} {ergonomic}
     bool UseLargePagesIndividualAllocation        = false                                  {pd product} {ergonomic}
     bool UseParallelGC                            = true                                      {product} {command line}

Logging:
Log output configuration:
 #0: stdout all=off uptime,level,tags foldmultilines=false
 #1: stderr all=off uptime,level,tags foldmultilines=false

Environment Variables:
PATH=C:\Program Files\Eclipse Adoptium\jdk-17.0.4.8-hotspot\bin;C:\Program Files\Common Files\Oracle\Java\javapath;C:\Program Files\Microsoft MPI\Bin\;C:\Program Files (x86)\Common Files\Intel\Shared Libraries\redist\intel64\compiler;C:\Python39\Scripts\;C:\Python39\;C:\Windows\system32;C:\Windows;C:\Windows\System32\Wbem;C:\Windows\System32\WindowsPowerShell\v1.0\;C:\Windows\System32\OpenSSH\;C:\Program Files\NVIDIA Corporation\NVIDIA NvDLISR;C:\Program Files\Git\cmd;C:\Program Files\nodejs\;C:\ProgramData\chocolatey\bin;C:\Program Files\dotnet\;C:\Program Files\Microsoft SQL Server\Client SDK\ODBC\170\Tools\Binn\;C:\Program Files (x86)\Microsoft SQL Server\130\DTS\Binn\;C:\Program Files\Microsoft SQL Server\Client SDK\ODBC\130\Tools\Binn\;C:\Program Files\CMake\bin;C:\WINDOWS\system32;C:\WINDOWS;C:\WINDOWS\System32\Wbem;C:\WINDOWS\System32\WindowsPowerShell\v1.0\;C:\WINDOWS\System32\OpenSSH\;C:\Program Files (x86)\Calibre2\;C:\Program Files (x86)\Google\Cloud SDK\google-cloud-sdk\bin;C:\Program Files\PuTTY\;C:\xampp\php;C:\ProgramData\ComposerSetup\bin;C:\WINDOWS\system32;C:\WINDOWS;C:\WINDOWS\System32\Wbem;C:\WINDOWS\System32\WindowsPowerShell\v1.0\;C:\WINDOWS\System32\OpenSSH\;C:\Program Files\Docker\Docker\resources\bin;C:\ProgramData\DockerDesktop\version-bin;C:\Program Files (x86)\NVIDIA Corporation\PhysX\Common;C:\Program Files\MySQL\MySQL Shell 8.0\bin\;C:\Users\brend\.cargo\bin;C:\Users\brend\AppData\Local\Microsoft\WindowsApps;C:\Users\brend\AppData\Local\Programs\Microsoft VS Code\bin;C:\Users\brend\AppData\Roaming\npm;C:\Users\brend\.dotnet\tools;C:\Program Files\Azure Data Studio\bin;C:\Program Files\JetBrains\IntelliJ IDEA 2021.2\bin;;C:\Program Files\JetBrains\IntelliJ IDEA Community Edition 2021.2\bin;;C:\Users\brend\AppData\Roaming\Composer\vendor\bin;C:\Users\brend\AppData\Local\GitHubDesktop\bin
USERNAME=brend
OS=Windows_NT
PROCESSOR_IDENTIFIER=Intel64 Family 6 Model 165 Stepping 5, GenuineIntel



---------------  S Y S T E M  ---------------

OS:
 Windows 11 , 64 bit Build 22621 (10.0.22621.1928)
OS uptime: 1 days 10:42 hours
Hyper-V role detected

CPU: total 20 (initial active 20) (10 cores per cpu, 2 threads per core) family 6 model 165 stepping 5 microcode 0xe0, cx8, cmov, fxsr, ht, mmx, 3dnowpref, sse, sse2, sse3, ssse3, sse4.1, sse4.2, popcnt, lzcnt, tsc, tscinvbit, avx, avx2, aes, erms, clmul, bmi1, bmi2, adx, fma, vzeroupper, clflush, clflushopt, hv

Memory: 4k page, system-wide physical 65404M (35246M free)
TotalPageFile size 69500M (AvailPageFile size 17939M)
current process WorkingSet (physical memory assigned to process): 749M, peak: 853M
current process commit charge ("private bytes"): 801M, peak: 930M

vm_info: Java HotSpot(TM) 64-Bit Server VM (18.0.2+9-61) for windows-amd64 JRE (18.0.2+9-61), built on Jun  7 2022 13:09:01 by "mach5one" with MS VC++ 16.8 / 16.9 (VS2019)

END.
