#
# A fatal error has been detected by the Java Runtime Environment:
#
#  EXCEPTION_ACCESS_VIOLATION (0xc0000005) at pc=0x00007fffbff27b7e, pid=61248, tid=57428
#
# JRE version: Java(TM) SE Runtime Environment (18.0.2+9) (build 18.0.2+9-61)
# Java VM: Java HotSpot(TM) 64-Bit Server VM (18.0.2+9-61, mixed mode, sharing, tiered, compressed oops, compressed class ptrs, parallel gc, windows-amd64)
# Problematic frame:
# V  [jvm.dll+0x307b7e]
#
# No core dump will be written. Minidumps are not enabled by default on client versions of Windows
#
# If you would like to submit a bug report, please visit:
#   https://bugreport.java.com/bugreport/crash.jsp
#

---------------  S U M M A R Y ------------

Command Line: --add-modules=ALL-SYSTEM --add-opens=java.base/java.util=ALL-UNNAMED --add-opens=java.base/java.lang=ALL-UNNAMED --add-opens=java.base/sun.nio.fs=ALL-UNNAMED -Declipse.application=org.eclipse.jdt.ls.core.id1 -Dosgi.bundles.defaultStartLevel=4 -Declipse.product=org.eclipse.jdt.ls.core.product -Djava.import.generatesMetadataFilesAtProjectRoot=false -Dfile.encoding=utf8 -XX:+UseParallelGC -XX:GCTimeRatio=4 -XX:AdaptiveSizePolicyWeight=90 -Dsun.zip.disableMemoryMapping=true -Xmx1G -Xms100m -Xlog:disable -javaagent:c:\Users\brend\.vscode\extensions\redhat.java-1.21.0-win32-x64\lombok\lombok-1.18.28.jar -XX:+HeapDumpOnOutOfMemoryError -XX:HeapDumpPath=c:\Users\brend\AppData\Roaming\Code\User\workspaceStorage\740d546d7c3ef9ec51985389fff41459\redhat.java -Daether.dependencyCollector.impl=bf c:\Users\brend\.vscode\extensions\redhat.java-1.21.0-win32-x64\server\plugins\org.eclipse.equinox.launcher_1.6.500.v20230717-2134.jar -configuration c:\Users\brend\AppData\Roaming\Code\User\globalStorage\redhat.java\1.21.0\config_win -data c:\Users\brend\AppData\Roaming\Code\User\workspaceStorage\740d546d7c3ef9ec51985389fff41459\redhat.java\jdt_ws

Host: Intel(R) Core(TM) i9-10900K CPU @ 3.70GHz, 20 cores, 63G,  Windows 11 , 64 bit Build 22621 (10.0.22621.1928)
Time: Sat Aug 19 15:24:08 2023 Eastern Daylight Time elapsed time: 87.342274 seconds (0d 0h 1m 27s)

---------------  T H R E A D  ---------------

Current thread (0x0000010dc8e88080):  WorkerThread "GC Thread#5" [stack: 0x000000026a600000,0x000000026a700000] [id=57428]

Stack: [0x000000026a600000,0x000000026a700000],  sp=0x000000026a6ff7f8,  free space=1021k
Native frames: (J=compiled Java code, j=interpreted, Vv=VM code, C=native code)
V  [jvm.dll+0x307b7e]
V  [jvm.dll+0x6d9708]
V  [jvm.dll+0x6d9b7f]
V  [jvm.dll+0x820a44]
V  [jvm.dll+0x7a125a]
V  [jvm.dll+0x698275]
C  [ucrtbase.dll+0x29363]
C  [KERNEL32.DLL+0x126ad]
C  [ntdll.dll+0x5aa68]


siginfo: EXCEPTION_ACCESS_VIOLATION (0xc0000005), data execution prevention violation at address 0x00007fff00000000


Register to memory mapping:

RIP=0x00007fffbff27b7e jvm.dll
RAX=0x0000010da88f7b10 points into unknown readable memory: 0x0000010dc2923560 | 60 35 92 c2 0d 01 00 00
RBX=0x0000000000000006 is an unknown value
RCX=0x0000010dc2925560 points into unknown readable memory: 0x0000000000000000 | 00 00 00 00 00 00 00 00
RDX=0x000000000000000c is an unknown value
RSP=0x000000026a6ff7f8 points into unknown readable memory: 0x00000002690fef48 | 48 ef 0f 69 02 00 00 00
RBP=0x0000000000000001 is an unknown value
RSI=0x0000000000000040 is an unknown value
RDI=0x0000010da895bce0 points into unknown readable memory: 0x00007fffc053e660 | 60 e6 53 c0 ff 7f 00 00
R8 =0x0 is NULL
R9 =0x000000000000000c is an unknown value
R10=0x0000000000001122 is an unknown value
R11=0x0000010dc2924d60 points into unknown readable memory: 0x0000000000000000 | 00 00 00 00 00 00 00 00
R12=0x0 is NULL
R13=0x0000010dc8e884f0 points into unknown readable memory: 0x0000000000000002 | 02 00 00 00 00 00 00 00
R14=0x0000000000000060 is an unknown value
R15=0x000000026a6ff860 points into unknown readable memory: 0x00000000cdab21a1 | a1 21 ab cd 00 00 00 00


Registers:
RAX=0x0000010da88f7b10, RBX=0x0000000000000006, RCX=0x0000010dc2925560, RDX=0x000000000000000c
RSP=0x000000026a6ff7f8, RBP=0x0000000000000001, RSI=0x0000000000000040, RDI=0x0000010da895bce0
R8 =0x0000000000000000, R9 =0x000000000000000c, R10=0x0000000000001122, R11=0x0000010dc2924d60
R12=0x0000000000000000, R13=0x0000010dc8e884f0, R14=0x0000000000000060, R15=0x000000026a6ff860
RIP=0x00007fffbff27b7e, EFLAGS=0x0000000000010206

Top of Stack: (sp=0x000000026a6ff7f8)
0x000000026a6ff7f8:   00000002690fef48 0000000000000006
0x000000026a6ff808:   0000000000000005 0000000000000006
0x000000026a6ff818:   00007fffc02f9708 0000010dc2924d00
0x000000026a6ff828:   0000010dc2924d00 0000000000000000
0x000000026a6ff838:   00000002690fefa0 00000002690fee40
0x000000026a6ff848:   00007fffc02f9b7f 0000000000000000
0x000000026a6ff858:   000000026a6ff8e9 00000000cdab21a1
0x000000026a6ff868:   00000002690fef80 0000010dc2924d00
0x000000026a6ff878:   0000000000000006 000000000000000f
0x000000026a6ff888:   00000002690fe9e8 0000000600000002
0x000000026a6ff898:   0000010dc2924d00 00007fffc059c250
0x000000026a6ff8a8:   0000010dc2924d00 00000002690fee40
0x000000026a6ff8b8:   0000010dc2a58d70 00000000000003d8
0x000000026a6ff8c8:   0000010dc2a58d80 0000010dc2a59158
0x000000026a6ff8d8:   00007fffc059c3a8 0000000000000006
0x000000026a6ff8e8:   0000000000000000 0000000000000000 

Instructions: (pc=0x00007fffbff27b7e)
0x00007fffbff27a7e:   88 ff ff ff 7f 0f 4e c1 33 d2 41 89 83 04 02 00
0x00007fffbff27a8e:   00 f7 77 08 44 8b ca 3b d3 74 b7 8b d3 0f 1f 44
0x00007fffbff27a9e:   00 00 3b d3 74 05 41 3b d1 75 44 45 8b 83 04 02
0x00007fffbff27aae:   00 00 b8 5f 0b 4e 83 41 f7 e8 41 03 d0 c1 fa 10
0x00007fffbff27abe:   8b c2 c1 e8 1f 03 d0 41 69 c0 a7 41 00 00 69 ca
0x00007fffbff27ace:   ff ff ff 7f 2b c1 85 c0 8d 88 ff ff ff 7f 0f 4e
0x00007fffbff27ade:   c1 33 d2 41 89 83 04 02 00 00 f7 77 08 eb b3 41
0x00007fffbff27aee:   8b c1 4c 8d 34 c5 00 00 00 00 48 8b 47 10 49 8b
0x00007fffbff27afe:   0c 06 8b 81 00 01 00 00 44 8b 91 80 00 00 00 44
0x00007fffbff27b0e:   2b d0 8b c2 41 81 e2 ff ff 01 00 41 81 fa ff ff
0x00007fffbff27b1e:   01 00 45 0f 44 d4 48 8d 34 c5 00 00 00 00 48 8b
0x00007fffbff27b2e:   47 10 48 8b 0c 06 8b 81 00 01 00 00 44 8b 81 80
0x00007fffbff27b3e:   00 00 00 44 2b c0 32 c0 41 81 e0 ff ff 01 00 41
0x00007fffbff27b4e:   81 f8 ff ff 01 00 45 0f 44 c4 45 3b c2 76 11 48
0x00007fffbff27b5e:   8b 47 10 48 8b 34 06 48 8b 86 00 01 00 00 eb 1b
0x00007fffbff27b6e:   45 85 d2 0f 84 83 00 00 00 48 8b 47 10 41 8b d1
0x00007fffbff27b7e:   49 8b 34 06 48 8b 86 00 01 00 00 8b 8e 80 00 00
0x00007fffbff27b8e:   00 2b c8 81 e1 ff ff 01 00 81 f9 ff ff 01 00 41
0x00007fffbff27b9e:   0f 44 cc 85 c9 75 13 ba ff ff ff ff 32 c0 41 89
0x00007fffbff27bae:   93 00 02 00 00 e9 c4 00 00 00 48 8b 8e 80 01 00
0x00007fffbff27bbe:   00 4c 8b c8 44 8b c0 4e 8b 04 c1 8d 48 01 81 e1
0x00007fffbff27bce:   ff ff 01 00 4d 89 07 45 8b c4 41 0f 94 c0 49 c1
0x00007fffbff27bde:   e9 20 45 03 c8 49 c1 e1 20 4c 0b c9 f0 4c 0f b1
0x00007fffbff27bee:   8e 00 01 00 00 0f 94 c0 84 c0 75 05 ba ff ff ff
0x00007fffbff27bfe:   ff 41 89 93 00 02 00 00 eb 74 75 76 48 8b 47 10
0x00007fffbff27c0e:   8d 4b ff 83 e1 01 4c 8b 14 c8 49 8b 82 00 01 00
0x00007fffbff27c1e:   00 41 8b 8a 80 00 00 00 2b c8 81 e1 ff ff 01 00
0x00007fffbff27c2e:   81 f9 ff ff 01 00 41 0f 44 cc 85 c9 75 04 32 c0
0x00007fffbff27c3e:   eb 3c 49 8b 8a 80 01 00 00 4c 8b c0 8b d0 48 8b
0x00007fffbff27c4e:   14 d1 8d 48 01 81 e1 ff ff 01 00 49 89 17 41 8b
0x00007fffbff27c5e:   d4 0f 94 c2 49 c1 e8 20 44 03 c2 49 c1 e0 20 4c
0x00007fffbff27c6e:   0b c1 f0 4d 0f b1 82 00 01 00 00 0f 94 c0 84 c0 


Stack slot to memory mapping:
stack at sp + 0 slots: 0x00000002690fef48 points into unknown readable memory: 0x0000010da88f6c90 | 90 6c 8f a8 0d 01 00 00
stack at sp + 1 slots: 0x0000000000000006 is an unknown value
stack at sp + 2 slots: 0x0000000000000005 is an unknown value
stack at sp + 3 slots: 0x0000000000000006 is an unknown value
stack at sp + 4 slots: 0x00007fffc02f9708 jvm.dll
stack at sp + 5 slots: 0x0000010dc2924d00 points into unknown readable memory: 0x00007fffc059c0f0 | f0 c0 59 c0 ff 7f 00 00
stack at sp + 6 slots: 0x0000010dc2924d00 points into unknown readable memory: 0x00007fffc059c0f0 | f0 c0 59 c0 ff 7f 00 00
stack at sp + 7 slots: 0x0 is NULL


---------------  P R O C E S S  ---------------

Threads class SMR info:
_java_thread_list=0x0000010dcc9dcd00, length=49, elements={
0x0000010da88e7110, 0x0000010da89821d0, 0x0000010da8983640, 0x0000010da898e9e0,
0x0000010dc13f6aa0, 0x0000010dc13f7af0, 0x0000010dc13f8b40, 0x0000010dc13fdc10,
0x0000010dc13fe9c0, 0x0000010dc293cac0, 0x0000010da894e5d0, 0x0000010dc2ba51f0,
0x0000010dc95167e0, 0x0000010dc95536e0, 0x0000010dc9528a20, 0x0000010dc9641400,
0x0000010dc9454ed0, 0x0000010dc9451510, 0x0000010dc9454a00, 0x0000010dc94519e0,
0x0000010dc94531f0, 0x0000010dc9452380, 0x0000010dc9452850, 0x0000010dc9452d20,
0x0000010dc9453b90, 0x0000010dcbeb5360, 0x0000010dcbeb2ce0, 0x0000010dcbeb4020,
0x0000010dcbeb31b0, 0x0000010dcbeaee50, 0x0000010dcbeb44f0, 0x0000010dcbeafcc0,
0x0000010dcbeb3b50, 0x0000010dcbeb4e90, 0x0000010dcbeb5830, 0x0000010dcbeb5d00,
0x0000010dcbeb0660, 0x0000010dcbeb1000, 0x0000010dcbeb61d0, 0x0000010dc9454530,
0x0000010dcac6bf70, 0x0000010dcac6f460, 0x0000010dcac6d780, 0x0000010dcac6a290,
0x0000010dcac6a760, 0x0000010dcac6c440, 0x0000010dcbc46910, 0x0000010dcbc48ac0,
0x0000010dca2a5290
}

Java Threads: ( => current thread )
  0x0000010da88e7110 JavaThread "main" [_thread_blocked, id=29636, stack(0x0000000268e00000,0x0000000268f00000)]
  0x0000010da89821d0 JavaThread "Reference Handler" daemon [_thread_blocked, id=31928, stack(0x0000000269100000,0x0000000269200000)]
  0x0000010da8983640 JavaThread "Finalizer" daemon [_thread_blocked, id=43424, stack(0x0000000269200000,0x0000000269300000)]
  0x0000010da898e9e0 JavaThread "Signal Dispatcher" daemon [_thread_blocked, id=80216, stack(0x0000000269300000,0x0000000269400000)]
  0x0000010dc13f6aa0 JavaThread "Attach Listener" daemon [_thread_blocked, id=56928, stack(0x0000000269400000,0x0000000269500000)]
  0x0000010dc13f7af0 JavaThread "Service Thread" daemon [_thread_blocked, id=5392, stack(0x0000000269500000,0x0000000269600000)]
  0x0000010dc13f8b40 JavaThread "Monitor Deflation Thread" daemon [_thread_blocked, id=29352, stack(0x0000000269600000,0x0000000269700000)]
  0x0000010dc13fdc10 JavaThread "C2 CompilerThread0" daemon [_thread_blocked, id=68308, stack(0x0000000269700000,0x0000000269800000)]
  0x0000010dc13fe9c0 JavaThread "C1 CompilerThread0" daemon [_thread_blocked, id=69916, stack(0x0000000269800000,0x0000000269900000)]
  0x0000010dc293cac0 JavaThread "Sweeper thread" daemon [_thread_blocked, id=62728, stack(0x0000000269900000,0x0000000269a00000)]
  0x0000010da894e5d0 JavaThread "Common-Cleaner" daemon [_thread_blocked, id=70512, stack(0x0000000269a00000,0x0000000269b00000)]
  0x0000010dc2ba51f0 JavaThread "Notification Thread" daemon [_thread_blocked, id=75552, stack(0x0000000269f00000,0x000000026a000000)]
  0x0000010dc95167e0 JavaThread "Active Thread: Equinox Container: 5ae84b14-fadc-4f06-99e0-736b037f64b5" [_thread_blocked, id=81688, stack(0x000000026a800000,0x000000026a900000)]
  0x0000010dc95536e0 JavaThread "Framework Event Dispatcher: Equinox Container: 5ae84b14-fadc-4f06-99e0-736b037f64b5" daemon [_thread_blocked, id=15664, stack(0x000000026a900000,0x000000026aa00000)]
  0x0000010dc9528a20 JavaThread "Start Level: Equinox Container: 5ae84b14-fadc-4f06-99e0-736b037f64b5" daemon [_thread_blocked, id=73180, stack(0x000000026aa00000,0x000000026ab00000)]
  0x0000010dc9641400 JavaThread "SCR Component Actor" daemon [_thread_blocked, id=56456, stack(0x000000026ab00000,0x000000026ac00000)]
  0x0000010dc9454ed0 JavaThread "Worker-JM" [_thread_blocked, id=2960, stack(0x000000026a100000,0x000000026a200000)]
  0x0000010dc9451510 JavaThread "Worker-0" [_thread_blocked, id=10104, stack(0x000000026b300000,0x000000026b400000)]
  0x0000010dc9454a00 JavaThread "Worker-1" [_thread_blocked, id=31544, stack(0x000000026b400000,0x000000026b500000)]
  0x0000010dc94519e0 JavaThread "Java indexing" daemon [_thread_blocked, id=44364, stack(0x000000026b900000,0x000000026ba00000)]
  0x0000010dc94531f0 JavaThread "JNA Cleaner" daemon [_thread_blocked, id=33796, stack(0x000000026ba00000,0x000000026bb00000)]
  0x0000010dc9452380 JavaThread "pool-2-thread-1" [_thread_blocked, id=54692, stack(0x000000026bd00000,0x000000026be00000)]
  0x0000010dc9452850 JavaThread "WorkspaceEventsHandler" [_thread_blocked, id=2788, stack(0x000000026be00000,0x000000026bf00000)]
  0x0000010dc9452d20 JavaThread "pool-1-thread-1" [_thread_in_native, id=38840, stack(0x000000026bf00000,0x000000026c000000)]
  0x0000010dc9453b90 JavaThread "Worker-2" [_thread_blocked, id=76384, stack(0x000000026c000000,0x000000026c100000)]
  0x0000010dcbeb5360 JavaThread "Timer-0" [_thread_blocked, id=30772, stack(0x000000026c800000,0x000000026c900000)]
  0x0000010dcbeb2ce0 JavaThread "Worker-4" [_thread_blocked, id=28884, stack(0x0000000269d00000,0x0000000269e00000)]
  0x0000010dcbeb4020 JavaThread "Worker-5" [_thread_blocked, id=80684, stack(0x0000000269e00000,0x0000000269f00000)]
  0x0000010dcbeb31b0 JavaThread "ForkJoinPool.commonPool-worker-1" daemon [_thread_blocked, id=22188, stack(0x000000026c900000,0x000000026ca00000)]
  0x0000010dcbeaee50 JavaThread "ForkJoinPool.commonPool-worker-2" daemon [_thread_blocked, id=32292, stack(0x000000026c400000,0x000000026c500000)]
  0x0000010dcbeb44f0 JavaThread "ForkJoinPool.commonPool-worker-3" daemon [_thread_blocked, id=43768, stack(0x000000026ca00000,0x000000026cb00000)]
  0x0000010dcbeafcc0 JavaThread "ForkJoinPool.commonPool-worker-4" daemon [_thread_blocked, id=76188, stack(0x000000026cc00000,0x000000026cd00000)]
  0x0000010dcbeb3b50 JavaThread "ForkJoinPool.commonPool-worker-5" daemon [_thread_blocked, id=51520, stack(0x000000026cd00000,0x000000026ce00000)]
  0x0000010dcbeb4e90 JavaThread "ForkJoinPool.commonPool-worker-6" daemon [_thread_blocked, id=10276, stack(0x000000026ce00000,0x000000026cf00000)]
  0x0000010dcbeb5830 JavaThread "ForkJoinPool.commonPool-worker-7" daemon [_thread_blocked, id=39816, stack(0x000000026cf00000,0x000000026d000000)]
  0x0000010dcbeb5d00 JavaThread "ForkJoinPool.commonPool-worker-8" daemon [_thread_blocked, id=1936, stack(0x000000026d000000,0x000000026d100000)]
  0x0000010dcbeb0660 JavaThread "ForkJoinPool.commonPool-worker-9" daemon [_thread_blocked, id=45768, stack(0x000000026d200000,0x000000026d300000)]
  0x0000010dcbeb1000 JavaThread "ForkJoinPool.commonPool-worker-10" daemon [_thread_blocked, id=82316, stack(0x000000026d300000,0x000000026d400000)]
  0x0000010dcbeb61d0 JavaThread "ForkJoinPool.commonPool-worker-11" daemon [_thread_blocked, id=64580, stack(0x000000026d400000,0x000000026d500000)]
  0x0000010dc9454530 JavaThread "ForkJoinPool.commonPool-worker-12" daemon [_thread_blocked, id=82328, stack(0x000000026d500000,0x000000026d600000)]
  0x0000010dcac6bf70 JavaThread "Bundle File Closer" daemon [_thread_blocked, id=27740, stack(0x000000026d600000,0x000000026d700000)]
  0x0000010dcac6f460 JavaThread "ForkJoinPool.commonPool-worker-13" daemon [_thread_blocked, id=49612, stack(0x000000026da00000,0x000000026db00000)]
  0x0000010dcac6d780 JavaThread "ForkJoinPool.commonPool-worker-14" daemon [_thread_blocked, id=69344, stack(0x000000026d800000,0x000000026d900000)]
  0x0000010dcac6a290 JavaThread "ForkJoinPool.commonPool-worker-15" daemon [_thread_blocked, id=46524, stack(0x0000000269b00000,0x0000000269c00000)]
  0x0000010dcac6a760 JavaThread "ForkJoinPool.commonPool-worker-16" daemon [_thread_blocked, id=59016, stack(0x000000026d700000,0x000000026d800000)]
  0x0000010dcac6c440 JavaThread "ForkJoinPool.commonPool-worker-17" daemon [_thread_blocked, id=80432, stack(0x000000026d100000,0x000000026d200000)]
  0x0000010dcbc46910 JavaThread "ForkJoinPool.commonPool-worker-18" daemon [_thread_blocked, id=38380, stack(0x0000000268c00000,0x0000000268d00000)]
  0x0000010dcbc48ac0 JavaThread "ForkJoinPool.commonPool-worker-19" daemon [_thread_blocked, id=58944, stack(0x000000026c500000,0x000000026c600000)]
  0x0000010dca2a5290 JavaThread "C2 CompilerThread1" daemon [_thread_blocked, id=69492, stack(0x0000000268b00000,0x0000000268c00000)]

Other Threads:
  0x0000010dc13e48a0 VMThread "VM Thread" [stack: 0x0000000269000000,0x0000000269100000] [id=48876]
  0x0000010dc2ba5900 WatcherThread "VM Periodic Task Thread" [stack: 0x000000026a000000,0x000000026a100000] [id=51892]
  0x0000010da8900d50 WorkerThread "GC Thread#0" [stack: 0x0000000268f00000,0x0000000269000000] [id=66868]
  0x0000010dc9333040 WorkerThread "GC Thread#1" [stack: 0x000000026a200000,0x000000026a300000] [id=8584]
  0x0000010dc93332e0 WorkerThread "GC Thread#2" [stack: 0x000000026a300000,0x000000026a400000] [id=6872]
  0x0000010dc8e84910 WorkerThread "GC Thread#3" [stack: 0x000000026a400000,0x000000026a500000] [id=26984]
  0x0000010dc8e84bb0 WorkerThread "GC Thread#4" [stack: 0x000000026a500000,0x000000026a600000] [id=208]
=>0x0000010dc8e88080 WorkerThread "GC Thread#5" [stack: 0x000000026a600000,0x000000026a700000] [id=57428]
  0x0000010dc949a680 WorkerThread "GC Thread#6" [stack: 0x000000026a700000,0x000000026a800000] [id=67748]
  0x0000010dc96418c0 WorkerThread "GC Thread#7" [stack: 0x000000026ac00000,0x000000026ad00000] [id=33636]
  0x0000010dc9652b10 WorkerThread "GC Thread#8" [stack: 0x000000026ad00000,0x000000026ae00000] [id=16756]
  0x0000010dc98b7040 WorkerThread "GC Thread#9" [stack: 0x000000026af00000,0x000000026b000000] [id=27244]
  0x0000010dc98c7b90 WorkerThread "GC Thread#10" [stack: 0x000000026b000000,0x000000026b100000] [id=61776]
  0x0000010dc98c8370 WorkerThread "GC Thread#11" [stack: 0x000000026b500000,0x000000026b600000] [id=66996]
  0x0000010dc98c9090 WorkerThread "GC Thread#12" [stack: 0x000000026b600000,0x000000026b700000] [id=67624]
  0x0000010dc98c8df0 WorkerThread "GC Thread#13" [stack: 0x000000026b700000,0x000000026b800000] [id=66444]
  0x0000010dc98c7e30 WorkerThread "GC Thread#14" [stack: 0x000000026b800000,0x000000026b900000] [id=40736]

Threads with active compile tasks:
C1 CompilerThread0    87381 16942       3       org.eclipse.jdt.internal.core.index.DiskIndex::addQueryResults (699 bytes)

VM state: at safepoint (normal execution)

VM Mutex/Monitor currently owned by a thread:  ([mutex/lock_event])
[0x0000010da88e3ec0] Threads_lock - owner thread: 0x0000010dc13e48a0
[0x0000010da88e3f50] Heap_lock - owner thread: 0x0000010dcbc46910

Heap address: 0x00000000c0000000, size: 1024 MB, Compressed Oops mode: 32-bit

CDS archive(s) mapped at: [0x0000000800000000-0x0000000800ba0000-0x0000000800ba0000), size 12189696, SharedBaseAddress: 0x0000000800000000, ArchiveRelocationMode: 0.
Compressed class space mapped at: 0x0000000800c00000-0x0000000840c00000, reserved size: 1073741824
Narrow klass base: 0x0000000800000000, Narrow klass shift: 0, Narrow klass range: 0x100000000

GC Precious Log:
 CardTable entry size: 512
 CPUs: 20 total, 20 available
 Memory: 65404M
 Large Page Support: Disabled
 NUMA Support: Disabled
 Compressed Oops: Enabled (32-bit)
 Alignments: Space 512K, Generation 512K, Heap 2M
 Heap Min Capacity: 100M
 Heap Initial Capacity: 100M
 Heap Max Capacity: 1G
 Pre-touch: Disabled
 Parallel Workers: 15

Heap:
 PSYoungGen      total 3584K, used 3360K [0x00000000eab00000, 0x00000000eb100000, 0x0000000100000000)
  eden space 1536K, 100% used [0x00000000eab00000,0x00000000eac80000,0x00000000eac80000)
  from space 2048K, 89% used [0x00000000eac80000,0x00000000eae48000,0x00000000eae80000)
  to   space 2048K, 55% used [0x00000000eaf00000,0x00000000eb01e900,0x00000000eb100000)
 ParOldGen       total 242176K, used 231256K [0x00000000c0000000, 0x00000000cec80000, 0x00000000eab00000)
  object space 242176K, 95% used [0x00000000c0000000,0x00000000ce1d61f8,0x00000000cec80000)
 Metaspace       used 80552K, committed 81984K, reserved 1179648K
  class space    used 8546K, committed 9216K, reserved 1048576K

Card table byte_map: [0x0000010da8270000,0x0000010da8480000] _byte_map_base: 0x0000010da7c70000

Marking Bits: (ParMarkBitMap*) 0x00007fffc076fbc0
 Begin Bits: [0x0000010dbf200000, 0x0000010dc0200000)
 End Bits:   [0x0000010dc0200000, 0x0000010dc1200000)

Polling page: 0x0000010da6890000

Metaspace:

Usage:
  Non-class:     70.32 MB used.
      Class:      8.35 MB used.
       Both:     78.66 MB used.

Virtual space:
  Non-class space:      128.00 MB reserved,      71.06 MB ( 56%) committed,  2 nodes.
      Class space:        1.00 GB reserved,       9.00 MB ( <1%) committed,  1 nodes.
             Both:        1.12 GB reserved,      80.06 MB (  7%) committed. 

Chunk freelists:
   Non-Class:  288.00 KB
       Class:  2.81 MB
        Both:  3.09 MB

MaxMetaspaceSize: unlimited
CompressedClassSpaceSize: 1.00 GB
Initial GC threshold: 21.00 MB
Current GC threshold: 131.81 MB
CDS: on
MetaspaceReclaimPolicy: balanced
 - commit_granule_bytes: 65536.
 - commit_granule_words: 8192.
 - virtual_space_node_default_size: 8388608.
 - enlarge_chunks_in_place: 1.
 - new_chunks_are_fully_committed: 0.
 - uncommit_free_chunks: 1.
 - use_allocation_guard: 0.


Internal statistics:

num_allocs_failed_limit: 9.
num_arena_births: 1270.
num_arena_deaths: 22.
num_vsnodes_births: 3.
num_vsnodes_deaths: 0.
num_space_committed: 1281.
num_space_uncommitted: 0.
num_chunks_returned_to_freelist: 32.
num_chunks_taken_from_freelist: 4765.
num_chunk_merges: 15.
num_chunk_splits: 3041.
num_chunks_enlarged: 1924.
num_inconsistent_stats: 0.

CodeHeap 'non-profiled nmethods': size=119168Kb used=10940Kb max_used=10940Kb free=108228Kb
 bounds [0x0000010db7da0000, 0x0000010db8850000, 0x0000010dbf200000]
CodeHeap 'profiled nmethods': size=119104Kb used=28794Kb max_used=28794Kb free=90309Kb
 bounds [0x0000010db0950000, 0x0000010db2580000, 0x0000010db7da0000]
CodeHeap 'non-nmethods': size=7488Kb used=1451Kb max_used=3282Kb free=6036Kb
 bounds [0x0000010db0200000, 0x0000010db0550000, 0x0000010db0950000]
 total_blobs=13770 nmethods=12976 adapters=704
 compilation: enabled
              stopped_count=0, restarted_count=0
 full_count=0

Compilation events (20 events):
Event: 87.304 Thread 0x0000010dc13fe9c0 16936       1       org.eclipse.jdt.core.dom.ImportDeclaration::isOnDemand (5 bytes)
Event: 87.304 Thread 0x0000010dc13fe9c0 nmethod 16936 0x0000010db8847390 code [0x0000010db8847520, 0x0000010db88475f8]
Event: 87.305 Thread 0x0000010dca2a5290 nmethod 16928 0x0000010db8847690 code [0x0000010db8847880, 0x0000010db8847fe0]
Event: 87.305 Thread 0x0000010dca2a5290 16935       4       org.eclipse.jdt.core.dom.SingleVariableDeclaration::accept0 (112 bytes)
Event: 87.306 Thread 0x0000010dc13fe9c0 16937       1       org.eclipse.jdt.core.dom.NodeFinder::getCoveringNode (5 bytes)
Event: 87.306 Thread 0x0000010dc13fe9c0 nmethod 16937 0x0000010db8848610 code [0x0000010db88487a0, 0x0000010db8848878]
Event: 87.308 Thread 0x0000010dc13fe9c0 16938 % !   3       org.eclipse.jdt.internal.compiler.classfmt.ClassFileReader::initialize @ 37 (153 bytes)
Event: 87.309 Thread 0x0000010dc13fe9c0 nmethod 16938% 0x0000010db2573690 code [0x0000010db2573940, 0x0000010db2574968]
Event: 87.309 Thread 0x0000010dc13fe9c0 16939       1       org.eclipse.jdt.ls.core.internal.corrections.InnovationContext::getCompilationUnit (5 bytes)
Event: 87.309 Thread 0x0000010dc13fe9c0 nmethod 16939 0x0000010db8848910 code [0x0000010db8848aa0, 0x0000010db8848b78]
Event: 87.323 Thread 0x0000010dc13fdc10 nmethod 16920 0x0000010db8848c10 code [0x0000010db8848e00, 0x0000010db884acb8]
Event: 87.323 Thread 0x0000010dc13fdc10 16941       4       org.eclipse.jdt.internal.compiler.util.HashtableOfObject::putUnsafely (78 bytes)
Event: 87.327 Thread 0x0000010dc13fdc10 nmethod 16941 0x0000010db884b490 code [0x0000010db884b640, 0x0000010db884b9e8]
Event: 87.327 Thread 0x0000010dc13fdc10 16940  s    4       java.lang.Throwable::fillInStackTrace (29 bytes)
Event: 87.328 Thread 0x0000010dc13fdc10 nmethod 16940 0x0000010db884bc90 code [0x0000010db884be20, 0x0000010db884c0e8]
Event: 87.332 Thread 0x0000010dca2a5290 nmethod 16935 0x0000010db884c210 code [0x0000010db884c4e0, 0x0000010db884de30]
Event: 87.333 Thread 0x0000010dc13fe9c0 16942       3       org.eclipse.jdt.internal.core.index.DiskIndex::addQueryResults (699 bytes)
Event: 87.334 Thread 0x0000010dca2a5290 16944       4       org.eclipse.jdt.internal.compiler.env.IModule$IPackageExport::isQualified (20 bytes)
Event: 87.334 Thread 0x0000010dca2a5290 nmethod 16944 0x0000010db884ed10 code [0x0000010db884ee80, 0x0000010db884ef38]
Event: 87.334 Thread 0x0000010dc13fe9c0 nmethod 16942 0x0000010db2575210 code [0x0000010db25755e0, 0x0000010db2577318]

GC Heap History (20 events):
Event: 87.291 GC heap after
{Heap after GC invocations=253 (full 10):
 PSYoungGen      total 2560K, used 1024K [0x00000000eab00000, 0x00000000eb180000, 0x0000000100000000)
  eden space 1536K, 0% used [0x00000000eab00000,0x00000000eab00000,0x00000000eac80000)
  from space 1024K, 100% used [0x00000000eae80000,0x00000000eaf80000,0x00000000eaf80000)
  to   space 2048K, 0% used [0x00000000eac80000,0x00000000eac80000,0x00000000eae80000)
 ParOldGen       total 242176K, used 221767K [0x00000000c0000000, 0x00000000cec80000, 0x00000000eab00000)
  object space 242176K, 91% used [0x00000000c0000000,0x00000000cd891f88,0x00000000cec80000)
 Metaspace       used 80518K, committed 81920K, reserved 1179648K
  class space    used 8542K, committed 9216K, reserved 1048576K
}
Event: 87.297 GC heap before
{Heap before GC invocations=254 (full 10):
 PSYoungGen      total 2560K, used 2560K [0x00000000eab00000, 0x00000000eb180000, 0x0000000100000000)
  eden space 1536K, 100% used [0x00000000eab00000,0x00000000eac80000,0x00000000eac80000)
  from space 1024K, 100% used [0x00000000eae80000,0x00000000eaf80000,0x00000000eaf80000)
  to   space 2048K, 0% used [0x00000000eac80000,0x00000000eac80000,0x00000000eae80000)
 ParOldGen       total 242176K, used 221767K [0x00000000c0000000, 0x00000000cec80000, 0x00000000eab00000)
  object space 242176K, 91% used [0x00000000c0000000,0x00000000cd891f88,0x00000000cec80000)
 Metaspace       used 80524K, committed 81984K, reserved 1179648K
  class space    used 8542K, committed 9216K, reserved 1048576K
}
Event: 87.298 GC heap after
{Heap after GC invocations=254 (full 10):
 PSYoungGen      total 2560K, used 695K [0x00000000eab00000, 0x00000000eaf80000, 0x0000000100000000)
  eden space 1536K, 0% used [0x00000000eab00000,0x00000000eab00000,0x00000000eac80000)
  from space 1024K, 67% used [0x00000000eac80000,0x00000000ead2ddd0,0x00000000ead80000)
  to   space 1536K, 0% used [0x00000000eae00000,0x00000000eae00000,0x00000000eaf80000)
 ParOldGen       total 242176K, used 222622K [0x00000000c0000000, 0x00000000cec80000, 0x00000000eab00000)
  object space 242176K, 91% used [0x00000000c0000000,0x00000000cd967bc8,0x00000000cec80000)
 Metaspace       used 80524K, committed 81984K, reserved 1179648K
  class space    used 8542K, committed 9216K, reserved 1048576K
}
Event: 87.309 GC heap before
{Heap before GC invocations=255 (full 10):
 PSYoungGen      total 2560K, used 2230K [0x00000000eab00000, 0x00000000eaf80000, 0x0000000100000000)
  eden space 1536K, 99% used [0x00000000eab00000,0x00000000eac7fda8,0x00000000eac80000)
  from space 1024K, 67% used [0x00000000eac80000,0x00000000ead2ddd0,0x00000000ead80000)
  to   space 1536K, 0% used [0x00000000eae00000,0x00000000eae00000,0x00000000eaf80000)
 ParOldGen       total 242176K, used 222622K [0x00000000c0000000, 0x00000000cec80000, 0x00000000eab00000)
  object space 242176K, 91% used [0x00000000c0000000,0x00000000cd967bc8,0x00000000cec80000)
 Metaspace       used 80552K, committed 81984K, reserved 1179648K
  class space    used 8546K, committed 9216K, reserved 1048576K
}
Event: 87.310 GC heap after
{Heap after GC invocations=255 (full 10):
 PSYoungGen      total 2048K, used 512K [0x00000000eab00000, 0x00000000eae80000, 0x0000000100000000)
  eden space 1536K, 0% used [0x00000000eab00000,0x00000000eab00000,0x00000000eac80000)
  from space 512K, 100% used [0x00000000eae00000,0x00000000eae80000,0x00000000eae80000)
  to   space 1024K, 0% used [0x00000000eac80000,0x00000000eac80000,0x00000000ead80000)
 ParOldGen       total 242176K, used 223180K [0x00000000c0000000, 0x00000000cec80000, 0x00000000eab00000)
  object space 242176K, 92% used [0x00000000c0000000,0x00000000cd9f3128,0x00000000cec80000)
 Metaspace       used 80552K, committed 81984K, reserved 1179648K
  class space    used 8546K, committed 9216K, reserved 1048576K
}
Event: 87.312 GC heap before
{Heap before GC invocations=256 (full 10):
 PSYoungGen      total 2048K, used 2048K [0x00000000eab00000, 0x00000000eae80000, 0x0000000100000000)
  eden space 1536K, 100% used [0x00000000eab00000,0x00000000eac80000,0x00000000eac80000)
  from space 512K, 100% used [0x00000000eae00000,0x00000000eae80000,0x00000000eae80000)
  to   space 1024K, 0% used [0x00000000eac80000,0x00000000eac80000,0x00000000ead80000)
 ParOldGen       total 242176K, used 223180K [0x00000000c0000000, 0x00000000cec80000, 0x00000000eab00000)
  object space 242176K, 92% used [0x00000000c0000000,0x00000000cd9f3128,0x00000000cec80000)
 Metaspace       used 80552K, committed 81984K, reserved 1179648K
  class space    used 8546K, committed 9216K, reserved 1048576K
}
Event: 87.313 GC heap after
{Heap after GC invocations=256 (full 10):
 PSYoungGen      total 2560K, used 1003K [0x00000000eab00000, 0x00000000eaf80000, 0x0000000100000000)
  eden space 1536K, 0% used [0x00000000eab00000,0x00000000eab00000,0x00000000eac80000)
  from space 1024K, 98% used [0x00000000eac80000,0x00000000ead7aec0,0x00000000ead80000)
  to   space 1536K, 0% used [0x00000000eae00000,0x00000000eae00000,0x00000000eaf80000)
 ParOldGen       total 242176K, used 223468K [0x00000000c0000000, 0x00000000cec80000, 0x00000000eab00000)
  object space 242176K, 92% used [0x00000000c0000000,0x00000000cda3b338,0x00000000cec80000)
 Metaspace       used 80552K, committed 81984K, reserved 1179648K
  class space    used 8546K, committed 9216K, reserved 1048576K
}
Event: 87.315 GC heap before
{Heap before GC invocations=257 (full 10):
 PSYoungGen      total 2560K, used 2539K [0x00000000eab00000, 0x00000000eaf80000, 0x0000000100000000)
  eden space 1536K, 100% used [0x00000000eab00000,0x00000000eac80000,0x00000000eac80000)
  from space 1024K, 98% used [0x00000000eac80000,0x00000000ead7aec0,0x00000000ead80000)
  to   space 1536K, 0% used [0x00000000eae00000,0x00000000eae00000,0x00000000eaf80000)
 ParOldGen       total 242176K, used 223468K [0x00000000c0000000, 0x00000000cec80000, 0x00000000eab00000)
  object space 242176K, 92% used [0x00000000c0000000,0x00000000cda3b338,0x00000000cec80000)
 Metaspace       used 80552K, committed 81984K, reserved 1179648K
  class space    used 8546K, committed 9216K, reserved 1048576K
}
Event: 87.316 GC heap after
{Heap after GC invocations=257 (full 10):
 PSYoungGen      total 2048K, used 1536K [0x00000000eab00000, 0x00000000eb300000, 0x0000000100000000)
  eden space 512K, 0% used [0x00000000eab00000,0x00000000eab00000,0x00000000eab80000)
  from space 1536K, 100% used [0x00000000eae00000,0x00000000eaf80000,0x00000000eaf80000)
  to   space 2560K, 0% used [0x00000000eab80000,0x00000000eab80000,0x00000000eae00000)
 ParOldGen       total 242176K, used 224408K [0x00000000c0000000, 0x00000000cec80000, 0x00000000eab00000)
  object space 242176K, 92% used [0x00000000c0000000,0x00000000cdb261f8,0x00000000cec80000)
 Metaspace       used 80552K, committed 81984K, reserved 1179648K
  class space    used 8546K, committed 9216K, reserved 1048576K
}
Event: 87.317 GC heap before
{Heap before GC invocations=258 (full 10):
 PSYoungGen      total 2048K, used 2048K [0x00000000eab00000, 0x00000000eb300000, 0x0000000100000000)
  eden space 512K, 100% used [0x00000000eab00000,0x00000000eab80000,0x00000000eab80000)
  from space 1536K, 100% used [0x00000000eae00000,0x00000000eaf80000,0x00000000eaf80000)
  to   space 2560K, 0% used [0x00000000eab80000,0x00000000eab80000,0x00000000eae00000)
 ParOldGen       total 242176K, used 224408K [0x00000000c0000000, 0x00000000cec80000, 0x00000000eab00000)
  object space 242176K, 92% used [0x00000000c0000000,0x00000000cdb261f8,0x00000000cec80000)
 Metaspace       used 80552K, committed 81984K, reserved 1179648K
  class space    used 8546K, committed 9216K, reserved 1048576K
}
Event: 87.318 GC heap after
{Heap after GC invocations=258 (full 10):
 PSYoungGen      total 1536K, used 672K [0x00000000eab00000, 0x00000000eaf00000, 0x0000000100000000)
  eden space 512K, 0% used [0x00000000eab00000,0x00000000eab00000,0x00000000eab80000)
  from space 1024K, 65% used [0x00000000eab80000,0x00000000eac28000,0x00000000eac80000)
  to   space 1536K, 0% used [0x00000000ead80000,0x00000000ead80000,0x00000000eaf00000)
 ParOldGen       total 242176K, used 225920K [0x00000000c0000000, 0x00000000cec80000, 0x00000000eab00000)
  object space 242176K, 93% used [0x00000000c0000000,0x00000000cdca01f8,0x00000000cec80000)
 Metaspace       used 80552K, committed 81984K, reserved 1179648K
  class space    used 8546K, committed 9216K, reserved 1048576K
}
Event: 87.319 GC heap before
{Heap before GC invocations=259 (full 10):
 PSYoungGen      total 1536K, used 1183K [0x00000000eab00000, 0x00000000eaf00000, 0x0000000100000000)
  eden space 512K, 99% used [0x00000000eab00000,0x00000000eab7ffc8,0x00000000eab80000)
  from space 1024K, 65% used [0x00000000eab80000,0x00000000eac28000,0x00000000eac80000)
  to   space 1536K, 0% used [0x00000000ead80000,0x00000000ead80000,0x00000000eaf00000)
 ParOldGen       total 242176K, used 225920K [0x00000000c0000000, 0x00000000cec80000, 0x00000000eab00000)
  object space 242176K, 93% used [0x00000000c0000000,0x00000000cdca01f8,0x00000000cec80000)
 Metaspace       used 80552K, committed 81984K, reserved 1179648K
  class space    used 8546K, committed 9216K, reserved 1048576K
}
Event: 87.320 GC heap after
{Heap after GC invocations=259 (full 10):
 PSYoungGen      total 2048K, used 672K [0x00000000eab00000, 0x00000000eae80000, 0x0000000100000000)
  eden space 1024K, 0% used [0x00000000eab00000,0x00000000eab00000,0x00000000eac00000)
  from space 1024K, 65% used [0x00000000ead80000,0x00000000eae28000,0x00000000eae80000)
  to   space 1024K, 0% used [0x00000000eac80000,0x00000000eac80000,0x00000000ead80000)
 ParOldGen       total 242176K, used 226480K [0x00000000c0000000, 0x00000000cec80000, 0x00000000eab00000)
  object space 242176K, 93% used [0x00000000c0000000,0x00000000cdd2c1f8,0x00000000cec80000)
 Metaspace       used 80552K, committed 81984K, reserved 1179648K
  class space    used 8546K, committed 9216K, reserved 1048576K
}
Event: 87.322 GC heap before
{Heap before GC invocations=260 (full 10):
 PSYoungGen      total 2048K, used 1696K [0x00000000eab00000, 0x00000000eae80000, 0x0000000100000000)
  eden space 1024K, 100% used [0x00000000eab00000,0x00000000eac00000,0x00000000eac00000)
  from space 1024K, 65% used [0x00000000ead80000,0x00000000eae28000,0x00000000eae80000)
  to   space 1024K, 0% used [0x00000000eac80000,0x00000000eac80000,0x00000000ead80000)
 ParOldGen       total 242176K, used 226480K [0x00000000c0000000, 0x00000000cec80000, 0x00000000eab00000)
  object space 242176K, 93% used [0x00000000c0000000,0x00000000cdd2c1f8,0x00000000cec80000)
 Metaspace       used 80552K, committed 81984K, reserved 1179648K
  class space    used 8546K, committed 9216K, reserved 1048576K
}
Event: 87.323 GC heap after
{Heap after GC invocations=260 (full 10):
 PSYoungGen      total 2560K, used 1024K [0x00000000eab00000, 0x00000000eb080000, 0x0000000100000000)
  eden space 1536K, 0% used [0x00000000eab00000,0x00000000eab00000,0x00000000eac80000)
  from space 1024K, 100% used [0x00000000eac80000,0x00000000ead80000,0x00000000ead80000)
  to   space 2048K, 0% used [0x00000000eae80000,0x00000000eae80000,0x00000000eb080000)
 ParOldGen       total 242176K, used 227104K [0x00000000c0000000, 0x00000000cec80000, 0x00000000eab00000)
  object space 242176K, 93% used [0x00000000c0000000,0x00000000cddc81f8,0x00000000cec80000)
 Metaspace       used 80552K, committed 81984K, reserved 1179648K
  class space    used 8546K, committed 9216K, reserved 1048576K
}
Event: 87.325 GC heap before
{Heap before GC invocations=261 (full 10):
 PSYoungGen      total 2560K, used 2560K [0x00000000eab00000, 0x00000000eb080000, 0x0000000100000000)
  eden space 1536K, 100% used [0x00000000eab00000,0x00000000eac80000,0x00000000eac80000)
  from space 1024K, 100% used [0x00000000eac80000,0x00000000ead80000,0x00000000ead80000)
  to   space 2048K, 0% used [0x00000000eae80000,0x00000000eae80000,0x00000000eb080000)
 ParOldGen       total 242176K, used 227104K [0x00000000c0000000, 0x00000000cec80000, 0x00000000eab00000)
  object space 242176K, 93% used [0x00000000c0000000,0x00000000cddc81f8,0x00000000cec80000)
 Metaspace       used 80552K, committed 81984K, reserved 1179648K
  class space    used 8546K, committed 9216K, reserved 1048576K
}
Event: 87.327 GC heap after
{Heap after GC invocations=261 (full 10):
 PSYoungGen      total 3584K, used 1760K [0x00000000eab00000, 0x00000000eb100000, 0x0000000100000000)
  eden space 1536K, 0% used [0x00000000eab00000,0x00000000eab00000,0x00000000eac80000)
  from space 2048K, 85% used [0x00000000eae80000,0x00000000eb038000,0x00000000eb080000)
  to   space 2048K, 0% used [0x00000000eac80000,0x00000000eac80000,0x00000000eae80000)
 ParOldGen       total 242176K, used 228096K [0x00000000c0000000, 0x00000000cec80000, 0x00000000eab00000)
  object space 242176K, 94% used [0x00000000c0000000,0x00000000cdec01f8,0x00000000cec80000)
 Metaspace       used 80552K, committed 81984K, reserved 1179648K
  class space    used 8546K, committed 9216K, reserved 1048576K
}
Event: 87.329 GC heap before
{Heap before GC invocations=262 (full 10):
 PSYoungGen      total 3584K, used 3296K [0x00000000eab00000, 0x00000000eb100000, 0x0000000100000000)
  eden space 1536K, 100% used [0x00000000eab00000,0x00000000eac80000,0x00000000eac80000)
  from space 2048K, 85% used [0x00000000eae80000,0x00000000eb038000,0x00000000eb080000)
  to   space 2048K, 0% used [0x00000000eac80000,0x00000000eac80000,0x00000000eae80000)
 ParOldGen       total 242176K, used 228096K [0x00000000c0000000, 0x00000000cec80000, 0x00000000eab00000)
  object space 242176K, 94% used [0x00000000c0000000,0x00000000cdec01f8,0x00000000cec80000)
 Metaspace       used 80552K, committed 81984K, reserved 1179648K
  class space    used 8546K, committed 9216K, reserved 1048576K
}
Event: 87.331 GC heap after
{Heap after GC invocations=262 (full 10):
 PSYoungGen      total 3584K, used 1824K [0x00000000eab00000, 0x00000000eb100000, 0x0000000100000000)
  eden space 1536K, 0% used [0x00000000eab00000,0x00000000eab00000,0x00000000eac80000)
  from space 2048K, 89% used [0x00000000eac80000,0x00000000eae48000,0x00000000eae80000)
  to   space 2048K, 0% used [0x00000000eaf00000,0x00000000eaf00000,0x00000000eb100000)
 ParOldGen       total 242176K, used 229680K [0x00000000c0000000, 0x00000000cec80000, 0x00000000eab00000)
  object space 242176K, 94% used [0x00000000c0000000,0x00000000ce04c1f8,0x00000000cec80000)
 Metaspace       used 80552K, committed 81984K, reserved 1179648K
  class space    used 8546K, committed 9216K, reserved 1048576K
}
Event: 87.335 GC heap before
{Heap before GC invocations=263 (full 10):
 PSYoungGen      total 3584K, used 3360K [0x00000000eab00000, 0x00000000eb100000, 0x0000000100000000)
  eden space 1536K, 100% used [0x00000000eab00000,0x00000000eac80000,0x00000000eac80000)
  from space 2048K, 89% used [0x00000000eac80000,0x00000000eae48000,0x00000000eae80000)
  to   space 2048K, 0% used [0x00000000eaf00000,0x00000000eaf00000,0x00000000eb100000)
 ParOldGen       total 242176K, used 229680K [0x00000000c0000000, 0x00000000cec80000, 0x00000000eab00000)
  object space 242176K, 94% used [0x00000000c0000000,0x00000000ce04c1f8,0x00000000cec80000)
 Metaspace       used 80552K, committed 81984K, reserved 1179648K
  class space    used 8546K, committed 9216K, reserved 1048576K
}

Deoptimization events (20 events):
Event: 80.367 Thread 0x0000010dcbc46910 Uncommon trap: trap_request=0xffffff45 fr.pc=0x0000010db87edd3c relative=0x0000000000001d5c
Event: 80.367 Thread 0x0000010dcbc46910 Uncommon trap: reason=unstable_if action=reinterpret pc=0x0000010db87edd3c method=org.eclipse.jdt.internal.compiler.lookup.LookupEnvironment.askForType([[CLorg/eclipse/jdt/internal/compiler/lookup/ModuleBinding;)Lorg/eclipse/jdt/internal/compiler/lookup/R
Event: 80.367 Thread 0x0000010dcbc46910 DEOPT PACKING pc=0x0000010db87edd3c sp=0x0000000268cfa7e0
Event: 80.367 Thread 0x0000010dcbc46910 DEOPT UNPACKING pc=0x0000010db02520a3 sp=0x0000000268cfa790 mode 2
Event: 80.427 Thread 0x0000010dcbc46910 Uncommon trap: trap_request=0xffffff45 fr.pc=0x0000010db86ca460 relative=0x0000000000000060
Event: 80.427 Thread 0x0000010dcbc46910 Uncommon trap: reason=unstable_if action=reinterpret pc=0x0000010db86ca460 method=org.eclipse.jdt.internal.compiler.lookup.LookupEnvironment.combine(Lorg/eclipse/jdt/internal/compiler/lookup/ReferenceBinding;Lorg/eclipse/jdt/internal/compiler/lookup/Refer
Event: 80.427 Thread 0x0000010dcbc46910 DEOPT PACKING pc=0x0000010db86ca460 sp=0x0000000268cfc640
Event: 80.427 Thread 0x0000010dcbc46910 DEOPT UNPACKING pc=0x0000010db02520a3 sp=0x0000000268cfc5f0 mode 2
Event: 80.718 Thread 0x0000010dcac6d780 DEOPT PACKING pc=0x0000010db211ed64 sp=0x000000026d8fc0a0
Event: 80.718 Thread 0x0000010dcac6d780 DEOPT UNPACKING pc=0x0000010db0252843 sp=0x000000026d8fb4d0 mode 0
Event: 86.916 Thread 0x0000010dcac6d780 Uncommon trap: trap_request=0xffffff45 fr.pc=0x0000010db882a5ec relative=0x000000000000066c
Event: 86.916 Thread 0x0000010dcac6d780 Uncommon trap: reason=unstable_if action=reinterpret pc=0x0000010db882a5ec method=org.eclipse.jdt.internal.codeassist.select.SelectionParser.consumeToken(I)V @ 20 c2
Event: 86.916 Thread 0x0000010dcac6d780 DEOPT PACKING pc=0x0000010db882a5ec sp=0x000000026d8fe790
Event: 86.916 Thread 0x0000010dcac6d780 DEOPT UNPACKING pc=0x0000010db02520a3 sp=0x000000026d8fe740 mode 2
Event: 86.921 Thread 0x0000010dcac6d780 Uncommon trap: trap_request=0xffffff45 fr.pc=0x0000010db82ad778 relative=0x0000000000000158
Event: 86.921 Thread 0x0000010dcac6d780 Uncommon trap: reason=unstable_if action=reinterpret pc=0x0000010db82ad778 method=org.eclipse.jdt.internal.compiler.util.Util.scanIdentifier([CI)I @ 45 c2
Event: 86.921 Thread 0x0000010dcac6d780 DEOPT PACKING pc=0x0000010db82ad778 sp=0x000000026d8fe7b0
Event: 86.921 Thread 0x0000010dcac6d780 DEOPT UNPACKING pc=0x0000010db02520a3 sp=0x000000026d8fe738 mode 2
Event: 87.314 Thread 0x0000010dcbc46910 DEOPT PACKING pc=0x0000010db250a503 sp=0x0000000268cfde60
Event: 87.314 Thread 0x0000010dcbc46910 DEOPT UNPACKING pc=0x0000010db0252843 sp=0x0000000268cfd3c8 mode 0

Classes loaded (20 events):
Event: 19.711 Loading class java/util/zip/GZIPInputStream$1
Event: 19.712 Loading class java/util/zip/GZIPInputStream$1 done
Event: 19.751 Loading class java/util/stream/ReduceOps$4
Event: 19.751 Loading class java/util/stream/ReduceOps$4 done
Event: 19.752 Loading class java/util/stream/ReduceOps$4ReducingSink
Event: 19.752 Loading class java/util/stream/ReduceOps$4ReducingSink done
Event: 19.756 Loading class java/nio/file/Files$2
Event: 19.756 Loading class java/nio/file/Files$2 done
Event: 20.022 Loading class java/util/concurrent/ForkJoinTask$AdaptedCallable
Event: 20.022 Loading class java/util/concurrent/ForkJoinTask$AdaptedCallable done
Event: 20.037 Loading class java/nio/file/FileTreeIterator
Event: 20.037 Loading class java/nio/file/FileTreeIterator done
Event: 20.703 Loading class java/util/concurrent/ConcurrentHashMap$TreeBin
Event: 20.704 Loading class java/util/concurrent/ConcurrentHashMap$TreeBin done
Event: 21.031 Loading class java/lang/Throwable$WrappedPrintWriter
Event: 21.031 Loading class java/lang/Throwable$PrintStreamOrWriter
Event: 21.031 Loading class java/lang/Throwable$PrintStreamOrWriter done
Event: 21.031 Loading class java/lang/Throwable$WrappedPrintWriter done
Event: 56.771 Loading class java/util/concurrent/ConcurrentHashMap$TreeNode
Event: 56.771 Loading class java/util/concurrent/ConcurrentHashMap$TreeNode done

Classes unloaded (11 events):
Event: 2.167 Thread 0x0000010dc13e48a0 Unloading class 0x0000000800da1400 'java/lang/invoke/LambdaForm$MH+0x0000000800da1400'
Event: 2.167 Thread 0x0000010dc13e48a0 Unloading class 0x0000000800da1000 'java/lang/invoke/LambdaForm$MH+0x0000000800da1000'
Event: 2.167 Thread 0x0000010dc13e48a0 Unloading class 0x0000000800da0c00 'java/lang/invoke/LambdaForm$MH+0x0000000800da0c00'
Event: 2.167 Thread 0x0000010dc13e48a0 Unloading class 0x0000000800da0800 'java/lang/invoke/LambdaForm$MH+0x0000000800da0800'
Event: 2.167 Thread 0x0000010dc13e48a0 Unloading class 0x0000000800da0400 'java/lang/invoke/LambdaForm$BMH+0x0000000800da0400'
Event: 2.167 Thread 0x0000010dc13e48a0 Unloading class 0x0000000800da0000 'java/lang/invoke/LambdaForm$DMH+0x0000000800da0000'
Event: 2.167 Thread 0x0000010dc13e48a0 Unloading class 0x0000000800d9ec00 'java/lang/invoke/LambdaForm$DMH+0x0000000800d9ec00'
Event: 49.097 Thread 0x0000010dc13e48a0 Unloading class 0x00000008013f6800 'java/lang/invoke/LambdaForm$MH+0x00000008013f6800'
Event: 49.097 Thread 0x0000010dc13e48a0 Unloading class 0x00000008013f6000 'java/lang/invoke/LambdaForm$MH+0x00000008013f6000'
Event: 49.097 Thread 0x0000010dc13e48a0 Unloading class 0x00000008013f5c00 'java/lang/invoke/LambdaForm$MH+0x00000008013f5c00'
Event: 49.097 Thread 0x0000010dc13e48a0 Unloading class 0x00000008013f5000 'java/lang/invoke/LambdaForm$MH+0x00000008013f5000'

Classes redefined (0 events):
No events

Internal exceptions (20 events):
Event: 87.285 Thread 0x0000010dcbc46910 Implicit null exception at 0x0000010db1ba4afd to 0x0000010db1ba50ad
Event: 87.285 Thread 0x0000010dcbc46910 Exception <a 'java/lang/NullPointerException'{0x00000000eab35360}> (0x00000000eab35360) 
thrown [s\open\src\hotspot\share\runtime\sharedRuntime.cpp, line 625]
Event: 87.285 Thread 0x0000010dcbc46910 Implicit null exception at 0x0000010db1ba4afd to 0x0000010db1ba50ad
Event: 87.285 Thread 0x0000010dcbc46910 Exception <a 'java/lang/NullPointerException'{0x00000000eab35fa8}> (0x00000000eab35fa8) 
thrown [s\open\src\hotspot\share\runtime\sharedRuntime.cpp, line 625]
Event: 87.286 Thread 0x0000010dcbc46910 Implicit null exception at 0x0000010db1ba4afd to 0x0000010db1ba50ad
Event: 87.286 Thread 0x0000010dcbc46910 Exception <a 'java/lang/NullPointerException'{0x00000000eab5c940}> (0x00000000eab5c940) 
thrown [s\open\src\hotspot\share\runtime\sharedRuntime.cpp, line 625]
Event: 87.286 Thread 0x0000010dcbc46910 Implicit null exception at 0x0000010db1ba4afd to 0x0000010db1ba50ad
Event: 87.286 Thread 0x0000010dcbc46910 Exception <a 'java/lang/NullPointerException'{0x00000000eab5d928}> (0x00000000eab5d928) 
thrown [s\open\src\hotspot\share\runtime\sharedRuntime.cpp, line 625]
Event: 87.286 Thread 0x0000010dcbc46910 Implicit null exception at 0x0000010db1ba4afd to 0x0000010db1ba50ad
Event: 87.286 Thread 0x0000010dcbc46910 Exception <a 'java/lang/NullPointerException'{0x00000000eab5e918}> (0x00000000eab5e918) 
thrown [s\open\src\hotspot\share\runtime\sharedRuntime.cpp, line 625]
Event: 87.286 Thread 0x0000010dcbc46910 Implicit null exception at 0x0000010db1ba4afd to 0x0000010db1ba50ad
Event: 87.286 Thread 0x0000010dcbc46910 Exception <a 'java/lang/NullPointerException'{0x00000000eab5faf0}> (0x00000000eab5faf0) 
thrown [s\open\src\hotspot\share\runtime\sharedRuntime.cpp, line 625]
Event: 87.286 Thread 0x0000010dcbc46910 Implicit null exception at 0x0000010db1ba4afd to 0x0000010db1ba50ad
Event: 87.286 Thread 0x0000010dcbc46910 Exception <a 'java/lang/NullPointerException'{0x00000000eab60ca0}> (0x00000000eab60ca0) 
thrown [s\open\src\hotspot\share\runtime\sharedRuntime.cpp, line 625]
Event: 87.286 Thread 0x0000010dcbc46910 Implicit null exception at 0x0000010db1ba4afd to 0x0000010db1ba50ad
Event: 87.286 Thread 0x0000010dcbc46910 Exception <a 'java/lang/NullPointerException'{0x00000000eab61c80}> (0x00000000eab61c80) 
thrown [s\open\src\hotspot\share\runtime\sharedRuntime.cpp, line 625]
Event: 87.286 Thread 0x0000010dcbc46910 Implicit null exception at 0x0000010db1ba4afd to 0x0000010db1ba50ad
Event: 87.286 Thread 0x0000010dcbc46910 Exception <a 'java/lang/NullPointerException'{0x00000000eab62e40}> (0x00000000eab62e40) 
thrown [s\open\src\hotspot\share\runtime\sharedRuntime.cpp, line 625]
Event: 87.286 Thread 0x0000010dcbc46910 Implicit null exception at 0x0000010db1ba4afd to 0x0000010db1ba50ad
Event: 87.286 Thread 0x0000010dcbc46910 Exception <a 'java/lang/NullPointerException'{0x00000000eab63e20}> (0x00000000eab63e20) 
thrown [s\open\src\hotspot\share\runtime\sharedRuntime.cpp, line 625]

VM Operations (20 events):
Event: 87.291 Executing VM operation: ParallelGCFailedAllocation done
Event: 87.297 Executing VM operation: ParallelGCFailedAllocation
Event: 87.298 Executing VM operation: ParallelGCFailedAllocation done
Event: 87.309 Executing VM operation: ParallelGCFailedAllocation
Event: 87.310 Executing VM operation: ParallelGCFailedAllocation done
Event: 87.312 Executing VM operation: ParallelGCFailedAllocation
Event: 87.313 Executing VM operation: ParallelGCFailedAllocation done
Event: 87.315 Executing VM operation: ParallelGCFailedAllocation
Event: 87.316 Executing VM operation: ParallelGCFailedAllocation done
Event: 87.317 Executing VM operation: ParallelGCFailedAllocation
Event: 87.319 Executing VM operation: ParallelGCFailedAllocation done
Event: 87.319 Executing VM operation: ParallelGCFailedAllocation
Event: 87.320 Executing VM operation: ParallelGCFailedAllocation done
Event: 87.322 Executing VM operation: ParallelGCFailedAllocation
Event: 87.323 Executing VM operation: ParallelGCFailedAllocation done
Event: 87.325 Executing VM operation: ParallelGCFailedAllocation
Event: 87.327 Executing VM operation: ParallelGCFailedAllocation done
Event: 87.329 Executing VM operation: ParallelGCFailedAllocation
Event: 87.331 Executing VM operation: ParallelGCFailedAllocation done
Event: 87.334 Executing VM operation: ParallelGCFailedAllocation

Events (20 events):
Event: 76.736 Thread 0x0000010dca2a66d0 Thread exited: 0x0000010dca2a66d0
Event: 77.774 Thread 0x0000010dca2a9e80 Thread exited: 0x0000010dca2a9e80
Event: 77.834 Thread 0x0000010dca2a66d0 Thread added: 0x0000010dca2a66d0
Event: 77.965 Thread 0x0000010dca2a5290 Thread added: 0x0000010dca2a5290
Event: 77.991 Thread 0x0000010dca2a9970 Thread added: 0x0000010dca2a9970
Event: 77.991 Thread 0x0000010dca2a4360 Thread added: 0x0000010dca2a4360
Event: 78.947 Thread 0x0000010dca2a4360 Thread exited: 0x0000010dca2a4360
Event: 78.947 Thread 0x0000010dca2a9970 Thread exited: 0x0000010dca2a9970
Event: 79.084 Thread 0x0000010dca2a66d0 Thread exited: 0x0000010dca2a66d0
Event: 79.153 Thread 0x0000010dca2a8020 Thread added: 0x0000010dca2a8020
Event: 80.255 Thread 0x0000010dca2a5290 Thread exited: 0x0000010dca2a5290
Event: 81.941 Thread 0x0000010dcbeb2340 Thread exited: 0x0000010dcbeb2340
Event: 85.270 Thread 0x0000010dca2a8020 Thread exited: 0x0000010dca2a8020
Event: 87.043 Thread 0x0000010dca2a5290 Thread added: 0x0000010dca2a5290
Event: 87.054 Thread 0x0000010dc293cac0 flushing nmethod 0x0000010db0e5d690
Event: 87.055 Thread 0x0000010dc293cac0 flushing nmethod 0x0000010db112f010
Event: 87.055 Thread 0x0000010dc293cac0 flushing nmethod 0x0000010db1156590
Event: 87.057 Thread 0x0000010dc293cac0 flushing nmethod 0x0000010db148b410
Event: 87.060 Thread 0x0000010dc293cac0 flushing nmethod 0x0000010db1be0410
Event: 87.062 Thread 0x0000010dc293cac0 flushing nmethod 0x0000010db212e310


Dynamic libraries:
0x00007ff6f64e0000 - 0x00007ff6f64f0000 	C:\Program Files\Java\jdk-18.0.2\bin\java.exe
0x00007ff8bea70000 - 0x00007ff8bec84000 	C:\WINDOWS\SYSTEM32\ntdll.dll
0x00007ff8bdac0000 - 0x00007ff8bdb82000 	C:\WINDOWS\System32\KERNEL32.DLL
0x00007ff8bc090000 - 0x00007ff8bc433000 	C:\WINDOWS\System32\KERNELBASE.dll
0x00007ff8b8f10000 - 0x00007ff8b8fa7000 	C:\WINDOWS\SYSTEM32\apphelp.dll
0x00007ff8bc6c0000 - 0x00007ff8bc7d1000 	C:\WINDOWS\System32\ucrtbase.dll
0x00007ff899080000 - 0x00007ff89909a000 	C:\Program Files\Java\jdk-18.0.2\bin\VCRUNTIME140.dll
0x00007ff898ef0000 - 0x00007ff898f08000 	C:\Program Files\Java\jdk-18.0.2\bin\jli.dll
0x00007ff8bdc30000 - 0x00007ff8bdcde000 	C:\WINDOWS\System32\ADVAPI32.dll
0x00007ff8be980000 - 0x00007ff8bea27000 	C:\WINDOWS\System32\msvcrt.dll
0x00007ff8bde90000 - 0x00007ff8bdf34000 	C:\WINDOWS\System32\sechost.dll
0x00007ff8bd9a0000 - 0x00007ff8bdab7000 	C:\WINDOWS\System32\RPCRT4.dll
0x00007ff8bdf40000 - 0x00007ff8be0ea000 	C:\WINDOWS\System32\USER32.dll
0x00007ff8ab970000 - 0x00007ff8abbfe000 	C:\WINDOWS\WinSxS\amd64_microsoft.windows.common-controls_6595b64144ccf1df_6.0.22621.1635_none_270f70857386168e\COMCTL32.dll
0x00007ff8bbe70000 - 0x00007ff8bbe96000 	C:\WINDOWS\System32\win32u.dll
0x00007ff8be280000 - 0x00007ff8be2a9000 	C:\WINDOWS\System32\GDI32.dll
0x00007ff8bc4e0000 - 0x00007ff8bc5f9000 	C:\WINDOWS\System32\gdi32full.dll
0x00007ff8bc440000 - 0x00007ff8bc4da000 	C:\WINDOWS\System32\msvcp_win.dll
0x00007ff8b1ef0000 - 0x00007ff8b1efa000 	C:\WINDOWS\SYSTEM32\VERSION.dll
0x00007ff8be750000 - 0x00007ff8be781000 	C:\WINDOWS\System32\IMM32.DLL
0x00007ff8a08f0000 - 0x00007ff8a08fc000 	C:\Program Files\Java\jdk-18.0.2\bin\vcruntime140_1.dll
0x00007ff872020000 - 0x00007ff8720ad000 	C:\Program Files\Java\jdk-18.0.2\bin\msvcp140.dll
0x00007fffbfc20000 - 0x00007fffc0831000 	C:\Program Files\Java\jdk-18.0.2\bin\server\jvm.dll
0x00007ff8bde80000 - 0x00007ff8bde88000 	C:\WINDOWS\System32\PSAPI.DLL
0x00007ff8b33b0000 - 0x00007ff8b33e4000 	C:\WINDOWS\SYSTEM32\WINMM.dll
0x00007ff8990b0000 - 0x00007ff8990b9000 	C:\WINDOWS\SYSTEM32\WSOCK32.dll
0x00007ff8bdbb0000 - 0x00007ff8bdc21000 	C:\WINDOWS\System32\WS2_32.dll
0x00007ff8baf60000 - 0x00007ff8baf78000 	C:\WINDOWS\SYSTEM32\kernel.appcore.dll
0x00007ff89f630000 - 0x00007ff89f63a000 	C:\Program Files\Java\jdk-18.0.2\bin\jimage.dll
0x00007ff8b98c0000 - 0x00007ff8b9aee000 	C:\WINDOWS\SYSTEM32\DBGHELP.DLL
0x00007ff8be310000 - 0x00007ff8be699000 	C:\WINDOWS\System32\combase.dll
0x00007ff8be890000 - 0x00007ff8be967000 	C:\WINDOWS\System32\OLEAUT32.dll
0x00007ff8a0960000 - 0x00007ff8a0992000 	C:\WINDOWS\SYSTEM32\dbgcore.DLL
0x00007ff8bbea0000 - 0x00007ff8bbf1a000 	C:\WINDOWS\System32\bcryptPrimitives.dll
0x00007ff89f280000 - 0x00007ff89f28e000 	C:\Program Files\Java\jdk-18.0.2\bin\instrument.dll
0x00007ff88b9a0000 - 0x00007ff88b9c5000 	C:\Program Files\Java\jdk-18.0.2\bin\java.dll
0x00007ff8108e0000 - 0x00007ff8109b6000 	C:\Program Files\Java\jdk-18.0.2\bin\jsvml.dll
0x00007ff8bd1a0000 - 0x00007ff8bd999000 	C:\WINDOWS\System32\SHELL32.dll
0x00007ff8b9e20000 - 0x00007ff8ba6ee000 	C:\WINDOWS\SYSTEM32\windows.storage.dll
0x00007ff8b9ce0000 - 0x00007ff8b9e1e000 	C:\WINDOWS\SYSTEM32\wintypes.dll
0x00007ff8be790000 - 0x00007ff8be881000 	C:\WINDOWS\System32\SHCORE.dll
0x00007ff8be2b0000 - 0x00007ff8be30e000 	C:\WINDOWS\System32\shlwapi.dll
0x00007ff8bbda0000 - 0x00007ff8bbdc6000 	C:\WINDOWS\SYSTEM32\profapi.dll
0x00007ff890cf0000 - 0x00007ff890d08000 	C:\Program Files\Java\jdk-18.0.2\bin\zip.dll
0x00007ff88f4c0000 - 0x00007ff88f4d3000 	C:\Program Files\Java\jdk-18.0.2\bin\net.dll
0x00007ff8b4060000 - 0x00007ff8b4197000 	C:\WINDOWS\SYSTEM32\WINHTTP.dll
0x00007ff8bb3d0000 - 0x00007ff8bb439000 	C:\WINDOWS\system32\mswsock.dll
0x00007ff88daa0000 - 0x00007ff88dab6000 	C:\Program Files\Java\jdk-18.0.2\bin\nio.dll
0x00007ff89f250000 - 0x00007ff89f260000 	C:\Program Files\Java\jdk-18.0.2\bin\verify.dll
0x00007ff885200000 - 0x00007ff88523e000 	C:\Users\brend\AppData\Roaming\Code\User\globalStorage\redhat.java\1.21.0\config_win\org.eclipse.equinox.launcher\org.eclipse.equinox.launcher.win32.win32.x86_64_1.2.700.v20221108-1024\eclipse_11801.dll
0x00007ff8bdce0000 - 0x00007ff8bde7c000 	C:\WINDOWS\System32\ole32.dll
0x00007ff8bb6f0000 - 0x00007ff8bb70b000 	C:\WINDOWS\SYSTEM32\CRYPTSP.dll
0x00007ff8baed0000 - 0x00007ff8baf05000 	C:\WINDOWS\system32\rsaenh.dll
0x00007ff8bb470000 - 0x00007ff8bb49c000 	C:\WINDOWS\SYSTEM32\USERENV.dll
0x00007ff8bb820000 - 0x00007ff8bb848000 	C:\WINDOWS\SYSTEM32\bcrypt.dll
0x00007ff8bb6d0000 - 0x00007ff8bb6dc000 	C:\WINDOWS\SYSTEM32\CRYPTBASE.dll
0x00007ff8ba9c0000 - 0x00007ff8ba9ed000 	C:\WINDOWS\SYSTEM32\IPHLPAPI.DLL
0x00007ff8be200000 - 0x00007ff8be209000 	C:\WINDOWS\System32\NSI.dll
0x00007ff8b4540000 - 0x00007ff8b4559000 	C:\WINDOWS\SYSTEM32\dhcpcsvc6.DLL
0x00007ff8b3b30000 - 0x00007ff8b3b4f000 	C:\WINDOWS\SYSTEM32\dhcpcsvc.DLL
0x00007ff8baa30000 - 0x00007ff8bab23000 	C:\WINDOWS\SYSTEM32\DNSAPI.dll
0x00007ff8797d0000 - 0x00007ff879815000 	C:\Users\brend\AppData\Local\Temp\jna-94001803\jna11392520192117082620.dll
0x00007ff8991b0000 - 0x00007ff8991be000 	C:\Program Files\Java\jdk-18.0.2\bin\sunmscapi.dll
0x00007ff8bbf20000 - 0x00007ff8bc087000 	C:\WINDOWS\System32\CRYPT32.dll
0x00007ff8bb7f0000 - 0x00007ff8bb81e000 	C:\WINDOWS\SYSTEM32\ncrypt.dll
0x00007ff8bb7b0000 - 0x00007ff8bb7e7000 	C:\WINDOWS\SYSTEM32\NTASN1.dll
0x000000005ca90000 - 0x000000005cac5000 	C:\Program Files\Bonjour\mdnsNSP.dll
0x00007ff8b4510000 - 0x00007ff8b451a000 	C:\Windows\System32\rasadhlp.dll
0x00007ff8b2e90000 - 0x00007ff8b2f14000 	C:\WINDOWS\System32\fwpuclnt.dll
0x00007ff89a260000 - 0x00007ff89a287000 	C:\Users\brend\.gradle\native\68d5fa5c4cc2d200863cafc0d521ce42e7d3e7ee720ec0a83991735586a16f82\windows-amd64\native-platform.dll
0x00007ff8b35b0000 - 0x00007ff8b35b9000 	C:\Program Files\Java\jdk-18.0.2\bin\management.dll
0x00007ff8a1200000 - 0x00007ff8a120b000 	C:\Program Files\Java\jdk-18.0.2\bin\management_ext.dll

dbghelp: loaded successfully - version: 4.0.5 - missing functions: none
symbol engine: initialized successfully - sym options: 0x614 - pdb path: .;C:\Program Files\Java\jdk-18.0.2\bin;C:\WINDOWS\SYSTEM32;C:\WINDOWS\WinSxS\amd64_microsoft.windows.common-controls_6595b64144ccf1df_6.0.22621.1635_none_270f70857386168e;C:\Program Files\Java\jdk-18.0.2\bin\server;C:\Users\brend\AppData\Roaming\Code\User\globalStorage\redhat.java\1.21.0\config_win\org.eclipse.equinox.launcher\org.eclipse.equinox.launcher.win32.win32.x86_64_1.2.700.v20221108-1024;C:\Users\brend\AppData\Local\Temp\jna-94001803;C:\Program Files\Bonjour;C:\Users\brend\.gradle\native\68d5fa5c4cc2d200863cafc0d521ce42e7d3e7ee720ec0a83991735586a16f82\windows-amd64

VM Arguments:
jvm_args: --add-modules=ALL-SYSTEM --add-opens=java.base/java.util=ALL-UNNAMED --add-opens=java.base/java.lang=ALL-UNNAMED --add-opens=java.base/sun.nio.fs=ALL-UNNAMED -Declipse.application=org.eclipse.jdt.ls.core.id1 -Dosgi.bundles.defaultStartLevel=4 -Declipse.product=org.eclipse.jdt.ls.core.product -Djava.import.generatesMetadataFilesAtProjectRoot=false -Dfile.encoding=utf8 -XX:+UseParallelGC -XX:GCTimeRatio=4 -XX:AdaptiveSizePolicyWeight=90 -Dsun.zip.disableMemoryMapping=true -Xmx1G -Xms100m -Xlog:disable -javaagent:c:\Users\brend\.vscode\extensions\redhat.java-1.21.0-win32-x64\lombok\lombok-1.18.28.jar -XX:+HeapDumpOnOutOfMemoryError -XX:HeapDumpPath=c:\Users\brend\AppData\Roaming\Code\User\workspaceStorage\740d546d7c3ef9ec51985389fff41459\redhat.java -Daether.dependencyCollector.impl=bf 
java_command: c:\Users\brend\.vscode\extensions\redhat.java-1.21.0-win32-x64\server\plugins\org.eclipse.equinox.launcher_1.6.500.v20230717-2134.jar -configuration c:\Users\brend\AppData\Roaming\Code\User\globalStorage\redhat.java\1.21.0\config_win -data c:\Users\brend\AppData\Roaming\Code\User\workspaceStorage\740d546d7c3ef9ec51985389fff41459\redhat.java\jdt_ws
java_class_path (initial): c:\Users\brend\.vscode\extensions\redhat.java-1.21.0-win32-x64\server\plugins\org.eclipse.equinox.launcher_1.6.500.v20230717-2134.jar
Launcher Type: SUN_STANDARD

[Global flags]
    uintx AdaptiveSizePolicyWeight                 = 90                                        {product} {command line}
     intx CICompilerCount                          = 12                                        {product} {ergonomic}
    uintx GCTimeRatio                              = 4                                         {product} {command line}
     bool HeapDumpOnOutOfMemoryError               = true                                   {manageable} {command line}
    ccstr HeapDumpPath                             = c:\Users\brend\AppData\Roaming\Code\User\workspaceStorage\740d546d7c3ef9ec51985389fff41459\redhat.java         {manageable} {command line}
   size_t InitialHeapSize                          = 104857600                                 {product} {command line}
   size_t MaxHeapSize                              = 1073741824                                {product} {command line}
   size_t MaxNewSize                               = 357564416                                 {product} {ergonomic}
   size_t MinHeapDeltaBytes                        = 524288                                    {product} {ergonomic}
   size_t MinHeapSize                              = 104857600                                 {product} {command line}
   size_t NewSize                                  = 34603008                                  {product} {ergonomic}
    uintx NonNMethodCodeHeapSize                   = 7602480                                {pd product} {ergonomic}
    uintx NonProfiledCodeHeapSize                  = 122027880                              {pd product} {ergonomic}
   size_t OldSize                                  = 70254592                                  {product} {ergonomic}
    uintx ProfiledCodeHeapSize                     = 122027880                              {pd product} {ergonomic}
    uintx ReservedCodeCacheSize                    = 251658240                              {pd product} {ergonomic}
     bool SegmentedCodeCache                       = true                                      {product} {ergonomic}
   size_t SoftMaxHeapSize                          = 1073741824                             {manageable} {ergonomic}
     bool UseCompressedClassPointers               = true                           {product lp64_product} {ergonomic}
     bool UseCompressedOops                        = true                           {product lp64_product} {ergonomic}
     bool UseLargePagesIndividualAllocation        = false                                  {pd product} {ergonomic}
     bool UseParallelGC                            = true                                      {product} {command line}

Logging:
Log output configuration:
 #0: stdout all=off uptime,level,tags foldmultilines=false
 #1: stderr all=off uptime,level,tags foldmultilines=false

Environment Variables:
PATH=E:\Oculus\Support\oculus-runtime;C:\Program Files\Eclipse Adoptium\jdk-17.0.4.8-hotspot\bin;C:\Program Files\Common Files\Oracle\Java\javapath;C:\Program Files\Microsoft MPI\Bin\;C:\Program Files (x86)\Common Files\Intel\Shared Libraries\redist\intel64\compiler;C:\Python39\Scripts\;C:\Python39\;C:\Windows\system32;C:\Windows;C:\Windows\System32\Wbem;C:\Windows\System32\WindowsPowerShell\v1.0\;C:\Windows\System32\OpenSSH\;C:\Program Files\NVIDIA Corporation\NVIDIA NvDLISR;C:\Program Files\Git\cmd;C:\Program Files\nodejs\;C:\ProgramData\chocolatey\bin;C:\Program Files\dotnet\;C:\Program Files\Microsoft SQL Server\Client SDK\ODBC\170\Tools\Binn\;C:\Program Files (x86)\Microsoft SQL Server\130\DTS\Binn\;C:\Program Files\Microsoft SQL Server\Client SDK\ODBC\130\Tools\Binn\;C:\Program Files\CMake\bin;C:\WINDOWS\system32;C:\WINDOWS;C:\WINDOWS\System32\Wbem;C:\WINDOWS\System32\WindowsPowerShell\v1.0\;C:\WINDOWS\System32\OpenSSH\;C:\Program Files (x86)\Calibre2\;C:\Program Files (x86)\Google\Cloud SDK\google-cloud-sdk\bin;C:\Program Files\PuTTY\;C:\xampp\php;C:\ProgramData\ComposerSetup\bin;C:\WINDOWS\system32;C:\WINDOWS;C:\WINDOWS\System32\Wbem;C:\WINDOWS\System32\WindowsPowerShell\v1.0\;C:\WINDOWS\System32\OpenSSH\;C:\Program Files\Docker\Docker\resources\bin;C:\ProgramData\DockerDesktop\version-bin;C:\Program Files (x86)\NVIDIA Corporation\PhysX\Common;C:\Program Files\MySQL\MySQL Shell 8.0\bin\;C:\Users\brend\.cargo\bin;C:\Users\brend\AppData\Local\Microsoft\WindowsApps;C:\Users\brend\AppData\Local\Programs\Microsoft VS Code\bin;C:\Users\brend\AppData\Roaming\npm;C:\Users\brend\.dotnet\tools;C:\Program Files\Azure Data Studio\bin;C:\Program Files\JetBrains\IntelliJ IDEA 2021.2\bin;;C:\Program Files\JetBrains\IntelliJ IDEA Community Edition 2021.2\bin;;C:\Users\brend\AppData\Roaming\Composer\vendor\bin;C:\Users\brend\AppData\Local\GitHubDesktop\bin
USERNAME=brend
OS=Windows_NT
PROCESSOR_IDENTIFIER=Intel64 Family 6 Model 165 Stepping 5, GenuineIntel



---------------  S Y S T E M  ---------------

OS:
 Windows 11 , 64 bit Build 22621 (10.0.22621.1928)
OS uptime: 12 days 3:14 hours
Hyper-V role detected

CPU: total 20 (initial active 20) (10 cores per cpu, 2 threads per core) family 6 model 165 stepping 5 microcode 0xe0, cx8, cmov, fxsr, ht, mmx, 3dnowpref, sse, sse2, sse3, ssse3, sse4.1, sse4.2, popcnt, lzcnt, tsc, tscinvbit, avx, avx2, aes, erms, clmul, bmi1, bmi2, adx, fma, vzeroupper, clflush, clflushopt, hv

Memory: 4k page, system-wide physical 65404M (32913M free)
TotalPageFile size 102278M (AvailPageFile size 16608M)
current process WorkingSet (physical memory assigned to process): 505M, peak: 578M
current process commit charge ("private bytes"): 562M, peak: 655M

vm_info: Java HotSpot(TM) 64-Bit Server VM (18.0.2+9-61) for windows-amd64 JRE (18.0.2+9-61), built on Jun  7 2022 13:09:01 by "mach5one" with MS VC++ 16.8 / 16.9 (VS2019)

END.
