#
# A fatal error has been detected by the Java Runtime Environment:
#
#  EXCEPTION_ACCESS_VIOLATION (0xc0000005) at pc=0x00007fffbff27b7e, pid=78416, tid=71696
#
# JRE version: Java(TM) SE Runtime Environment (18.0.2+9) (build 18.0.2+9-61)
# Java VM: Java HotSpot(TM) 64-Bit Server VM (18.0.2+9-61, mixed mode, sharing, tiered, compressed oops, compressed class ptrs, parallel gc, windows-amd64)
# Problematic frame:
# V  [jvm.dll+0x307b7e]
#
# No core dump will be written. Minidumps are not enabled by default on client versions of Windows
#
# If you would like to submit a bug report, please visit:
#   https://bugreport.java.com/bugreport/crash.jsp
#

---------------  S U M M A R Y ------------

Command Line: --add-modules=ALL-SYSTEM --add-opens=java.base/java.util=ALL-UNNAMED --add-opens=java.base/java.lang=ALL-UNNAMED --add-opens=java.base/sun.nio.fs=ALL-UNNAMED -Declipse.application=org.eclipse.jdt.ls.core.id1 -Dosgi.bundles.defaultStartLevel=4 -Declipse.product=org.eclipse.jdt.ls.core.product -Djava.import.generatesMetadataFilesAtProjectRoot=false -Dfile.encoding=utf8 -XX:+UseParallelGC -XX:GCTimeRatio=4 -XX:AdaptiveSizePolicyWeight=90 -Dsun.zip.disableMemoryMapping=true -Xmx1G -Xms100m -Xlog:disable -javaagent:c:\Users\brend\.vscode\extensions\redhat.java-1.21.0-win32-x64\lombok\lombok-1.18.28.jar -XX:+HeapDumpOnOutOfMemoryError -XX:HeapDumpPath=c:\Users\brend\AppData\Roaming\Code\User\workspaceStorage\740d546d7c3ef9ec51985389fff41459\redhat.java -Daether.dependencyCollector.impl=bf c:\Users\brend\.vscode\extensions\redhat.java-1.21.0-win32-x64\server\plugins\org.eclipse.equinox.launcher_1.6.500.v20230717-2134.jar -configuration c:\Users\brend\AppData\Roaming\Code\User\globalStorage\redhat.java\1.21.0\config_win -data c:\Users\brend\AppData\Roaming\Code\User\workspaceStorage\740d546d7c3ef9ec51985389fff41459\redhat.java\jdt_ws

Host: Intel(R) Core(TM) i9-10900K CPU @ 3.70GHz, 20 cores, 63G,  Windows 11 , 64 bit Build 22621 (10.0.22621.1928)
Time: Tue Aug 15 18:56:19 2023 Eastern Daylight Time elapsed time: 80967.960885 seconds (0d 22h 29m 27s)

---------------  T H R E A D  ---------------

Current thread (0x0000029d1be7eac0):  WorkerThread "GC Thread#9" [stack: 0x000000b3dc300000,0x000000b3dc400000] [id=71696]

Stack: [0x000000b3dc300000,0x000000b3dc400000],  sp=0x000000b3dc3ff828,  free space=1022k
Native frames: (J=compiled Java code, j=interpreted, Vv=VM code, C=native code)
V  [jvm.dll+0x307b7e]
V  [jvm.dll+0x6d9708]
V  [jvm.dll+0x6d9b7f]
V  [jvm.dll+0x820a44]
V  [jvm.dll+0x7a125a]
V  [jvm.dll+0x698275]
C  [ucrtbase.dll+0x29363]
C  [KERNEL32.DLL+0x126ad]
C  [ntdll.dll+0x5aa68]


siginfo: EXCEPTION_ACCESS_VIOLATION (0xc0000005), data execution prevention violation at address 0x00007fff7beec000


Register to memory mapping:

RIP=0x00007fffbff27b7e jvm.dll
RAX=0x0000029d7915a0a0 points into unknown readable memory: 0x0000029d7e812ce0 | e0 2c 81 7e 9d 02 00 00
RBX=0x0000000000000006 is an unknown value
RCX=0x0000029d7e8154e0 points into unknown readable memory: 0x0000000000000000 | 00 00 00 00 00 00 00 00
RDX=0x0000000000000008 is an unknown value
RSP=0x000000b3dc3ff828 points into unknown readable memory: 0x000000b3da3ff418 | 18 f4 3f da b3 00 00 00
RBP=0x0 is NULL
RSI=0x0000000000000050 is an unknown value
RDI=0x0000029d791560a0 points into unknown readable memory: 0x00007fffc053e660 | 60 e6 53 c0 ff 7f 00 00
R8 =0x0 is NULL
R9 =0x0000000000000008 is an unknown value
R10=0x00000000000022c9 is an unknown value
R11=0x0000029d7e8144e0 points into unknown readable memory: 0x0000000000000000 | 00 00 00 00 00 00 00 00
R12=0x0 is NULL
R13=0x0000029d1bf04e50 points into unknown readable memory: 0x0000000000000002 | 02 00 00 00 00 00 00 00
R14=0x0000000000000040 is an unknown value
R15=0x000000b3dc3ff890 points into unknown readable memory: 0x0000000000000000 | 00 00 00 00 00 00 00 00


Registers:
RAX=0x0000029d7915a0a0, RBX=0x0000000000000006, RCX=0x0000029d7e8154e0, RDX=0x0000000000000008
RSP=0x000000b3dc3ff828, RBP=0x0000000000000000, RSI=0x0000000000000050, RDI=0x0000029d791560a0
R8 =0x0000000000000000, R9 =0x0000000000000008, R10=0x00000000000022c9, R11=0x0000029d7e8144e0
R12=0x0000000000000000, R13=0x0000029d1bf04e50, R14=0x0000000000000040, R15=0x000000b3dc3ff890
RIP=0x00007fffbff27b7e, EFLAGS=0x0000000000010206

Top of Stack: (sp=0x000000b3dc3ff828)
0x000000b3dc3ff828:   000000b3da3ff418 0000000000000020
0x000000b3dc3ff838:   0000000000000005 0000000000000006
0x000000b3dc3ff848:   00007fffc02f9708 0000029d7e814480
0x000000b3dc3ff858:   0000029d7e814480 0000000000000000
0x000000b3dc3ff868:   000000b3da3ff470 000000b3da3ff310
0x000000b3dc3ff878:   00007fffc02f9b7f 0000000000000000
0x000000b3dc3ff888:   000000b3dc3ff919 0000000000000000
0x000000b3dc3ff898:   0000000000000001 0000029d7e814480
0x000000b3dc3ff8a8:   0000000000000006 000000000000000f
0x000000b3dc3ff8b8:   000000b3da3feeb8 0000000600000002
0x000000b3dc3ff8c8:   0000029d7e814480 00007fffc059c250
0x000000b3dc3ff8d8:   0000029d7e814480 000000b3da3ff310
0x000000b3dc3ff8e8:   0000029d1b5d3760 00000000000003d8
0x000000b3dc3ff8f8:   0000029d1b5d3770 0000029d1b5d3b48
0x000000b3dc3ff908:   00007fffc059c3a8 0000000000000006
0x000000b3dc3ff918:   0000000000000000 0000000000000001 

Instructions: (pc=0x00007fffbff27b7e)
0x00007fffbff27a7e:   88 ff ff ff 7f 0f 4e c1 33 d2 41 89 83 04 02 00
0x00007fffbff27a8e:   00 f7 77 08 44 8b ca 3b d3 74 b7 8b d3 0f 1f 44
0x00007fffbff27a9e:   00 00 3b d3 74 05 41 3b d1 75 44 45 8b 83 04 02
0x00007fffbff27aae:   00 00 b8 5f 0b 4e 83 41 f7 e8 41 03 d0 c1 fa 10
0x00007fffbff27abe:   8b c2 c1 e8 1f 03 d0 41 69 c0 a7 41 00 00 69 ca
0x00007fffbff27ace:   ff ff ff 7f 2b c1 85 c0 8d 88 ff ff ff 7f 0f 4e
0x00007fffbff27ade:   c1 33 d2 41 89 83 04 02 00 00 f7 77 08 eb b3 41
0x00007fffbff27aee:   8b c1 4c 8d 34 c5 00 00 00 00 48 8b 47 10 49 8b
0x00007fffbff27afe:   0c 06 8b 81 00 01 00 00 44 8b 91 80 00 00 00 44
0x00007fffbff27b0e:   2b d0 8b c2 41 81 e2 ff ff 01 00 41 81 fa ff ff
0x00007fffbff27b1e:   01 00 45 0f 44 d4 48 8d 34 c5 00 00 00 00 48 8b
0x00007fffbff27b2e:   47 10 48 8b 0c 06 8b 81 00 01 00 00 44 8b 81 80
0x00007fffbff27b3e:   00 00 00 44 2b c0 32 c0 41 81 e0 ff ff 01 00 41
0x00007fffbff27b4e:   81 f8 ff ff 01 00 45 0f 44 c4 45 3b c2 76 11 48
0x00007fffbff27b5e:   8b 47 10 48 8b 34 06 48 8b 86 00 01 00 00 eb 1b
0x00007fffbff27b6e:   45 85 d2 0f 84 83 00 00 00 48 8b 47 10 41 8b d1
0x00007fffbff27b7e:   49 8b 34 06 48 8b 86 00 01 00 00 8b 8e 80 00 00
0x00007fffbff27b8e:   00 2b c8 81 e1 ff ff 01 00 81 f9 ff ff 01 00 41
0x00007fffbff27b9e:   0f 44 cc 85 c9 75 13 ba ff ff ff ff 32 c0 41 89
0x00007fffbff27bae:   93 00 02 00 00 e9 c4 00 00 00 48 8b 8e 80 01 00
0x00007fffbff27bbe:   00 4c 8b c8 44 8b c0 4e 8b 04 c1 8d 48 01 81 e1
0x00007fffbff27bce:   ff ff 01 00 4d 89 07 45 8b c4 41 0f 94 c0 49 c1
0x00007fffbff27bde:   e9 20 45 03 c8 49 c1 e1 20 4c 0b c9 f0 4c 0f b1
0x00007fffbff27bee:   8e 00 01 00 00 0f 94 c0 84 c0 75 05 ba ff ff ff
0x00007fffbff27bfe:   ff 41 89 93 00 02 00 00 eb 74 75 76 48 8b 47 10
0x00007fffbff27c0e:   8d 4b ff 83 e1 01 4c 8b 14 c8 49 8b 82 00 01 00
0x00007fffbff27c1e:   00 41 8b 8a 80 00 00 00 2b c8 81 e1 ff ff 01 00
0x00007fffbff27c2e:   81 f9 ff ff 01 00 41 0f 44 cc 85 c9 75 04 32 c0
0x00007fffbff27c3e:   eb 3c 49 8b 8a 80 01 00 00 4c 8b c0 8b d0 48 8b
0x00007fffbff27c4e:   14 d1 8d 48 01 81 e1 ff ff 01 00 49 89 17 41 8b
0x00007fffbff27c5e:   d4 0f 94 c2 49 c1 e8 20 44 03 c2 49 c1 e0 20 4c
0x00007fffbff27c6e:   0b c1 f0 4d 0f b1 82 00 01 00 00 0f 94 c0 84 c0 


Stack slot to memory mapping:
stack at sp + 0 slots: 0x000000b3da3ff418 points into unknown readable memory: 0x0000029d78e2e9f0 | f0 e9 e2 78 9d 02 00 00
stack at sp + 1 slots: 0x0000000000000020 is an unknown value
stack at sp + 2 slots: 0x0000000000000005 is an unknown value
stack at sp + 3 slots: 0x0000000000000006 is an unknown value
stack at sp + 4 slots: 0x00007fffc02f9708 jvm.dll
stack at sp + 5 slots: 0x0000029d7e814480 points into unknown readable memory: 0x00007fffc059c0f0 | f0 c0 59 c0 ff 7f 00 00
stack at sp + 6 slots: 0x0000029d7e814480 points into unknown readable memory: 0x00007fffc059c0f0 | f0 c0 59 c0 ff 7f 00 00
stack at sp + 7 slots: 0x0 is NULL


---------------  P R O C E S S  ---------------

Threads class SMR info:
_java_thread_list=0x0000029d1b8d8230, length=54, elements={
0x0000029d790e5d00, 0x0000029d7d2d53e0, 0x0000029d7d2d8640, 0x0000029d79180a80,
0x0000029d79181530, 0x0000029d79181fe0, 0x0000029d791848a0, 0x0000029d79185530,
0x0000029d7919b2d0, 0x0000029d7e8206f0, 0x0000029d7e901b00, 0x0000029d7eaaddd0,
0x0000029d1bca1940, 0x0000029d1bcd6e50, 0x0000029d1bd8a2d0, 0x0000029d1bd89550,
0x0000029d1be4a070, 0x0000029d1be4aa10, 0x0000029d1be4bd50, 0x0000029d1be4a540,
0x0000029d1be4aee0, 0x0000029d1be4d560, 0x0000029d1fc554c0, 0x0000029d1e7a0770,
0x0000029d1e7a1110, 0x0000029d1e7a5e10, 0x0000029d1e7a7150, 0x0000029d224ab3f0,
0x0000029d1e7a6c80, 0x0000029d1e7a7620, 0x0000029d1e7a02a0, 0x0000029d1e7a7af0,
0x0000029d1e7a0c40, 0x0000029d1e7a2920, 0x0000029d1e7a15e0, 0x0000029d1e7a2450,
0x0000029d1e7a2df0, 0x0000029d2f566050, 0x0000029d2f564370, 0x0000029d2f564d10,
0x0000029d2f5609b0, 0x0000029d2f560e80, 0x0000029d2f563500, 0x0000029d2f561350,
0x0000029d2f561820, 0x0000029d2f562690, 0x0000029d224a7090, 0x0000029d224a6220,
0x0000029d224aa580, 0x0000029d207cc410, 0x0000029d207c5f00, 0x0000029d1fc571a0,
0x0000029d1fc5a1c0, 0x0000029d1fc56330
}

Java Threads: ( => current thread )
  0x0000029d790e5d00 JavaThread "main" [_thread_blocked, id=74988, stack(0x000000b3da100000,0x000000b3da200000)]
  0x0000029d7d2d53e0 JavaThread "Reference Handler" daemon [_thread_blocked, id=72860, stack(0x000000b3da400000,0x000000b3da500000)]
  0x0000029d7d2d8640 JavaThread "Finalizer" daemon [_thread_blocked, id=76288, stack(0x000000b3da500000,0x000000b3da600000)]
  0x0000029d79180a80 JavaThread "Signal Dispatcher" daemon [_thread_blocked, id=76544, stack(0x000000b3da600000,0x000000b3da700000)]
  0x0000029d79181530 JavaThread "Attach Listener" daemon [_thread_blocked, id=77116, stack(0x000000b3da700000,0x000000b3da800000)]
  0x0000029d79181fe0 JavaThread "Service Thread" daemon [_thread_blocked, id=75804, stack(0x000000b3da800000,0x000000b3da900000)]
  0x0000029d791848a0 JavaThread "Monitor Deflation Thread" daemon [_thread_blocked, id=76384, stack(0x000000b3da900000,0x000000b3daa00000)]
  0x0000029d79185530 JavaThread "C2 CompilerThread0" daemon [_thread_blocked, id=75648, stack(0x000000b3daa00000,0x000000b3dab00000)]
  0x0000029d7919b2d0 JavaThread "C1 CompilerThread0" daemon [_thread_blocked, id=64456, stack(0x000000b3dab00000,0x000000b3dac00000)]
  0x0000029d7e8206f0 JavaThread "Sweeper thread" daemon [_thread_blocked, id=78644, stack(0x000000b3dac00000,0x000000b3dad00000)]
  0x0000029d7e901b00 JavaThread "Common-Cleaner" daemon [_thread_blocked, id=73612, stack(0x000000b3dad00000,0x000000b3dae00000)]
  0x0000029d7eaaddd0 JavaThread "Notification Thread" daemon [_thread_blocked, id=78124, stack(0x000000b3db100000,0x000000b3db200000)]
  0x0000029d1bca1940 JavaThread "Active Thread: Equinox Container: 05db1621-62d3-493f-b9d9-6dd656f2af93" [_thread_blocked, id=68860, stack(0x000000b3dbb00000,0x000000b3dbc00000)]
  0x0000029d1bcd6e50 JavaThread "Framework Event Dispatcher: Equinox Container: 05db1621-62d3-493f-b9d9-6dd656f2af93" daemon [_thread_blocked, id=69840, stack(0x000000b3dbc00000,0x000000b3dbd00000)]
  0x0000029d1bd8a2d0 JavaThread "Start Level: Equinox Container: 05db1621-62d3-493f-b9d9-6dd656f2af93" daemon [_thread_blocked, id=75808, stack(0x000000b3dbd00000,0x000000b3dbe00000)]
  0x0000029d1bd89550 JavaThread "SCR Component Actor" daemon [_thread_blocked, id=78088, stack(0x000000b3dbe00000,0x000000b3dbf00000)]
  0x0000029d1be4a070 JavaThread "Worker-JM" [_thread_blocked, id=64820, stack(0x000000b3dc200000,0x000000b3dc300000)]
  0x0000029d1be4aa10 JavaThread "Java indexing" daemon [_thread_blocked, id=62108, stack(0x000000b3dcc00000,0x000000b3dcd00000)]
  0x0000029d1be4bd50 JavaThread "JNA Cleaner" daemon [_thread_blocked, id=64092, stack(0x000000b3dcd00000,0x000000b3dce00000)]
  0x0000029d1be4a540 JavaThread "pool-2-thread-1" [_thread_blocked, id=76932, stack(0x000000b3dd000000,0x000000b3dd100000)]
  0x0000029d1be4aee0 JavaThread "WorkspaceEventsHandler" [_thread_blocked, id=75616, stack(0x000000b3dd100000,0x000000b3dd200000)]
  0x0000029d1be4d560 JavaThread "pool-1-thread-1" [_thread_in_native, id=74044, stack(0x000000b3dd200000,0x000000b3dd300000)]
  0x0000029d1fc554c0 JavaThread "Timer-0" [_thread_blocked, id=67272, stack(0x000000b3dda00000,0x000000b3ddb00000)]
  0x0000029d1e7a0770 JavaThread "Bundle File Closer" daemon [_thread_blocked, id=64588, stack(0x000000b3de300000,0x000000b3de400000)]
  0x0000029d1e7a1110 JavaThread "Java Debug Server" daemon [_thread_in_native, id=29772, stack(0x000000b3de900000,0x000000b3dea00000)]
  0x0000029d1e7a5e10 JavaThread "RxSchedulerPurge-1" daemon [_thread_blocked, id=47864, stack(0x000000b3deb00000,0x000000b3dec00000)]
  0x0000029d1e7a7150 JavaThread "RxCachedWorkerPoolEvictor-1" daemon [_thread_blocked, id=77616, stack(0x000000b3dec00000,0x000000b3ded00000)]
  0x0000029d224ab3f0 JavaThread "Worker-45" [_thread_blocked, id=67040, stack(0x000000b3dd500000,0x000000b3dd600000)]
  0x0000029d1e7a6c80 JavaThread "ForkJoinPool.commonPool-worker-32" daemon [_thread_blocked, id=30648, stack(0x000000b3d9e00000,0x000000b3d9f00000)]
  0x0000029d1e7a7620 JavaThread "ForkJoinPool.commonPool-worker-33" daemon [_thread_blocked, id=23240, stack(0x000000b3d9f00000,0x000000b3da000000)]
  0x0000029d1e7a02a0 JavaThread "pool-4-thread-2" [_thread_in_native, id=14100, stack(0x000000b3da000000,0x000000b3da100000)]
  0x0000029d1e7a7af0 JavaThread "RxNewThreadScheduler-39" daemon [_thread_blocked, id=82752, stack(0x000000b3dae00000,0x000000b3daf00000)]
  0x0000029d1e7a0c40 JavaThread "Packet Receive Manager" daemon [_thread_in_native, id=68744, stack(0x000000b3daf00000,0x000000b3db000000)]
  0x0000029d1e7a2920 JavaThread "Packet Send Manager" daemon [_thread_blocked, id=79172, stack(0x000000b3db300000,0x000000b3db400000)]
  0x0000029d1e7a15e0 JavaThread "Event Hub" daemon [_thread_blocked, id=76500, stack(0x000000b3db000000,0x000000b3db100000)]
  0x0000029d1e7a2450 JavaThread "ForkJoinPool.commonPool-worker-34" daemon [_thread_blocked, id=73584, stack(0x000000b3dc500000,0x000000b3dc600000)]
  0x0000029d1e7a2df0 JavaThread "ForkJoinPool.commonPool-worker-35" daemon [_thread_blocked, id=82204, stack(0x000000b3dc600000,0x000000b3dc700000)]
  0x0000029d2f566050 JavaThread "ForkJoinPool.commonPool-worker-36" daemon [_thread_blocked, id=76480, stack(0x000000b3dc700000,0x000000b3dc800000)]
  0x0000029d2f564370 JavaThread "ForkJoinPool.commonPool-worker-37" daemon [_thread_blocked, id=69564, stack(0x000000b3dce00000,0x000000b3dcf00000)]
  0x0000029d2f564d10 JavaThread "ForkJoinPool.commonPool-worker-38" daemon [_thread_blocked, id=84204, stack(0x000000b3dcf00000,0x000000b3dd000000)]
  0x0000029d2f5609b0 JavaThread "Worker-48" [_thread_blocked, id=79348, stack(0x000000b3dd300000,0x000000b3dd400000)]
  0x0000029d2f560e80 JavaThread "ForkJoinPool.commonPool-worker-39" daemon [_thread_blocked, id=80132, stack(0x000000b3dd400000,0x000000b3dd500000)]
  0x0000029d2f563500 JavaThread "ForkJoinPool.commonPool-worker-40" daemon [_thread_blocked, id=82784, stack(0x000000b3dd600000,0x000000b3dd700000)]
  0x0000029d2f561350 JavaThread "ForkJoinPool.commonPool-worker-41" daemon [_thread_blocked, id=84244, stack(0x000000b3dd700000,0x000000b3dd800000)]
  0x0000029d2f561820 JavaThread "ForkJoinPool.commonPool-worker-42" daemon [_thread_blocked, id=22560, stack(0x000000b3dd800000,0x000000b3dd900000)]
  0x0000029d2f562690 JavaThread "ForkJoinPool.commonPool-worker-43" daemon [_thread_blocked, id=65276, stack(0x000000b3dd900000,0x000000b3dda00000)]
  0x0000029d224a7090 JavaThread "ForkJoinPool.commonPool-worker-44" daemon [_thread_blocked, id=60824, stack(0x000000b3ddb00000,0x000000b3ddc00000)]
  0x0000029d224a6220 JavaThread "ForkJoinPool.commonPool-worker-45" daemon [_thread_blocked, id=82104, stack(0x000000b3ddd00000,0x000000b3dde00000)]
  0x0000029d224aa580 JavaThread "ForkJoinPool.commonPool-worker-46" daemon [_thread_blocked, id=84404, stack(0x000000b3dde00000,0x000000b3ddf00000)]
  0x0000029d207cc410 JavaThread "ForkJoinPool.commonPool-worker-47" daemon [_thread_blocked, id=82392, stack(0x000000b3ddf00000,0x000000b3de000000)]
  0x0000029d207c5f00 JavaThread "ForkJoinPool.commonPool-worker-48" daemon [_thread_blocked, id=81264, stack(0x000000b3de000000,0x000000b3de100000)]
  0x0000029d1fc571a0 JavaThread "ForkJoinPool.commonPool-worker-49" daemon [_thread_blocked, id=84072, stack(0x000000b3de100000,0x000000b3de200000)]
  0x0000029d1fc5a1c0 JavaThread "ForkJoinPool.commonPool-worker-50" daemon [_thread_blocked, id=83320, stack(0x000000b3de200000,0x000000b3de300000)]
  0x0000029d1fc56330 JavaThread "Worker-49" [_thread_blocked, id=25824, stack(0x000000b3ddc00000,0x000000b3ddd00000)]

Other Threads:
  0x0000029d7e817cb0 VMThread "VM Thread" [stack: 0x000000b3da300000,0x000000b3da400000] [id=75884]
  0x0000029d1b510200 WatcherThread "VM Periodic Task Thread" [stack: 0x000000b3db200000,0x000000b3db300000] [id=69140]
  0x0000029d790f8990 WorkerThread "GC Thread#0" [stack: 0x000000b3da200000,0x000000b3da300000] [id=57020]
  0x0000029d1b9afee0 WorkerThread "GC Thread#1" [stack: 0x000000b3db500000,0x000000b3db600000] [id=77352]
  0x0000029d1baf9690 WorkerThread "GC Thread#2" [stack: 0x000000b3db600000,0x000000b3db700000] [id=63712]
  0x0000029d1baf9930 WorkerThread "GC Thread#3" [stack: 0x000000b3db700000,0x000000b3db800000] [id=72808]
  0x0000029d1baf9bd0 WorkerThread "GC Thread#4" [stack: 0x000000b3db800000,0x000000b3db900000] [id=78444]
  0x0000029d1bafa690 WorkerThread "GC Thread#5" [stack: 0x000000b3db900000,0x000000b3dba00000] [id=71784]
  0x0000029d1bb14a30 WorkerThread "GC Thread#6" [stack: 0x000000b3dba00000,0x000000b3dbb00000] [id=68168]
  0x0000029d1bd79a80 WorkerThread "GC Thread#7" [stack: 0x000000b3dbf00000,0x000000b3dc000000] [id=62820]
  0x0000029d1b9d3740 WorkerThread "GC Thread#8" [stack: 0x000000b3dc000000,0x000000b3dc100000] [id=75604]
=>0x0000029d1be7eac0 WorkerThread "GC Thread#9" [stack: 0x000000b3dc300000,0x000000b3dc400000] [id=71696]
  0x0000029d1be7e2e0 WorkerThread "GC Thread#10" [stack: 0x000000b3dc400000,0x000000b3dc500000] [id=74444]
  0x0000029d1be7e580 WorkerThread "GC Thread#11" [stack: 0x000000b3dc800000,0x000000b3dc900000] [id=70720]
  0x0000029d1be7e820 WorkerThread "GC Thread#12" [stack: 0x000000b3dc900000,0x000000b3dca00000] [id=61244]
  0x0000029d1be7d860 WorkerThread "GC Thread#13" [stack: 0x000000b3dca00000,0x000000b3dcb00000] [id=76232]
  0x0000029d1be7ed60 WorkerThread "GC Thread#14" [stack: 0x000000b3dcb00000,0x000000b3dcc00000] [id=65020]

Threads with active compile tasks:

VM state: at safepoint (normal execution)

VM Mutex/Monitor currently owned by a thread:  ([mutex/lock_event])
[0x0000029d790e1760] Threads_lock - owner thread: 0x0000029d7e817cb0
[0x0000029d790e2b10] Heap_lock - owner thread: 0x0000029d1be4aa10

Heap address: 0x00000000c0000000, size: 1024 MB, Compressed Oops mode: 32-bit

CDS archive(s) mapped at: [0x0000000800000000-0x0000000800ba0000-0x0000000800ba0000), size 12189696, SharedBaseAddress: 0x0000000800000000, ArchiveRelocationMode: 0.
Compressed class space mapped at: 0x0000000800c00000-0x0000000840c00000, reserved size: 1073741824
Narrow klass base: 0x0000000800000000, Narrow klass shift: 0, Narrow klass range: 0x100000000

GC Precious Log:
 CardTable entry size: 512
 CPUs: 20 total, 20 available
 Memory: 65404M
 Large Page Support: Disabled
 NUMA Support: Disabled
 Compressed Oops: Enabled (32-bit)
 Alignments: Space 512K, Generation 512K, Heap 2M
 Heap Min Capacity: 100M
 Heap Initial Capacity: 100M
 Heap Max Capacity: 1G
 Pre-touch: Disabled
 Parallel Workers: 15

Heap:
 PSYoungGen      total 4096K, used 4096K [0x00000000eab00000, 0x00000000eb580000, 0x0000000100000000)
  eden space 2048K, 100% used [0x00000000eab00000,0x00000000ead00000,0x00000000ead00000)
  from space 2048K, 100% used [0x00000000ead00000,0x00000000eaf00000,0x00000000eaf00000)
  to   space 4096K, 57% used [0x00000000eb180000,0x00000000eb3c8000,0x00000000eb580000)
 ParOldGen       total 266240K, used 264928K [0x00000000c0000000, 0x00000000d0400000, 0x00000000eab00000)
  object space 266240K, 99% used [0x00000000c0000000,0x00000000d02b82d8,0x00000000d0400000)
 Metaspace       used 101216K, committed 102720K, reserved 1179648K
  class space    used 10337K, committed 11072K, reserved 1048576K

Card table byte_map: [0x0000029d7ab60000,0x0000029d7ad70000] _byte_map_base: 0x0000029d7a560000

Marking Bits: (ParMarkBitMap*) 0x00007fffc076fbc0
 Begin Bits: [0x0000029d7aed0000, 0x0000029d7bed0000)
 End Bits:   [0x0000029d7bed0000, 0x0000029d7ced0000)

Polling page: 0x0000029d7a950000

Metaspace:

Usage:
  Non-class:     88.75 MB used.
      Class:     10.09 MB used.
       Both:     98.84 MB used.

Virtual space:
  Non-class space:      128.00 MB reserved,      89.50 MB ( 70%) committed,  2 nodes.
      Class space:        1.00 GB reserved,      10.81 MB (  1%) committed,  1 nodes.
             Both:        1.12 GB reserved,     100.31 MB (  9%) committed. 

Chunk freelists:
   Non-Class:  1.95 MB
       Class:  1.05 MB
        Both:  3.01 MB

MaxMetaspaceSize: unlimited
CompressedClassSpaceSize: 1.00 GB
Initial GC threshold: 21.00 MB
Current GC threshold: 167.19 MB
CDS: on
MetaspaceReclaimPolicy: balanced
 - commit_granule_bytes: 65536.
 - commit_granule_words: 8192.
 - virtual_space_node_default_size: 8388608.
 - enlarge_chunks_in_place: 1.
 - new_chunks_are_fully_committed: 0.
 - uncommit_free_chunks: 1.
 - use_allocation_guard: 0.


Internal statistics:

num_allocs_failed_limit: 9.
num_arena_births: 2088.
num_arena_deaths: 680.
num_vsnodes_births: 3.
num_vsnodes_deaths: 0.
num_space_committed: 1605.
num_space_uncommitted: 0.
num_chunks_returned_to_freelist: 774.
num_chunks_taken_from_freelist: 7257.
num_chunk_merges: 247.
num_chunk_splits: 4265.
num_chunks_enlarged: 2450.
num_inconsistent_stats: 0.

CodeHeap 'non-profiled nmethods': size=119168Kb used=38586Kb max_used=38693Kb free=80581Kb
 bounds [0x0000029d0f410000, 0x0000029d119e0000, 0x0000029d16870000]
CodeHeap 'profiled nmethods': size=119104Kb used=42701Kb max_used=43410Kb free=76402Kb
 bounds [0x0000029d07fc0000, 0x0000029d0aae0000, 0x0000029d0f410000]
CodeHeap 'non-nmethods': size=7488Kb used=1494Kb max_used=3368Kb free=5993Kb
 bounds [0x0000029d07870000, 0x0000029d07c20000, 0x0000029d07fc0000]
 total_blobs=24420 nmethods=23585 adapters=740
 compilation: enabled
              stopped_count=0, restarted_count=0
 full_count=0

Compilation events (20 events):
Event: 80944.054 Thread 0x0000029d7919b2d0 37324   !   3       org.eclipse.jdt.internal.core.search.JavaSearchDocument::getCharContents (39 bytes)
Event: 80944.055 Thread 0x0000029d7919b2d0 nmethod 37324 0x0000029d08211d90 code [0x0000029d08211fa0, 0x0000029d082125b8]
Event: 80944.371 Thread 0x0000029d7919b2d0 37325       3       org.eclipse.jdt.internal.corext.refactoring.code.flow.InputFlowAnalyzer::endVisit (6 bytes)
Event: 80944.371 Thread 0x0000029d7919b2d0 nmethod 37325 0x0000029d0957cb90 code [0x0000029d0957cd20, 0x0000029d0957ce78]
Event: 80965.686 Thread 0x0000029d7919b2d0 37326       3       org.eclipse.jdt.ls.core.internal.corext.refactoring.code.ExtractMethodRefactoring::internalCheckInitialConditions (222 bytes)
Event: 80965.687 Thread 0x0000029d7919b2d0 nmethod 37326 0x0000029d0a17a090 code [0x0000029d0a17a420, 0x0000029d0a17bc88]
Event: 80967.661 Thread 0x0000029d79185530 37327       4       org.eclipse.jdt.internal.compiler.ast.CompilationUnitDeclaration::cleanUp (203 bytes)
Event: 80967.742 Thread 0x0000029d79185530 nmethod 37327 0x0000029d10dafb10 code [0x0000029d10dafe20, 0x0000029d10db2828]
Event: 80967.755 Thread 0x0000029d7919b2d0 37328       3       org.eclipse.jdt.core.dom.ASTVisitor::endVisit (1 bytes)
Event: 80967.755 Thread 0x0000029d7919b2d0 nmethod 37328 0x0000029d09834a90 code [0x0000029d09834c20, 0x0000029d09834d38]
Event: 80967.757 Thread 0x0000029d7919b2d0 37329       3       org.eclipse.jdt.internal.formatter.linewrap.WrapPreparator::preserveExistingLineBreaks (111 bytes)
Event: 80967.757 Thread 0x0000029d7919b2d0 nmethod 37329 0x0000029d09ab9690 code [0x0000029d09ab9940, 0x0000029d09aba9a8]
Event: 80967.857 Thread 0x0000029d79185530 37330       4       org.eclipse.jdt.internal.formatter.TokenManager::lastTokenIn (11 bytes)
Event: 80967.863 Thread 0x0000029d79185530 nmethod 37330 0x0000029d11867710 code [0x0000029d118678c0, 0x0000029d11867db8]
Event: 80967.863 Thread 0x0000029d79185530 37331       4       java.util.ArrayDeque::addFirst (51 bytes)
Event: 80967.864 Thread 0x0000029d79185530 nmethod 37331 0x0000029d112fa290 code [0x0000029d112fa420, 0x0000029d112fa588]
Event: 80967.902 Thread 0x0000029d7919b2d0 37332       3       java.util.LinkedList::remove (5 bytes)
Event: 80967.902 Thread 0x0000029d7919b2d0 nmethod 37332 0x0000029d0828a690 code [0x0000029d0828a860, 0x0000029d0828ab98]
Event: 80967.911 Thread 0x0000029d79185530 37333 %     4       org.eclipse.jdt.internal.core.search.indexing.IndexManager::writeSavedIndexNamesFile @ 84 (144 bytes)
Event: 80967.924 Thread 0x0000029d79185530 nmethod 37333% 0x0000029d110c4d10 code [0x0000029d110c4f00, 0x0000029d110c5de8]

GC Heap History (20 events):
Event: 80967.907 GC heap after
{Heap after GC invocations=43225 (full 743):
 PSYoungGen      total 3072K, used 576K [0x00000000eab00000, 0x00000000eaf80000, 0x0000000100000000)
  eden space 2048K, 0% used [0x00000000eab00000,0x00000000eab00000,0x00000000ead00000)
  from space 1024K, 56% used [0x00000000eae80000,0x00000000eaf10000,0x00000000eaf80000)
  to   space 1024K, 0% used [0x00000000ead00000,0x00000000ead00000,0x00000000eae00000)
 ParOldGen       total 266240K, used 253382K [0x00000000c0000000, 0x00000000d0400000, 0x00000000eab00000)
  object space 266240K, 95% used [0x00000000c0000000,0x00000000cf771bd0,0x00000000d0400000)
 Metaspace       used 101216K, committed 102720K, reserved 1179648K
  class space    used 10337K, committed 11072K, reserved 1048576K
}
Event: 80967.913 GC heap before
{Heap before GC invocations=43226 (full 743):
 PSYoungGen      total 3072K, used 2618K [0x00000000eab00000, 0x00000000eaf80000, 0x0000000100000000)
  eden space 2048K, 99% used [0x00000000eab00000,0x00000000eacfe8b8,0x00000000ead00000)
  from space 1024K, 56% used [0x00000000eae80000,0x00000000eaf10000,0x00000000eaf80000)
  to   space 1024K, 0% used [0x00000000ead00000,0x00000000ead00000,0x00000000eae00000)
 ParOldGen       total 266240K, used 253382K [0x00000000c0000000, 0x00000000d0400000, 0x00000000eab00000)
  object space 266240K, 95% used [0x00000000c0000000,0x00000000cf771bd0,0x00000000d0400000)
 Metaspace       used 101216K, committed 102720K, reserved 1179648K
  class space    used 10337K, committed 11072K, reserved 1048576K
}
Event: 80967.913 GC heap after
{Heap after GC invocations=43226 (full 743):
 PSYoungGen      total 3072K, used 690K [0x00000000eab00000, 0x00000000eaf00000, 0x0000000100000000)
  eden space 2048K, 0% used [0x00000000eab00000,0x00000000eab00000,0x00000000ead00000)
  from space 1024K, 67% used [0x00000000ead00000,0x00000000eadac840,0x00000000eae00000)
  to   space 1024K, 0% used [0x00000000eae00000,0x00000000eae00000,0x00000000eaf00000)
 ParOldGen       total 266240K, used 253727K [0x00000000c0000000, 0x00000000d0400000, 0x00000000eab00000)
  object space 266240K, 95% used [0x00000000c0000000,0x00000000cf7c7e30,0x00000000d0400000)
 Metaspace       used 101216K, committed 102720K, reserved 1179648K
  class space    used 10337K, committed 11072K, reserved 1048576K
}
Event: 80967.915 GC heap before
{Heap before GC invocations=43227 (full 743):
 PSYoungGen      total 3072K, used 2738K [0x00000000eab00000, 0x00000000eaf00000, 0x0000000100000000)
  eden space 2048K, 100% used [0x00000000eab00000,0x00000000ead00000,0x00000000ead00000)
  from space 1024K, 67% used [0x00000000ead00000,0x00000000eadac840,0x00000000eae00000)
  to   space 1024K, 0% used [0x00000000eae00000,0x00000000eae00000,0x00000000eaf00000)
 ParOldGen       total 266240K, used 253727K [0x00000000c0000000, 0x00000000d0400000, 0x00000000eab00000)
  object space 266240K, 95% used [0x00000000c0000000,0x00000000cf7c7e30,0x00000000d0400000)
 Metaspace       used 101216K, committed 102720K, reserved 1179648K
  class space    used 10337K, committed 11072K, reserved 1048576K
}
Event: 80967.916 GC heap after
{Heap after GC invocations=43227 (full 743):
 PSYoungGen      total 1536K, used 1005K [0x00000000eab00000, 0x00000000eb280000, 0x0000000100000000)
  eden space 512K, 0% used [0x00000000eab00000,0x00000000eab00000,0x00000000eab80000)
  from space 1024K, 98% used [0x00000000eae00000,0x00000000eaefb668,0x00000000eaf00000)
  to   space 2560K, 0% used [0x00000000eab80000,0x00000000eab80000,0x00000000eae00000)
 ParOldGen       total 266240K, used 254971K [0x00000000c0000000, 0x00000000d0400000, 0x00000000eab00000)
  object space 266240K, 95% used [0x00000000c0000000,0x00000000cf8fec60,0x00000000d0400000)
 Metaspace       used 101216K, committed 102720K, reserved 1179648K
  class space    used 10337K, committed 11072K, reserved 1048576K
}
Event: 80967.917 GC heap before
{Heap before GC invocations=43228 (full 743):
 PSYoungGen      total 1536K, used 1517K [0x00000000eab00000, 0x00000000eb280000, 0x0000000100000000)
  eden space 512K, 100% used [0x00000000eab00000,0x00000000eab80000,0x00000000eab80000)
  from space 1024K, 98% used [0x00000000eae00000,0x00000000eaefb668,0x00000000eaf00000)
  to   space 2560K, 0% used [0x00000000eab80000,0x00000000eab80000,0x00000000eae00000)
 ParOldGen       total 266240K, used 254971K [0x00000000c0000000, 0x00000000d0400000, 0x00000000eab00000)
  object space 266240K, 95% used [0x00000000c0000000,0x00000000cf8fec60,0x00000000d0400000)
 Metaspace       used 101216K, committed 102720K, reserved 1179648K
  class space    used 10337K, committed 11072K, reserved 1048576K
}
Event: 80967.918 GC heap after
{Heap after GC invocations=43228 (full 743):
 PSYoungGen      total 1536K, used 736K [0x00000000eab00000, 0x00000000eaf00000, 0x0000000100000000)
  eden space 512K, 0% used [0x00000000eab00000,0x00000000eab00000,0x00000000eab80000)
  from space 1024K, 71% used [0x00000000eab80000,0x00000000eac38000,0x00000000eac80000)
  to   space 1536K, 0% used [0x00000000ead80000,0x00000000ead80000,0x00000000eaf00000)
 ParOldGen       total 266240K, used 256024K [0x00000000c0000000, 0x00000000d0400000, 0x00000000eab00000)
  object space 266240K, 96% used [0x00000000c0000000,0x00000000cfa062d8,0x00000000d0400000)
 Metaspace       used 101216K, committed 102720K, reserved 1179648K
  class space    used 10337K, committed 11072K, reserved 1048576K
}
Event: 80967.919 GC heap before
{Heap before GC invocations=43229 (full 743):
 PSYoungGen      total 1536K, used 1248K [0x00000000eab00000, 0x00000000eaf00000, 0x0000000100000000)
  eden space 512K, 100% used [0x00000000eab00000,0x00000000eab80000,0x00000000eab80000)
  from space 1024K, 71% used [0x00000000eab80000,0x00000000eac38000,0x00000000eac80000)
  to   space 1536K, 0% used [0x00000000ead80000,0x00000000ead80000,0x00000000eaf00000)
 ParOldGen       total 266240K, used 256024K [0x00000000c0000000, 0x00000000d0400000, 0x00000000eab00000)
  object space 266240K, 96% used [0x00000000c0000000,0x00000000cfa062d8,0x00000000d0400000)
 Metaspace       used 101216K, committed 102720K, reserved 1179648K
  class space    used 10337K, committed 11072K, reserved 1048576K
}
Event: 80967.920 GC heap after
{Heap after GC invocations=43229 (full 743):
 PSYoungGen      total 2048K, used 672K [0x00000000eab00000, 0x00000000eae80000, 0x0000000100000000)
  eden space 1024K, 0% used [0x00000000eab00000,0x00000000eab00000,0x00000000eac00000)
  from space 1024K, 65% used [0x00000000ead80000,0x00000000eae28000,0x00000000eae80000)
  to   space 1024K, 0% used [0x00000000eac80000,0x00000000eac80000,0x00000000ead80000)
 ParOldGen       total 266240K, used 256536K [0x00000000c0000000, 0x00000000d0400000, 0x00000000eab00000)
  object space 266240K, 96% used [0x00000000c0000000,0x00000000cfa862d8,0x00000000d0400000)
 Metaspace       used 101216K, committed 102720K, reserved 1179648K
  class space    used 10337K, committed 11072K, reserved 1048576K
}
Event: 80967.922 GC heap before
{Heap before GC invocations=43230 (full 743):
 PSYoungGen      total 2048K, used 1696K [0x00000000eab00000, 0x00000000eae80000, 0x0000000100000000)
  eden space 1024K, 100% used [0x00000000eab00000,0x00000000eac00000,0x00000000eac00000)
  from space 1024K, 65% used [0x00000000ead80000,0x00000000eae28000,0x00000000eae80000)
  to   space 1024K, 0% used [0x00000000eac80000,0x00000000eac80000,0x00000000ead80000)
 ParOldGen       total 266240K, used 256536K [0x00000000c0000000, 0x00000000d0400000, 0x00000000eab00000)
  object space 266240K, 96% used [0x00000000c0000000,0x00000000cfa862d8,0x00000000d0400000)
 Metaspace       used 101216K, committed 102720K, reserved 1179648K
  class space    used 10337K, committed 11072K, reserved 1048576K
}
Event: 80967.923 GC heap after
{Heap after GC invocations=43230 (full 743):
 PSYoungGen      total 2560K, used 1024K [0x00000000eab00000, 0x00000000eb080000, 0x0000000100000000)
  eden space 1536K, 0% used [0x00000000eab00000,0x00000000eab00000,0x00000000eac80000)
  from space 1024K, 100% used [0x00000000eac80000,0x00000000ead80000,0x00000000ead80000)
  to   space 2048K, 0% used [0x00000000eae80000,0x00000000eae80000,0x00000000eb080000)
 ParOldGen       total 266240K, used 257128K [0x00000000c0000000, 0x00000000d0400000, 0x00000000eab00000)
  object space 266240K, 96% used [0x00000000c0000000,0x00000000cfb1a2d8,0x00000000d0400000)
 Metaspace       used 101216K, committed 102720K, reserved 1179648K
  class space    used 10337K, committed 11072K, reserved 1048576K
}
Event: 80967.926 GC heap before
{Heap before GC invocations=43231 (full 743):
 PSYoungGen      total 2560K, used 2560K [0x00000000eab00000, 0x00000000eb080000, 0x0000000100000000)
  eden space 1536K, 100% used [0x00000000eab00000,0x00000000eac80000,0x00000000eac80000)
  from space 1024K, 100% used [0x00000000eac80000,0x00000000ead80000,0x00000000ead80000)
  to   space 2048K, 0% used [0x00000000eae80000,0x00000000eae80000,0x00000000eb080000)
 ParOldGen       total 266240K, used 257128K [0x00000000c0000000, 0x00000000d0400000, 0x00000000eab00000)
  object space 266240K, 96% used [0x00000000c0000000,0x00000000cfb1a2d8,0x00000000d0400000)
 Metaspace       used 101216K, committed 102720K, reserved 1179648K
  class space    used 10337K, committed 11072K, reserved 1048576K
}
Event: 80967.928 GC heap after
{Heap after GC invocations=43231 (full 743):
 PSYoungGen      total 3584K, used 1728K [0x00000000eab00000, 0x00000000eb100000, 0x0000000100000000)
  eden space 1536K, 0% used [0x00000000eab00000,0x00000000eab00000,0x00000000eac80000)
  from space 2048K, 84% used [0x00000000eae80000,0x00000000eb030000,0x00000000eb080000)
  to   space 2048K, 0% used [0x00000000eac80000,0x00000000eac80000,0x00000000eae80000)
 ParOldGen       total 266240K, used 258096K [0x00000000c0000000, 0x00000000d0400000, 0x00000000eab00000)
  object space 266240K, 96% used [0x00000000c0000000,0x00000000cfc0c2d8,0x00000000d0400000)
 Metaspace       used 101216K, committed 102720K, reserved 1179648K
  class space    used 10337K, committed 11072K, reserved 1048576K
}
Event: 80967.930 GC heap before
{Heap before GC invocations=43232 (full 743):
 PSYoungGen      total 3584K, used 3264K [0x00000000eab00000, 0x00000000eb100000, 0x0000000100000000)
  eden space 1536K, 100% used [0x00000000eab00000,0x00000000eac80000,0x00000000eac80000)
  from space 2048K, 84% used [0x00000000eae80000,0x00000000eb030000,0x00000000eb080000)
  to   space 2048K, 0% used [0x00000000eac80000,0x00000000eac80000,0x00000000eae80000)
 ParOldGen       total 266240K, used 258096K [0x00000000c0000000, 0x00000000d0400000, 0x00000000eab00000)
  object space 266240K, 96% used [0x00000000c0000000,0x00000000cfc0c2d8,0x00000000d0400000)
 Metaspace       used 101216K, committed 102720K, reserved 1179648K
  class space    used 10337K, committed 11072K, reserved 1048576K
}
Event: 80967.932 GC heap after
{Heap after GC invocations=43232 (full 743):
 PSYoungGen      total 3584K, used 1792K [0x00000000eab00000, 0x00000000eb100000, 0x0000000100000000)
  eden space 1536K, 0% used [0x00000000eab00000,0x00000000eab00000,0x00000000eac80000)
  from space 2048K, 87% used [0x00000000eac80000,0x00000000eae40000,0x00000000eae80000)
  to   space 2048K, 0% used [0x00000000eaf00000,0x00000000eaf00000,0x00000000eb100000)
 ParOldGen       total 266240K, used 259672K [0x00000000c0000000, 0x00000000d0400000, 0x00000000eab00000)
  object space 266240K, 97% used [0x00000000c0000000,0x00000000cfd962d8,0x00000000d0400000)
 Metaspace       used 101216K, committed 102720K, reserved 1179648K
  class space    used 10337K, committed 11072K, reserved 1048576K
}
Event: 80967.935 GC heap before
{Heap before GC invocations=43233 (full 743):
 PSYoungGen      total 3584K, used 3328K [0x00000000eab00000, 0x00000000eb100000, 0x0000000100000000)
  eden space 1536K, 100% used [0x00000000eab00000,0x00000000eac80000,0x00000000eac80000)
  from space 2048K, 87% used [0x00000000eac80000,0x00000000eae40000,0x00000000eae80000)
  to   space 2048K, 0% used [0x00000000eaf00000,0x00000000eaf00000,0x00000000eb100000)
 ParOldGen       total 266240K, used 259672K [0x00000000c0000000, 0x00000000d0400000, 0x00000000eab00000)
  object space 266240K, 97% used [0x00000000c0000000,0x00000000cfd962d8,0x00000000d0400000)
 Metaspace       used 101216K, committed 102720K, reserved 1179648K
  class space    used 10337K, committed 11072K, reserved 1048576K
}
Event: 80967.937 GC heap after
{Heap after GC invocations=43233 (full 743):
 PSYoungGen      total 4096K, used 1760K [0x00000000eab00000, 0x00000000eb100000, 0x0000000100000000)
  eden space 2048K, 0% used [0x00000000eab00000,0x00000000eab00000,0x00000000ead00000)
  from space 2048K, 85% used [0x00000000eaf00000,0x00000000eb0b8000,0x00000000eb100000)
  to   space 2048K, 0% used [0x00000000ead00000,0x00000000ead00000,0x00000000eaf00000)
 ParOldGen       total 266240K, used 261232K [0x00000000c0000000, 0x00000000d0400000, 0x00000000eab00000)
  object space 266240K, 98% used [0x00000000c0000000,0x00000000cff1c2d8,0x00000000d0400000)
 Metaspace       used 101216K, committed 102720K, reserved 1179648K
  class space    used 10337K, committed 11072K, reserved 1048576K
}
Event: 80967.940 GC heap before
{Heap before GC invocations=43234 (full 743):
 PSYoungGen      total 4096K, used 3808K [0x00000000eab00000, 0x00000000eb100000, 0x0000000100000000)
  eden space 2048K, 100% used [0x00000000eab00000,0x00000000ead00000,0x00000000ead00000)
  from space 2048K, 85% used [0x00000000eaf00000,0x00000000eb0b8000,0x00000000eb100000)
  to   space 2048K, 0% used [0x00000000ead00000,0x00000000ead00000,0x00000000eaf00000)
 ParOldGen       total 266240K, used 261232K [0x00000000c0000000, 0x00000000d0400000, 0x00000000eab00000)
  object space 266240K, 98% used [0x00000000c0000000,0x00000000cff1c2d8,0x00000000d0400000)
 Metaspace       used 101216K, committed 102720K, reserved 1179648K
  class space    used 10337K, committed 11072K, reserved 1048576K
}
Event: 80967.943 GC heap after
{Heap after GC invocations=43234 (full 743):
 PSYoungGen      total 4096K, used 2048K [0x00000000eab00000, 0x00000000eb580000, 0x0000000100000000)
  eden space 2048K, 0% used [0x00000000eab00000,0x00000000eab00000,0x00000000ead00000)
  from space 2048K, 100% used [0x00000000ead00000,0x00000000eaf00000,0x00000000eaf00000)
  to   space 4096K, 0% used [0x00000000eb180000,0x00000000eb180000,0x00000000eb580000)
 ParOldGen       total 266240K, used 262896K [0x00000000c0000000, 0x00000000d0400000, 0x00000000eab00000)
  object space 266240K, 98% used [0x00000000c0000000,0x00000000d00bc2d8,0x00000000d0400000)
 Metaspace       used 101216K, committed 102720K, reserved 1179648K
  class space    used 10337K, committed 11072K, reserved 1048576K
}
Event: 80967.946 GC heap before
{Heap before GC invocations=43235 (full 743):
 PSYoungGen      total 4096K, used 4096K [0x00000000eab00000, 0x00000000eb580000, 0x0000000100000000)
  eden space 2048K, 100% used [0x00000000eab00000,0x00000000ead00000,0x00000000ead00000)
  from space 2048K, 100% used [0x00000000ead00000,0x00000000eaf00000,0x00000000eaf00000)
  to   space 4096K, 0% used [0x00000000eb180000,0x00000000eb180000,0x00000000eb580000)
 ParOldGen       total 266240K, used 262896K [0x00000000c0000000, 0x00000000d0400000, 0x00000000eab00000)
  object space 266240K, 98% used [0x00000000c0000000,0x00000000d00bc2d8,0x00000000d0400000)
 Metaspace       used 101216K, committed 102720K, reserved 1179648K
  class space    used 10337K, committed 11072K, reserved 1048576K
}

Deoptimization events (20 events):
Event: 80943.214 Thread 0x0000029d2f560e80 Uncommon trap: trap_request=0xffffffc6 fr.pc=0x0000029d1075b3a4 relative=0x0000000000000944
Event: 80943.214 Thread 0x0000029d2f560e80 Uncommon trap: reason=bimorphic_or_optimized_type_check action=maybe_recompile pc=0x0000029d1075b3a4 method=org.eclipse.jdt.internal.formatter.linewrap.WrapPreparator.handleAnnotations(Ljava/util/List;I)V @ 19 c2
Event: 80943.214 Thread 0x0000029d2f560e80 DEOPT PACKING pc=0x0000029d1075b3a4 sp=0x000000b3dd4fe7b0
Event: 80943.214 Thread 0x0000029d2f560e80 DEOPT UNPACKING pc=0x0000029d078c20a3 sp=0x000000b3dd4fe760 mode 2
Event: 80943.252 Thread 0x0000029d1be4d560 Uncommon trap: trap_request=0xffffffde fr.pc=0x0000029d0f93e0b0 relative=0x0000000000000210
Event: 80943.252 Thread 0x0000029d1be4d560 Uncommon trap: reason=class_check action=maybe_recompile pc=0x0000029d0f93e0b0 method=org.eclipse.jdt.internal.core.util.Util.equalArraysOrNull([Ljava/lang/Object;[Ljava/lang/Object;)Z @ 55 c2
Event: 80943.252 Thread 0x0000029d1be4d560 DEOPT PACKING pc=0x0000029d0f93e0b0 sp=0x000000b3dd2fe1e0
Event: 80943.252 Thread 0x0000029d1be4d560 DEOPT UNPACKING pc=0x0000029d078c20a3 sp=0x000000b3dd2fe178 mode 2
Event: 80967.857 Thread 0x0000029d2f560e80 Uncommon trap: trap_request=0xffffffc6 fr.pc=0x0000029d10b6e174 relative=0x0000000000000614
Event: 80967.857 Thread 0x0000029d2f560e80 Uncommon trap: reason=bimorphic_or_optimized_type_check action=maybe_recompile pc=0x0000029d10b6e174 method=org.eclipse.jdt.internal.formatter.LineBreaksPreparator.handleAnnotations(Ljava/util/List;Z)V @ 19 c2
Event: 80967.857 Thread 0x0000029d2f560e80 DEOPT PACKING pc=0x0000029d10b6e174 sp=0x000000b3dd4fe810
Event: 80967.857 Thread 0x0000029d2f560e80 DEOPT UNPACKING pc=0x0000029d078c20a3 sp=0x000000b3dd4fe7a8 mode 2
Event: 80967.857 Thread 0x0000029d2f560e80 Uncommon trap: trap_request=0xffffffc6 fr.pc=0x0000029d1075b3a4 relative=0x0000000000000944
Event: 80967.857 Thread 0x0000029d2f560e80 Uncommon trap: reason=bimorphic_or_optimized_type_check action=maybe_recompile pc=0x0000029d1075b3a4 method=org.eclipse.jdt.internal.formatter.linewrap.WrapPreparator.handleAnnotations(Ljava/util/List;I)V @ 19 c2
Event: 80967.857 Thread 0x0000029d2f560e80 DEOPT PACKING pc=0x0000029d1075b3a4 sp=0x000000b3dd4fe7b0
Event: 80967.857 Thread 0x0000029d2f560e80 DEOPT UNPACKING pc=0x0000029d078c20a3 sp=0x000000b3dd4fe760 mode 2
Event: 80967.908 Thread 0x0000029d1be4d560 Uncommon trap: trap_request=0xffffffde fr.pc=0x0000029d0f93e0b0 relative=0x0000000000000210
Event: 80967.908 Thread 0x0000029d1be4d560 Uncommon trap: reason=class_check action=maybe_recompile pc=0x0000029d0f93e0b0 method=org.eclipse.jdt.internal.core.util.Util.equalArraysOrNull([Ljava/lang/Object;[Ljava/lang/Object;)Z @ 55 c2
Event: 80967.908 Thread 0x0000029d1be4d560 DEOPT PACKING pc=0x0000029d0f93e0b0 sp=0x000000b3dd2fe1e0
Event: 80967.908 Thread 0x0000029d1be4d560 DEOPT UNPACKING pc=0x0000029d078c20a3 sp=0x000000b3dd2fe178 mode 2

Classes loaded (20 events):
Event: 2067.863 Loading class java/util/AbstractList$SubList$1
Event: 2067.863 Loading class java/util/AbstractList$SubList$1 done
Event: 2428.081 Loading class java/util/ArrayDeque$DeqSpliterator
Event: 2428.081 Loading class java/util/ArrayDeque$DeqSpliterator done
Event: 2803.223 Loading class java/util/stream/SliceOps
Event: 2803.223 Loading class java/util/stream/SliceOps done
Event: 2803.223 Loading class java/util/stream/SliceOps$1
Event: 2803.224 Loading class java/util/stream/SliceOps$1 done
Event: 2803.224 Loading class java/util/stream/SliceOps$1$1
Event: 2803.224 Loading class java/util/stream/SliceOps$1$1 done
Event: 3132.885 Loading class java/lang/Throwable$WrappedPrintStream
Event: 3132.885 Loading class java/lang/Throwable$WrappedPrintStream done
Event: 3183.762 Loading class java/util/function/IntBinaryOperator
Event: 3183.762 Loading class java/util/function/IntBinaryOperator done
Event: 3183.762 Loading class java/util/stream/ReduceOps$6
Event: 3183.762 Loading class java/util/stream/ReduceOps$6 done
Event: 3183.762 Loading class java/util/stream/ReduceOps$5ReducingSink
Event: 3183.762 Loading class java/util/stream/ReduceOps$5ReducingSink done
Event: 3254.234 Loading class java/util/EmptyStackException
Event: 3254.234 Loading class java/util/EmptyStackException done

Classes unloaded (20 events):
Event: 5044.076 Thread 0x0000029d7e817cb0 Unloading class 0x0000000800e0d000 'jdk/internal/reflect/GeneratedSerializationConstructorAccessor2'
Event: 5044.076 Thread 0x0000029d7e817cb0 Unloading class 0x0000000800e0cc00 'jdk/internal/reflect/GeneratedSerializationConstructorAccessor1'
Event: 5534.847 Thread 0x0000029d7e817cb0 Unloading class 0x0000000800c0b000 'java/lang/invoke/LambdaForm$MH+0x0000000800c0b000'
Event: 5534.847 Thread 0x0000029d7e817cb0 Unloading class 0x0000000800c07400 'java/lang/invoke/LambdaForm$MH+0x0000000800c07400'
Event: 5534.847 Thread 0x0000029d7e817cb0 Unloading class 0x0000000801118c00 'java/lang/invoke/LambdaForm$MH+0x0000000801118c00'
Event: 5706.083 Thread 0x0000029d7e817cb0 Unloading class 0x0000000800c8cc00 'java/lang/invoke/LambdaForm$MH+0x0000000800c8cc00'
Event: 5706.083 Thread 0x0000029d7e817cb0 Unloading class 0x000000080118c400 'java/lang/invoke/LambdaForm$MH+0x000000080118c400'
Event: 5706.083 Thread 0x0000029d7e817cb0 Unloading class 0x0000000800cd8000 'java/lang/invoke/LambdaForm$MH+0x0000000800cd8000'
Event: 5706.083 Thread 0x0000029d7e817cb0 Unloading class 0x0000000801228000 'java/lang/invoke/LambdaForm$MH+0x0000000801228000'
Event: 5706.083 Thread 0x0000029d7e817cb0 Unloading class 0x0000000801208800 'java/lang/invoke/LambdaForm$MH+0x0000000801208800'
Event: 5706.083 Thread 0x0000029d7e817cb0 Unloading class 0x00000008016e2400 'java/lang/invoke/LambdaForm$MH+0x00000008016e2400'
Event: 5706.083 Thread 0x0000029d7e817cb0 Unloading class 0x0000000800d9f400 'java/lang/invoke/LambdaForm$MH+0x0000000800d9f400'
Event: 5706.083 Thread 0x0000029d7e817cb0 Unloading class 0x000000080127c800 'java/lang/invoke/LambdaForm$MH+0x000000080127c800'
Event: 5713.414 Thread 0x0000029d7e817cb0 Unloading class 0x0000000800d27800 'java/lang/invoke/LambdaForm$MH+0x0000000800d27800'
Event: 80913.284 Thread 0x0000029d7e817cb0 Unloading class 0x000000080118dc00 'java/lang/invoke/LambdaForm$MH+0x000000080118dc00'
Event: 80913.284 Thread 0x0000029d7e817cb0 Unloading class 0x000000080118d800 'java/lang/invoke/LambdaForm$MH+0x000000080118d800'
Event: 80913.284 Thread 0x0000029d7e817cb0 Unloading class 0x0000000800e0d400 'java/lang/invoke/LambdaForm$MH+0x0000000800e0d400'
Event: 80913.284 Thread 0x0000029d7e817cb0 Unloading class 0x0000000800e0d000 'jdk/internal/reflect/GeneratedSerializationConstructorAccessor32'
Event: 80913.284 Thread 0x0000029d7e817cb0 Unloading class 0x0000000800f10800 'jdk/internal/reflect/GeneratedSerializationConstructorAccessor31'
Event: 80913.284 Thread 0x0000029d7e817cb0 Unloading class 0x0000000800f03000 'jdk/internal/reflect/GeneratedSerializationConstructorAccessor30'

Classes redefined (0 events):
No events

Internal exceptions (20 events):
Event: 5872.230 Thread 0x0000029d2f5621c0 Exception <a 'java/lang/InterruptedException'{0x00000000eadf0e30}> (0x00000000eadf0e30) 
thrown [s\open\src\hotspot\share\runtime\objectMonitor.cpp, line 1661]
Event: 5880.652 Thread 0x0000029d1be4aa10 Exception <a 'sun/nio/fs/WindowsException'{0x00000000eaeb4910}> (0x00000000eaeb4910) 
thrown [s\open\src\hotspot\share\prims\jni.cpp, line 516]
Event: 5880.902 Thread 0x0000029d1be4aa10 Exception <a 'sun/nio/fs/WindowsException'{0x00000000eab89948}> (0x00000000eab89948) 
thrown [s\open\src\hotspot\share\prims\jni.cpp, line 516]
Event: 5883.954 Thread 0x0000029d1be4aa10 Exception <a 'sun/nio/fs/WindowsException'{0x00000000eae137b0}> (0x00000000eae137b0) 
thrown [s\open\src\hotspot\share\prims\jni.cpp, line 516]
Event: 5884.232 Thread 0x0000029d1be4aa10 Exception <a 'sun/nio/fs/WindowsException'{0x00000000eab26f40}> (0x00000000eab26f40) 
thrown [s\open\src\hotspot\share\prims\jni.cpp, line 516]
Event: 5905.870 Thread 0x0000029d1be4aa10 Exception <a 'sun/nio/fs/WindowsException'{0x00000000eab69010}> (0x00000000eab69010) 
thrown [s\open\src\hotspot\share\prims\jni.cpp, line 516]
Event: 5906.133 Thread 0x0000029d1be4aa10 Exception <a 'sun/nio/fs/WindowsException'{0x00000000eacbd700}> (0x00000000eacbd700) 
thrown [s\open\src\hotspot\share\prims\jni.cpp, line 516]
Event: 5953.360 Thread 0x0000029d1be4aa10 Exception <a 'sun/nio/fs/WindowsException'{0x00000000eabc9a30}> (0x00000000eabc9a30) 
thrown [s\open\src\hotspot\share\prims\jni.cpp, line 516]
Event: 5953.521 Thread 0x0000029d1be4aa10 Exception <a 'sun/nio/fs/WindowsException'{0x00000000eb04ac68}> (0x00000000eb04ac68) 
thrown [s\open\src\hotspot\share\prims\jni.cpp, line 516]
Event: 5955.497 Thread 0x0000029d1be4aa10 Exception <a 'sun/nio/fs/WindowsException'{0x00000000eb061738}> (0x00000000eb061738) 
thrown [s\open\src\hotspot\share\prims\jni.cpp, line 516]
Event: 5955.749 Thread 0x0000029d1be4aa10 Exception <a 'sun/nio/fs/WindowsException'{0x00000000eafba578}> (0x00000000eafba578) 
thrown [s\open\src\hotspot\share\prims\jni.cpp, line 516]
Event: 80824.760 Thread 0x0000029d1e7a7af0 Exception <a 'sun/nio/fs/WindowsException'{0x00000000ead5b6c8}> (0x00000000ead5b6c8) 
thrown [s\open\src\hotspot\share\prims\jni.cpp, line 516]
Event: 80824.761 Thread 0x0000029d1e7a7af0 Exception <a 'sun/nio/fs/WindowsException'{0x00000000ead5b9b8}> (0x00000000ead5b9b8) 
thrown [s\open\src\hotspot\share\prims\jni.cpp, line 516]
Event: 80824.762 Thread 0x0000029d1e7a7af0 Exception <a 'sun/nio/fs/WindowsException'{0x00000000ead5c318}> (0x00000000ead5c318) 
thrown [s\open\src\hotspot\share\prims\jni.cpp, line 516]
Event: 80824.762 Thread 0x0000029d1e7a7af0 Exception <a 'sun/nio/fs/WindowsException'{0x00000000ead5c5e8}> (0x00000000ead5c5e8) 
thrown [s\open\src\hotspot\share\prims\jni.cpp, line 516]
Event: 80927.619 Thread 0x0000029d1be4aa10 Exception <a 'sun/nio/fs/WindowsException'{0x00000000eab51ef0}> (0x00000000eab51ef0) 
thrown [s\open\src\hotspot\share\prims\jni.cpp, line 516]
Event: 80927.798 Thread 0x0000029d1be4aa10 Exception <a 'sun/nio/fs/WindowsException'{0x00000000eab90e60}> (0x00000000eab90e60) 
thrown [s\open\src\hotspot\share\prims\jni.cpp, line 516]
Event: 80943.255 Thread 0x0000029d1be4aa10 Exception <a 'sun/nio/fs/WindowsException'{0x00000000ead5df08}> (0x00000000ead5df08) 
thrown [s\open\src\hotspot\share\prims\jni.cpp, line 516]
Event: 80943.542 Thread 0x0000029d1be4aa10 Exception <a 'sun/nio/fs/WindowsException'{0x00000000eaeab470}> (0x00000000eaeab470) 
thrown [s\open\src\hotspot\share\prims\jni.cpp, line 516]
Event: 80967.910 Thread 0x0000029d1be4aa10 Exception <a 'sun/nio/fs/WindowsException'{0x00000000eac0a110}> (0x00000000eac0a110) 
thrown [s\open\src\hotspot\share\prims\jni.cpp, line 516]

VM Operations (20 events):
Event: 80967.907 Executing VM operation: ParallelGCFailedAllocation done
Event: 80967.913 Executing VM operation: ParallelGCFailedAllocation
Event: 80967.914 Executing VM operation: ParallelGCFailedAllocation done
Event: 80967.915 Executing VM operation: ParallelGCFailedAllocation
Event: 80967.916 Executing VM operation: ParallelGCFailedAllocation done
Event: 80967.917 Executing VM operation: ParallelGCFailedAllocation
Event: 80967.918 Executing VM operation: ParallelGCFailedAllocation done
Event: 80967.919 Executing VM operation: ParallelGCFailedAllocation
Event: 80967.920 Executing VM operation: ParallelGCFailedAllocation done
Event: 80967.922 Executing VM operation: ParallelGCFailedAllocation
Event: 80967.923 Executing VM operation: ParallelGCFailedAllocation done
Event: 80967.926 Executing VM operation: ParallelGCFailedAllocation
Event: 80967.928 Executing VM operation: ParallelGCFailedAllocation done
Event: 80967.930 Executing VM operation: ParallelGCFailedAllocation
Event: 80967.932 Executing VM operation: ParallelGCFailedAllocation done
Event: 80967.935 Executing VM operation: ParallelGCFailedAllocation
Event: 80967.937 Executing VM operation: ParallelGCFailedAllocation done
Event: 80967.940 Executing VM operation: ParallelGCFailedAllocation
Event: 80967.943 Executing VM operation: ParallelGCFailedAllocation done
Event: 80967.946 Executing VM operation: ParallelGCFailedAllocation

Events (20 events):
Event: 80927.631 Thread 0x0000029d7e8206f0 flushing nmethod 0x0000029d0a09dd90
Event: 80927.631 Thread 0x0000029d7e8206f0 flushing nmethod 0x0000029d0a14ab10
Event: 80927.631 Thread 0x0000029d7e8206f0 flushing nmethod 0x0000029d0a17a090
Event: 80927.631 Thread 0x0000029d7e8206f0 flushing nmethod 0x0000029d0a1db890
Event: 80927.631 Thread 0x0000029d7e8206f0 flushing nmethod 0x0000029d0a240290
Event: 80927.631 Thread 0x0000029d7e8206f0 flushing nmethod 0x0000029d0a24df10
Event: 80927.631 Thread 0x0000029d7e8206f0 flushing nmethod 0x0000029d0a288d90
Event: 80927.631 Thread 0x0000029d7e8206f0 flushing nmethod 0x0000029d0a295310
Event: 80927.631 Thread 0x0000029d7e8206f0 flushing nmethod 0x0000029d0a2bbc10
Event: 80927.634 Thread 0x0000029d7e8206f0 flushing nmethod 0x0000029d0a36b290
Event: 80927.634 Thread 0x0000029d7e8206f0 flushing nmethod 0x0000029d0a3b6d90
Event: 80927.634 Thread 0x0000029d7e8206f0 flushing nmethod 0x0000029d0a428710
Event: 80927.635 Thread 0x0000029d7e8206f0 flushing nmethod 0x0000029d0a524990
Event: 80927.635 Thread 0x0000029d7e8206f0 flushing nmethod 0x0000029d0a668d90
Event: 80927.639 Thread 0x0000029d7e8206f0 flushing nmethod 0x0000029d0a8fc610
Event: 80927.639 Thread 0x0000029d7e8206f0 flushing nmethod 0x0000029d0aa8c810
Event: 80927.817 Thread 0x0000029d207c8580 Thread added: 0x0000029d207c8580
Event: 80927.835 Thread 0x0000029d207c8580 Thread exited: 0x0000029d207c8580
Event: 80943.522 Thread 0x0000029d207c8580 Thread added: 0x0000029d207c8580
Event: 80943.535 Thread 0x0000029d207c8580 Thread exited: 0x0000029d207c8580


Dynamic libraries:
0x00007ff6f64e0000 - 0x00007ff6f64f0000 	C:\Program Files\Java\jdk-18.0.2\bin\java.exe
0x00007ff8bea70000 - 0x00007ff8bec84000 	C:\WINDOWS\SYSTEM32\ntdll.dll
0x00007ff8bdac0000 - 0x00007ff8bdb82000 	C:\WINDOWS\System32\KERNEL32.DLL
0x00007ff8bc090000 - 0x00007ff8bc433000 	C:\WINDOWS\System32\KERNELBASE.dll
0x00007ff8bc6c0000 - 0x00007ff8bc7d1000 	C:\WINDOWS\System32\ucrtbase.dll
0x00007ff899080000 - 0x00007ff89909a000 	C:\Program Files\Java\jdk-18.0.2\bin\VCRUNTIME140.dll
0x00007ff898ef0000 - 0x00007ff898f08000 	C:\Program Files\Java\jdk-18.0.2\bin\jli.dll
0x00007ff8bdc30000 - 0x00007ff8bdcde000 	C:\WINDOWS\System32\ADVAPI32.dll
0x00007ff8be980000 - 0x00007ff8bea27000 	C:\WINDOWS\System32\msvcrt.dll
0x00007ff8bde90000 - 0x00007ff8bdf34000 	C:\WINDOWS\System32\sechost.dll
0x00007ff8bd9a0000 - 0x00007ff8bdab7000 	C:\WINDOWS\System32\RPCRT4.dll
0x00007ff8bdf40000 - 0x00007ff8be0ea000 	C:\WINDOWS\System32\USER32.dll
0x00007ff8bbe70000 - 0x00007ff8bbe96000 	C:\WINDOWS\System32\win32u.dll
0x00007ff8ab970000 - 0x00007ff8abbfe000 	C:\WINDOWS\WinSxS\amd64_microsoft.windows.common-controls_6595b64144ccf1df_6.0.22621.1635_none_270f70857386168e\COMCTL32.dll
0x00007ff8be280000 - 0x00007ff8be2a9000 	C:\WINDOWS\System32\GDI32.dll
0x00007ff8bc4e0000 - 0x00007ff8bc5f9000 	C:\WINDOWS\System32\gdi32full.dll
0x00007ff8bc440000 - 0x00007ff8bc4da000 	C:\WINDOWS\System32\msvcp_win.dll
0x00007ff8b1ef0000 - 0x00007ff8b1efa000 	C:\WINDOWS\SYSTEM32\VERSION.dll
0x00007ff8be750000 - 0x00007ff8be781000 	C:\WINDOWS\System32\IMM32.DLL
0x00007ff8a08f0000 - 0x00007ff8a08fc000 	C:\Program Files\Java\jdk-18.0.2\bin\vcruntime140_1.dll
0x00007ff872020000 - 0x00007ff8720ad000 	C:\Program Files\Java\jdk-18.0.2\bin\msvcp140.dll
0x00007fffbfc20000 - 0x00007fffc0831000 	C:\Program Files\Java\jdk-18.0.2\bin\server\jvm.dll
0x00007ff8bde80000 - 0x00007ff8bde88000 	C:\WINDOWS\System32\PSAPI.DLL
0x00007ff8990b0000 - 0x00007ff8990b9000 	C:\WINDOWS\SYSTEM32\WSOCK32.dll
0x00007ff8bdbb0000 - 0x00007ff8bdc21000 	C:\WINDOWS\System32\WS2_32.dll
0x00007ff8b33b0000 - 0x00007ff8b33e4000 	C:\WINDOWS\SYSTEM32\WINMM.dll
0x00007ff8baf60000 - 0x00007ff8baf78000 	C:\WINDOWS\SYSTEM32\kernel.appcore.dll
0x00007ff89f630000 - 0x00007ff89f63a000 	C:\Program Files\Java\jdk-18.0.2\bin\jimage.dll
0x00007ff8b98c0000 - 0x00007ff8b9aee000 	C:\WINDOWS\SYSTEM32\DBGHELP.DLL
0x00007ff8be310000 - 0x00007ff8be699000 	C:\WINDOWS\System32\combase.dll
0x00007ff8be890000 - 0x00007ff8be967000 	C:\WINDOWS\System32\OLEAUT32.dll
0x00007ff8a0960000 - 0x00007ff8a0992000 	C:\WINDOWS\SYSTEM32\dbgcore.DLL
0x00007ff8bbea0000 - 0x00007ff8bbf1a000 	C:\WINDOWS\System32\bcryptPrimitives.dll
0x00007ff89f280000 - 0x00007ff89f28e000 	C:\Program Files\Java\jdk-18.0.2\bin\instrument.dll
0x00007ff88b9a0000 - 0x00007ff88b9c5000 	C:\Program Files\Java\jdk-18.0.2\bin\java.dll
0x00007ff8108e0000 - 0x00007ff8109b6000 	C:\Program Files\Java\jdk-18.0.2\bin\jsvml.dll
0x00007ff8bd1a0000 - 0x00007ff8bd999000 	C:\WINDOWS\System32\SHELL32.dll
0x00007ff8b9e20000 - 0x00007ff8ba6ee000 	C:\WINDOWS\SYSTEM32\windows.storage.dll
0x00007ff8b9ce0000 - 0x00007ff8b9e1e000 	C:\WINDOWS\SYSTEM32\wintypes.dll
0x00007ff8be790000 - 0x00007ff8be881000 	C:\WINDOWS\System32\SHCORE.dll
0x00007ff8be2b0000 - 0x00007ff8be30e000 	C:\WINDOWS\System32\shlwapi.dll
0x00007ff8bbda0000 - 0x00007ff8bbdc6000 	C:\WINDOWS\SYSTEM32\profapi.dll
0x00007ff890cf0000 - 0x00007ff890d08000 	C:\Program Files\Java\jdk-18.0.2\bin\zip.dll
0x00007ff88f4c0000 - 0x00007ff88f4d3000 	C:\Program Files\Java\jdk-18.0.2\bin\net.dll
0x00007ff8b4060000 - 0x00007ff8b4197000 	C:\WINDOWS\SYSTEM32\WINHTTP.dll
0x00007ff8bb3d0000 - 0x00007ff8bb439000 	C:\WINDOWS\system32\mswsock.dll
0x00007ff88daa0000 - 0x00007ff88dab6000 	C:\Program Files\Java\jdk-18.0.2\bin\nio.dll
0x00007ff89f250000 - 0x00007ff89f260000 	C:\Program Files\Java\jdk-18.0.2\bin\verify.dll
0x00007ff885200000 - 0x00007ff88523e000 	C:\Users\brend\AppData\Roaming\Code\User\globalStorage\redhat.java\1.21.0\config_win\org.eclipse.equinox.launcher\org.eclipse.equinox.launcher.win32.win32.x86_64_1.2.700.v20221108-1024\eclipse_11801.dll
0x00007ff8bdce0000 - 0x00007ff8bde7c000 	C:\WINDOWS\System32\ole32.dll
0x00007ff8bb6f0000 - 0x00007ff8bb70b000 	C:\WINDOWS\SYSTEM32\CRYPTSP.dll
0x00007ff8baed0000 - 0x00007ff8baf05000 	C:\WINDOWS\system32\rsaenh.dll
0x00007ff8bb470000 - 0x00007ff8bb49c000 	C:\WINDOWS\SYSTEM32\USERENV.dll
0x00007ff8bb820000 - 0x00007ff8bb848000 	C:\WINDOWS\SYSTEM32\bcrypt.dll
0x00007ff8bb6d0000 - 0x00007ff8bb6dc000 	C:\WINDOWS\SYSTEM32\CRYPTBASE.dll
0x00007ff8ba9c0000 - 0x00007ff8ba9ed000 	C:\WINDOWS\SYSTEM32\IPHLPAPI.DLL
0x00007ff8be200000 - 0x00007ff8be209000 	C:\WINDOWS\System32\NSI.dll
0x00007ff8b4540000 - 0x00007ff8b4559000 	C:\WINDOWS\SYSTEM32\dhcpcsvc6.DLL
0x00007ff8b3b30000 - 0x00007ff8b3b4f000 	C:\WINDOWS\SYSTEM32\dhcpcsvc.DLL
0x00007ff8baa30000 - 0x00007ff8bab23000 	C:\WINDOWS\SYSTEM32\DNSAPI.dll
0x00007ff871f80000 - 0x00007ff871fc5000 	C:\Users\brend\AppData\Local\Temp\jna-94001803\jna17443495602352309699.dll
0x00007ff89f3f0000 - 0x00007ff89f3fe000 	C:\Program Files\Java\jdk-18.0.2\bin\sunmscapi.dll
0x00007ff8bbf20000 - 0x00007ff8bc087000 	C:\WINDOWS\System32\CRYPT32.dll
0x00007ff8bb7f0000 - 0x00007ff8bb81e000 	C:\WINDOWS\SYSTEM32\ncrypt.dll
0x00007ff8bb7b0000 - 0x00007ff8bb7e7000 	C:\WINDOWS\SYSTEM32\NTASN1.dll
0x000000005ca90000 - 0x000000005cac5000 	C:\Program Files\Bonjour\mdnsNSP.dll
0x00007ff8b4510000 - 0x00007ff8b451a000 	C:\Windows\System32\rasadhlp.dll
0x00007ff8b2e90000 - 0x00007ff8b2f14000 	C:\WINDOWS\System32\fwpuclnt.dll
0x00007ff87ae20000 - 0x00007ff87ae47000 	C:\Users\brend\.gradle\native\68d5fa5c4cc2d200863cafc0d521ce42e7d3e7ee720ec0a83991735586a16f82\windows-amd64\native-platform.dll
0x00007ff89f210000 - 0x00007ff89f219000 	C:\Program Files\Java\jdk-18.0.2\bin\management.dll
0x00007ff89d870000 - 0x00007ff89d87b000 	C:\Program Files\Java\jdk-18.0.2\bin\management_ext.dll

dbghelp: loaded successfully - version: 4.0.5 - missing functions: none
symbol engine: initialized successfully - sym options: 0x614 - pdb path: .;C:\Program Files\Java\jdk-18.0.2\bin;C:\WINDOWS\SYSTEM32;C:\WINDOWS\WinSxS\amd64_microsoft.windows.common-controls_6595b64144ccf1df_6.0.22621.1635_none_270f70857386168e;C:\Program Files\Java\jdk-18.0.2\bin\server;C:\Users\brend\AppData\Roaming\Code\User\globalStorage\redhat.java\1.21.0\config_win\org.eclipse.equinox.launcher\org.eclipse.equinox.launcher.win32.win32.x86_64_1.2.700.v20221108-1024;C:\Users\brend\AppData\Local\Temp\jna-94001803;C:\Program Files\Bonjour;C:\Users\brend\.gradle\native\68d5fa5c4cc2d200863cafc0d521ce42e7d3e7ee720ec0a83991735586a16f82\windows-amd64

VM Arguments:
jvm_args: --add-modules=ALL-SYSTEM --add-opens=java.base/java.util=ALL-UNNAMED --add-opens=java.base/java.lang=ALL-UNNAMED --add-opens=java.base/sun.nio.fs=ALL-UNNAMED -Declipse.application=org.eclipse.jdt.ls.core.id1 -Dosgi.bundles.defaultStartLevel=4 -Declipse.product=org.eclipse.jdt.ls.core.product -Djava.import.generatesMetadataFilesAtProjectRoot=false -Dfile.encoding=utf8 -XX:+UseParallelGC -XX:GCTimeRatio=4 -XX:AdaptiveSizePolicyWeight=90 -Dsun.zip.disableMemoryMapping=true -Xmx1G -Xms100m -Xlog:disable -javaagent:c:\Users\brend\.vscode\extensions\redhat.java-1.21.0-win32-x64\lombok\lombok-1.18.28.jar -XX:+HeapDumpOnOutOfMemoryError -XX:HeapDumpPath=c:\Users\brend\AppData\Roaming\Code\User\workspaceStorage\740d546d7c3ef9ec51985389fff41459\redhat.java -Daether.dependencyCollector.impl=bf 
java_command: c:\Users\brend\.vscode\extensions\redhat.java-1.21.0-win32-x64\server\plugins\org.eclipse.equinox.launcher_1.6.500.v20230717-2134.jar -configuration c:\Users\brend\AppData\Roaming\Code\User\globalStorage\redhat.java\1.21.0\config_win -data c:\Users\brend\AppData\Roaming\Code\User\workspaceStorage\740d546d7c3ef9ec51985389fff41459\redhat.java\jdt_ws
java_class_path (initial): c:\Users\brend\.vscode\extensions\redhat.java-1.21.0-win32-x64\server\plugins\org.eclipse.equinox.launcher_1.6.500.v20230717-2134.jar
Launcher Type: SUN_STANDARD

[Global flags]
    uintx AdaptiveSizePolicyWeight                 = 90                                        {product} {command line}
     intx CICompilerCount                          = 12                                        {product} {ergonomic}
    uintx GCTimeRatio                              = 4                                         {product} {command line}
     bool HeapDumpOnOutOfMemoryError               = true                                   {manageable} {command line}
    ccstr HeapDumpPath                             = c:\Users\brend\AppData\Roaming\Code\User\workspaceStorage\740d546d7c3ef9ec51985389fff41459\redhat.java         {manageable} {command line}
   size_t InitialHeapSize                          = 104857600                                 {product} {command line}
   size_t MaxHeapSize                              = 1073741824                                {product} {command line}
   size_t MaxNewSize                               = 357564416                                 {product} {ergonomic}
   size_t MinHeapDeltaBytes                        = 524288                                    {product} {ergonomic}
   size_t MinHeapSize                              = 104857600                                 {product} {command line}
   size_t NewSize                                  = 34603008                                  {product} {ergonomic}
    uintx NonNMethodCodeHeapSize                   = 7602480                                {pd product} {ergonomic}
    uintx NonProfiledCodeHeapSize                  = 122027880                              {pd product} {ergonomic}
   size_t OldSize                                  = 70254592                                  {product} {ergonomic}
    uintx ProfiledCodeHeapSize                     = 122027880                              {pd product} {ergonomic}
    uintx ReservedCodeCacheSize                    = 251658240                              {pd product} {ergonomic}
     bool SegmentedCodeCache                       = true                                      {product} {ergonomic}
   size_t SoftMaxHeapSize                          = 1073741824                             {manageable} {ergonomic}
     bool UseCompressedClassPointers               = true                           {product lp64_product} {ergonomic}
     bool UseCompressedOops                        = true                           {product lp64_product} {ergonomic}
     bool UseLargePagesIndividualAllocation        = false                                  {pd product} {ergonomic}
     bool UseParallelGC                            = true                                      {product} {command line}

Logging:
Log output configuration:
 #0: stdout all=off uptime,level,tags foldmultilines=false
 #1: stderr all=off uptime,level,tags foldmultilines=false

Environment Variables:
PATH=E:\Oculus\Support\oculus-runtime;C:\Program Files\Eclipse Adoptium\jdk-17.0.4.8-hotspot\bin;C:\Program Files\Common Files\Oracle\Java\javapath;C:\Program Files\Microsoft MPI\Bin\;C:\Program Files (x86)\Common Files\Intel\Shared Libraries\redist\intel64\compiler;C:\Python39\Scripts\;C:\Python39\;C:\Windows\system32;C:\Windows;C:\Windows\System32\Wbem;C:\Windows\System32\WindowsPowerShell\v1.0\;C:\Windows\System32\OpenSSH\;C:\Program Files\NVIDIA Corporation\NVIDIA NvDLISR;C:\Program Files\Git\cmd;C:\Program Files\nodejs\;C:\ProgramData\chocolatey\bin;C:\Program Files\dotnet\;C:\Program Files\Microsoft SQL Server\Client SDK\ODBC\170\Tools\Binn\;C:\Program Files (x86)\Microsoft SQL Server\130\DTS\Binn\;C:\Program Files\Microsoft SQL Server\Client SDK\ODBC\130\Tools\Binn\;C:\Program Files\CMake\bin;C:\WINDOWS\system32;C:\WINDOWS;C:\WINDOWS\System32\Wbem;C:\WINDOWS\System32\WindowsPowerShell\v1.0\;C:\WINDOWS\System32\OpenSSH\;C:\Program Files (x86)\Calibre2\;C:\Program Files (x86)\Google\Cloud SDK\google-cloud-sdk\bin;C:\Program Files\PuTTY\;C:\xampp\php;C:\ProgramData\ComposerSetup\bin;C:\WINDOWS\system32;C:\WINDOWS;C:\WINDOWS\System32\Wbem;C:\WINDOWS\System32\WindowsPowerShell\v1.0\;C:\WINDOWS\System32\OpenSSH\;C:\Program Files\Docker\Docker\resources\bin;C:\ProgramData\DockerDesktop\version-bin;C:\Program Files (x86)\NVIDIA Corporation\PhysX\Common;C:\Program Files\MySQL\MySQL Shell 8.0\bin\;C:\Users\brend\.cargo\bin;C:\Users\brend\AppData\Local\Microsoft\WindowsApps;C:\Users\brend\AppData\Local\Programs\Microsoft VS Code\bin;C:\Users\brend\AppData\Roaming\npm;C:\Users\brend\.dotnet\tools;C:\Program Files\Azure Data Studio\bin;C:\Program Files\JetBrains\IntelliJ IDEA 2021.2\bin;;C:\Program Files\JetBrains\IntelliJ IDEA Community Edition 2021.2\bin;;C:\Users\brend\AppData\Roaming\Composer\vendor\bin;C:\Users\brend\AppData\Local\GitHubDesktop\bin
USERNAME=brend
OS=Windows_NT
PROCESSOR_IDENTIFIER=Intel64 Family 6 Model 165 Stepping 5, GenuineIntel



---------------  S Y S T E M  ---------------

OS:
 Windows 11 , 64 bit Build 22621 (10.0.22621.1928)
OS uptime: 8 days 6:46 hours
Hyper-V role detected

CPU: total 20 (initial active 20) (10 cores per cpu, 2 threads per core) family 6 model 165 stepping 5 microcode 0xe0, cx8, cmov, fxsr, ht, mmx, 3dnowpref, sse, sse2, sse3, ssse3, sse4.1, sse4.2, popcnt, lzcnt, tsc, tscinvbit, avx, avx2, aes, erms, clmul, bmi1, bmi2, adx, fma, vzeroupper, clflush, clflushopt, hv

Memory: 4k page, system-wide physical 65404M (11520M free)
TotalPageFile size 159899M (AvailPageFile size 16650M)
current process WorkingSet (physical memory assigned to process): 559M, peak: 760M
current process commit charge ("private bytes"): 738M, peak: 831M

vm_info: Java HotSpot(TM) 64-Bit Server VM (18.0.2+9-61) for windows-amd64 JRE (18.0.2+9-61), built on Jun  7 2022 13:09:01 by "mach5one" with MS VC++ 16.8 / 16.9 (VS2019)

END.
