#
# A fatal error has been detected by the Java Runtime Environment:
#
#  EXCEPTION_ACCESS_VIOLATION (0xc0000005) at pc=0x00007ff869a47b34, pid=25856, tid=33612
#
# JRE version: Java(TM) SE Runtime Environment (18.0.2+9) (build 18.0.2+9-61)
# Java VM: Java HotSpot(TM) 64-Bit Server VM (18.0.2+9-61, mixed mode, sharing, tiered, compressed oops, compressed class ptrs, parallel gc, windows-amd64)
# Problematic frame:
# V  [jvm.dll+0x307b34]
#
# No core dump will be written. Minidumps are not enabled by default on client versions of Windows
#
# If you would like to submit a bug report, please visit:
#   https://bugreport.java.com/bugreport/crash.jsp
#

---------------  S U M M A R Y ------------

Command Line: --add-modules=ALL-SYSTEM --add-opens=java.base/java.util=ALL-UNNAMED --add-opens=java.base/java.lang=ALL-UNNAMED --add-opens=java.base/sun.nio.fs=ALL-UNNAMED -Declipse.application=org.eclipse.jdt.ls.core.id1 -Dosgi.bundles.defaultStartLevel=4 -Declipse.product=org.eclipse.jdt.ls.core.product -Djava.import.generatesMetadataFilesAtProjectRoot=false -Dfile.encoding=utf8 -XX:+UseParallelGC -XX:GCTimeRatio=4 -XX:AdaptiveSizePolicyWeight=90 -Dsun.zip.disableMemoryMapping=true -Xmx1G -Xms100m -Xlog:disable -javaagent:c:\Users\brend\.vscode\extensions\redhat.java-1.21.0-win32-x64\lombok\lombok-1.18.28.jar -XX:+HeapDumpOnOutOfMemoryError -XX:HeapDumpPath=c:\Users\brend\AppData\Roaming\Code\User\workspaceStorage\37c26aaaf44f27de3e38bd41993dd2a9\redhat.java -Daether.dependencyCollector.impl=bf c:\Users\brend\.vscode\extensions\redhat.java-1.21.0-win32-x64\server\plugins\org.eclipse.equinox.launcher_1.6.500.v20230717-2134.jar -configuration c:\Users\brend\AppData\Roaming\Code\User\globalStorage\redhat.java\1.21.0\config_win -data c:\Users\brend\AppData\Roaming\Code\User\workspaceStorage\37c26aaaf44f27de3e38bd41993dd2a9\redhat.java\jdt_ws

Host: Intel(R) Core(TM) i9-10900K CPU @ 3.70GHz, 20 cores, 95G,  Windows 11 , 64 bit Build 22621 (10.0.22621.2070)
Time: Mon Aug 21 21:57:59 2023 Eastern Daylight Time elapsed time: 105454.884055 seconds (1d 5h 17m 34s)

---------------  T H R E A D  ---------------

Current thread (0x000001e3d1394630):  WorkerThread "GC Thread#3" [stack: 0x000000bf77a00000,0x000000bf77b00000] [id=33612]

Stack: [0x000000bf77a00000,0x000000bf77b00000],  sp=0x000000bf77aff658,  free space=1021k
Native frames: (J=compiled Java code, j=interpreted, Vv=VM code, C=native code)
V  [jvm.dll+0x307b34]
V  [jvm.dll+0x6d9708]
V  [jvm.dll+0x6d9b7f]
V  [jvm.dll+0x820a44]
V  [jvm.dll+0x7a125a]
V  [jvm.dll+0x698275]
C  [ucrtbase.dll+0x29363]
C  [KERNEL32.DLL+0x126ad]
C  [ntdll.dll+0x5aa68]


siginfo: EXCEPTION_ACCESS_VIOLATION (0xc0000005), reading address 0x000001e37b365cc0


Register to memory mapping:

RIP=0x00007ff869a47b34 jvm.dll
RAX=0x000001e3b0882f60 points into unknown readable memory: 0x000001e37b365bc0 | c0 5b 36 7b e3 01 00 00
RBX=0x0000000000000004 is an unknown value
RCX=0x000001e37b365bc0 is an unknown value
RDX=0x0 is NULL
RSP=0x000000bf77aff658 points into unknown readable memory: 0x000000bf766ff498 | 98 f4 6f 76 bf 00 00 00
RBP=0x0 is NULL
RSI=0x0 is NULL
RDI=0x000001e3b0905270 points into unknown readable memory: 0x00007ff86a05e660 | 60 e6 05 6a f8 7f 00 00
R8 =0x0000000020b2e5b3 is an unknown value
R9 =0x0000000000000003 is an unknown value
R10=0x0000000000003da7 is an unknown value
R11=0x000001e3caae3c60 points into unknown readable memory: 0x0000000000000000 | 00 00 00 00 00 00 00 00
R12=0x0 is NULL
R13=0x000001e3d0e3c090 points into unknown readable memory: 0x000001e300000002 | 02 00 00 00 e3 01 00 00
R14=0x0000000000000018 is an unknown value
R15=0x000000bf77aff6c0 points into unknown readable memory: 0x0000000000000000 | 00 00 00 00 00 00 00 00


Registers:
RAX=0x000001e3b0882f60, RBX=0x0000000000000004, RCX=0x000001e37b365bc0, RDX=0x0000000000000000
RSP=0x000000bf77aff658, RBP=0x0000000000000000, RSI=0x0000000000000000, RDI=0x000001e3b0905270
R8 =0x0000000020b2e5b3, R9 =0x0000000000000003, R10=0x0000000000003da7, R11=0x000001e3caae3c60
R12=0x0000000000000000, R13=0x000001e3d0e3c090, R14=0x0000000000000018, R15=0x000000bf77aff6c0
RIP=0x00007ff869a47b34, EFLAGS=0x0000000000010293

Top of Stack: (sp=0x000000bf77aff658)
0x000000bf77aff658:   000000bf766ff498 0000000000000004
0x000000bf77aff668:   0000000000000005 0000000000000004
0x000000bf77aff678:   00007ff869e19708 000001e3caae3c00
0x000000bf77aff688:   000001e3caae3c00 0000000000000000
0x000000bf77aff698:   000000bf766ff4f0 000000bf766ff390
0x000000bf77aff6a8:   00007ff869e19b7f 000001e3caae3c00
0x000000bf77aff6b8:   000000bf77aff749 0000000000000000
0x000000bf77aff6c8:   000000bf766ff4d0 000001e3caae3c00
0x000000bf77aff6d8:   0000000000000004 000000000000000f
0x000000bf77aff6e8:   000000bf766fef38 0000000400000002
0x000000bf77aff6f8:   000001e3caae3c00 00007ff86a0bc250
0x000000bf77aff708:   000001e3caae3c00 000000bf766ff390
0x000000bf77aff718:   000001e3cac1cb80 00000000000003d8
0x000000bf77aff728:   000001e3cac1cb90 000001e3cac1cf68
0x000000bf77aff738:   00007ff86a0bc3a8 0000000000000004
0x000000bf77aff748:   0000000000000000 0000000000000000 

Instructions: (pc=0x00007ff869a47b34)
0x00007ff869a47a34:   02 0f 86 cd 01 00 00 48 8b 47 10 4c 8b 1c d8 45
0x00007ff869a47a44:   8b 8b 00 02 00 00 41 83 f9 ff 75 49 45 8b 83 04
0x00007ff869a47a54:   02 00 00 b8 5f 0b 4e 83 41 f7 e8 41 03 d0 c1 fa
0x00007ff869a47a64:   10 8b c2 c1 e8 1f 03 d0 41 69 c0 a7 41 00 00 69
0x00007ff869a47a74:   ca ff ff ff 7f 2b c1 85 c0 8d 88 ff ff ff 7f 0f
0x00007ff869a47a84:   4e c1 33 d2 41 89 83 04 02 00 00 f7 77 08 44 8b
0x00007ff869a47a94:   ca 3b d3 74 b7 8b d3 0f 1f 44 00 00 3b d3 74 05
0x00007ff869a47aa4:   41 3b d1 75 44 45 8b 83 04 02 00 00 b8 5f 0b 4e
0x00007ff869a47ab4:   83 41 f7 e8 41 03 d0 c1 fa 10 8b c2 c1 e8 1f 03
0x00007ff869a47ac4:   d0 41 69 c0 a7 41 00 00 69 ca ff ff ff 7f 2b c1
0x00007ff869a47ad4:   85 c0 8d 88 ff ff ff 7f 0f 4e c1 33 d2 41 89 83
0x00007ff869a47ae4:   04 02 00 00 f7 77 08 eb b3 41 8b c1 4c 8d 34 c5
0x00007ff869a47af4:   00 00 00 00 48 8b 47 10 49 8b 0c 06 8b 81 00 01
0x00007ff869a47b04:   00 00 44 8b 91 80 00 00 00 44 2b d0 8b c2 41 81
0x00007ff869a47b14:   e2 ff ff 01 00 41 81 fa ff ff 01 00 45 0f 44 d4
0x00007ff869a47b24:   48 8d 34 c5 00 00 00 00 48 8b 47 10 48 8b 0c 06
0x00007ff869a47b34:   8b 81 00 01 00 00 44 8b 81 80 00 00 00 44 2b c0
0x00007ff869a47b44:   32 c0 41 81 e0 ff ff 01 00 41 81 f8 ff ff 01 00
0x00007ff869a47b54:   45 0f 44 c4 45 3b c2 76 11 48 8b 47 10 48 8b 34
0x00007ff869a47b64:   06 48 8b 86 00 01 00 00 eb 1b 45 85 d2 0f 84 83
0x00007ff869a47b74:   00 00 00 48 8b 47 10 41 8b d1 49 8b 34 06 48 8b
0x00007ff869a47b84:   86 00 01 00 00 8b 8e 80 00 00 00 2b c8 81 e1 ff
0x00007ff869a47b94:   ff 01 00 81 f9 ff ff 01 00 41 0f 44 cc 85 c9 75
0x00007ff869a47ba4:   13 ba ff ff ff ff 32 c0 41 89 93 00 02 00 00 e9
0x00007ff869a47bb4:   c4 00 00 00 48 8b 8e 80 01 00 00 4c 8b c8 44 8b
0x00007ff869a47bc4:   c0 4e 8b 04 c1 8d 48 01 81 e1 ff ff 01 00 4d 89
0x00007ff869a47bd4:   07 45 8b c4 41 0f 94 c0 49 c1 e9 20 45 03 c8 49
0x00007ff869a47be4:   c1 e1 20 4c 0b c9 f0 4c 0f b1 8e 00 01 00 00 0f
0x00007ff869a47bf4:   94 c0 84 c0 75 05 ba ff ff ff ff 41 89 93 00 02
0x00007ff869a47c04:   00 00 eb 74 75 76 48 8b 47 10 8d 4b ff 83 e1 01
0x00007ff869a47c14:   4c 8b 14 c8 49 8b 82 00 01 00 00 41 8b 8a 80 00
0x00007ff869a47c24:   00 00 2b c8 81 e1 ff ff 01 00 81 f9 ff ff 01 00 


Stack slot to memory mapping:
stack at sp + 0 slots: 0x000000bf766ff498 points into unknown readable memory: 0x000001e3b08831e0 | e0 31 88 b0 e3 01 00 00
stack at sp + 1 slots: 0x0000000000000004 is an unknown value
stack at sp + 2 slots: 0x0000000000000005 is an unknown value
stack at sp + 3 slots: 0x0000000000000004 is an unknown value
stack at sp + 4 slots: 0x00007ff869e19708 jvm.dll
stack at sp + 5 slots: 0x000001e3caae3c00 points into unknown readable memory: 0x00007ff86a0bc0f0 | f0 c0 0b 6a f8 7f 00 00
stack at sp + 6 slots: 0x000001e3caae3c00 points into unknown readable memory: 0x00007ff86a0bc0f0 | f0 c0 0b 6a f8 7f 00 00
stack at sp + 7 slots: 0x0 is NULL


---------------  P R O C E S S  ---------------

Threads class SMR info:
_java_thread_list=0x000001e3d1144580, length=65, elements={
0x000001e3b08931b0, 0x000001e3c93a72c0, 0x000001e3c93aa610, 0x000001e3caaea320,
0x000001e3caaebed0, 0x000001e3caaf0c20, 0x000001e3caaeef40, 0x000001e3caafc700,
0x000001e3caafd190, 0x000001e3cab10380, 0x000001e3caaf0750, 0x000001e3caaee0d0,
0x000001e3caaed260, 0x000001e3caaed730, 0x000001e3caaf0280, 0x000001e3caaee5a0,
0x000001e3caaef8e0, 0x000001e3d17de720, 0x000001e3d17dad60, 0x000001e3d17dc570,
0x000001e3d17ddd80, 0x000001e3d17dca40, 0x000001e3d17db700, 0x000001e3d32cafa0,
0x000001e3d17dd3e0, 0x000001e3d17de250, 0x000001e3d17e0400, 0x000001e3d7268080,
0x000001e3d72676e0, 0x000001e3d7269d60, 0x000001e3d726a700, 0x000001e3d726b570,
0x000001e3d726abd0, 0x000001e3d7265ed0, 0x000001e3d72663a0, 0x000001e3d2ad6e20,
0x000001e3d2ad5140, 0x000001e3d2ad5610, 0x000001e3d2ad8630, 0x000001e3d2ad9e40,
0x000001e3d2adb180, 0x000001e3d2ad3930, 0x000001e3e1383220, 0x000001e3e137f860,
0x000001e3e13858a0, 0x000001e3e1381070, 0x000001e3e13836f0, 0x000001e3e13806d0,
0x000001e3d7267210, 0x000001e3d7268a20, 0x000001e3d726ba40, 0x000001e3d7265a00,
0x000001e3d0fcba40, 0x000001e3d7268550, 0x000001e3d0fce0c0, 0x000001e3e1381ee0,
0x000001e3e1384560, 0x000001e3e13823b0, 0x000001e3d32c8df0, 0x000001e3d32c9790,
0x000001e3d7266870, 0x000001e3d726b0a0, 0x000001e3d7266d40, 0x000001e3d726bf10,
0x000001e3d7267bb0
}

Java Threads: ( => current thread )
  0x000001e3b08931b0 JavaThread "main" [_thread_blocked, id=3892, stack(0x000000bf76400000,0x000000bf76500000)]
  0x000001e3c93a72c0 JavaThread "Reference Handler" daemon [_thread_blocked, id=29620, stack(0x000000bf76700000,0x000000bf76800000)]
  0x000001e3c93aa610 JavaThread "Finalizer" daemon [_thread_blocked, id=22328, stack(0x000000bf76800000,0x000000bf76900000)]
  0x000001e3caaea320 JavaThread "Signal Dispatcher" daemon [_thread_blocked, id=23416, stack(0x000000bf76900000,0x000000bf76a00000)]
  0x000001e3caaebed0 JavaThread "Attach Listener" daemon [_thread_blocked, id=20436, stack(0x000000bf76a00000,0x000000bf76b00000)]
  0x000001e3caaf0c20 JavaThread "Service Thread" daemon [_thread_blocked, id=18596, stack(0x000000bf76b00000,0x000000bf76c00000)]
  0x000001e3caaeef40 JavaThread "Monitor Deflation Thread" daemon [_thread_blocked, id=23156, stack(0x000000bf76c00000,0x000000bf76d00000)]
  0x000001e3caafc700 JavaThread "C2 CompilerThread0" daemon [_thread_blocked, id=26876, stack(0x000000bf76d00000,0x000000bf76e00000)]
  0x000001e3caafd190 JavaThread "C1 CompilerThread0" daemon [_thread_blocked, id=3224, stack(0x000000bf76e00000,0x000000bf76f00000)]
  0x000001e3cab10380 JavaThread "Sweeper thread" daemon [_thread_blocked, id=23356, stack(0x000000bf76f00000,0x000000bf77000000)]
  0x000001e3caaf0750 JavaThread "Common-Cleaner" daemon [_thread_blocked, id=24020, stack(0x000000bf77000000,0x000000bf77100000)]
  0x000001e3caaee0d0 JavaThread "Notification Thread" daemon [_thread_blocked, id=25248, stack(0x000000bf77500000,0x000000bf77600000)]
  0x000001e3caaed260 JavaThread "Active Thread: Equinox Container: 0ba6b31d-7b98-4b55-ba2f-21547a607666" [_thread_blocked, id=31700, stack(0x000000bf77e00000,0x000000bf77f00000)]
  0x000001e3caaed730 JavaThread "Framework Event Dispatcher: Equinox Container: 0ba6b31d-7b98-4b55-ba2f-21547a607666" daemon [_thread_blocked, id=29092, stack(0x000000bf77f00000,0x000000bf78000000)]
  0x000001e3caaf0280 JavaThread "Start Level: Equinox Container: 0ba6b31d-7b98-4b55-ba2f-21547a607666" daemon [_thread_blocked, id=27072, stack(0x000000bf78000000,0x000000bf78100000)]
  0x000001e3caaee5a0 JavaThread "SCR Component Actor" daemon [_thread_blocked, id=15292, stack(0x000000bf78100000,0x000000bf78200000)]
  0x000001e3caaef8e0 JavaThread "Worker-JM" [_thread_blocked, id=5916, stack(0x000000bf78500000,0x000000bf78600000)]
  0x000001e3d17de720 JavaThread "Java indexing" daemon [_thread_blocked, id=35120, stack(0x000000bf78800000,0x000000bf78900000)]
  0x000001e3d17dad60 JavaThread "JNA Cleaner" daemon [_thread_blocked, id=12068, stack(0x000000bf78f00000,0x000000bf79000000)]
  0x000001e3d17dc570 JavaThread "pool-2-thread-1" [_thread_blocked, id=26040, stack(0x000000bf79200000,0x000000bf79300000)]
  0x000001e3d17ddd80 JavaThread "WorkspaceEventsHandler" [_thread_blocked, id=1008, stack(0x000000bf79300000,0x000000bf79400000)]
  0x000001e3d17dca40 JavaThread "pool-1-thread-1" [_thread_in_native, id=30848, stack(0x000000bf79400000,0x000000bf79500000)]
  0x000001e3d17db700 JavaThread "Timer-0" [_thread_blocked, id=13344, stack(0x000000bf79c00000,0x000000bf79d00000)]
  0x000001e3d32cafa0 JavaThread "Bundle File Closer" daemon [_thread_blocked, id=25524, stack(0x000000bf7ae00000,0x000000bf7af00000)]
  0x000001e3d17dd3e0 JavaThread "Java Debug Server" daemon [_thread_in_native, id=32948, stack(0x000000bf76200000,0x000000bf76300000)]
  0x000001e3d17de250 JavaThread "RxSchedulerPurge-1" daemon [_thread_blocked, id=8708, stack(0x000000bf77300000,0x000000bf77400000)]
  0x000001e3d17e0400 JavaThread "RxCachedWorkerPoolEvictor-1" daemon [_thread_blocked, id=2896, stack(0x000000bf77400000,0x000000bf77500000)]
  0x000001e3d7268080 JavaThread "ForkJoinPool.commonPool-worker-334" daemon [_thread_blocked, id=21152, stack(0x000000bf77700000,0x000000bf77800000)]
  0x000001e3d72676e0 JavaThread "ForkJoinPool.commonPool-worker-336" daemon [_thread_blocked, id=5692, stack(0x000000bf78900000,0x000000bf78a00000)]
  0x000001e3d7269d60 JavaThread "ForkJoinPool.commonPool-worker-342" daemon [_thread_blocked, id=17168, stack(0x000000bf79900000,0x000000bf79a00000)]
  0x000001e3d726a700 JavaThread "ForkJoinPool.commonPool-worker-344" daemon [_thread_blocked, id=9704, stack(0x000000bf79b00000,0x000000bf79c00000)]
  0x000001e3d726b570 JavaThread "ForkJoinPool.commonPool-worker-345" daemon [_thread_blocked, id=15636, stack(0x000000bf79d00000,0x000000bf79e00000)]
  0x000001e3d726abd0 JavaThread "ForkJoinPool.commonPool-worker-346" daemon [_thread_blocked, id=29588, stack(0x000000bf79e00000,0x000000bf79f00000)]
  0x000001e3d7265ed0 JavaThread "ForkJoinPool.commonPool-worker-352" daemon [_thread_blocked, id=33416, stack(0x000000bf7a400000,0x000000bf7a500000)]
  0x000001e3d72663a0 JavaThread "ForkJoinPool.commonPool-worker-353" daemon [_thread_blocked, id=20576, stack(0x000000bf7a500000,0x000000bf7a600000)]
  0x000001e3d2ad6e20 JavaThread "pool-4-thread-5" [_thread_in_native, id=2004, stack(0x000000bf79100000,0x000000bf79200000)]
  0x000001e3d2ad5140 JavaThread "RxNewThreadScheduler-45" daemon [_thread_blocked, id=6472, stack(0x000000bf7a600000,0x000000bf7a700000)]
  0x000001e3d2ad5610 JavaThread "Packet Receive Manager" daemon [_thread_in_native, id=37768, stack(0x000000bf7b200000,0x000000bf7b300000)]
  0x000001e3d2ad8630 JavaThread "Packet Send Manager" daemon [_thread_blocked, id=30964, stack(0x000000bf7aa00000,0x000000bf7ab00000)]
  0x000001e3d2ad9e40 JavaThread "Event Hub" daemon [_thread_blocked, id=15260, stack(0x000000bf7b000000,0x000000bf7b100000)]
  0x000001e3d2adb180 JavaThread "ForkJoinPool.commonPool-worker-365" daemon [_thread_blocked, id=7272, stack(0x000000bf77200000,0x000000bf77300000)]
  0x000001e3d2ad3930 JavaThread "ForkJoinPool.commonPool-worker-366" daemon [_thread_blocked, id=36224, stack(0x000000bf7ac00000,0x000000bf7ad00000)]
  0x000001e3e1383220 JavaThread "ForkJoinPool.commonPool-worker-371" daemon [_thread_blocked, id=27500, stack(0x000000bf76300000,0x000000bf76400000)]
  0x000001e3e137f860 JavaThread "ForkJoinPool.commonPool-worker-373" daemon [_thread_blocked, id=30656, stack(0x000000bf79500000,0x000000bf79600000)]
  0x000001e3e13858a0 JavaThread "ForkJoinPool.commonPool-worker-374" daemon [_thread_blocked, id=36872, stack(0x000000bf79600000,0x000000bf79700000)]
  0x000001e3e1381070 JavaThread "ForkJoinPool.commonPool-worker-375" daemon [_thread_blocked, id=36980, stack(0x000000bf79700000,0x000000bf79800000)]
  0x000001e3e13836f0 JavaThread "ForkJoinPool.commonPool-worker-377" daemon [_thread_blocked, id=22920, stack(0x000000bf79a00000,0x000000bf79b00000)]
  0x000001e3e13806d0 JavaThread "ForkJoinPool.commonPool-worker-378" daemon [_thread_blocked, id=37240, stack(0x000000bf7a000000,0x000000bf7a100000)]
  0x000001e3d7267210 JavaThread "ForkJoinPool.commonPool-worker-381" daemon [_thread_blocked, id=8172, stack(0x000000bf7a800000,0x000000bf7a900000)]
  0x000001e3d7268a20 JavaThread "ForkJoinPool.commonPool-worker-383" daemon [_thread_blocked, id=10892, stack(0x000000bf7ad00000,0x000000bf7ae00000)]
  0x000001e3d726ba40 JavaThread "ForkJoinPool.commonPool-worker-386" daemon [_thread_blocked, id=5652, stack(0x000000bf7b100000,0x000000bf7b200000)]
  0x000001e3d7265a00 JavaThread "ForkJoinPool.commonPool-worker-389" daemon [_thread_blocked, id=26408, stack(0x000000bf7b700000,0x000000bf7b800000)]
  0x000001e3d0fcba40 JavaThread "ForkJoinPool.commonPool-worker-390" daemon [_thread_blocked, id=1064, stack(0x000000bf78400000,0x000000bf78500000)]
  0x000001e3d7268550 JavaThread "ForkJoinPool.commonPool-worker-391" daemon [_thread_blocked, id=4168, stack(0x000000bf7a100000,0x000000bf7a200000)]
  0x000001e3d0fce0c0 JavaThread "ForkJoinPool.commonPool-worker-393" daemon [_thread_blocked, id=26928, stack(0x000000bf79800000,0x000000bf79900000)]
  0x000001e3e1381ee0 JavaThread "ForkJoinPool.commonPool-worker-394" daemon [_thread_blocked, id=26924, stack(0x000000bf79f00000,0x000000bf7a000000)]
  0x000001e3e1384560 JavaThread "ForkJoinPool.commonPool-worker-395" daemon [_thread_blocked, id=33936, stack(0x000000bf7a300000,0x000000bf7a400000)]
  0x000001e3e13823b0 JavaThread "ForkJoinPool.commonPool-worker-396" daemon [_thread_blocked, id=29232, stack(0x000000bf7a700000,0x000000bf7a800000)]
  0x000001e3d32c8df0 JavaThread "ForkJoinPool.commonPool-worker-397" daemon [_thread_blocked, id=2928, stack(0x000000bf7af00000,0x000000bf7b000000)]
  0x000001e3d32c9790 JavaThread "ForkJoinPool.commonPool-worker-398" daemon [_thread_blocked, id=39732, stack(0x000000bf7b400000,0x000000bf7b500000)]
  0x000001e3d7266870 JavaThread "Worker-160: Building" [_thread_blocked, id=29080, stack(0x000000bf7b300000,0x000000bf7b400000)]
  0x000001e3d726b0a0 JavaThread "Worker-162: Publish Diagnostics" [_thread_blocked, id=39884, stack(0x000000bf77100000,0x000000bf77200000)]
  0x000001e3d7266d40 JavaThread "Worker-163" [_thread_blocked, id=27320, stack(0x000000bf78a00000,0x000000bf78b00000)]
  0x000001e3d726bf10 JavaThread "pool-1-thread-70" [_thread_blocked, id=12172, stack(0x000000bf76100000,0x000000bf76200000)]
  0x000001e3d7267bb0 JavaThread "Compiler Processing Task" daemon [_thread_blocked, id=18028, stack(0x000000bf79000000,0x000000bf79100000)]

Other Threads:
  0x000001e3caae6c90 VMThread "VM Thread" [stack: 0x000000bf76600000,0x000000bf76700000] [id=22620]
  0x000001e3d0da8fb0 WatcherThread "VM Periodic Task Thread" [stack: 0x000000bf77600000,0x000000bf77700000] [id=24752]
  0x000001e3b08ad8f0 WorkerThread "GC Thread#0" [stack: 0x000000bf76500000,0x000000bf76600000] [id=4896]
  0x000001e3d126d290 WorkerThread "GC Thread#1" [stack: 0x000000bf77800000,0x000000bf77900000] [id=35012]
  0x000001e3d1394390 WorkerThread "GC Thread#2" [stack: 0x000000bf77900000,0x000000bf77a00000] [id=24560]
=>0x000001e3d1394630 WorkerThread "GC Thread#3" [stack: 0x000000bf77a00000,0x000000bf77b00000] [id=33612]
  0x000001e3d13948d0 WorkerThread "GC Thread#4" [stack: 0x000000bf77b00000,0x000000bf77c00000] [id=34968]
  0x000001e3d165c220 WorkerThread "GC Thread#5" [stack: 0x000000bf77c00000,0x000000bf77d00000] [id=2736]
  0x000001e3d165c4c0 WorkerThread "GC Thread#6" [stack: 0x000000bf77d00000,0x000000bf77e00000] [id=12324]
  0x000001e3d14932b0 WorkerThread "GC Thread#7" [stack: 0x000000bf78200000,0x000000bf78300000] [id=1492]
  0x000001e3d14bb6a0 WorkerThread "GC Thread#8" [stack: 0x000000bf78300000,0x000000bf78400000] [id=25424]
  0x000001e3d18fc880 WorkerThread "GC Thread#9" [stack: 0x000000bf78600000,0x000000bf78700000] [id=7604]
  0x000001e3d17399f0 WorkerThread "GC Thread#10" [stack: 0x000000bf78700000,0x000000bf78800000] [id=35720]
  0x000001e3d1b0cfc0 WorkerThread "GC Thread#11" [stack: 0x000000bf78b00000,0x000000bf78c00000] [id=13336]
  0x000001e3d1b0df80 WorkerThread "GC Thread#12" [stack: 0x000000bf78c00000,0x000000bf78d00000] [id=33696]
  0x000001e3d1b0ca80 WorkerThread "GC Thread#13" [stack: 0x000000bf78d00000,0x000000bf78e00000] [id=9204]
  0x000001e3d1b0d500 WorkerThread "GC Thread#14" [stack: 0x000000bf78e00000,0x000000bf78f00000] [id=6408]

Threads with active compile tasks:

VM state: at safepoint (normal execution)

VM Mutex/Monitor currently owned by a thread:  ([mutex/lock_event])
[0x000001e3b08902b0] Threads_lock - owner thread: 0x000001e3caae6c90
[0x000001e3b0890340] Heap_lock - owner thread: 0x000001e3d7267bb0

Heap address: 0x00000000c0000000, size: 1024 MB, Compressed Oops mode: 32-bit

CDS archive(s) mapped at: [0x0000000800000000-0x0000000800ba0000-0x0000000800ba0000), size 12189696, SharedBaseAddress: 0x0000000800000000, ArchiveRelocationMode: 0.
Compressed class space mapped at: 0x0000000800c00000-0x0000000840c00000, reserved size: 1073741824
Narrow klass base: 0x0000000800000000, Narrow klass shift: 0, Narrow klass range: 0x100000000

GC Precious Log:
 CardTable entry size: 512
 CPUs: 20 total, 20 available
 Memory: 98172M
 Large Page Support: Disabled
 NUMA Support: Disabled
 Compressed Oops: Enabled (32-bit)
 Alignments: Space 512K, Generation 512K, Heap 2M
 Heap Min Capacity: 100M
 Heap Initial Capacity: 100M
 Heap Max Capacity: 1G
 Pre-touch: Disabled
 Parallel Workers: 15

Heap:
 PSYoungGen      total 9728K, used 9722K [0x00000000eab00000, 0x00000000ec700000, 0x0000000100000000)
  eden space 4608K, 100% used [0x00000000eab00000,0x00000000eaf80000,0x00000000eaf80000)
  from space 5120K, 99% used [0x00000000eb880000,0x00000000ebd7e900,0x00000000ebd80000)
  to   space 9216K, 25% used [0x00000000eaf80000,0x00000000eb1d0000,0x00000000eb880000)
 ParOldGen       total 472576K, used 433194K [0x00000000c0000000, 0x00000000dcd80000, 0x00000000eab00000)
  object space 472576K, 91% used [0x00000000c0000000,0x00000000da70ab48,0x00000000dcd80000)
 Metaspace       used 107596K, committed 109248K, reserved 1179648K
  class space    used 10654K, committed 11456K, reserved 1048576K

Card table byte_map: [0x000001e3b0260000,0x000001e3b0470000] _byte_map_base: 0x000001e3afc60000

Marking Bits: (ParMarkBitMap*) 0x00007ff86a28fbc0
 Begin Bits: [0x000001e3c71c0000, 0x000001e3c81c0000)
 End Bits:   [0x000001e3c81c0000, 0x000001e3c91c0000)

Polling page: 0x000001e3b0050000

Metaspace:

Usage:
  Non-class:     94.67 MB used.
      Class:     10.40 MB used.
       Both:    105.08 MB used.

Virtual space:
  Non-class space:      128.00 MB reserved,      95.50 MB ( 75%) committed,  2 nodes.
      Class space:        1.00 GB reserved,      11.19 MB (  1%) committed,  1 nodes.
             Both:        1.12 GB reserved,     106.69 MB (  9%) committed. 

Chunk freelists:
   Non-Class:  3.67 MB
       Class:  769.00 KB
        Both:  4.42 MB

MaxMetaspaceSize: unlimited
CompressedClassSpaceSize: 1.00 GB
Initial GC threshold: 21.00 MB
Current GC threshold: 177.62 MB
CDS: on
MetaspaceReclaimPolicy: balanced
 - commit_granule_bytes: 65536.
 - commit_granule_words: 8192.
 - virtual_space_node_default_size: 8388608.
 - enlarge_chunks_in_place: 1.
 - new_chunks_are_fully_committed: 0.
 - uncommit_free_chunks: 1.
 - use_allocation_guard: 0.


Internal statistics:

num_allocs_failed_limit: 9.
num_arena_births: 3408.
num_arena_deaths: 1526.
num_vsnodes_births: 3.
num_vsnodes_deaths: 0.
num_space_committed: 1711.
num_space_uncommitted: 3.
num_chunks_returned_to_freelist: 1912.
num_chunks_taken_from_freelist: 9666.
num_chunk_merges: 596.
num_chunk_splits: 5328.
num_chunks_enlarged: 2850.
num_inconsistent_stats: 0.

CodeHeap 'non-profiled nmethods': size=119168Kb used=52914Kb max_used=53279Kb free=66253Kb
 bounds [0x000001e3bfd60000, 0x000001e3c3190000, 0x000001e3c71c0000]
CodeHeap 'profiled nmethods': size=119104Kb used=49431Kb max_used=52119Kb free=69672Kb
 bounds [0x000001e3b8910000, 0x000001e3bbc70000, 0x000001e3bfd60000]
CodeHeap 'non-nmethods': size=7488Kb used=1489Kb max_used=3280Kb free=5998Kb
 bounds [0x000001e3b81c0000, 0x000001e3b8500000, 0x000001e3b8910000]
 total_blobs=29325 nmethods=28492 adapters=739
 compilation: enabled
              stopped_count=0, restarted_count=0
 full_count=0

Compilation events (20 events):
Event: 105418.332 Thread 0x000001e3caafd190 48914       3       org.eclipse.text.edits.TextEdit::acceptChildren (46 bytes)
Event: 105418.332 Thread 0x000001e3caafd190 nmethod 48914 0x000001e3b8c88c10 code [0x000001e3b8c88e60, 0x000001e3b8c898e8]
Event: 105419.107 Thread 0x000001e3caafc700 48915       4       java.util.stream.Sink$ChainedInt::end (10 bytes)
Event: 105419.108 Thread 0x000001e3caafc700 nmethod 48915 0x000001e3c2ab3990 code [0x000001e3c2ab3b00, 0x000001e3c2ab3b98]
Event: 105419.574 Thread 0x000001e3caafc700 48916       4       java.util.Spliterator$OfInt::forEachRemaining (55 bytes)
Event: 105419.575 Thread 0x000001e3caafc700 nmethod 48916 0x000001e3c17b8810 code [0x000001e3c17b89a0, 0x000001e3c17b8b08]
Event: 105422.642 Thread 0x000001e3caafc700 48917       4       java.util.ImmutableCollections$ListN::isEmpty (14 bytes)
Event: 105422.642 Thread 0x000001e3caafc700 nmethod 48917 0x000001e3c17b8510 code [0x000001e3c17b8680, 0x000001e3c17b8718]
Event: 105426.530 Thread 0x000001e3caafc700 48918       4       org.eclipse.jface.text.templates.TemplateVariable::setValues (28 bytes)
Event: 105426.530 Thread 0x000001e3caafc700 nmethod 48918 0x000001e3c17b7f10 code [0x000001e3c17b80a0, 0x000001e3c17b8258]
Event: 105438.340 Thread 0x000001e3caafc700 48919       4       org.eclipse.jdt.internal.compiler.GenericAstVisitor::visit (6 bytes)
Event: 105438.340 Thread 0x000001e3caafc700 nmethod 48919 0x000001e3c2164310 code [0x000001e3c2164480, 0x000001e3c2164518]
Event: 105444.500 Thread 0x000001e3caafd190 48920       1       org.eclipse.jdt.internal.compiler.ASTVisitor::visit (2 bytes)
Event: 105444.500 Thread 0x000001e3caafd190 nmethod 48920 0x000001e3c2164010 code [0x000001e3c21641a0, 0x000001e3c2164278]
Event: 105450.956 Thread 0x000001e3caafd190 48921       3       org.eclipse.jdt.internal.compiler.ast.ReturnStatement::printStatement (36 bytes)
Event: 105450.956 Thread 0x000001e3caafd190 nmethod 48921 0x000001e3ba860590 code [0x000001e3ba8607a0, 0x000001e3ba860fb8]
Event: 105453.287 Thread 0x000001e3caafc700 48922       4       org.eclipse.jdt.internal.corext.refactoring.code.flow.InOutFlowAnalyzer::endVisit (6 bytes)
Event: 105453.288 Thread 0x000001e3caafc700 nmethod 48922 0x000001e3c2163d10 code [0x000001e3c2163e80, 0x000001e3c2163ef8]
Event: 105454.869 Thread 0x000001e3caafc700 48923   !   4       org.eclipse.jdt.internal.core.builder.SourceFile::getContents (39 bytes)
Event: 105454.878 Thread 0x000001e3caafc700 nmethod 48923 0x000001e3c2a33290 code [0x000001e3c2a33500, 0x000001e3c2a33d68]

GC Heap History (20 events):
Event: 105454.533 GC heap after
{Heap after GC invocations=184512 (full 3492):
 PSYoungGen      total 6144K, used 1248K [0x00000000eab00000, 0x00000000eb380000, 0x0000000100000000)
  eden space 4608K, 0% used [0x00000000eab00000,0x00000000eab00000,0x00000000eaf80000)
  from space 1536K, 81% used [0x00000000eaf80000,0x00000000eb0b8000,0x00000000eb100000)
  to   space 2048K, 0% used [0x00000000eb180000,0x00000000eb180000,0x00000000eb380000)
 ParOldGen       total 451584K, used 426025K [0x00000000c0000000, 0x00000000db900000, 0x00000000eab00000)
  object space 451584K, 94% used [0x00000000c0000000,0x00000000da00a740,0x00000000db900000)
 Metaspace       used 107596K, committed 109248K, reserved 1179648K
  class space    used 10654K, committed 11456K, reserved 1048576K
}
Event: 105454.632 GC heap before
{Heap before GC invocations=184513 (full 3492):
 PSYoungGen      total 6144K, used 5576K [0x00000000eab00000, 0x00000000eb380000, 0x0000000100000000)
  eden space 4608K, 93% used [0x00000000eab00000,0x00000000eaf3a2c0,0x00000000eaf80000)
  from space 1536K, 81% used [0x00000000eaf80000,0x00000000eb0b8000,0x00000000eb100000)
  to   space 2048K, 0% used [0x00000000eb180000,0x00000000eb180000,0x00000000eb380000)
 ParOldGen       total 451584K, used 426025K [0x00000000c0000000, 0x00000000db900000, 0x00000000eab00000)
  object space 451584K, 94% used [0x00000000c0000000,0x00000000da00a740,0x00000000db900000)
 Metaspace       used 107596K, committed 109248K, reserved 1179648K
  class space    used 10654K, committed 11456K, reserved 1048576K
}
Event: 105454.633 GC heap after
{Heap after GC invocations=184513 (full 3492):
 PSYoungGen      total 5632K, used 1005K [0x00000000eab00000, 0x00000000eb280000, 0x0000000100000000)
  eden space 4608K, 0% used [0x00000000eab00000,0x00000000eab00000,0x00000000eaf80000)
  from space 1024K, 98% used [0x00000000eb180000,0x00000000eb27b650,0x00000000eb280000)
  to   space 1536K, 0% used [0x00000000eaf80000,0x00000000eaf80000,0x00000000eb100000)
 ParOldGen       total 451584K, used 427021K [0x00000000c0000000, 0x00000000db900000, 0x00000000eab00000)
  object space 451584K, 94% used [0x00000000c0000000,0x00000000da103420,0x00000000db900000)
 Metaspace       used 107596K, committed 109248K, reserved 1179648K
  class space    used 10654K, committed 11456K, reserved 1048576K
}
Event: 105454.640 GC heap before
{Heap before GC invocations=184514 (full 3492):
 PSYoungGen      total 5632K, used 5613K [0x00000000eab00000, 0x00000000eb280000, 0x0000000100000000)
  eden space 4608K, 100% used [0x00000000eab00000,0x00000000eaf80000,0x00000000eaf80000)
  from space 1024K, 98% used [0x00000000eb180000,0x00000000eb27b650,0x00000000eb280000)
  to   space 1536K, 0% used [0x00000000eaf80000,0x00000000eaf80000,0x00000000eb100000)
 ParOldGen       total 451584K, used 427021K [0x00000000c0000000, 0x00000000db900000, 0x00000000eab00000)
  object space 451584K, 94% used [0x00000000c0000000,0x00000000da103420,0x00000000db900000)
 Metaspace       used 107596K, committed 109248K, reserved 1179648K
  class space    used 10654K, committed 11456K, reserved 1048576K
}
Event: 105454.642 GC heap after
{Heap after GC invocations=184514 (full 3492):
 PSYoungGen      total 6144K, used 1531K [0x00000000eab00000, 0x00000000ebb80000, 0x0000000100000000)
  eden space 4608K, 0% used [0x00000000eab00000,0x00000000eab00000,0x00000000eaf80000)
  from space 1536K, 99% used [0x00000000eaf80000,0x00000000eb0feca0,0x00000000eb100000)
  to   space 6144K, 0% used [0x00000000eb580000,0x00000000eb580000,0x00000000ebb80000)
 ParOldGen       total 451584K, used 430797K [0x00000000c0000000, 0x00000000db900000, 0x00000000eab00000)
  object space 451584K, 95% used [0x00000000c0000000,0x00000000da4b3420,0x00000000db900000)
 Metaspace       used 107596K, committed 109248K, reserved 1179648K
  class space    used 10654K, committed 11456K, reserved 1048576K
}
Event: 105454.649 GC heap before
{Heap before GC invocations=184515 (full 3492):
 PSYoungGen      total 6144K, used 6139K [0x00000000eab00000, 0x00000000ebb80000, 0x0000000100000000)
  eden space 4608K, 100% used [0x00000000eab00000,0x00000000eaf80000,0x00000000eaf80000)
  from space 1536K, 99% used [0x00000000eaf80000,0x00000000eb0feca0,0x00000000eb100000)
  to   space 6144K, 0% used [0x00000000eb580000,0x00000000eb580000,0x00000000ebb80000)
 ParOldGen       total 451584K, used 430797K [0x00000000c0000000, 0x00000000db900000, 0x00000000eab00000)
  object space 451584K, 95% used [0x00000000c0000000,0x00000000da4b3420,0x00000000db900000)
 Metaspace       used 107596K, committed 109248K, reserved 1179648K
  class space    used 10654K, committed 11456K, reserved 1048576K
}
Event: 105454.652 GC heap after
{Heap after GC invocations=184515 (full 3492):
 PSYoungGen      total 10752K, used 4736K [0x00000000eab00000, 0x00000000eba80000, 0x0000000100000000)
  eden space 5632K, 0% used [0x00000000eab00000,0x00000000eab00000,0x00000000eb080000)
  from space 5120K, 92% used [0x00000000eb580000,0x00000000eba20000,0x00000000eba80000)
  to   space 5120K, 0% used [0x00000000eb080000,0x00000000eb080000,0x00000000eb580000)
 ParOldGen       total 451584K, used 432392K [0x00000000c0000000, 0x00000000db900000, 0x00000000eab00000)
  object space 451584K, 95% used [0x00000000c0000000,0x00000000da6420c0,0x00000000db900000)
 Metaspace       used 107596K, committed 109248K, reserved 1179648K
  class space    used 10654K, committed 11456K, reserved 1048576K
}
Event: 105454.666 GC heap before
{Heap before GC invocations=184516 (full 3492):
 PSYoungGen      total 10752K, used 10297K [0x00000000eab00000, 0x00000000eba80000, 0x0000000100000000)
  eden space 5632K, 98% used [0x00000000eab00000,0x00000000eb06e538,0x00000000eb080000)
  from space 5120K, 92% used [0x00000000eb580000,0x00000000eba20000,0x00000000eba80000)
  to   space 5120K, 0% used [0x00000000eb080000,0x00000000eb080000,0x00000000eb580000)
 ParOldGen       total 451584K, used 432392K [0x00000000c0000000, 0x00000000db900000, 0x00000000eab00000)
  object space 451584K, 95% used [0x00000000c0000000,0x00000000da6420c0,0x00000000db900000)
 Metaspace       used 107596K, committed 109248K, reserved 1179648K
  class space    used 10654K, committed 11456K, reserved 1048576K
}
Event: 105454.670 GC heap after
{Heap after GC invocations=184516 (full 3492):
 PSYoungGen      total 10752K, used 5113K [0x00000000eab00000, 0x00000000ec680000, 0x0000000100000000)
  eden space 5632K, 0% used [0x00000000eab00000,0x00000000eab00000,0x00000000eb080000)
  from space 5120K, 99% used [0x00000000eb080000,0x00000000eb57e600,0x00000000eb580000)
  to   space 10752K, 0% used [0x00000000ebc00000,0x00000000ebc00000,0x00000000ec680000)
 ParOldGen       total 451584K, used 437104K [0x00000000c0000000, 0x00000000db900000, 0x00000000eab00000)
  object space 451584K, 96% used [0x00000000c0000000,0x00000000daadc0c0,0x00000000db900000)
 Metaspace       used 107596K, committed 109248K, reserved 1179648K
  class space    used 10654K, committed 11456K, reserved 1048576K
}
Event: 105454.706 GC heap before
{Heap before GC invocations=184517 (full 3492):
 PSYoungGen      total 10752K, used 10745K [0x00000000eab00000, 0x00000000ec680000, 0x0000000100000000)
  eden space 5632K, 100% used [0x00000000eab00000,0x00000000eb080000,0x00000000eb080000)
  from space 5120K, 99% used [0x00000000eb080000,0x00000000eb57e600,0x00000000eb580000)
  to   space 10752K, 0% used [0x00000000ebc00000,0x00000000ebc00000,0x00000000ec680000)
 ParOldGen       total 451584K, used 437104K [0x00000000c0000000, 0x00000000db900000, 0x00000000eab00000)
  object space 451584K, 96% used [0x00000000c0000000,0x00000000daadc0c0,0x00000000db900000)
 Metaspace       used 107596K, committed 109248K, reserved 1179648K
  class space    used 10654K, committed 11456K, reserved 1048576K
}
Event: 105454.709 GC heap after
{Heap after GC invocations=184517 (full 3492):
 PSYoungGen      total 12288K, used 5254K [0x00000000eab00000, 0x00000000ec180000, 0x0000000100000000)
  eden space 6656K, 0% used [0x00000000eab00000,0x00000000eab00000,0x00000000eb180000)
  from space 5632K, 93% used [0x00000000ebc00000,0x00000000ec121900,0x00000000ec180000)
  to   space 7168K, 0% used [0x00000000eb380000,0x00000000eb380000,0x00000000eba80000)
 ParOldGen       total 451584K, used 441784K [0x00000000c0000000, 0x00000000db900000, 0x00000000eab00000)
  object space 451584K, 97% used [0x00000000c0000000,0x00000000daf6e0c0,0x00000000db900000)
 Metaspace       used 107596K, committed 109248K, reserved 1179648K
  class space    used 10654K, committed 11456K, reserved 1048576K
}
Event: 105454.724 GC heap before
{Heap before GC invocations=184518 (full 3492):
 PSYoungGen      total 12288K, used 11910K [0x00000000eab00000, 0x00000000ec180000, 0x0000000100000000)
  eden space 6656K, 100% used [0x00000000eab00000,0x00000000eb180000,0x00000000eb180000)
  from space 5632K, 93% used [0x00000000ebc00000,0x00000000ec121900,0x00000000ec180000)
  to   space 7168K, 0% used [0x00000000eb380000,0x00000000eb380000,0x00000000eba80000)
 ParOldGen       total 451584K, used 441784K [0x00000000c0000000, 0x00000000db900000, 0x00000000eab00000)
  object space 451584K, 97% used [0x00000000c0000000,0x00000000daf6e0c0,0x00000000db900000)
 Metaspace       used 107596K, committed 109248K, reserved 1179648K
  class space    used 10654K, committed 11456K, reserved 1048576K
}
Event: 105454.727 GC heap after
{Heap after GC invocations=184518 (full 3492):
 PSYoungGen      total 9216K, used 1184K [0x00000000eab00000, 0x00000000ebc80000, 0x0000000100000000)
  eden space 7680K, 0% used [0x00000000eab00000,0x00000000eab00000,0x00000000eb280000)
  from space 1536K, 77% used [0x00000000eb380000,0x00000000eb4a8000,0x00000000eb500000)
  to   space 3072K, 0% used [0x00000000eb980000,0x00000000eb980000,0x00000000ebc80000)
 ParOldGen       total 451584K, used 446816K [0x00000000c0000000, 0x00000000db900000, 0x00000000eab00000)
  object space 451584K, 98% used [0x00000000c0000000,0x00000000db4582e0,0x00000000db900000)
 Metaspace       used 107596K, committed 109248K, reserved 1179648K
  class space    used 10654K, committed 11456K, reserved 1048576K
}
Event: 105454.727 GC heap before
{Heap before GC invocations=184519 (full 3493):
 PSYoungGen      total 9216K, used 1184K [0x00000000eab00000, 0x00000000ebc80000, 0x0000000100000000)
  eden space 7680K, 0% used [0x00000000eab00000,0x00000000eab00000,0x00000000eb280000)
  from space 1536K, 77% used [0x00000000eb380000,0x00000000eb4a8000,0x00000000eb500000)
  to   space 3072K, 0% used [0x00000000eb980000,0x00000000eb980000,0x00000000ebc80000)
 ParOldGen       total 451584K, used 446816K [0x00000000c0000000, 0x00000000db900000, 0x00000000eab00000)
  object space 451584K, 98% used [0x00000000c0000000,0x00000000db4582e0,0x00000000db900000)
 Metaspace       used 107596K, committed 109248K, reserved 1179648K
  class space    used 10654K, committed 11456K, reserved 1048576K
}
Event: 105454.856 GC heap after
{Heap after GC invocations=184519 (full 3493):
 PSYoungGen      total 9216K, used 0K [0x00000000eab00000, 0x00000000eba00000, 0x0000000100000000)
  eden space 8704K, 0% used [0x00000000eab00000,0x00000000eab00000,0x00000000eb380000)
  from space 512K, 0% used [0x00000000eb980000,0x00000000eb980000,0x00000000eba00000)
  to   space 3072K, 0% used [0x00000000eb400000,0x00000000eb400000,0x00000000eb700000)
 ParOldGen       total 472576K, used 423903K [0x00000000c0000000, 0x00000000dcd80000, 0x00000000eab00000)
  object space 472576K, 89% used [0x00000000c0000000,0x00000000d9df7df8,0x00000000dcd80000)
 Metaspace       used 107596K, committed 109248K, reserved 1179648K
  class space    used 10654K, committed 11456K, reserved 1048576K
}
Event: 105454.866 GC heap before
{Heap before GC invocations=184520 (full 3493):
 PSYoungGen      total 9216K, used 8704K [0x00000000eab00000, 0x00000000eba00000, 0x0000000100000000)
  eden space 8704K, 100% used [0x00000000eab00000,0x00000000eb380000,0x00000000eb380000)
  from space 512K, 0% used [0x00000000eb980000,0x00000000eb980000,0x00000000eba00000)
  to   space 3072K, 0% used [0x00000000eb400000,0x00000000eb400000,0x00000000eb700000)
 ParOldGen       total 472576K, used 423903K [0x00000000c0000000, 0x00000000dcd80000, 0x00000000eab00000)
  object space 472576K, 89% used [0x00000000c0000000,0x00000000d9df7df8,0x00000000dcd80000)
 Metaspace       used 107596K, committed 109248K, reserved 1179648K
  class space    used 10654K, committed 11456K, reserved 1048576K
}
Event: 105454.867 GC heap after
{Heap after GC invocations=184520 (full 3493):
 PSYoungGen      total 11776K, used 3046K [0x00000000eab00000, 0x00000000ebd80000, 0x0000000100000000)
  eden space 8704K, 0% used [0x00000000eab00000,0x00000000eab00000,0x00000000eb380000)
  from space 3072K, 99% used [0x00000000eb400000,0x00000000eb6f99d8,0x00000000eb700000)
  to   space 5120K, 0% used [0x00000000eb880000,0x00000000eb880000,0x00000000ebd80000)
 ParOldGen       total 472576K, used 424975K [0x00000000c0000000, 0x00000000dcd80000, 0x00000000eab00000)
  object space 472576K, 89% used [0x00000000c0000000,0x00000000d9f03df8,0x00000000dcd80000)
 Metaspace       used 107596K, committed 109248K, reserved 1179648K
  class space    used 10654K, committed 11456K, reserved 1048576K
}
Event: 105454.873 GC heap before
{Heap before GC invocations=184521 (full 3493):
 PSYoungGen      total 11776K, used 11750K [0x00000000eab00000, 0x00000000ebd80000, 0x0000000100000000)
  eden space 8704K, 100% used [0x00000000eab00000,0x00000000eb380000,0x00000000eb380000)
  from space 3072K, 99% used [0x00000000eb400000,0x00000000eb6f99d8,0x00000000eb700000)
  to   space 5120K, 0% used [0x00000000eb880000,0x00000000eb880000,0x00000000ebd80000)
 ParOldGen       total 472576K, used 424975K [0x00000000c0000000, 0x00000000dcd80000, 0x00000000eab00000)
  object space 472576K, 89% used [0x00000000c0000000,0x00000000d9f03df8,0x00000000dcd80000)
 Metaspace       used 107596K, committed 109248K, reserved 1179648K
  class space    used 10654K, committed 11456K, reserved 1048576K
}
Event: 105454.875 GC heap after
{Heap after GC invocations=184521 (full 3493):
 PSYoungGen      total 9728K, used 5114K [0x00000000eab00000, 0x00000000ec700000, 0x0000000100000000)
  eden space 4608K, 0% used [0x00000000eab00000,0x00000000eab00000,0x00000000eaf80000)
  from space 5120K, 99% used [0x00000000eb880000,0x00000000ebd7e900,0x00000000ebd80000)
  to   space 9216K, 0% used [0x00000000eaf80000,0x00000000eaf80000,0x00000000eb880000)
 ParOldGen       total 472576K, used 428106K [0x00000000c0000000, 0x00000000dcd80000, 0x00000000eab00000)
  object space 472576K, 90% used [0x00000000c0000000,0x00000000da212810,0x00000000dcd80000)
 Metaspace       used 107596K, committed 109248K, reserved 1179648K
  class space    used 10654K, committed 11456K, reserved 1048576K
}
Event: 105454.878 GC heap before
{Heap before GC invocations=184522 (full 3493):
 PSYoungGen      total 9728K, used 9722K [0x00000000eab00000, 0x00000000ec700000, 0x0000000100000000)
  eden space 4608K, 100% used [0x00000000eab00000,0x00000000eaf80000,0x00000000eaf80000)
  from space 5120K, 99% used [0x00000000eb880000,0x00000000ebd7e900,0x00000000ebd80000)
  to   space 9216K, 0% used [0x00000000eaf80000,0x00000000eaf80000,0x00000000eb880000)
 ParOldGen       total 472576K, used 428106K [0x00000000c0000000, 0x00000000dcd80000, 0x00000000eab00000)
  object space 472576K, 90% used [0x00000000c0000000,0x00000000da212810,0x00000000dcd80000)
 Metaspace       used 107596K, committed 109248K, reserved 1179648K
  class space    used 10654K, committed 11456K, reserved 1048576K
}

Deoptimization events (20 events):
Event: 105418.336 Thread 0x000001e3d32c9790 DEOPT PACKING pc=0x000001e3c2f8cb60 sp=0x000000bf7b4fe2a0
Event: 105418.336 Thread 0x000001e3d32c9790 DEOPT UNPACKING pc=0x000001e3b82120a3 sp=0x000000bf7b4fe248 mode 2
Event: 105418.416 Thread 0x000001e3d32c9790 DEOPT PACKING pc=0x000001e3bb235bb3 sp=0x000000bf7b4fe7d0
Event: 105418.416 Thread 0x000001e3d32c9790 DEOPT UNPACKING pc=0x000001e3b8212843 sp=0x000000bf7b4fdcf8 mode 0
Event: 105426.445 Thread 0x000001e3e1383220 Uncommon trap: trap_request=0xffffffde fr.pc=0x000001e3c20914c0 relative=0x0000000000000fa0
Event: 105426.445 Thread 0x000001e3e1383220 Uncommon trap: reason=class_check action=maybe_recompile pc=0x000001e3c20914c0 method=org.eclipse.jdt.internal.compiler.ast.OR_OR_Expression.analyseCode(Lorg/eclipse/jdt/internal/compiler/lookup/BlockScope;Lorg/eclipse/jdt/internal/compiler/flow/FlowConte
Event: 105426.445 Thread 0x000001e3e1383220 DEOPT PACKING pc=0x000001e3c20914c0 sp=0x000000bf763fe700
Event: 105426.445 Thread 0x000001e3e1383220 DEOPT UNPACKING pc=0x000001e3b82120a3 sp=0x000000bf763fe6b0 mode 2
Event: 105426.447 Thread 0x000001e3e1383220 Uncommon trap: trap_request=0xffffffde fr.pc=0x000001e3c0fe4608 relative=0x0000000000002688
Event: 105426.447 Thread 0x000001e3e1383220 Uncommon trap: reason=class_check action=maybe_recompile pc=0x000001e3c0fe4608 method=org.eclipse.jdt.internal.compiler.ast.BinaryExpression.generateCode(Lorg/eclipse/jdt/internal/compiler/lookup/BlockScope;Lorg/eclipse/jdt/internal/compiler/codegen/CodeS
Event: 105426.447 Thread 0x000001e3e1383220 DEOPT PACKING pc=0x000001e3c0fe4608 sp=0x000000bf763fe5b0
Event: 105426.447 Thread 0x000001e3e1383220 DEOPT UNPACKING pc=0x000001e3b82120a3 sp=0x000000bf763fe568 mode 2
Event: 105426.528 Thread 0x000001e3e1383220 Uncommon trap: trap_request=0xffffffde fr.pc=0x000001e3c2c753ec relative=0x00000000000008ac
Event: 105426.528 Thread 0x000001e3e1383220 Uncommon trap: reason=class_check action=maybe_recompile pc=0x000001e3c2c753ec method=org.eclipse.jdt.internal.core.dom.rewrite.ASTRewriteAnalyzer.rewriteNode(Lorg/eclipse/jdt/core/dom/ASTNode;Lorg/eclipse/jdt/core/dom/StructuralPropertyDescriptor;ILorg/e
Event: 105426.528 Thread 0x000001e3e1383220 DEOPT PACKING pc=0x000001e3c2c753ec sp=0x000000bf763fe4b0
Event: 105426.528 Thread 0x000001e3e1383220 DEOPT UNPACKING pc=0x000001e3b82120a3 sp=0x000000bf763fe448 mode 2
Event: 105450.701 Thread 0x000001e3e1383220 Uncommon trap: trap_request=0xffffff45 fr.pc=0x000001e3c2a69534 relative=0x0000000000006154
Event: 105450.701 Thread 0x000001e3e1383220 Uncommon trap: reason=unstable_if action=reinterpret pc=0x000001e3c2a69534 method=org.eclipse.jdt.internal.corext.refactoring.code.flow.FlowInfo.isVoidReturn()Z @ 5 c2
Event: 105450.701 Thread 0x000001e3e1383220 DEOPT PACKING pc=0x000001e3c2a69534 sp=0x000000bf763fef10
Event: 105450.701 Thread 0x000001e3e1383220 DEOPT UNPACKING pc=0x000001e3b82120a3 sp=0x000000bf763fee60 mode 2

Classes loaded (20 events):
Event: 8053.448 Loading class sun/net/www/http/KeepAliveCache$1
Event: 8053.448 Loading class sun/net/www/http/KeepAliveCache$1 done
Event: 8053.448 Loading class sun/net/www/http/ClientVector
Event: 8053.448 Loading class sun/net/www/http/ClientVector done
Event: 8053.450 Loading class sun/net/www/http/KeepAliveEntry
Event: 8053.450 Loading class sun/net/www/http/KeepAliveEntry done
Event: 8054.290 Loading class sun/security/ssl/Alert
Event: 8054.290 Loading class sun/security/ssl/Alert done
Event: 8054.290 Loading class sun/security/ssl/Alert$AlertConsumer
Event: 8054.290 Loading class sun/security/ssl/Alert$AlertConsumer done
Event: 8054.290 Loading class sun/security/ssl/Alert$Level
Event: 8054.290 Loading class sun/security/ssl/Alert$Level done
Event: 11298.109 Loading class java/util/concurrent/CompletableFuture$AsyncRun
Event: 11298.109 Loading class java/util/concurrent/CompletableFuture$AsyncRun done
Event: 18155.941 Loading class java/util/Collections$EmptyListIterator
Event: 18155.941 Loading class java/util/Collections$EmptyListIterator done
Event: 18937.757 Loading class sun/net/ConnectionResetException
Event: 18937.757 Loading class sun/net/ConnectionResetException done
Event: 19686.712 Loading class java/lang/Class$EnclosingMethodInfo
Event: 19686.712 Loading class java/lang/Class$EnclosingMethodInfo done

Classes unloaded (20 events):
Event: 101347.488 Thread 0x000001e3caae6c90 Unloading class 0x00000008016fbc00 'java/lang/invoke/LambdaForm$MH+0x00000008016fbc00'
Event: 101990.538 Thread 0x000001e3caae6c90 Unloading class 0x000000080173c400 'java/lang/invoke/LambdaForm$MH+0x000000080173c400'
Event: 101990.538 Thread 0x000001e3caae6c90 Unloading class 0x0000000801731800 'java/lang/invoke/LambdaForm$BMH+0x0000000801731800'
Event: 102375.611 Thread 0x000001e3caae6c90 Unloading class 0x000000080172cc00 'java/lang/invoke/LambdaForm$MH+0x000000080172cc00'
Event: 102375.611 Thread 0x000001e3caae6c90 Unloading class 0x000000080172c000 'java/lang/invoke/LambdaForm$MH+0x000000080172c000'
Event: 102375.611 Thread 0x000001e3caae6c90 Unloading class 0x000000080160ac00 'java/lang/invoke/LambdaForm$MH+0x000000080160ac00'
Event: 102561.929 Thread 0x000001e3caae6c90 Unloading class 0x000000080173f400 'java/lang/invoke/LambdaForm$MH+0x000000080173f400'
Event: 102561.929 Thread 0x000001e3caae6c90 Unloading class 0x000000080173f000 'java/lang/invoke/LambdaForm$MH+0x000000080173f000'
Event: 102561.929 Thread 0x000001e3caae6c90 Unloading class 0x000000080173ec00 'java/lang/invoke/LambdaForm$MH+0x000000080173ec00'
Event: 102561.929 Thread 0x000001e3caae6c90 Unloading class 0x000000080173e800 'java/lang/invoke/LambdaForm$MH+0x000000080173e800'
Event: 102561.929 Thread 0x000001e3caae6c90 Unloading class 0x000000080173e400 'java/lang/invoke/LambdaForm$MH+0x000000080173e400'
Event: 102561.929 Thread 0x000001e3caae6c90 Unloading class 0x000000080173e000 'java/lang/invoke/LambdaForm$MH+0x000000080173e000'
Event: 103176.807 Thread 0x000001e3caae6c90 Unloading class 0x000000080160ac00 'java/lang/invoke/LambdaForm$BMH+0x000000080160ac00'
Event: 103176.807 Thread 0x000001e3caae6c90 Unloading class 0x000000080173c400 'java/lang/invoke/LambdaForm$MH+0x000000080173c400'
Event: 103176.807 Thread 0x000001e3caae6c90 Unloading class 0x0000000801708c00 'java/lang/invoke/LambdaForm$MH+0x0000000801708c00'
Event: 103365.746 Thread 0x000001e3caae6c90 Unloading class 0x0000000801740000 'java/lang/invoke/LambdaForm$MH+0x0000000801740000'
Event: 103365.746 Thread 0x000001e3caae6c90 Unloading class 0x000000080172c000 'java/lang/invoke/LambdaForm$MH+0x000000080172c000'
Event: 104088.743 Thread 0x000001e3caae6c90 Unloading class 0x000000080173e400 'java/lang/invoke/LambdaForm$MH+0x000000080173e400'
Event: 104088.743 Thread 0x000001e3caae6c90 Unloading class 0x000000080173f400 'java/lang/invoke/LambdaForm$MH+0x000000080173f400'
Event: 104088.743 Thread 0x000001e3caae6c90 Unloading class 0x000000080160ac00 'java/lang/invoke/LambdaForm$BMH+0x000000080160ac00'

Classes redefined (0 events):
No events

Internal exceptions (20 events):
Event: 105217.162 Thread 0x000001e3d726c3e0 Exception <a 'java/lang/ClassNotFoundException'{0x00000000eabbaf18}: sun/net/www/protocol/jdt/Handler> (0x00000000eabbaf18) 
thrown [s\open\src\hotspot\share\classfile\systemDictionary.cpp, line 255]
Event: 105217.162 Thread 0x000001e3d726c3e0 Exception <a 'java/lang/ClassNotFoundException'{0x00000000eabbd0c8}: sun/net/www/protocol/jdt/Handler> (0x00000000eabbd0c8) 
thrown [s\open\src\hotspot\share\classfile\systemDictionary.cpp, line 255]
Event: 105218.598 Thread 0x000001e3d726c3e0 Exception <a 'java/lang/ClassNotFoundException'{0x00000000ead99f60}: sun/net/www/protocol/jdt/Handler> (0x00000000ead99f60) 
thrown [s\open\src\hotspot\share\classfile\systemDictionary.cpp, line 255]
Event: 105289.885 Thread 0x000001e3d17de720 Exception <a 'sun/nio/fs/WindowsException'{0x00000000eac62900}> (0x00000000eac62900) 
thrown [s\open\src\hotspot\share\prims\jni.cpp, line 516]
Event: 105290.039 Thread 0x000001e3d17de720 Exception <a 'sun/nio/fs/WindowsException'{0x00000000eb0a84b8}> (0x00000000eb0a84b8) 
thrown [s\open\src\hotspot\share\prims\jni.cpp, line 516]
Event: 105323.841 Thread 0x000001e3d17de720 Exception <a 'sun/nio/fs/WindowsException'{0x00000000eb0a5338}> (0x00000000eb0a5338) 
thrown [s\open\src\hotspot\share\prims\jni.cpp, line 516]
Event: 105324.123 Thread 0x000001e3d17de720 Exception <a 'sun/nio/fs/WindowsException'{0x00000000eace4af0}> (0x00000000eace4af0) 
thrown [s\open\src\hotspot\share\prims\jni.cpp, line 516]
Event: 105340.258 Thread 0x000001e3d17de720 Exception <a 'sun/nio/fs/WindowsException'{0x00000000eac583e0}> (0x00000000eac583e0) 
thrown [s\open\src\hotspot\share\prims\jni.cpp, line 516]
Event: 105340.519 Thread 0x000001e3d17de720 Exception <a 'sun/nio/fs/WindowsException'{0x00000000eaf695e0}> (0x00000000eaf695e0) 
thrown [s\open\src\hotspot\share\prims\jni.cpp, line 516]
Event: 105372.260 Thread 0x000001e3d17de720 Exception <a 'sun/nio/fs/WindowsException'{0x00000000eab05b20}> (0x00000000eab05b20) 
thrown [s\open\src\hotspot\share\prims\jni.cpp, line 516]
Event: 105372.544 Thread 0x000001e3d17de720 Exception <a 'sun/nio/fs/WindowsException'{0x00000000eb1a8040}> (0x00000000eb1a8040) 
thrown [s\open\src\hotspot\share\prims\jni.cpp, line 516]
Event: 105374.834 Thread 0x000001e3d17de720 Exception <a 'sun/nio/fs/WindowsException'{0x00000000eab6acc0}> (0x00000000eab6acc0) 
thrown [s\open\src\hotspot\share\prims\jni.cpp, line 516]
Event: 105374.972 Thread 0x000001e3d17de720 Exception <a 'sun/nio/fs/WindowsException'{0x00000000eac5e898}> (0x00000000eac5e898) 
thrown [s\open\src\hotspot\share\prims\jni.cpp, line 516]
Event: 105379.987 Thread 0x000001e3d17de720 Exception <a 'sun/nio/fs/WindowsException'{0x00000000eafdade0}> (0x00000000eafdade0) 
thrown [s\open\src\hotspot\share\prims\jni.cpp, line 516]
Event: 105380.272 Thread 0x000001e3d17de720 Exception <a 'sun/nio/fs/WindowsException'{0x00000000eaf185d0}> (0x00000000eaf185d0) 
thrown [s\open\src\hotspot\share\prims\jni.cpp, line 516]
Event: 105400.645 Thread 0x000001e3d17de720 Exception <a 'sun/nio/fs/WindowsException'{0x00000000eacafe58}> (0x00000000eacafe58) 
thrown [s\open\src\hotspot\share\prims\jni.cpp, line 516]
Event: 105400.823 Thread 0x000001e3d17de720 Exception <a 'sun/nio/fs/WindowsException'{0x00000000eaba4248}> (0x00000000eaba4248) 
thrown [s\open\src\hotspot\share\prims\jni.cpp, line 516]
Event: 105444.171 Thread 0x000001e3d17de720 Exception <a 'sun/nio/fs/WindowsException'{0x00000000eab654c8}> (0x00000000eab654c8) 
thrown [s\open\src\hotspot\share\prims\jni.cpp, line 516]
Event: 105444.452 Thread 0x000001e3d17de720 Exception <a 'sun/nio/fs/WindowsException'{0x00000000eb39e850}> (0x00000000eb39e850) 
thrown [s\open\src\hotspot\share\prims\jni.cpp, line 516]
Event: 105454.629 Thread 0x000001e3d17de720 Exception <a 'sun/nio/fs/WindowsException'{0x00000000eaddf738}> (0x00000000eaddf738) 
thrown [s\open\src\hotspot\share\prims\jni.cpp, line 516]

VM Operations (20 events):
Event: 105454.516 Executing VM operation: ParallelGCFailedAllocation done
Event: 105454.532 Executing VM operation: ParallelGCFailedAllocation
Event: 105454.533 Executing VM operation: ParallelGCFailedAllocation done
Event: 105454.632 Executing VM operation: ParallelGCFailedAllocation
Event: 105454.633 Executing VM operation: ParallelGCFailedAllocation done
Event: 105454.640 Executing VM operation: ParallelGCFailedAllocation
Event: 105454.642 Executing VM operation: ParallelGCFailedAllocation done
Event: 105454.649 Executing VM operation: ParallelGCFailedAllocation
Event: 105454.652 Executing VM operation: ParallelGCFailedAllocation done
Event: 105454.666 Executing VM operation: ParallelGCFailedAllocation
Event: 105454.670 Executing VM operation: ParallelGCFailedAllocation done
Event: 105454.706 Executing VM operation: ParallelGCFailedAllocation
Event: 105454.709 Executing VM operation: ParallelGCFailedAllocation done
Event: 105454.724 Executing VM operation: ParallelGCFailedAllocation
Event: 105454.856 Executing VM operation: ParallelGCFailedAllocation done
Event: 105454.866 Executing VM operation: ParallelGCFailedAllocation
Event: 105454.867 Executing VM operation: ParallelGCFailedAllocation done
Event: 105454.873 Executing VM operation: ParallelGCFailedAllocation
Event: 105454.875 Executing VM operation: ParallelGCFailedAllocation done
Event: 105454.878 Executing VM operation: ParallelGCFailedAllocation

Events (20 events):
Event: 105325.062 Thread 0x000001e3cab10380 flushing nmethod 0x000001e3bb900b90
Event: 105325.062 Thread 0x000001e3cab10380 flushing nmethod 0x000001e3bb98b790
Event: 105325.063 Thread 0x000001e3cab10380 flushing nmethod 0x000001e3bba15e10
Event: 105325.063 Thread 0x000001e3cab10380 flushing nmethod 0x000001e3bba7d290
Event: 105325.063 Thread 0x000001e3cab10380 flushing nmethod 0x000001e3bba9b790
Event: 105325.063 Thread 0x000001e3cab10380 flushing nmethod 0x000001e3bbc47b10
Event: 105340.419 Thread 0x000001e3d7267bb0 Thread added: 0x000001e3d7267bb0
Event: 105340.443 Thread 0x000001e3d7267bb0 Thread exited: 0x000001e3d7267bb0
Event: 105372.375 Thread 0x000001e3d72693c0 Thread added: 0x000001e3d72693c0
Event: 105372.517 Thread 0x000001e3d72693c0 Thread exited: 0x000001e3d72693c0
Event: 105374.939 Thread 0x000001e3d7267bb0 Thread added: 0x000001e3d7267bb0
Event: 105374.964 Thread 0x000001e3d7267bb0 Thread exited: 0x000001e3d7267bb0
Event: 105380.189 Thread 0x000001e3d7267bb0 Thread added: 0x000001e3d7267bb0
Event: 105380.213 Thread 0x000001e3d7267bb0 Thread exited: 0x000001e3d7267bb0
Event: 105400.757 Thread 0x000001e3d7267bb0 Thread added: 0x000001e3d7267bb0
Event: 105400.799 Thread 0x000001e3d7267bb0 Thread exited: 0x000001e3d7267bb0
Event: 105404.122 Thread 0x000001e3d726bf10 Thread added: 0x000001e3d726bf10
Event: 105444.427 Thread 0x000001e3d7267bb0 Thread added: 0x000001e3d7267bb0
Event: 105444.454 Thread 0x000001e3d7267bb0 Thread exited: 0x000001e3d7267bb0
Event: 105454.869 Thread 0x000001e3d7267bb0 Thread added: 0x000001e3d7267bb0


Dynamic libraries:
0x00007ff6f5140000 - 0x00007ff6f5150000 	C:\Program Files\Java\jdk-18.0.2\bin\java.exe
0x00007ff8b0210000 - 0x00007ff8b0424000 	C:\WINDOWS\SYSTEM32\ntdll.dll
0x00007ff8af700000 - 0x00007ff8af7c4000 	C:\WINDOWS\System32\KERNEL32.DLL
0x00007ff8ad920000 - 0x00007ff8adcc4000 	C:\WINDOWS\System32\KERNELBASE.dll
0x00007ff8ad5f0000 - 0x00007ff8ad701000 	C:\WINDOWS\System32\ucrtbase.dll
0x00007ff8a86b0000 - 0x00007ff8a86c8000 	C:\Program Files\Java\jdk-18.0.2\bin\jli.dll
0x00007ff89c0f0000 - 0x00007ff89c10a000 	C:\Program Files\Java\jdk-18.0.2\bin\VCRUNTIME140.dll
0x00007ff8af350000 - 0x00007ff8af400000 	C:\WINDOWS\System32\ADVAPI32.dll
0x00007ff8af7d0000 - 0x00007ff8af877000 	C:\WINDOWS\System32\msvcrt.dll
0x00007ff8af8c0000 - 0x00007ff8af966000 	C:\WINDOWS\System32\sechost.dll
0x00007ff8ae050000 - 0x00007ff8ae167000 	C:\WINDOWS\System32\RPCRT4.dll
0x00007ff8ae170000 - 0x00007ff8ae31a000 	C:\WINDOWS\System32\USER32.dll
0x00007ff89d740000 - 0x00007ff89d9cf000 	C:\WINDOWS\WinSxS\amd64_microsoft.windows.common-controls_6595b64144ccf1df_6.0.22621.2070_none_2713e6537381f706\COMCTL32.dll
0x00007ff8add70000 - 0x00007ff8add96000 	C:\WINDOWS\System32\win32u.dll
0x00007ff8aea00000 - 0x00007ff8aea29000 	C:\WINDOWS\System32\GDI32.dll
0x00007ff8ad710000 - 0x00007ff8ad829000 	C:\WINDOWS\System32\gdi32full.dll
0x00007ff8adcd0000 - 0x00007ff8add6a000 	C:\WINDOWS\System32\msvcp_win.dll
0x00007ff8a1900000 - 0x00007ff8a190a000 	C:\WINDOWS\SYSTEM32\VERSION.dll
0x00007ff8af880000 - 0x00007ff8af8b1000 	C:\WINDOWS\System32\IMM32.DLL
0x00007ff891900000 - 0x00007ff89190c000 	C:\Program Files\Java\jdk-18.0.2\bin\vcruntime140_1.dll
0x00007ff878fc0000 - 0x00007ff87904d000 	C:\Program Files\Java\jdk-18.0.2\bin\msvcp140.dll
0x00007ff869740000 - 0x00007ff86a351000 	C:\Program Files\Java\jdk-18.0.2\bin\server\jvm.dll
0x00007ff8b01c0000 - 0x00007ff8b01c8000 	C:\WINDOWS\System32\PSAPI.DLL
0x00007ff8a48b0000 - 0x00007ff8a48e4000 	C:\WINDOWS\SYSTEM32\WINMM.dll
0x00007ff8908f0000 - 0x00007ff8908f9000 	C:\WINDOWS\SYSTEM32\WSOCK32.dll
0x00007ff8adfd0000 - 0x00007ff8ae041000 	C:\WINDOWS\System32\WS2_32.dll
0x00007ff8ac690000 - 0x00007ff8ac6a8000 	C:\WINDOWS\SYSTEM32\kernel.appcore.dll
0x00007ff8918a0000 - 0x00007ff8918aa000 	C:\Program Files\Java\jdk-18.0.2\bin\jimage.dll
0x00007ff8aaf00000 - 0x00007ff8ab12e000 	C:\WINDOWS\SYSTEM32\DBGHELP.DLL
0x00007ff8aead0000 - 0x00007ff8aee5a000 	C:\WINDOWS\System32\combase.dll
0x00007ff8aee80000 - 0x00007ff8aef57000 	C:\WINDOWS\System32\OLEAUT32.dll
0x00007ff89b2f0000 - 0x00007ff89b322000 	C:\WINDOWS\SYSTEM32\dbgcore.DLL
0x00007ff8ad8a0000 - 0x00007ff8ad91a000 	C:\WINDOWS\System32\bcryptPrimitives.dll
0x00007ff891890000 - 0x00007ff89189e000 	C:\Program Files\Java\jdk-18.0.2\bin\instrument.dll
0x00007ff885010000 - 0x00007ff885035000 	C:\Program Files\Java\jdk-18.0.2\bin\java.dll
0x00007ff878ee0000 - 0x00007ff878fb6000 	C:\Program Files\Java\jdk-18.0.2\bin\jsvml.dll
0x00007ff8af9a0000 - 0x00007ff8b01b6000 	C:\WINDOWS\System32\SHELL32.dll
0x00007ff8ab580000 - 0x00007ff8abe6a000 	C:\WINDOWS\SYSTEM32\windows.storage.dll
0x00007ff8ab440000 - 0x00007ff8ab57e000 	C:\WINDOWS\SYSTEM32\wintypes.dll
0x00007ff8af600000 - 0x00007ff8af6f3000 	C:\WINDOWS\System32\SHCORE.dll
0x00007ff8af5a0000 - 0x00007ff8af5fe000 	C:\WINDOWS\System32\shlwapi.dll
0x00007ff8ad520000 - 0x00007ff8ad546000 	C:\WINDOWS\SYSTEM32\profapi.dll
0x00007ff890830000 - 0x00007ff890848000 	C:\Program Files\Java\jdk-18.0.2\bin\zip.dll
0x00007ff88bbd0000 - 0x00007ff88bbe3000 	C:\Program Files\Java\jdk-18.0.2\bin\net.dll
0x00007ff8a5290000 - 0x00007ff8a53c7000 	C:\WINDOWS\SYSTEM32\WINHTTP.dll
0x00007ff8acb50000 - 0x00007ff8acbb9000 	C:\WINDOWS\system32\mswsock.dll
0x00007ff88a2f0000 - 0x00007ff88a306000 	C:\Program Files\Java\jdk-18.0.2\bin\nio.dll
0x00007ff88a800000 - 0x00007ff88a810000 	C:\Program Files\Java\jdk-18.0.2\bin\verify.dll
0x00007ff877080000 - 0x00007ff8770be000 	C:\Users\brend\AppData\Roaming\Code\User\globalStorage\redhat.java\1.21.0\config_win\org.eclipse.equinox.launcher\org.eclipse.equinox.launcher.win32.win32.x86_64_1.2.700.v20221108-1024\eclipse_11801.dll
0x00007ff8af400000 - 0x00007ff8af59c000 	C:\WINDOWS\System32\ole32.dll
0x00007ff8ace70000 - 0x00007ff8ace8b000 	C:\WINDOWS\SYSTEM32\CRYPTSP.dll
0x00007ff8ac650000 - 0x00007ff8ac685000 	C:\WINDOWS\system32\rsaenh.dll
0x00007ff8acbf0000 - 0x00007ff8acc1c000 	C:\WINDOWS\SYSTEM32\USERENV.dll
0x00007ff8acf90000 - 0x00007ff8acfb8000 	C:\WINDOWS\SYSTEM32\bcrypt.dll
0x00007ff8ace50000 - 0x00007ff8ace5c000 	C:\WINDOWS\SYSTEM32\CRYPTBASE.dll
0x00007ff8ac140000 - 0x00007ff8ac16d000 	C:\WINDOWS\SYSTEM32\IPHLPAPI.DLL
0x00007ff8aefc0000 - 0x00007ff8aefc9000 	C:\WINDOWS\System32\NSI.dll
0x00007ff8a5800000 - 0x00007ff8a5819000 	C:\WINDOWS\SYSTEM32\dhcpcsvc6.DLL
0x00007ff8a50e0000 - 0x00007ff8a50ff000 	C:\WINDOWS\SYSTEM32\dhcpcsvc.DLL
0x00007ff8ac1b0000 - 0x00007ff8ac2a3000 	C:\WINDOWS\SYSTEM32\DNSAPI.dll
0x00007ff877030000 - 0x00007ff877075000 	C:\Users\brend\AppData\Local\Temp\jna-94001803\jna17336059631329912025.dll
0x00007ff876600000 - 0x00007ff876627000 	C:\Users\brend\.gradle\native\68d5fa5c4cc2d200863cafc0d521ce42e7d3e7ee720ec0a83991735586a16f82\windows-amd64\native-platform.dll
0x00007ff8875c0000 - 0x00007ff8875c9000 	C:\Program Files\Java\jdk-18.0.2\bin\management.dll
0x00007ff8873e0000 - 0x00007ff8873eb000 	C:\Program Files\Java\jdk-18.0.2\bin\management_ext.dll
0x00007ff886ae0000 - 0x00007ff886aee000 	C:\Program Files\Java\jdk-18.0.2\bin\sunmscapi.dll
0x00007ff8ade60000 - 0x00007ff8adfc7000 	C:\WINDOWS\System32\CRYPT32.dll
0x00007ff8acf60000 - 0x00007ff8acf8e000 	C:\WINDOWS\SYSTEM32\ncrypt.dll
0x00007ff8acf20000 - 0x00007ff8acf57000 	C:\WINDOWS\SYSTEM32\NTASN1.dll
0x0000000065840000 - 0x0000000065875000 	C:\Program Files\Bonjour\mdnsNSP.dll
0x00007ff8a5b20000 - 0x00007ff8a5b2a000 	C:\Windows\System32\rasadhlp.dll
0x00007ff8a45a0000 - 0x00007ff8a4624000 	C:\WINDOWS\System32\fwpuclnt.dll

dbghelp: loaded successfully - version: 4.0.5 - missing functions: none
symbol engine: initialized successfully - sym options: 0x614 - pdb path: .;C:\Program Files\Java\jdk-18.0.2\bin;C:\WINDOWS\SYSTEM32;C:\WINDOWS\WinSxS\amd64_microsoft.windows.common-controls_6595b64144ccf1df_6.0.22621.2070_none_2713e6537381f706;C:\Program Files\Java\jdk-18.0.2\bin\server;C:\Users\brend\AppData\Roaming\Code\User\globalStorage\redhat.java\1.21.0\config_win\org.eclipse.equinox.launcher\org.eclipse.equinox.launcher.win32.win32.x86_64_1.2.700.v20221108-1024;C:\Users\brend\AppData\Local\Temp\jna-94001803;C:\Users\brend\.gradle\native\68d5fa5c4cc2d200863cafc0d521ce42e7d3e7ee720ec0a83991735586a16f82\windows-amd64;C:\Program Files\Bonjour

VM Arguments:
jvm_args: --add-modules=ALL-SYSTEM --add-opens=java.base/java.util=ALL-UNNAMED --add-opens=java.base/java.lang=ALL-UNNAMED --add-opens=java.base/sun.nio.fs=ALL-UNNAMED -Declipse.application=org.eclipse.jdt.ls.core.id1 -Dosgi.bundles.defaultStartLevel=4 -Declipse.product=org.eclipse.jdt.ls.core.product -Djava.import.generatesMetadataFilesAtProjectRoot=false -Dfile.encoding=utf8 -XX:+UseParallelGC -XX:GCTimeRatio=4 -XX:AdaptiveSizePolicyWeight=90 -Dsun.zip.disableMemoryMapping=true -Xmx1G -Xms100m -Xlog:disable -javaagent:c:\Users\brend\.vscode\extensions\redhat.java-1.21.0-win32-x64\lombok\lombok-1.18.28.jar -XX:+HeapDumpOnOutOfMemoryError -XX:HeapDumpPath=c:\Users\brend\AppData\Roaming\Code\User\workspaceStorage\37c26aaaf44f27de3e38bd41993dd2a9\redhat.java -Daether.dependencyCollector.impl=bf 
java_command: c:\Users\brend\.vscode\extensions\redhat.java-1.21.0-win32-x64\server\plugins\org.eclipse.equinox.launcher_1.6.500.v20230717-2134.jar -configuration c:\Users\brend\AppData\Roaming\Code\User\globalStorage\redhat.java\1.21.0\config_win -data c:\Users\brend\AppData\Roaming\Code\User\workspaceStorage\37c26aaaf44f27de3e38bd41993dd2a9\redhat.java\jdt_ws
java_class_path (initial): c:\Users\brend\.vscode\extensions\redhat.java-1.21.0-win32-x64\server\plugins\org.eclipse.equinox.launcher_1.6.500.v20230717-2134.jar
Launcher Type: SUN_STANDARD

[Global flags]
    uintx AdaptiveSizePolicyWeight                 = 90                                        {product} {command line}
     intx CICompilerCount                          = 12                                        {product} {ergonomic}
    uintx GCTimeRatio                              = 4                                         {product} {command line}
     bool HeapDumpOnOutOfMemoryError               = true                                   {manageable} {command line}
    ccstr HeapDumpPath                             = c:\Users\brend\AppData\Roaming\Code\User\workspaceStorage\37c26aaaf44f27de3e38bd41993dd2a9\redhat.java         {manageable} {command line}
   size_t InitialHeapSize                          = 104857600                                 {product} {command line}
   size_t MaxHeapSize                              = 1073741824                                {product} {command line}
   size_t MaxNewSize                               = 357564416                                 {product} {ergonomic}
   size_t MinHeapDeltaBytes                        = 524288                                    {product} {ergonomic}
   size_t MinHeapSize                              = 104857600                                 {product} {command line}
   size_t NewSize                                  = 34603008                                  {product} {ergonomic}
    uintx NonNMethodCodeHeapSize                   = 7602480                                {pd product} {ergonomic}
    uintx NonProfiledCodeHeapSize                  = 122027880                              {pd product} {ergonomic}
   size_t OldSize                                  = 70254592                                  {product} {ergonomic}
    uintx ProfiledCodeHeapSize                     = 122027880                              {pd product} {ergonomic}
    uintx ReservedCodeCacheSize                    = 251658240                              {pd product} {ergonomic}
     bool SegmentedCodeCache                       = true                                      {product} {ergonomic}
   size_t SoftMaxHeapSize                          = 1073741824                             {manageable} {ergonomic}
     bool UseCompressedClassPointers               = true                           {product lp64_product} {ergonomic}
     bool UseCompressedOops                        = true                           {product lp64_product} {ergonomic}
     bool UseLargePagesIndividualAllocation        = false                                  {pd product} {ergonomic}
     bool UseParallelGC                            = true                                      {product} {command line}

Logging:
Log output configuration:
 #0: stdout all=off uptime,level,tags foldmultilines=false
 #1: stderr all=off uptime,level,tags foldmultilines=false

Environment Variables:
PATH=E:\Oculus\Support\oculus-runtime;C:\Program Files\Eclipse Adoptium\jdk-17.0.4.8-hotspot\bin;C:\Program Files\Common Files\Oracle\Java\javapath;C:\Program Files\Microsoft MPI\Bin\;C:\Program Files (x86)\Common Files\Intel\Shared Libraries\redist\intel64\compiler;C:\Python39\Scripts\;C:\Python39\;C:\Windows\system32;C:\Windows;C:\Windows\System32\Wbem;C:\Windows\System32\WindowsPowerShell\v1.0\;C:\Windows\System32\OpenSSH\;C:\Program Files\NVIDIA Corporation\NVIDIA NvDLISR;C:\Program Files\Git\cmd;C:\Program Files\nodejs\;C:\ProgramData\chocolatey\bin;C:\Program Files\dotnet\;C:\Program Files\Microsoft SQL Server\Client SDK\ODBC\170\Tools\Binn\;C:\Program Files (x86)\Microsoft SQL Server\130\DTS\Binn\;C:\Program Files\Microsoft SQL Server\Client SDK\ODBC\130\Tools\Binn\;C:\Program Files\CMake\bin;C:\WINDOWS\system32;C:\WINDOWS;C:\WINDOWS\System32\Wbem;C:\WINDOWS\System32\WindowsPowerShell\v1.0\;C:\WINDOWS\System32\OpenSSH\;C:\Program Files (x86)\Calibre2\;C:\Program Files (x86)\Google\Cloud SDK\google-cloud-sdk\bin;C:\Program Files\PuTTY\;C:\xampp\php;C:\ProgramData\ComposerSetup\bin;C:\WINDOWS\system32;C:\WINDOWS;C:\WINDOWS\System32\Wbem;C:\WINDOWS\System32\WindowsPowerShell\v1.0\;C:\WINDOWS\System32\OpenSSH\;C:\Program Files\Docker\Docker\resources\bin;C:\ProgramData\DockerDesktop\version-bin;C:\Program Files (x86)\NVIDIA Corporation\PhysX\Common;C:\Program Files\MySQL\MySQL Shell 8.0\bin\;C:\Users\brend\.cargo\bin;C:\Users\brend\AppData\Local\Microsoft\WindowsApps;C:\Users\brend\AppData\Local\Programs\Microsoft VS Code\bin;C:\Users\brend\AppData\Roaming\npm;C:\Users\brend\.dotnet\tools;C:\Program Files\Azure Data Studio\bin;C:\Program Files\JetBrains\IntelliJ IDEA 2021.2\bin;;C:\Program Files\JetBrains\IntelliJ IDEA Community Edition 2021.2\bin;;C:\Users\brend\AppData\Roaming\Composer\vendor\bin;C:\Users\brend\AppData\Local\GitHubDesktop\bin
USERNAME=brend
OS=Windows_NT
PROCESSOR_IDENTIFIER=Intel64 Family 6 Model 165 Stepping 5, GenuineIntel



---------------  S Y S T E M  ---------------

OS:
 Windows 11 , 64 bit Build 22621 (10.0.22621.2070)
OS uptime: 2 days 5:34 hours
Hyper-V role detected

CPU: total 20 (initial active 20) (10 cores per cpu, 2 threads per core) family 6 model 165 stepping 5 microcode 0xe0, cx8, cmov, fxsr, ht, mmx, 3dnowpref, sse, sse2, sse3, ssse3, sse4.1, sse4.2, popcnt, lzcnt, tsc, tscinvbit, avx, avx2, aes, erms, clmul, bmi1, bmi2, adx, fma, vzeroupper, clflush, clflushopt, hv

Memory: 4k page, system-wide physical 98172M (55602M free)
TotalPageFile size 110460M (AvailPageFile size 45966M)
current process WorkingSet (physical memory assigned to process): 991M, peak: 1238M
current process commit charge ("private bytes"): 946M, peak: 1194M

vm_info: Java HotSpot(TM) 64-Bit Server VM (18.0.2+9-61) for windows-amd64 JRE (18.0.2+9-61), built on Jun  7 2022 13:09:01 by "mach5one" with MS VC++ 16.8 / 16.9 (VS2019)

END.
