#
# A fatal error has been detected by the Java Runtime Environment:
#
#  EXCEPTION_ACCESS_VIOLATION (0xc0000005) at pc=0x00007fffbff27b7e, pid=36388, tid=36468
#
# JRE version: Java(TM) SE Runtime Environment (18.0.2+9) (build 18.0.2+9-61)
# Java VM: Java HotSpot(TM) 64-Bit Server VM (18.0.2+9-61, mixed mode, sharing, tiered, compressed oops, compressed class ptrs, parallel gc, windows-amd64)
# Problematic frame:
# V  [jvm.dll+0x307b7e]
#
# No core dump will be written. Minidumps are not enabled by default on client versions of Windows
#
# If you would like to submit a bug report, please visit:
#   https://bugreport.java.com/bugreport/crash.jsp
#

---------------  S U M M A R Y ------------

Command Line: --add-modules=ALL-SYSTEM --add-opens=java.base/java.util=ALL-UNNAMED --add-opens=java.base/java.lang=ALL-UNNAMED --add-opens=java.base/sun.nio.fs=ALL-UNNAMED -Declipse.application=org.eclipse.jdt.ls.core.id1 -Dosgi.bundles.defaultStartLevel=4 -Declipse.product=org.eclipse.jdt.ls.core.product -Djava.import.generatesMetadataFilesAtProjectRoot=false -Dfile.encoding=utf8 -XX:+UseParallelGC -XX:GCTimeRatio=4 -XX:AdaptiveSizePolicyWeight=90 -Dsun.zip.disableMemoryMapping=true -Xmx1G -Xms100m -Xlog:disable -javaagent:c:\Users\brend\.vscode\extensions\redhat.java-1.21.0-win32-x64\lombok\lombok-1.18.28.jar -XX:+HeapDumpOnOutOfMemoryError -XX:HeapDumpPath=c:\Users\brend\AppData\Roaming\Code\User\workspaceStorage\740d546d7c3ef9ec51985389fff41459\redhat.java -Daether.dependencyCollector.impl=bf c:\Users\brend\.vscode\extensions\redhat.java-1.21.0-win32-x64\server\plugins\org.eclipse.equinox.launcher_1.6.500.v20230717-2134.jar -configuration c:\Users\brend\AppData\Roaming\Code\User\globalStorage\redhat.java\1.21.0\config_win -data c:\Users\brend\AppData\Roaming\Code\User\workspaceStorage\740d546d7c3ef9ec51985389fff41459\redhat.java\jdt_ws

Host: Intel(R) Core(TM) i9-10900K CPU @ 3.70GHz, 20 cores, 63G,  Windows 11 , 64 bit Build 22621 (10.0.22621.1928)
Time: Sat Aug 12 13:29:01 2023 Eastern Daylight Time elapsed time: 6798.744201 seconds (0d 1h 53m 18s)

---------------  T H R E A D  ---------------

Current thread (0x000001d8f3a7d120):  WorkerThread "GC Thread#14" [stack: 0x0000003386c00000,0x0000003386d00000] [id=36468]

Stack: [0x0000003386c00000,0x0000003386d00000],  sp=0x0000003386cff618,  free space=1021k
Native frames: (J=compiled Java code, j=interpreted, Vv=VM code, C=native code)
V  [jvm.dll+0x307b7e]
V  [jvm.dll+0x6d9708]
V  [jvm.dll+0x6d9b7f]
V  [jvm.dll+0x820a44]
V  [jvm.dll+0x7a125a]
V  [jvm.dll+0x698275]
C  [ucrtbase.dll+0x29363]
C  [KERNEL32.DLL+0x126ad]
C  [ntdll.dll+0x5aa68]


siginfo: EXCEPTION_ACCESS_VIOLATION (0xc0000005), data execution prevention violation at address 0x00007fff91400000


Register to memory mapping:

RIP=0x00007fffbff27b7e jvm.dll
RAX=0x000001d8d24b0f00 points into unknown readable memory: 0x000001d8ec732c60 | 60 2c 73 ec d8 01 00 00
RBX=0x0000000000000008 is an unknown value
RCX=0x000001d8ec733860 points into unknown readable memory: 0x0000000000000000 | 00 00 00 00 00 00 00 00
RDX=0x0000000000000002 is an unknown value
RSP=0x0000003386cff618 points into unknown readable memory: 0x00000033843ff398 | 98 f3 3f 84 33 00 00 00
RBP=0x0000000000000001 is an unknown value
RSI=0x0000000000000018 is an unknown value
RDI=0x000001d8d2536460 points into unknown readable memory: 0x00007fffc053e660 | 60 e6 53 c0 ff 7f 00 00
R8 =0x0 is NULL
R9 =0x0000000000000002 is an unknown value
R10=0x0000000000000003 is an unknown value
R11=0x000001d8ec734c60 points into unknown readable memory: 0x0000000000000000 | 00 00 00 00 00 00 00 00
R12=0x0 is NULL
R13=0x000001d8f3db7b90 points into unknown readable memory: 0x0000000000000002 | 02 00 00 00 00 00 00 00
R14=0x0000000000000010 is an unknown value
R15=0x0000003386cff680 points into unknown readable memory: 0x0000000000000000 | 00 00 00 00 00 00 00 00


Registers:
RAX=0x000001d8d24b0f00, RBX=0x0000000000000008, RCX=0x000001d8ec733860, RDX=0x0000000000000002
RSP=0x0000003386cff618, RBP=0x0000000000000001, RSI=0x0000000000000018, RDI=0x000001d8d2536460
R8 =0x0000000000000000, R9 =0x0000000000000002, R10=0x0000000000000003, R11=0x000001d8ec734c60
R12=0x0000000000000000, R13=0x000001d8f3db7b90, R14=0x0000000000000010, R15=0x0000003386cff680
RIP=0x00007fffbff27b7e, EFLAGS=0x0000000000010206

Top of Stack: (sp=0x0000003386cff618)
0x0000003386cff618:   00000033843ff398 0000000000000008
0x0000003386cff628:   0000000000000005 0000000000000008
0x0000003386cff638:   00007fffc02f9708 000001d8ec734c00
0x0000003386cff648:   000001d8ec734c00 0000000000000000
0x0000003386cff658:   00000033843ff3f0 00000033843ff290
0x0000003386cff668:   00007fffc02f9b7f 000001d8ec734c00
0x0000003386cff678:   0000003386cff709 0000000000000000
0x0000003386cff688:   00000033843ff3d0 000001d8ec734c00
0x0000003386cff698:   0000000000000008 000000000000000f
0x0000003386cff6a8:   00000033843fee38 0000000800000002
0x0000003386cff6b8:   000001d8ec734c00 00007fffc059c250
0x0000003386cff6c8:   000001d8ec734c00 00000033843ff290
0x0000003386cff6d8:   000001d8f3113c20 00000000000003d8
0x0000003386cff6e8:   000001d8f3113c30 000001d8f3114008
0x0000003386cff6f8:   00007fffc059c3a8 0000000000000008
0x0000003386cff708:   0000000000000000 0000000000000000 

Instructions: (pc=0x00007fffbff27b7e)
0x00007fffbff27a7e:   88 ff ff ff 7f 0f 4e c1 33 d2 41 89 83 04 02 00
0x00007fffbff27a8e:   00 f7 77 08 44 8b ca 3b d3 74 b7 8b d3 0f 1f 44
0x00007fffbff27a9e:   00 00 3b d3 74 05 41 3b d1 75 44 45 8b 83 04 02
0x00007fffbff27aae:   00 00 b8 5f 0b 4e 83 41 f7 e8 41 03 d0 c1 fa 10
0x00007fffbff27abe:   8b c2 c1 e8 1f 03 d0 41 69 c0 a7 41 00 00 69 ca
0x00007fffbff27ace:   ff ff ff 7f 2b c1 85 c0 8d 88 ff ff ff 7f 0f 4e
0x00007fffbff27ade:   c1 33 d2 41 89 83 04 02 00 00 f7 77 08 eb b3 41
0x00007fffbff27aee:   8b c1 4c 8d 34 c5 00 00 00 00 48 8b 47 10 49 8b
0x00007fffbff27afe:   0c 06 8b 81 00 01 00 00 44 8b 91 80 00 00 00 44
0x00007fffbff27b0e:   2b d0 8b c2 41 81 e2 ff ff 01 00 41 81 fa ff ff
0x00007fffbff27b1e:   01 00 45 0f 44 d4 48 8d 34 c5 00 00 00 00 48 8b
0x00007fffbff27b2e:   47 10 48 8b 0c 06 8b 81 00 01 00 00 44 8b 81 80
0x00007fffbff27b3e:   00 00 00 44 2b c0 32 c0 41 81 e0 ff ff 01 00 41
0x00007fffbff27b4e:   81 f8 ff ff 01 00 45 0f 44 c4 45 3b c2 76 11 48
0x00007fffbff27b5e:   8b 47 10 48 8b 34 06 48 8b 86 00 01 00 00 eb 1b
0x00007fffbff27b6e:   45 85 d2 0f 84 83 00 00 00 48 8b 47 10 41 8b d1
0x00007fffbff27b7e:   49 8b 34 06 48 8b 86 00 01 00 00 8b 8e 80 00 00
0x00007fffbff27b8e:   00 2b c8 81 e1 ff ff 01 00 81 f9 ff ff 01 00 41
0x00007fffbff27b9e:   0f 44 cc 85 c9 75 13 ba ff ff ff ff 32 c0 41 89
0x00007fffbff27bae:   93 00 02 00 00 e9 c4 00 00 00 48 8b 8e 80 01 00
0x00007fffbff27bbe:   00 4c 8b c8 44 8b c0 4e 8b 04 c1 8d 48 01 81 e1
0x00007fffbff27bce:   ff ff 01 00 4d 89 07 45 8b c4 41 0f 94 c0 49 c1
0x00007fffbff27bde:   e9 20 45 03 c8 49 c1 e1 20 4c 0b c9 f0 4c 0f b1
0x00007fffbff27bee:   8e 00 01 00 00 0f 94 c0 84 c0 75 05 ba ff ff ff
0x00007fffbff27bfe:   ff 41 89 93 00 02 00 00 eb 74 75 76 48 8b 47 10
0x00007fffbff27c0e:   8d 4b ff 83 e1 01 4c 8b 14 c8 49 8b 82 00 01 00
0x00007fffbff27c1e:   00 41 8b 8a 80 00 00 00 2b c8 81 e1 ff ff 01 00
0x00007fffbff27c2e:   81 f9 ff ff 01 00 41 0f 44 cc 85 c9 75 04 32 c0
0x00007fffbff27c3e:   eb 3c 49 8b 8a 80 01 00 00 4c 8b c0 8b d0 48 8b
0x00007fffbff27c4e:   14 d1 8d 48 01 81 e1 ff ff 01 00 49 89 17 41 8b
0x00007fffbff27c5e:   d4 0f 94 c2 49 c1 e8 20 44 03 c2 49 c1 e0 20 4c
0x00007fffbff27c6e:   0b c1 f0 4d 0f b1 82 00 01 00 00 0f 94 c0 84 c0 


Stack slot to memory mapping:
stack at sp + 0 slots: 0x00000033843ff398 points into unknown readable memory: 0x000001d8d24b1d00 | 00 1d 4b d2 d8 01 00 00
stack at sp + 1 slots: 0x0000000000000008 is an unknown value
stack at sp + 2 slots: 0x0000000000000005 is an unknown value
stack at sp + 3 slots: 0x0000000000000008 is an unknown value
stack at sp + 4 slots: 0x00007fffc02f9708 jvm.dll
stack at sp + 5 slots: 0x000001d8ec734c00 points into unknown readable memory: 0x00007fffc059c0f0 | f0 c0 59 c0 ff 7f 00 00
stack at sp + 6 slots: 0x000001d8ec734c00 points into unknown readable memory: 0x00007fffc059c0f0 | f0 c0 59 c0 ff 7f 00 00
stack at sp + 7 slots: 0x0 is NULL


---------------  P R O C E S S  ---------------

Threads class SMR info:
_java_thread_list=0x000001d8fb2f6180, length=53, elements={
0x000001d8d24c2de0, 0x000001d8eafd8bd0, 0x000001d8eafda330, 0x000001d8eafedb20,
0x000001d8eafee3d0, 0x000001d8ec73ba10, 0x000001d8ec73fa80, 0x000001d8ec74a320,
0x000001d8ec74bc20, 0x000001d8ec754ce0, 0x000001d8ec80c490, 0x000001d8f298f0f0,
0x000001d8f2e37c00, 0x000001d8f2b969e0, 0x000001d8f32908f0, 0x000001d8f3135760,
0x000001d8f35d0d00, 0x000001d8f35ce680, 0x000001d8f35cf4f0, 0x000001d8f35cf9c0,
0x000001d8f35cfe90, 0x000001d8f35d0360, 0x000001d8f47bf5b0, 0x000001d8f893e8b0,
0x000001d8f46fa2d0, 0x000001d8f893aef0, 0x000001d8f893b3c0, 0x000001d8f893f720,
0x000001d8f46f9460, 0x000001d8f893cbd0, 0x000001d8f893fbf0, 0x000001d8f893d570,
0x000001d8f8940590, 0x000001d8f8940a60, 0x000001d8f893aa20, 0x000001d8f8941400,
0x000001d8f89418d0, 0x000001d8f893a080, 0x000001d8f35d1b70, 0x000001d8f35d16a0,
0x000001d8f35ceb50, 0x000001d8f46f6910, 0x000001d8f46f72b0, 0x000001d8f46f85f0,
0x000001d8f47bca60, 0x000001d8f47bd8d0, 0x000001d8f45d8800, 0x000001d8f45d9670,
0x000001d8f46f8120, 0x000001d8f46f9e00, 0x000001d8f3dc0ac0, 0x000001d8f3dc1e00,
0x000001d8f46f7c50
}

Java Threads: ( => current thread )
  0x000001d8d24c2de0 JavaThread "main" [_thread_blocked, id=34308, stack(0x0000003384100000,0x0000003384200000)]
  0x000001d8eafd8bd0 JavaThread "Reference Handler" daemon [_thread_blocked, id=36280, stack(0x0000003384400000,0x0000003384500000)]
  0x000001d8eafda330 JavaThread "Finalizer" daemon [_thread_blocked, id=40800, stack(0x0000003384500000,0x0000003384600000)]
  0x000001d8eafedb20 JavaThread "Signal Dispatcher" daemon [_thread_blocked, id=45740, stack(0x0000003384600000,0x0000003384700000)]
  0x000001d8eafee3d0 JavaThread "Attach Listener" daemon [_thread_blocked, id=15732, stack(0x0000003384700000,0x0000003384800000)]
  0x000001d8ec73ba10 JavaThread "Service Thread" daemon [_thread_blocked, id=37680, stack(0x0000003384800000,0x0000003384900000)]
  0x000001d8ec73fa80 JavaThread "Monitor Deflation Thread" daemon [_thread_blocked, id=45164, stack(0x0000003384900000,0x0000003384a00000)]
  0x000001d8ec74a320 JavaThread "C2 CompilerThread0" daemon [_thread_blocked, id=28168, stack(0x0000003384a00000,0x0000003384b00000)]
  0x000001d8ec74bc20 JavaThread "C1 CompilerThread0" daemon [_thread_blocked, id=27236, stack(0x0000003384b00000,0x0000003384c00000)]
  0x000001d8ec754ce0 JavaThread "Sweeper thread" daemon [_thread_blocked, id=29796, stack(0x0000003384c00000,0x0000003384d00000)]
  0x000001d8ec80c490 JavaThread "Common-Cleaner" daemon [_thread_blocked, id=26616, stack(0x0000003384d00000,0x0000003384e00000)]
  0x000001d8f298f0f0 JavaThread "Notification Thread" daemon [_thread_blocked, id=36588, stack(0x0000003385300000,0x0000003385400000)]
  0x000001d8f2e37c00 JavaThread "Active Thread: Equinox Container: 2f18d15e-1cb1-4bda-b813-2d85688e8815" [_thread_blocked, id=15168, stack(0x0000003385d00000,0x0000003385e00000)]
  0x000001d8f2b969e0 JavaThread "Framework Event Dispatcher: Equinox Container: 2f18d15e-1cb1-4bda-b813-2d85688e8815" daemon [_thread_blocked, id=30880, stack(0x0000003385e00000,0x0000003385f00000)]
  0x000001d8f32908f0 JavaThread "Start Level: Equinox Container: 2f18d15e-1cb1-4bda-b813-2d85688e8815" daemon [_thread_blocked, id=45112, stack(0x0000003385f00000,0x0000003386000000)]
  0x000001d8f3135760 JavaThread "SCR Component Actor" daemon [_thread_blocked, id=36432, stack(0x0000003386000000,0x0000003386100000)]
  0x000001d8f35d0d00 JavaThread "Worker-JM" [_thread_blocked, id=17308, stack(0x0000003386400000,0x0000003386500000)]
  0x000001d8f35ce680 JavaThread "Java indexing" daemon [_thread_blocked, id=19328, stack(0x0000003386e00000,0x0000003386f00000)]
  0x000001d8f35cf4f0 JavaThread "JNA Cleaner" daemon [_thread_blocked, id=45552, stack(0x0000003386f00000,0x0000003387000000)]
  0x000001d8f35cf9c0 JavaThread "pool-2-thread-1" [_thread_blocked, id=22468, stack(0x0000003387200000,0x0000003387300000)]
  0x000001d8f35cfe90 JavaThread "WorkspaceEventsHandler" [_thread_blocked, id=12316, stack(0x0000003387300000,0x0000003387400000)]
  0x000001d8f35d0360 JavaThread "pool-1-thread-1" [_thread_in_native, id=35820, stack(0x0000003387400000,0x0000003387500000)]
  0x000001d8f47bf5b0 JavaThread "Timer-0" [_thread_blocked, id=37812, stack(0x0000003387a00000,0x0000003387b00000)]
  0x000001d8f893e8b0 JavaThread "Bundle File Closer" daemon [_thread_blocked, id=28244, stack(0x0000003387500000,0x0000003387600000)]
  0x000001d8f46fa2d0 JavaThread "Java Debug Server" daemon [_thread_in_native, id=44056, stack(0x0000003384000000,0x0000003384100000)]
  0x000001d8f893aef0 JavaThread "pool-4-thread-1" [_thread_in_native, id=36684, stack(0x0000003384e00000,0x0000003384f00000)]
  0x000001d8f893b3c0 JavaThread "RxSchedulerPurge-1" daemon [_thread_blocked, id=40608, stack(0x0000003385100000,0x0000003385200000)]
  0x000001d8f893f720 JavaThread "RxCachedWorkerPoolEvictor-1" daemon [_thread_blocked, id=43904, stack(0x0000003385600000,0x0000003385700000)]
  0x000001d8f46f9460 JavaThread "Worker-15" [_thread_blocked, id=27200, stack(0x0000003383f00000,0x0000003384000000)]
  0x000001d8f893cbd0 JavaThread "ForkJoinPool.commonPool-worker-26" daemon [_thread_blocked, id=36668, stack(0x0000003385500000,0x0000003385600000)]
  0x000001d8f893fbf0 JavaThread "ForkJoinPool.commonPool-worker-27" daemon [_thread_blocked, id=44512, stack(0x0000003386d00000,0x0000003386e00000)]
  0x000001d8f893d570 JavaThread "ForkJoinPool.commonPool-worker-28" daemon [_thread_blocked, id=30168, stack(0x0000003387100000,0x0000003387200000)]
  0x000001d8f8940590 JavaThread "ForkJoinPool.commonPool-worker-30" daemon [_thread_blocked, id=40268, stack(0x0000003387600000,0x0000003387700000)]
  0x000001d8f8940a60 JavaThread "ForkJoinPool.commonPool-worker-31" daemon [_thread_blocked, id=34296, stack(0x0000003387700000,0x0000003387800000)]
  0x000001d8f893aa20 JavaThread "ForkJoinPool.commonPool-worker-32" daemon [_thread_blocked, id=33720, stack(0x0000003387800000,0x0000003387900000)]
  0x000001d8f8941400 JavaThread "ForkJoinPool.commonPool-worker-33" daemon [_thread_blocked, id=37392, stack(0x0000003387900000,0x0000003387a00000)]
  0x000001d8f89418d0 JavaThread "ForkJoinPool.commonPool-worker-34" daemon [_thread_blocked, id=41976, stack(0x0000003387b00000,0x0000003387c00000)]
  0x000001d8f893a080 JavaThread "ForkJoinPool.commonPool-worker-35" daemon [_thread_blocked, id=38720, stack(0x0000003387c00000,0x0000003387d00000)]
  0x000001d8f35d1b70 JavaThread "ForkJoinPool.commonPool-worker-36" daemon [_thread_blocked, id=39180, stack(0x0000003387d00000,0x0000003387e00000)]
  0x000001d8f35d16a0 JavaThread "ForkJoinPool.commonPool-worker-37" daemon [_thread_blocked, id=42388, stack(0x0000003387e00000,0x0000003387f00000)]
  0x000001d8f35ceb50 JavaThread "ForkJoinPool.commonPool-worker-38" daemon [_thread_blocked, id=36816, stack(0x0000003387f00000,0x0000003388000000)]
  0x000001d8f46f6910 JavaThread "ForkJoinPool.commonPool-worker-39" daemon [_thread_blocked, id=30724, stack(0x0000003388000000,0x0000003388100000)]
  0x000001d8f46f72b0 JavaThread "ForkJoinPool.commonPool-worker-40" daemon [_thread_blocked, id=39672, stack(0x0000003388100000,0x0000003388200000)]
  0x000001d8f46f85f0 JavaThread "ForkJoinPool.commonPool-worker-41" daemon [_thread_blocked, id=32836, stack(0x0000003388200000,0x0000003388300000)]
  0x000001d8f47bca60 JavaThread "ForkJoinPool.commonPool-worker-42" daemon [_thread_blocked, id=10420, stack(0x0000003383e00000,0x0000003383f00000)]
  0x000001d8f47bd8d0 JavaThread "ForkJoinPool.commonPool-worker-43" daemon [_thread_blocked, id=6104, stack(0x0000003388300000,0x0000003388400000)]
  0x000001d8f45d8800 JavaThread "Worker-19" [_thread_blocked, id=45016, stack(0x0000003386300000,0x0000003386400000)]
  0x000001d8f45d9670 JavaThread "RxNewThreadScheduler-11" daemon [_thread_blocked, id=39272, stack(0x0000003385000000,0x0000003385100000)]
  0x000001d8f46f8120 JavaThread "Packet Receive Manager" daemon [_thread_blocked, id=45120, stack(0x0000003385200000,0x0000003385300000)]
  0x000001d8f46f9e00 JavaThread "Packet Send Manager" daemon [_thread_blocked, id=45216, stack(0x0000003386900000,0x0000003386a00000)]
  0x000001d8f3dc0ac0 JavaThread "Event Hub" daemon [_thread_blocked, id=41360, stack(0x0000003386800000,0x0000003386900000)]
  0x000001d8f3dc1e00 JavaThread "ForkJoinPool.commonPool-worker-44" daemon [_thread_blocked, id=15552, stack(0x0000003384f00000,0x0000003385000000)]
  0x000001d8f46f7c50 JavaThread "ForkJoinPool.commonPool-worker-45" daemon [_thread_blocked, id=7532, stack(0x0000003387000000,0x0000003387100000)]

Other Threads:
  0x000001d8ec736c90 VMThread "VM Thread" [stack: 0x0000003384300000,0x0000003384400000] [id=36496]
  0x000001d8f297dbb0 WatcherThread "VM Periodic Task Thread" [stack: 0x0000003385400000,0x0000003385500000] [id=41140]
  0x000001d8d24dec60 WorkerThread "GC Thread#0" [stack: 0x0000003384200000,0x0000003384300000] [id=21724]
  0x000001d8f30f28a0 WorkerThread "GC Thread#1" [stack: 0x0000003385700000,0x0000003385800000] [id=22512]
  0x000001d8f30feb60 WorkerThread "GC Thread#2" [stack: 0x0000003385800000,0x0000003385900000] [id=12136]
  0x000001d8f2b39530 WorkerThread "GC Thread#3" [stack: 0x0000003385900000,0x0000003385a00000] [id=28964]
  0x000001d8f2b397d0 WorkerThread "GC Thread#4" [stack: 0x0000003385a00000,0x0000003385b00000] [id=24048]
  0x000001d8f2b39a70 WorkerThread "GC Thread#5" [stack: 0x0000003385b00000,0x0000003385c00000] [id=40408]
  0x000001d8f2bc9bc0 WorkerThread "GC Thread#6" [stack: 0x0000003385c00000,0x0000003385d00000] [id=17720]
  0x000001d8f310dfb0 WorkerThread "GC Thread#7" [stack: 0x0000003386100000,0x0000003386200000] [id=3520]
  0x000001d8f3141fb0 WorkerThread "GC Thread#8" [stack: 0x0000003386200000,0x0000003386300000] [id=22100]
  0x000001d8f34b27c0 WorkerThread "GC Thread#9" [stack: 0x0000003386500000,0x0000003386600000] [id=44652]
  0x000001d8f3515a40 WorkerThread "GC Thread#10" [stack: 0x0000003386600000,0x0000003386700000] [id=44888]
  0x000001d8f3a7c940 WorkerThread "GC Thread#11" [stack: 0x0000003386700000,0x0000003386800000] [id=26960]
  0x000001d8f3a7d3c0 WorkerThread "GC Thread#12" [stack: 0x0000003386a00000,0x0000003386b00000] [id=45768]
  0x000001d8f3a7cbe0 WorkerThread "GC Thread#13" [stack: 0x0000003386b00000,0x0000003386c00000] [id=37752]
=>0x000001d8f3a7d120 WorkerThread "GC Thread#14" [stack: 0x0000003386c00000,0x0000003386d00000] [id=36468]

Threads with active compile tasks:

VM state: at safepoint (normal execution)

VM Mutex/Monitor currently owned by a thread:  ([mutex/lock_event])
[0x000001d8d24bf890] Threads_lock - owner thread: 0x000001d8ec736c90
[0x000001d8d24bf9b0] Heap_lock - owner thread: 0x000001d8f8940a60

Heap address: 0x00000000c0000000, size: 1024 MB, Compressed Oops mode: 32-bit

CDS archive(s) mapped at: [0x0000000800000000-0x0000000800ba0000-0x0000000800ba0000), size 12189696, SharedBaseAddress: 0x0000000800000000, ArchiveRelocationMode: 0.
Compressed class space mapped at: 0x0000000800c00000-0x0000000840c00000, reserved size: 1073741824
Narrow klass base: 0x0000000800000000, Narrow klass shift: 0, Narrow klass range: 0x100000000

GC Precious Log:
 CardTable entry size: 512
 CPUs: 20 total, 20 available
 Memory: 65404M
 Large Page Support: Disabled
 NUMA Support: Disabled
 Compressed Oops: Enabled (32-bit)
 Alignments: Space 512K, Generation 512K, Heap 2M
 Heap Min Capacity: 100M
 Heap Initial Capacity: 100M
 Heap Max Capacity: 1G
 Pre-touch: Disabled
 Parallel Workers: 15

Heap:
 PSYoungGen      total 3584K, used 3136K [0x00000000eab00000, 0x00000000eb080000, 0x0000000100000000)
  eden space 2048K, 100% used [0x00000000eab00000,0x00000000ead00000,0x00000000ead00000)
  from space 1536K, 70% used [0x00000000eae80000,0x00000000eaf90020,0x00000000eb000000)
  to   space 1536K, 52% used [0x00000000ead00000,0x00000000eadc8000,0x00000000eae80000)
 ParOldGen       total 244736K, used 214268K [0x00000000c0000000, 0x00000000cef00000, 0x00000000eab00000)
  object space 244736K, 87% used [0x00000000c0000000,0x00000000cd13f3d0,0x00000000cef00000)
 Metaspace       used 93647K, committed 95040K, reserved 1179648K
  class space    used 9465K, committed 10176K, reserved 1048576K

Card table byte_map: [0x000001d8d1e60000,0x000001d8d2070000] _byte_map_base: 0x000001d8d1860000

Marking Bits: (ParMarkBitMap*) 0x00007fffc076fbc0
 Begin Bits: [0x000001d8e8df0000, 0x000001d8e9df0000)
 End Bits:   [0x000001d8e9df0000, 0x000001d8eadf0000)

Polling page: 0x000001d8d03b0000

Metaspace:

Usage:
  Non-class:     82.21 MB used.
      Class:      9.24 MB used.
       Both:     91.45 MB used.

Virtual space:
  Non-class space:      128.00 MB reserved,      82.88 MB ( 65%) committed,  2 nodes.
      Class space:        1.00 GB reserved,       9.94 MB ( <1%) committed,  1 nodes.
             Both:        1.12 GB reserved,      92.81 MB (  8%) committed. 

Chunk freelists:
   Non-Class:  816.00 KB
       Class:  1.94 MB
        Both:  2.74 MB

MaxMetaspaceSize: unlimited
CompressedClassSpaceSize: 1.00 GB
Initial GC threshold: 21.00 MB
Current GC threshold: 154.38 MB
CDS: on
MetaspaceReclaimPolicy: balanced
 - commit_granule_bytes: 65536.
 - commit_granule_words: 8192.
 - virtual_space_node_default_size: 8388608.
 - enlarge_chunks_in_place: 1.
 - new_chunks_are_fully_committed: 0.
 - uncommit_free_chunks: 1.
 - use_allocation_guard: 0.


Internal statistics:

num_allocs_failed_limit: 11.
num_arena_births: 1928.
num_arena_deaths: 622.
num_vsnodes_births: 3.
num_vsnodes_deaths: 0.
num_space_committed: 1485.
num_space_uncommitted: 0.
num_chunks_returned_to_freelist: 748.
num_chunks_taken_from_freelist: 6887.
num_chunk_merges: 237.
num_chunk_splits: 4014.
num_chunks_enlarged: 2250.
num_inconsistent_stats: 0.

CodeHeap 'non-profiled nmethods': size=119168Kb used=30736Kb max_used=30736Kb free=88431Kb
 bounds [0x000001d8e1990000, 0x000001d8e37a0000, 0x000001d8e8df0000]
CodeHeap 'profiled nmethods': size=119104Kb used=41867Kb max_used=43447Kb free=77236Kb
 bounds [0x000001d8da540000, 0x000001d8dcfe0000, 0x000001d8e1990000]
CodeHeap 'non-nmethods': size=7488Kb used=1455Kb max_used=3254Kb free=6032Kb
 bounds [0x000001d8d9df0000, 0x000001d8da130000, 0x000001d8da540000]
 total_blobs=21913 nmethods=21118 adapters=700
 compilation: enabled
              stopped_count=0, restarted_count=0
 full_count=0

Compilation events (20 events):
Event: 6796.604 Thread 0x000001d8ec74bc20 32393       3       org.eclipse.jdt.core.dom.ASTVisitor::endVisit (1 bytes)
Event: 6796.604 Thread 0x000001d8ec74bc20 nmethod 32393 0x000001d8db091c10 code [0x000001d8db091da0, 0x000001d8db091eb8]
Event: 6797.960 Thread 0x000001d8ec74a320 32394       4       org.eclipse.jdt.internal.compiler.lookup.PolyParameterizedGenericMethodBinding::hashCode (8 bytes)
Event: 6797.961 Thread 0x000001d8ec74a320 nmethod 32394 0x000001d8e3789810 code [0x000001d8e37899a0, 0x000001d8e3789aa8]
Event: 6797.965 Thread 0x000001d8ec74a320 32395       4       org.eclipse.jdt.internal.compiler.lookup.Scope::mostSpecificMethodBinding (1901 bytes)
Event: 6798.011 Thread 0x000001d8ec74a320 nmethod 32395 0x000001d8e3789b90 code [0x000001d8e3789fa0, 0x000001d8e378d098]
Event: 6798.012 Thread 0x000001d8ec74a320 32396       4       org.eclipse.jdt.internal.compiler.lookup.ParameterizedGenericMethodBinding::boundCheck18 (188 bytes)
Event: 6798.016 Thread 0x000001d8ec74a320 nmethod 32396 0x000001d8e378ff10 code [0x000001d8e37900e0, 0x000001d8e3790668]
Event: 6798.016 Thread 0x000001d8ec74a320 32397       4       org.eclipse.jdt.internal.compiler.lookup.BoundSet::properTypesByInferenceVariable (51 bytes)
Event: 6798.031 Thread 0x000001d8ec74bc20 32399   !   3       org.eclipse.jdt.core.dom.DocCommentParser::createMethodReference (216 bytes)
Event: 6798.032 Thread 0x000001d8ec74bc20 nmethod 32399 0x000001d8db673e10 code [0x000001d8db674120, 0x000001d8db675428]
Event: 6798.032 Thread 0x000001d8ec74bc20 32400       3       org.eclipse.jdt.core.dom.AST::newMethodRef (11 bytes)
Event: 6798.032 Thread 0x000001d8ec74bc20 nmethod 32400 0x000001d8dbb25d90 code [0x000001d8dbb25f40, 0x000001d8dbb260e8]
Event: 6798.032 Thread 0x000001d8ec74bc20 32401       3       org.eclipse.jdt.core.dom.MethodRef::<init> (31 bytes)
Event: 6798.032 Thread 0x000001d8ec74bc20 nmethod 32401 0x000001d8dbba7210 code [0x000001d8dbba73e0, 0x000001d8dbba7878]
Event: 6798.041 Thread 0x000001d8ec74a320 nmethod 32397 0x000001d8e3790b90 code [0x000001d8e3790e60, 0x000001d8e3791e90]
Event: 6798.041 Thread 0x000001d8ec74a320 32398       4       org.eclipse.jdt.internal.compiler.ast.QualifiedNameReference::lastFieldBinding (48 bytes)
Event: 6798.042 Thread 0x000001d8ec74a320 nmethod 32398 0x000001d8e3792f10 code [0x000001d8e37930a0, 0x000001d8e37931b8]
Event: 6798.094 Thread 0x000001d8ec74a320 32402   !   4       org.eclipse.jdt.internal.core.Buffer::setContents (132 bytes)
Event: 6798.098 Thread 0x000001d8ec74a320 nmethod 32402 0x000001d8e3793290 code [0x000001d8e3793460, 0x000001d8e3793d98]

GC Heap History (20 events):
Event: 6798.090 GC heap after
{Heap after GC invocations=18546 (full 306):
 PSYoungGen      total 3584K, used 481K [0x00000000eab00000, 0x00000000eb100000, 0x0000000100000000)
  eden space 3072K, 0% used [0x00000000eab00000,0x00000000eab00000,0x00000000eae00000)
  from space 512K, 93% used [0x00000000eae80000,0x00000000eaef8498,0x00000000eaf00000)
  to   space 1536K, 0% used [0x00000000eaf80000,0x00000000eaf80000,0x00000000eb100000)
 ParOldGen       total 244736K, used 209559K [0x00000000c0000000, 0x00000000cef00000, 0x00000000eab00000)
  object space 244736K, 85% used [0x00000000c0000000,0x00000000ccca5e08,0x00000000cef00000)
 Metaspace       used 93647K, committed 95040K, reserved 1179648K
  class space    used 9465K, committed 10176K, reserved 1048576K
}
Event: 6798.093 GC heap before
{Heap before GC invocations=18547 (full 306):
 PSYoungGen      total 3584K, used 3551K [0x00000000eab00000, 0x00000000eb100000, 0x0000000100000000)
  eden space 3072K, 99% used [0x00000000eab00000,0x00000000eadffa08,0x00000000eae00000)
  from space 512K, 93% used [0x00000000eae80000,0x00000000eaef8498,0x00000000eaf00000)
  to   space 1536K, 0% used [0x00000000eaf80000,0x00000000eaf80000,0x00000000eb100000)
 ParOldGen       total 244736K, used 209559K [0x00000000c0000000, 0x00000000cef00000, 0x00000000eab00000)
  object space 244736K, 85% used [0x00000000c0000000,0x00000000ccca5e08,0x00000000cef00000)
 Metaspace       used 93647K, committed 95040K, reserved 1179648K
  class space    used 9465K, committed 10176K, reserved 1048576K
}
Event: 6798.093 GC heap after
{Heap after GC invocations=18547 (full 306):
 PSYoungGen      total 4608K, used 1449K [0x00000000eab00000, 0x00000000eb100000, 0x0000000100000000)
  eden space 3072K, 0% used [0x00000000eab00000,0x00000000eab00000,0x00000000eae00000)
  from space 1536K, 94% used [0x00000000eaf80000,0x00000000eb0ea530,0x00000000eb100000)
  to   space 1536K, 0% used [0x00000000eae00000,0x00000000eae00000,0x00000000eaf80000)
 ParOldGen       total 244736K, used 209832K [0x00000000c0000000, 0x00000000cef00000, 0x00000000eab00000)
  object space 244736K, 85% used [0x00000000c0000000,0x00000000cccea2a0,0x00000000cef00000)
 Metaspace       used 93647K, committed 95040K, reserved 1179648K
  class space    used 9465K, committed 10176K, reserved 1048576K
}
Event: 6798.097 GC heap before
{Heap before GC invocations=18548 (full 306):
 PSYoungGen      total 4608K, used 4514K [0x00000000eab00000, 0x00000000eb100000, 0x0000000100000000)
  eden space 3072K, 99% used [0x00000000eab00000,0x00000000eadfe4c0,0x00000000eae00000)
  from space 1536K, 94% used [0x00000000eaf80000,0x00000000eb0ea530,0x00000000eb100000)
  to   space 1536K, 0% used [0x00000000eae00000,0x00000000eae00000,0x00000000eaf80000)
 ParOldGen       total 244736K, used 209832K [0x00000000c0000000, 0x00000000cef00000, 0x00000000eab00000)
  object space 244736K, 85% used [0x00000000c0000000,0x00000000cccea2a0,0x00000000cef00000)
 Metaspace       used 93647K, committed 95040K, reserved 1179648K
  class space    used 9465K, committed 10176K, reserved 1048576K
}
Event: 6798.098 GC heap after
{Heap after GC invocations=18548 (full 306):
 PSYoungGen      total 4608K, used 1449K [0x00000000eab00000, 0x00000000eb100000, 0x0000000100000000)
  eden space 3072K, 0% used [0x00000000eab00000,0x00000000eab00000,0x00000000eae00000)
  from space 1536K, 94% used [0x00000000eae00000,0x00000000eaf6a530,0x00000000eaf80000)
  to   space 1536K, 0% used [0x00000000eaf80000,0x00000000eaf80000,0x00000000eb100000)
 ParOldGen       total 244736K, used 209848K [0x00000000c0000000, 0x00000000cef00000, 0x00000000eab00000)
  object space 244736K, 85% used [0x00000000c0000000,0x00000000cccee2a0,0x00000000cef00000)
 Metaspace       used 93647K, committed 95040K, reserved 1179648K
  class space    used 9465K, committed 10176K, reserved 1048576K
}
Event: 6798.101 GC heap before
{Heap before GC invocations=18549 (full 306):
 PSYoungGen      total 4608K, used 4057K [0x00000000eab00000, 0x00000000eb100000, 0x0000000100000000)
  eden space 3072K, 84% used [0x00000000eab00000,0x00000000ead8c090,0x00000000eae00000)
  from space 1536K, 94% used [0x00000000eae00000,0x00000000eaf6a530,0x00000000eaf80000)
  to   space 1536K, 0% used [0x00000000eaf80000,0x00000000eaf80000,0x00000000eb100000)
 ParOldGen       total 244736K, used 209848K [0x00000000c0000000, 0x00000000cef00000, 0x00000000eab00000)
  object space 244736K, 85% used [0x00000000c0000000,0x00000000cccee2a0,0x00000000cef00000)
 Metaspace       used 93647K, committed 95040K, reserved 1179648K
  class space    used 9465K, committed 10176K, reserved 1048576K
}
Event: 6798.102 GC heap after
{Heap after GC invocations=18549 (full 306):
 PSYoungGen      total 3584K, used 256K [0x00000000eab00000, 0x00000000eb000000, 0x0000000100000000)
  eden space 3072K, 0% used [0x00000000eab00000,0x00000000eab00000,0x00000000eae00000)
  from space 512K, 50% used [0x00000000eaf80000,0x00000000eafc0000,0x00000000eb000000)
  to   space 1024K, 0% used [0x00000000eae00000,0x00000000eae00000,0x00000000eaf00000)
 ParOldGen       total 244736K, used 209904K [0x00000000c0000000, 0x00000000cef00000, 0x00000000eab00000)
  object space 244736K, 85% used [0x00000000c0000000,0x00000000cccfc2a0,0x00000000cef00000)
 Metaspace       used 93647K, committed 95040K, reserved 1179648K
  class space    used 9465K, committed 10176K, reserved 1048576K
}
Event: 6798.719 GC heap before
{Heap before GC invocations=18550 (full 306):
 PSYoungGen      total 3584K, used 3309K [0x00000000eab00000, 0x00000000eb000000, 0x0000000100000000)
  eden space 3072K, 99% used [0x00000000eab00000,0x00000000eadfb770,0x00000000eae00000)
  from space 512K, 50% used [0x00000000eaf80000,0x00000000eafc0000,0x00000000eb000000)
  to   space 1024K, 0% used [0x00000000eae00000,0x00000000eae00000,0x00000000eaf00000)
 ParOldGen       total 244736K, used 209904K [0x00000000c0000000, 0x00000000cef00000, 0x00000000eab00000)
  object space 244736K, 85% used [0x00000000c0000000,0x00000000cccfc2a0,0x00000000cef00000)
 Metaspace       used 93647K, committed 95040K, reserved 1179648K
  class space    used 9465K, committed 10176K, reserved 1048576K
}
Event: 6798.720 GC heap after
{Heap after GC invocations=18550 (full 306):
 PSYoungGen      total 4096K, used 997K [0x00000000eab00000, 0x00000000eb100000, 0x0000000100000000)
  eden space 3072K, 0% used [0x00000000eab00000,0x00000000eab00000,0x00000000eae00000)
  from space 1024K, 97% used [0x00000000eae00000,0x00000000eaef94f0,0x00000000eaf00000)
  to   space 1536K, 0% used [0x00000000eaf80000,0x00000000eaf80000,0x00000000eb100000)
 ParOldGen       total 244736K, used 210001K [0x00000000c0000000, 0x00000000cef00000, 0x00000000eab00000)
  object space 244736K, 85% used [0x00000000c0000000,0x00000000ccd145f8,0x00000000cef00000)
 Metaspace       used 93647K, committed 95040K, reserved 1179648K
  class space    used 9465K, committed 10176K, reserved 1048576K
}
Event: 6798.723 GC heap before
{Heap before GC invocations=18551 (full 306):
 PSYoungGen      total 4096K, used 4069K [0x00000000eab00000, 0x00000000eb100000, 0x0000000100000000)
  eden space 3072K, 100% used [0x00000000eab00000,0x00000000eae00000,0x00000000eae00000)
  from space 1024K, 97% used [0x00000000eae00000,0x00000000eaef94f0,0x00000000eaf00000)
  to   space 1536K, 0% used [0x00000000eaf80000,0x00000000eaf80000,0x00000000eb100000)
 ParOldGen       total 244736K, used 210001K [0x00000000c0000000, 0x00000000cef00000, 0x00000000eab00000)
  object space 244736K, 85% used [0x00000000c0000000,0x00000000ccd145f8,0x00000000cef00000)
 Metaspace       used 93647K, committed 95040K, reserved 1179648K
  class space    used 9465K, committed 10176K, reserved 1048576K
}
Event: 6798.724 GC heap after
{Heap after GC invocations=18551 (full 306):
 PSYoungGen      total 3584K, used 1524K [0x00000000eab00000, 0x00000000eb300000, 0x0000000100000000)
  eden space 2048K, 0% used [0x00000000eab00000,0x00000000eab00000,0x00000000ead00000)
  from space 1536K, 99% used [0x00000000eaf80000,0x00000000eb0fd280,0x00000000eb100000)
  to   space 2560K, 0% used [0x00000000ead00000,0x00000000ead00000,0x00000000eaf80000)
 ParOldGen       total 244736K, used 210619K [0x00000000c0000000, 0x00000000cef00000, 0x00000000eab00000)
  object space 244736K, 86% used [0x00000000c0000000,0x00000000ccdaee48,0x00000000cef00000)
 Metaspace       used 93647K, committed 95040K, reserved 1179648K
  class space    used 9465K, committed 10176K, reserved 1048576K
}
Event: 6798.725 GC heap before
{Heap before GC invocations=18552 (full 306):
 PSYoungGen      total 3584K, used 3572K [0x00000000eab00000, 0x00000000eb300000, 0x0000000100000000)
  eden space 2048K, 100% used [0x00000000eab00000,0x00000000ead00000,0x00000000ead00000)
  from space 1536K, 99% used [0x00000000eaf80000,0x00000000eb0fd280,0x00000000eb100000)
  to   space 2560K, 0% used [0x00000000ead00000,0x00000000ead00000,0x00000000eaf80000)
 ParOldGen       total 244736K, used 210619K [0x00000000c0000000, 0x00000000cef00000, 0x00000000eab00000)
  object space 244736K, 86% used [0x00000000c0000000,0x00000000ccdaee48,0x00000000cef00000)
 Metaspace       used 93647K, committed 95040K, reserved 1179648K
  class space    used 9465K, committed 10176K, reserved 1048576K
}
Event: 6798.726 GC heap after
{Heap after GC invocations=18552 (full 306):
 PSYoungGen      total 2560K, used 512K [0x00000000eab00000, 0x00000000eb000000, 0x0000000100000000)
  eden space 2048K, 0% used [0x00000000eab00000,0x00000000eab00000,0x00000000ead00000)
  from space 512K, 100% used [0x00000000ead00000,0x00000000ead80000,0x00000000ead80000)
  to   space 1536K, 0% used [0x00000000eae80000,0x00000000eae80000,0x00000000eb000000)
 ParOldGen       total 244736K, used 211404K [0x00000000c0000000, 0x00000000cef00000, 0x00000000eab00000)
  object space 244736K, 86% used [0x00000000c0000000,0x00000000cce733a0,0x00000000cef00000)
 Metaspace       used 93647K, committed 95040K, reserved 1179648K
  class space    used 9465K, committed 10176K, reserved 1048576K
}
Event: 6798.729 GC heap before
{Heap before GC invocations=18553 (full 306):
 PSYoungGen      total 2560K, used 2560K [0x00000000eab00000, 0x00000000eb000000, 0x0000000100000000)
  eden space 2048K, 100% used [0x00000000eab00000,0x00000000ead00000,0x00000000ead00000)
  from space 512K, 100% used [0x00000000ead00000,0x00000000ead80000,0x00000000ead80000)
  to   space 1536K, 0% used [0x00000000eae80000,0x00000000eae80000,0x00000000eb000000)
 ParOldGen       total 244736K, used 211404K [0x00000000c0000000, 0x00000000cef00000, 0x00000000eab00000)
  object space 244736K, 86% used [0x00000000c0000000,0x00000000cce733a0,0x00000000cef00000)
 Metaspace       used 93647K, committed 95040K, reserved 1179648K
  class space    used 9465K, committed 10176K, reserved 1048576K
}
Event: 6798.729 GC heap after
{Heap after GC invocations=18553 (full 306):
 PSYoungGen      total 3584K, used 960K [0x00000000eab00000, 0x00000000eb000000, 0x0000000100000000)
  eden space 2048K, 0% used [0x00000000eab00000,0x00000000eab00000,0x00000000ead00000)
  from space 1536K, 62% used [0x00000000eae80000,0x00000000eaf70000,0x00000000eb000000)
  to   space 1536K, 0% used [0x00000000ead00000,0x00000000ead00000,0x00000000eae80000)
 ParOldGen       total 244736K, used 211684K [0x00000000c0000000, 0x00000000cef00000, 0x00000000eab00000)
  object space 244736K, 86% used [0x00000000c0000000,0x00000000cceb93a0,0x00000000cef00000)
 Metaspace       used 93647K, committed 95040K, reserved 1179648K
  class space    used 9465K, committed 10176K, reserved 1048576K
}
Event: 6798.733 GC heap before
{Heap before GC invocations=18554 (full 306):
 PSYoungGen      total 3584K, used 3008K [0x00000000eab00000, 0x00000000eb000000, 0x0000000100000000)
  eden space 2048K, 100% used [0x00000000eab00000,0x00000000ead00000,0x00000000ead00000)
  from space 1536K, 62% used [0x00000000eae80000,0x00000000eaf70000,0x00000000eb000000)
  to   space 1536K, 0% used [0x00000000ead00000,0x00000000ead00000,0x00000000eae80000)
 ParOldGen       total 244736K, used 211684K [0x00000000c0000000, 0x00000000cef00000, 0x00000000eab00000)
  object space 244736K, 86% used [0x00000000c0000000,0x00000000cceb93a0,0x00000000cef00000)
 Metaspace       used 93647K, committed 95040K, reserved 1179648K
  class space    used 9465K, committed 10176K, reserved 1048576K
}
Event: 6798.734 GC heap after
{Heap after GC invocations=18554 (full 306):
 PSYoungGen      total 3584K, used 1376K [0x00000000eab00000, 0x00000000eb000000, 0x0000000100000000)
  eden space 2048K, 0% used [0x00000000eab00000,0x00000000eab00000,0x00000000ead00000)
  from space 1536K, 89% used [0x00000000ead00000,0x00000000eae58030,0x00000000eae80000)
  to   space 1536K, 0% used [0x00000000eae80000,0x00000000eae80000,0x00000000eb000000)
 ParOldGen       total 244736K, used 212548K [0x00000000c0000000, 0x00000000cef00000, 0x00000000eab00000)
  object space 244736K, 86% used [0x00000000c0000000,0x00000000ccf913a0,0x00000000cef00000)
 Metaspace       used 93647K, committed 95040K, reserved 1179648K
  class space    used 9465K, committed 10176K, reserved 1048576K
}
Event: 6798.735 GC heap before
{Heap before GC invocations=18555 (full 306):
 PSYoungGen      total 3584K, used 3424K [0x00000000eab00000, 0x00000000eb000000, 0x0000000100000000)
  eden space 2048K, 100% used [0x00000000eab00000,0x00000000ead00000,0x00000000ead00000)
  from space 1536K, 89% used [0x00000000ead00000,0x00000000eae58030,0x00000000eae80000)
  to   space 1536K, 0% used [0x00000000eae80000,0x00000000eae80000,0x00000000eb000000)
 ParOldGen       total 244736K, used 212548K [0x00000000c0000000, 0x00000000cef00000, 0x00000000eab00000)
  object space 244736K, 86% used [0x00000000c0000000,0x00000000ccf913a0,0x00000000cef00000)
 Metaspace       used 93647K, committed 95040K, reserved 1179648K
  class space    used 9465K, committed 10176K, reserved 1048576K
}
Event: 6798.736 GC heap after
{Heap after GC invocations=18555 (full 306):
 PSYoungGen      total 3584K, used 1088K [0x00000000eab00000, 0x00000000eb080000, 0x0000000100000000)
  eden space 2048K, 0% used [0x00000000eab00000,0x00000000eab00000,0x00000000ead00000)
  from space 1536K, 70% used [0x00000000eae80000,0x00000000eaf90020,0x00000000eb000000)
  to   space 1536K, 0% used [0x00000000ead00000,0x00000000ead00000,0x00000000eae80000)
 ParOldGen       total 244736K, used 213436K [0x00000000c0000000, 0x00000000cef00000, 0x00000000eab00000)
  object space 244736K, 87% used [0x00000000c0000000,0x00000000cd06f3b0,0x00000000cef00000)
 Metaspace       used 93647K, committed 95040K, reserved 1179648K
  class space    used 9465K, committed 10176K, reserved 1048576K
}
Event: 6798.740 GC heap before
{Heap before GC invocations=18556 (full 306):
 PSYoungGen      total 3584K, used 3136K [0x00000000eab00000, 0x00000000eb080000, 0x0000000100000000)
  eden space 2048K, 100% used [0x00000000eab00000,0x00000000ead00000,0x00000000ead00000)
  from space 1536K, 70% used [0x00000000eae80000,0x00000000eaf90020,0x00000000eb000000)
  to   space 1536K, 0% used [0x00000000ead00000,0x00000000ead00000,0x00000000eae80000)
 ParOldGen       total 244736K, used 213436K [0x00000000c0000000, 0x00000000cef00000, 0x00000000eab00000)
  object space 244736K, 87% used [0x00000000c0000000,0x00000000cd06f3b0,0x00000000cef00000)
 Metaspace       used 93647K, committed 95040K, reserved 1179648K
  class space    used 9465K, committed 10176K, reserved 1048576K
}

Deoptimization events (20 events):
Event: 6793.821 Thread 0x000001d8f46f6910 Uncommon trap: trap_request=0xffffffbe fr.pc=0x000001d8e2c1e49c relative=0x0000000000003e5c
Event: 6793.821 Thread 0x000001d8f46f6910 Uncommon trap: reason=profile_predicate action=maybe_recompile pc=0x000001d8e2c1e49c method=org.eclipse.jdt.internal.compiler.ast.ParameterizedQualifiedTypeReference.internalResolveLeafType(Lorg/eclipse/jdt/internal/compiler/lookup/Scope;Z)Lorg/eclipse/jd
Event: 6793.821 Thread 0x000001d8f46f6910 DEOPT PACKING pc=0x000001d8e2c1e49c sp=0x00000033880fde50
Event: 6793.821 Thread 0x000001d8f46f6910 DEOPT UNPACKING pc=0x000001d8d9e420a3 sp=0x00000033880fde20 mode 2
Event: 6793.864 Thread 0x000001d8f46f6910 Uncommon trap: trap_request=0xffffffbe fr.pc=0x000001d8e3725a58 relative=0x00000000000023d8
Event: 6793.864 Thread 0x000001d8f46f6910 Uncommon trap: reason=profile_predicate action=maybe_recompile pc=0x000001d8e3725a58 method=org.eclipse.jdt.internal.compiler.lookup.Scope.mostSpecificMethodBinding([Lorg/eclipse/jdt/internal/compiler/lookup/MethodBinding;I[Lorg/eclipse/jdt/internal/compi
Event: 6793.864 Thread 0x000001d8f46f6910 DEOPT PACKING pc=0x000001d8e3725a58 sp=0x00000033880fd3c0
Event: 6793.864 Thread 0x000001d8f46f6910 DEOPT UNPACKING pc=0x000001d8d9e420a3 sp=0x00000033880fd338 mode 2
Event: 6795.683 Thread 0x000001d8f46f6910 Uncommon trap: trap_request=0xffffffbe fr.pc=0x000001d8e2c1e49c relative=0x0000000000003e5c
Event: 6795.683 Thread 0x000001d8f46f6910 Uncommon trap: reason=profile_predicate action=maybe_recompile pc=0x000001d8e2c1e49c method=org.eclipse.jdt.internal.compiler.ast.ParameterizedQualifiedTypeReference.internalResolveLeafType(Lorg/eclipse/jdt/internal/compiler/lookup/Scope;Z)Lorg/eclipse/jd
Event: 6795.683 Thread 0x000001d8f46f6910 DEOPT PACKING pc=0x000001d8e2c1e49c sp=0x00000033880fdf90
Event: 6795.683 Thread 0x000001d8f46f6910 DEOPT UNPACKING pc=0x000001d8d9e420a3 sp=0x00000033880fdf60 mode 2
Event: 6795.725 Thread 0x000001d8f46f6910 Uncommon trap: trap_request=0xffffffbe fr.pc=0x000001d8e3725a58 relative=0x00000000000023d8
Event: 6795.725 Thread 0x000001d8f46f6910 Uncommon trap: reason=profile_predicate action=maybe_recompile pc=0x000001d8e3725a58 method=org.eclipse.jdt.internal.compiler.lookup.Scope.mostSpecificMethodBinding([Lorg/eclipse/jdt/internal/compiler/lookup/MethodBinding;I[Lorg/eclipse/jdt/internal/compi
Event: 6795.725 Thread 0x000001d8f46f6910 DEOPT PACKING pc=0x000001d8e3725a58 sp=0x00000033880fd500
Event: 6795.725 Thread 0x000001d8f46f6910 DEOPT UNPACKING pc=0x000001d8d9e420a3 sp=0x00000033880fd478 mode 2
Event: 6796.570 Thread 0x000001d8f46f6910 Uncommon trap: trap_request=0xffffffbe fr.pc=0x000001d8e3725a58 relative=0x00000000000023d8
Event: 6796.570 Thread 0x000001d8f46f6910 Uncommon trap: reason=profile_predicate action=maybe_recompile pc=0x000001d8e3725a58 method=org.eclipse.jdt.internal.compiler.lookup.Scope.mostSpecificMethodBinding([Lorg/eclipse/jdt/internal/compiler/lookup/MethodBinding;I[Lorg/eclipse/jdt/internal/compi
Event: 6796.570 Thread 0x000001d8f46f6910 DEOPT PACKING pc=0x000001d8e3725a58 sp=0x00000033880fd500
Event: 6796.570 Thread 0x000001d8f46f6910 DEOPT UNPACKING pc=0x000001d8d9e420a3 sp=0x00000033880fd478 mode 2

Classes loaded (20 events):
Event: 672.757 Loading class java/lang/ProcessHandleImpl$Info
Event: 672.758 Loading class java/lang/ProcessHandle$Info
Event: 672.758 Loading class java/lang/ProcessHandle$Info done
Event: 672.758 Loading class java/lang/ProcessHandleImpl$Info done
Event: 672.796 Loading class java/util/stream/Streams$RangeIntSpliterator
Event: 672.796 Loading class java/util/stream/Streams$RangeIntSpliterator done
Event: 672.796 Loading class java/util/stream/IntPipeline$1
Event: 672.796 Loading class java/util/stream/IntPipeline$1 done
Event: 672.797 Loading class java/util/stream/IntPipeline$1$1
Event: 672.797 Loading class java/util/stream/IntPipeline$1$1 done
Event: 672.854 Loading class java/util/concurrent/ScheduledThreadPoolExecutor$DelayedWorkQueue$Itr
Event: 672.854 Loading class java/util/concurrent/ScheduledThreadPoolExecutor$DelayedWorkQueue$Itr done
Event: 672.953 Loading class jdk/internal/reflect/MethodHandleByteFieldAccessorImpl
Event: 672.953 Loading class jdk/internal/reflect/MethodHandleByteFieldAccessorImpl done
Event: 895.398 Loading class java/util/concurrent/CompletableFuture$AsyncRun
Event: 895.398 Loading class java/util/concurrent/CompletableFuture$AsyncRun done
Event: 1062.971 Loading class java/util/concurrent/CompletableFuture$AsyncSupply
Event: 1062.971 Loading class java/util/concurrent/CompletableFuture$AsyncSupply done
Event: 6440.578 Loading class java/util/DualPivotQuicksort$Sorter
Event: 6440.578 Loading class java/util/DualPivotQuicksort$Sorter done

Classes unloaded (20 events):
Event: 5723.179 Thread 0x000001d8ec736c90 Unloading class 0x0000000800e0d000 'jdk/internal/reflect/GeneratedSerializationConstructorAccessor2'
Event: 5723.179 Thread 0x000001d8ec736c90 Unloading class 0x0000000800e0cc00 'jdk/internal/reflect/GeneratedSerializationConstructorAccessor1'
Event: 5723.179 Thread 0x000001d8ec736c90 Unloading class 0x0000000800d27800 'java/lang/invoke/LambdaForm$MH+0x0000000800d27800'
Event: 5723.179 Thread 0x000001d8ec736c90 Unloading class 0x0000000800cda000 'java/lang/invoke/LambdaForm$MH+0x0000000800cda000'
Event: 5723.179 Thread 0x000001d8ec736c90 Unloading class 0x0000000800cd9800 'java/lang/invoke/LambdaForm$MH+0x0000000800cd9800'
Event: 5723.179 Thread 0x000001d8ec736c90 Unloading class 0x0000000800cd9400 'java/lang/invoke/LambdaForm$MH+0x0000000800cd9400'
Event: 5723.179 Thread 0x000001d8ec736c90 Unloading class 0x0000000800cd8c00 'java/lang/invoke/LambdaForm$MH+0x0000000800cd8c00'
Event: 5723.179 Thread 0x000001d8ec736c90 Unloading class 0x0000000800cd8800 'java/lang/invoke/LambdaForm$MH+0x0000000800cd8800'
Event: 5723.179 Thread 0x000001d8ec736c90 Unloading class 0x0000000800cd8000 'java/lang/invoke/LambdaForm$MH+0x0000000800cd8000'
Event: 5723.179 Thread 0x000001d8ec736c90 Unloading class 0x0000000800ca9400 'java/lang/invoke/LambdaForm$MH+0x0000000800ca9400'
Event: 5723.179 Thread 0x000001d8ec736c90 Unloading class 0x0000000800c00400 'java/lang/invoke/LambdaForm$MH+0x0000000800c00400'
Event: 5776.944 Thread 0x000001d8ec736c90 Unloading class 0x0000000800c90800 'java/lang/invoke/LambdaForm$MH+0x0000000800c90800'
Event: 5776.944 Thread 0x000001d8ec736c90 Unloading class 0x0000000800ca8c00 'java/lang/invoke/LambdaForm$MH+0x0000000800ca8c00'
Event: 5776.944 Thread 0x000001d8ec736c90 Unloading class 0x0000000800d9e800 'java/lang/invoke/LambdaForm$MH+0x0000000800d9e800'
Event: 5776.944 Thread 0x000001d8ec736c90 Unloading class 0x0000000800d9fc00 'java/lang/invoke/LambdaForm$MH+0x0000000800d9fc00'
Event: 5776.944 Thread 0x000001d8ec736c90 Unloading class 0x0000000800c14400 'java/lang/invoke/LambdaForm$MH+0x0000000800c14400'
Event: 5776.945 Thread 0x000001d8ec736c90 Unloading class 0x0000000800d26000 'java/lang/invoke/LambdaForm$BMH+0x0000000800d26000'
Event: 5776.945 Thread 0x000001d8ec736c90 Unloading class 0x0000000800db0c00 'java/lang/invoke/LambdaForm$MH+0x0000000800db0c00'
Event: 6651.554 Thread 0x000001d8ec736c90 Unloading class 0x0000000800cc8000 'java/lang/invoke/LambdaForm$BMH+0x0000000800cc8000'
Event: 6651.554 Thread 0x000001d8ec736c90 Unloading class 0x0000000800cda000 'java/lang/invoke/LambdaForm$MH+0x0000000800cda000'

Classes redefined (0 events):
No events

Internal exceptions (20 events):
Event: 6370.849 Thread 0x000001d8f893aa20 Implicit null exception at 0x000001d8e2da57b1 to 0x000001d8e2da588c
Event: 6392.714 Thread 0x000001d8f893fbf0 Implicit null exception at 0x000001d8dcda916c to 0x000001d8dcdac95b
Event: 6392.714 Thread 0x000001d8f893fbf0 Exception <a 'java/lang/NullPointerException'{0x00000000eae25290}> (0x00000000eae25290) 
thrown [s\open\src\hotspot\share\runtime\sharedRuntime.cpp, line 625]
Event: 6392.735 Thread 0x000001d8f893fbf0 Implicit null exception at 0x000001d8dcda916c to 0x000001d8dcdac95b
Event: 6392.735 Thread 0x000001d8f893fbf0 Exception <a 'java/lang/NullPointerException'{0x00000000eac7ede0}> (0x00000000eac7ede0) 
thrown [s\open\src\hotspot\share\runtime\sharedRuntime.cpp, line 625]
Event: 6544.093 Thread 0x000001d8f893aa20 Implicit null exception at 0x000001d8e3328816 to 0x000001d8e3328910
Event: 6544.093 Thread 0x000001d8f893aa20 Implicit null exception at 0x000001d8e354d46b to 0x000001d8e354d610
Event: 6544.094 Thread 0x000001d8f893aa20 Implicit null exception at 0x000001d8dc5abef9 to 0x000001d8dc5ac82e
Event: 6544.094 Thread 0x000001d8f893aa20 Exception <a 'java/lang/NullPointerException'{0x00000000eac6a008}> (0x00000000eac6a008) 
thrown [s\open\src\hotspot\share\runtime\sharedRuntime.cpp, line 625]
Event: 6544.095 Thread 0x000001d8f893aa20 Exception <a 'java/lang/ClassNotFoundException'{0x00000000eadc5bb8}: sun/util/logging/resources/spi/loggingProvider> (0x00000000eadc5bb8) 
thrown [s\open\src\hotspot\share\classfile\systemDictionary.cpp, line 255]
Event: 6568.039 Thread 0x000001d8f893a080 Implicit null exception at 0x000001d8e35e6140 to 0x000001d8e35eda00
Event: 6569.085 Thread 0x000001d8f47bca60 Implicit null exception at 0x000001d8e35e6140 to 0x000001d8e35eda00
Event: 6569.130 Thread 0x000001d8f893aa20 Implicit null exception at 0x000001d8e35e6140 to 0x000001d8e35eda00
Event: 6569.158 Thread 0x000001d8f47bca60 Implicit null exception at 0x000001d8dbd206c9 to 0x000001d8dbd2098d
Event: 6569.158 Thread 0x000001d8f47bca60 Exception <a 'java/lang/NullPointerException'{0x00000000ec338ce8}> (0x00000000ec338ce8) 
thrown [s\open\src\hotspot\share\runtime\sharedRuntime.cpp, line 625]
Event: 6569.553 Thread 0x000001d8f47bca60 Implicit null exception at 0x000001d8dbd206c9 to 0x000001d8dbd2098d
Event: 6569.553 Thread 0x000001d8f47bca60 Exception <a 'java/lang/NullPointerException'{0x00000000eda2fea0}> (0x00000000eda2fea0) 
thrown [s\open\src\hotspot\share\runtime\sharedRuntime.cpp, line 625]
Event: 6668.068 Thread 0x000001d8f35ce680 Exception <a 'sun/nio/fs/WindowsException'{0x00000000eace91d0}> (0x00000000eace91d0) 
thrown [s\open\src\hotspot\share\prims\jni.cpp, line 516]
Event: 6668.244 Thread 0x000001d8f35ce680 Exception <a 'sun/nio/fs/WindowsException'{0x00000000eacc8b48}> (0x00000000eacc8b48) 
thrown [s\open\src\hotspot\share\prims\jni.cpp, line 516]
Event: 6703.578 Thread 0x000001d8f46f7c50 Implicit null exception at 0x000001d8e231ef00 to 0x000001d8e231f030

VM Operations (20 events):
Event: 6798.090 Executing VM operation: ParallelGCFailedAllocation done
Event: 6798.093 Executing VM operation: ParallelGCFailedAllocation
Event: 6798.093 Executing VM operation: ParallelGCFailedAllocation done
Event: 6798.097 Executing VM operation: ParallelGCFailedAllocation
Event: 6798.098 Executing VM operation: ParallelGCFailedAllocation done
Event: 6798.101 Executing VM operation: ParallelGCFailedAllocation
Event: 6798.102 Executing VM operation: ParallelGCFailedAllocation done
Event: 6798.719 Executing VM operation: ParallelGCFailedAllocation
Event: 6798.720 Executing VM operation: ParallelGCFailedAllocation done
Event: 6798.723 Executing VM operation: ParallelGCFailedAllocation
Event: 6798.724 Executing VM operation: ParallelGCFailedAllocation done
Event: 6798.725 Executing VM operation: ParallelGCFailedAllocation
Event: 6798.726 Executing VM operation: ParallelGCFailedAllocation done
Event: 6798.729 Executing VM operation: ParallelGCFailedAllocation
Event: 6798.729 Executing VM operation: ParallelGCFailedAllocation done
Event: 6798.732 Executing VM operation: ParallelGCFailedAllocation
Event: 6798.734 Executing VM operation: ParallelGCFailedAllocation done
Event: 6798.735 Executing VM operation: ParallelGCFailedAllocation
Event: 6798.736 Executing VM operation: ParallelGCFailedAllocation done
Event: 6798.740 Executing VM operation: ParallelGCFailedAllocation

Events (20 events):
Event: 6704.869 Thread 0x000001d8ec754ce0 flushing nmethod 0x000001d8dc62d110
Event: 6704.869 Thread 0x000001d8ec754ce0 flushing nmethod 0x000001d8dc67cb10
Event: 6704.869 Thread 0x000001d8ec754ce0 flushing nmethod 0x000001d8dc6b0e90
Event: 6704.869 Thread 0x000001d8ec754ce0 flushing nmethod 0x000001d8dc6c4c90
Event: 6704.870 Thread 0x000001d8ec754ce0 flushing nmethod 0x000001d8dc6d9910
Event: 6704.870 Thread 0x000001d8ec754ce0 flushing nmethod 0x000001d8dc723310
Event: 6704.871 Thread 0x000001d8ec754ce0 flushing nmethod 0x000001d8dcac4a90
Event: 6704.871 Thread 0x000001d8ec754ce0 flushing nmethod 0x000001d8dcb37090
Event: 6704.871 Thread 0x000001d8ec754ce0 flushing nmethod 0x000001d8dcb60510
Event: 6704.872 Thread 0x000001d8ec754ce0 flushing nmethod 0x000001d8dcb8db10
Event: 6704.872 Thread 0x000001d8ec754ce0 flushing nmethod 0x000001d8dcbc6490
Event: 6704.873 Thread 0x000001d8ec754ce0 flushing nmethod 0x000001d8dcdb7410
Event: 6704.873 Thread 0x000001d8ec754ce0 flushing nmethod 0x000001d8dce10010
Event: 6704.873 Thread 0x000001d8ec754ce0 flushing nmethod 0x000001d8dcedff90
Event: 6704.873 Thread 0x000001d8ec754ce0 flushing nmethod 0x000001d8dcf08b90
Event: 6704.873 Thread 0x000001d8ec754ce0 flushing nmethod 0x000001d8dcf66d10
Event: 6707.007 Thread 0x000001d8f2aab7b0 Thread exited: 0x000001d8f2aab7b0
Event: 6709.781 Thread 0x000001d8f2aa5c90 Thread exited: 0x000001d8f2aa5c90
Event: 6795.805 Thread 0x000001d8f2aaa370 Thread added: 0x000001d8f2aaa370
Event: 6796.561 Thread 0x000001d8f2aaa370 Thread exited: 0x000001d8f2aaa370


Dynamic libraries:
0x00007ff6f64e0000 - 0x00007ff6f64f0000 	C:\Program Files\Java\jdk-18.0.2\bin\java.exe
0x00007ff8bea70000 - 0x00007ff8bec84000 	C:\WINDOWS\SYSTEM32\ntdll.dll
0x00007ff8bdac0000 - 0x00007ff8bdb82000 	C:\WINDOWS\System32\KERNEL32.DLL
0x00007ff8bc090000 - 0x00007ff8bc433000 	C:\WINDOWS\System32\KERNELBASE.dll
0x00007ff8bc6c0000 - 0x00007ff8bc7d1000 	C:\WINDOWS\System32\ucrtbase.dll
0x00007ff884490000 - 0x00007ff8844aa000 	C:\Program Files\Java\jdk-18.0.2\bin\VCRUNTIME140.dll
0x00007ff884670000 - 0x00007ff884688000 	C:\Program Files\Java\jdk-18.0.2\bin\jli.dll
0x00007ff8bdc30000 - 0x00007ff8bdcde000 	C:\WINDOWS\System32\ADVAPI32.dll
0x00007ff8be980000 - 0x00007ff8bea27000 	C:\WINDOWS\System32\msvcrt.dll
0x00007ff8bde90000 - 0x00007ff8bdf34000 	C:\WINDOWS\System32\sechost.dll
0x00007ff8bd9a0000 - 0x00007ff8bdab7000 	C:\WINDOWS\System32\RPCRT4.dll
0x00007ff8bdf40000 - 0x00007ff8be0ea000 	C:\WINDOWS\System32\USER32.dll
0x00007ff8ab970000 - 0x00007ff8abbfe000 	C:\WINDOWS\WinSxS\amd64_microsoft.windows.common-controls_6595b64144ccf1df_6.0.22621.1635_none_270f70857386168e\COMCTL32.dll
0x00007ff8bbe70000 - 0x00007ff8bbe96000 	C:\WINDOWS\System32\win32u.dll
0x00007ff8be280000 - 0x00007ff8be2a9000 	C:\WINDOWS\System32\GDI32.dll
0x00007ff8bc4e0000 - 0x00007ff8bc5f9000 	C:\WINDOWS\System32\gdi32full.dll
0x00007ff8bc440000 - 0x00007ff8bc4da000 	C:\WINDOWS\System32\msvcp_win.dll
0x00007ff8b1ef0000 - 0x00007ff8b1efa000 	C:\WINDOWS\SYSTEM32\VERSION.dll
0x00007ff8be750000 - 0x00007ff8be781000 	C:\WINDOWS\System32\IMM32.DLL
0x00007ff898de0000 - 0x00007ff898dec000 	C:\Program Files\Java\jdk-18.0.2\bin\vcruntime140_1.dll
0x00007ff811e20000 - 0x00007ff811ead000 	C:\Program Files\Java\jdk-18.0.2\bin\msvcp140.dll
0x00007fffbfc20000 - 0x00007fffc0831000 	C:\Program Files\Java\jdk-18.0.2\bin\server\jvm.dll
0x00007ff8bde80000 - 0x00007ff8bde88000 	C:\WINDOWS\System32\PSAPI.DLL
0x00007ff8b33b0000 - 0x00007ff8b33e4000 	C:\WINDOWS\SYSTEM32\WINMM.dll
0x00007ff8990b0000 - 0x00007ff8990b9000 	C:\WINDOWS\SYSTEM32\WSOCK32.dll
0x00007ff8bdbb0000 - 0x00007ff8bdc21000 	C:\WINDOWS\System32\WS2_32.dll
0x00007ff8baf60000 - 0x00007ff8baf78000 	C:\WINDOWS\SYSTEM32\kernel.appcore.dll
0x00007ff897d20000 - 0x00007ff897d2a000 	C:\Program Files\Java\jdk-18.0.2\bin\jimage.dll
0x00007ff8b98c0000 - 0x00007ff8b9aee000 	C:\WINDOWS\SYSTEM32\DBGHELP.DLL
0x00007ff8be310000 - 0x00007ff8be699000 	C:\WINDOWS\System32\combase.dll
0x00007ff8be890000 - 0x00007ff8be967000 	C:\WINDOWS\System32\OLEAUT32.dll
0x00007ff8a0960000 - 0x00007ff8a0992000 	C:\WINDOWS\SYSTEM32\dbgcore.DLL
0x00007ff8bbea0000 - 0x00007ff8bbf1a000 	C:\WINDOWS\System32\bcryptPrimitives.dll
0x00007ff896a20000 - 0x00007ff896a2e000 	C:\Program Files\Java\jdk-18.0.2\bin\instrument.dll
0x00007ff87ae50000 - 0x00007ff87ae75000 	C:\Program Files\Java\jdk-18.0.2\bin\java.dll
0x00007fffccaf0000 - 0x00007fffccbc6000 	C:\Program Files\Java\jdk-18.0.2\bin\jsvml.dll
0x00007ff8bd1a0000 - 0x00007ff8bd999000 	C:\WINDOWS\System32\SHELL32.dll
0x00007ff8b9e20000 - 0x00007ff8ba6ee000 	C:\WINDOWS\SYSTEM32\windows.storage.dll
0x00007ff8b9ce0000 - 0x00007ff8b9e1e000 	C:\WINDOWS\SYSTEM32\wintypes.dll
0x00007ff8be790000 - 0x00007ff8be881000 	C:\WINDOWS\System32\SHCORE.dll
0x00007ff8be2b0000 - 0x00007ff8be30e000 	C:\WINDOWS\System32\shlwapi.dll
0x00007ff8bbda0000 - 0x00007ff8bbdc6000 	C:\WINDOWS\SYSTEM32\profapi.dll
0x00007ff884010000 - 0x00007ff884028000 	C:\Program Files\Java\jdk-18.0.2\bin\zip.dll
0x00007ff8839e0000 - 0x00007ff8839f3000 	C:\Program Files\Java\jdk-18.0.2\bin\net.dll
0x00007ff8b4060000 - 0x00007ff8b4197000 	C:\WINDOWS\SYSTEM32\WINHTTP.dll
0x00007ff8bb3d0000 - 0x00007ff8bb439000 	C:\WINDOWS\system32\mswsock.dll
0x00007ff8837d0000 - 0x00007ff8837e6000 	C:\Program Files\Java\jdk-18.0.2\bin\nio.dll
0x00007ff896510000 - 0x00007ff896520000 	C:\Program Files\Java\jdk-18.0.2\bin\verify.dll
0x00007ff879200000 - 0x00007ff87923e000 	C:\Users\brend\AppData\Roaming\Code\User\globalStorage\redhat.java\1.21.0\config_win\org.eclipse.equinox.launcher\org.eclipse.equinox.launcher.win32.win32.x86_64_1.2.700.v20221108-1024\eclipse_11801.dll
0x00007ff8bdce0000 - 0x00007ff8bde7c000 	C:\WINDOWS\System32\ole32.dll
0x00007ff8bb6f0000 - 0x00007ff8bb70b000 	C:\WINDOWS\SYSTEM32\CRYPTSP.dll
0x00007ff8baed0000 - 0x00007ff8baf05000 	C:\WINDOWS\system32\rsaenh.dll
0x00007ff8bb470000 - 0x00007ff8bb49c000 	C:\WINDOWS\SYSTEM32\USERENV.dll
0x00007ff8bb820000 - 0x00007ff8bb848000 	C:\WINDOWS\SYSTEM32\bcrypt.dll
0x00007ff8bb6d0000 - 0x00007ff8bb6dc000 	C:\WINDOWS\SYSTEM32\CRYPTBASE.dll
0x00007ff8ba9c0000 - 0x00007ff8ba9ed000 	C:\WINDOWS\SYSTEM32\IPHLPAPI.DLL
0x00007ff8be200000 - 0x00007ff8be209000 	C:\WINDOWS\System32\NSI.dll
0x00007ff8b4540000 - 0x00007ff8b4559000 	C:\WINDOWS\SYSTEM32\dhcpcsvc6.DLL
0x00007ff8b3b30000 - 0x00007ff8b3b4f000 	C:\WINDOWS\SYSTEM32\dhcpcsvc.DLL
0x00007ff8baa30000 - 0x00007ff8bab23000 	C:\WINDOWS\SYSTEM32\DNSAPI.dll
0x00007ff88e760000 - 0x00007ff88e7a5000 	C:\Users\brend\AppData\Local\Temp\jna-94001803\jna6694760962611794320.dll
0x00007ff87ae20000 - 0x00007ff87ae47000 	C:\Users\brend\.gradle\native\68d5fa5c4cc2d200863cafc0d521ce42e7d3e7ee720ec0a83991735586a16f82\windows-amd64\native-platform.dll
0x00007ff8881d0000 - 0x00007ff8881d9000 	C:\Program Files\Java\jdk-18.0.2\bin\management.dll
0x00007ff8872f0000 - 0x00007ff8872fb000 	C:\Program Files\Java\jdk-18.0.2\bin\management_ext.dll

dbghelp: loaded successfully - version: 4.0.5 - missing functions: none
symbol engine: initialized successfully - sym options: 0x614 - pdb path: .;C:\Program Files\Java\jdk-18.0.2\bin;C:\WINDOWS\SYSTEM32;C:\WINDOWS\WinSxS\amd64_microsoft.windows.common-controls_6595b64144ccf1df_6.0.22621.1635_none_270f70857386168e;C:\Program Files\Java\jdk-18.0.2\bin\server;C:\Users\brend\AppData\Roaming\Code\User\globalStorage\redhat.java\1.21.0\config_win\org.eclipse.equinox.launcher\org.eclipse.equinox.launcher.win32.win32.x86_64_1.2.700.v20221108-1024;C:\Users\brend\AppData\Local\Temp\jna-94001803;C:\Users\brend\.gradle\native\68d5fa5c4cc2d200863cafc0d521ce42e7d3e7ee720ec0a83991735586a16f82\windows-amd64

VM Arguments:
jvm_args: --add-modules=ALL-SYSTEM --add-opens=java.base/java.util=ALL-UNNAMED --add-opens=java.base/java.lang=ALL-UNNAMED --add-opens=java.base/sun.nio.fs=ALL-UNNAMED -Declipse.application=org.eclipse.jdt.ls.core.id1 -Dosgi.bundles.defaultStartLevel=4 -Declipse.product=org.eclipse.jdt.ls.core.product -Djava.import.generatesMetadataFilesAtProjectRoot=false -Dfile.encoding=utf8 -XX:+UseParallelGC -XX:GCTimeRatio=4 -XX:AdaptiveSizePolicyWeight=90 -Dsun.zip.disableMemoryMapping=true -Xmx1G -Xms100m -Xlog:disable -javaagent:c:\Users\brend\.vscode\extensions\redhat.java-1.21.0-win32-x64\lombok\lombok-1.18.28.jar -XX:+HeapDumpOnOutOfMemoryError -XX:HeapDumpPath=c:\Users\brend\AppData\Roaming\Code\User\workspaceStorage\740d546d7c3ef9ec51985389fff41459\redhat.java -Daether.dependencyCollector.impl=bf 
java_command: c:\Users\brend\.vscode\extensions\redhat.java-1.21.0-win32-x64\server\plugins\org.eclipse.equinox.launcher_1.6.500.v20230717-2134.jar -configuration c:\Users\brend\AppData\Roaming\Code\User\globalStorage\redhat.java\1.21.0\config_win -data c:\Users\brend\AppData\Roaming\Code\User\workspaceStorage\740d546d7c3ef9ec51985389fff41459\redhat.java\jdt_ws
java_class_path (initial): c:\Users\brend\.vscode\extensions\redhat.java-1.21.0-win32-x64\server\plugins\org.eclipse.equinox.launcher_1.6.500.v20230717-2134.jar
Launcher Type: SUN_STANDARD

[Global flags]
    uintx AdaptiveSizePolicyWeight                 = 90                                        {product} {command line}
     intx CICompilerCount                          = 12                                        {product} {ergonomic}
    uintx GCTimeRatio                              = 4                                         {product} {command line}
     bool HeapDumpOnOutOfMemoryError               = true                                   {manageable} {command line}
    ccstr HeapDumpPath                             = c:\Users\brend\AppData\Roaming\Code\User\workspaceStorage\740d546d7c3ef9ec51985389fff41459\redhat.java         {manageable} {command line}
   size_t InitialHeapSize                          = 104857600                                 {product} {command line}
   size_t MaxHeapSize                              = 1073741824                                {product} {command line}
   size_t MaxNewSize                               = 357564416                                 {product} {ergonomic}
   size_t MinHeapDeltaBytes                        = 524288                                    {product} {ergonomic}
   size_t MinHeapSize                              = 104857600                                 {product} {command line}
   size_t NewSize                                  = 34603008                                  {product} {ergonomic}
    uintx NonNMethodCodeHeapSize                   = 7602480                                {pd product} {ergonomic}
    uintx NonProfiledCodeHeapSize                  = 122027880                              {pd product} {ergonomic}
   size_t OldSize                                  = 70254592                                  {product} {ergonomic}
    uintx ProfiledCodeHeapSize                     = 122027880                              {pd product} {ergonomic}
    uintx ReservedCodeCacheSize                    = 251658240                              {pd product} {ergonomic}
     bool SegmentedCodeCache                       = true                                      {product} {ergonomic}
   size_t SoftMaxHeapSize                          = 1073741824                             {manageable} {ergonomic}
     bool UseCompressedClassPointers               = true                           {product lp64_product} {ergonomic}
     bool UseCompressedOops                        = true                           {product lp64_product} {ergonomic}
     bool UseLargePagesIndividualAllocation        = false                                  {pd product} {ergonomic}
     bool UseParallelGC                            = true                                      {product} {command line}

Logging:
Log output configuration:
 #0: stdout all=off uptime,level,tags foldmultilines=false
 #1: stderr all=off uptime,level,tags foldmultilines=false

Environment Variables:
PATH=E:\Oculus\Support\oculus-runtime;C:\Program Files\Eclipse Adoptium\jdk-17.0.4.8-hotspot\bin;C:\Program Files\Common Files\Oracle\Java\javapath;C:\Program Files\Microsoft MPI\Bin\;C:\Program Files (x86)\Common Files\Intel\Shared Libraries\redist\intel64\compiler;C:\Python39\Scripts\;C:\Python39\;C:\Windows\system32;C:\Windows;C:\Windows\System32\Wbem;C:\Windows\System32\WindowsPowerShell\v1.0\;C:\Windows\System32\OpenSSH\;C:\Program Files\NVIDIA Corporation\NVIDIA NvDLISR;C:\Program Files\Git\cmd;C:\Program Files\nodejs\;C:\ProgramData\chocolatey\bin;C:\Program Files\dotnet\;C:\Program Files\Microsoft SQL Server\Client SDK\ODBC\170\Tools\Binn\;C:\Program Files (x86)\Microsoft SQL Server\130\DTS\Binn\;C:\Program Files\Microsoft SQL Server\Client SDK\ODBC\130\Tools\Binn\;C:\Program Files\CMake\bin;C:\WINDOWS\system32;C:\WINDOWS;C:\WINDOWS\System32\Wbem;C:\WINDOWS\System32\WindowsPowerShell\v1.0\;C:\WINDOWS\System32\OpenSSH\;C:\Program Files (x86)\Calibre2\;C:\Program Files (x86)\Google\Cloud SDK\google-cloud-sdk\bin;C:\Program Files\PuTTY\;C:\xampp\php;C:\ProgramData\ComposerSetup\bin;C:\WINDOWS\system32;C:\WINDOWS;C:\WINDOWS\System32\Wbem;C:\WINDOWS\System32\WindowsPowerShell\v1.0\;C:\WINDOWS\System32\OpenSSH\;C:\Program Files\Docker\Docker\resources\bin;C:\ProgramData\DockerDesktop\version-bin;C:\Program Files (x86)\NVIDIA Corporation\PhysX\Common;C:\Program Files\MySQL\MySQL Shell 8.0\bin\;C:\Users\brend\.cargo\bin;C:\Users\brend\AppData\Local\Microsoft\WindowsApps;C:\Users\brend\AppData\Local\Programs\Microsoft VS Code\bin;C:\Users\brend\AppData\Roaming\npm;C:\Users\brend\.dotnet\tools;C:\Program Files\Azure Data Studio\bin;C:\Program Files\JetBrains\IntelliJ IDEA 2021.2\bin;;C:\Program Files\JetBrains\IntelliJ IDEA Community Edition 2021.2\bin;;C:\Users\brend\AppData\Roaming\Composer\vendor\bin;C:\Users\brend\AppData\Local\GitHubDesktop\bin
USERNAME=brend
OS=Windows_NT
PROCESSOR_IDENTIFIER=Intel64 Family 6 Model 165 Stepping 5, GenuineIntel



---------------  S Y S T E M  ---------------

OS:
 Windows 11 , 64 bit Build 22621 (10.0.22621.1928)
OS uptime: 5 days 1:18 hours
Hyper-V role detected

CPU: total 20 (initial active 20) (10 cores per cpu, 2 threads per core) family 6 model 165 stepping 5 microcode 0xe0, cx8, cmov, fxsr, ht, mmx, 3dnowpref, sse, sse2, sse3, ssse3, sse4.1, sse4.2, popcnt, lzcnt, tsc, tscinvbit, avx, avx2, aes, erms, clmul, bmi1, bmi2, adx, fma, vzeroupper, clflush, clflushopt, hv

Memory: 4k page, system-wide physical 65404M (34718M free)
TotalPageFile size 69500M (AvailPageFile size 20058M)
current process WorkingSet (physical memory assigned to process): 643M, peak: 736M
current process commit charge ("private bytes"): 679M, peak: 791M

vm_info: Java HotSpot(TM) 64-Bit Server VM (18.0.2+9-61) for windows-amd64 JRE (18.0.2+9-61), built on Jun  7 2022 13:09:01 by "mach5one" with MS VC++ 16.8 / 16.9 (VS2019)

END.
