#
# A fatal error has been detected by the Java Runtime Environment:
#
#  EXCEPTION_ACCESS_VIOLATION (0xc0000005) at pc=0x00007ff869a47bfa, pid=31984, tid=27780
#
# JRE version: Java(TM) SE Runtime Environment (18.0.2+9) (build 18.0.2+9-61)
# Java VM: Java HotSpot(TM) 64-Bit Server VM (18.0.2+9-61, mixed mode, sharing, tiered, compressed oops, compressed class ptrs, parallel gc, windows-amd64)
# Problematic frame:
# V  [jvm.dll+0x307bfa]
#
# No core dump will be written. Minidumps are not enabled by default on client versions of Windows
#
# If you would like to submit a bug report, please visit:
#   https://bugreport.java.com/bugreport/crash.jsp
#

---------------  S U M M A R Y ------------

Command Line: --add-modules=ALL-SYSTEM --add-opens=java.base/java.util=ALL-UNNAMED --add-opens=java.base/java.lang=ALL-UNNAMED --add-opens=java.base/sun.nio.fs=ALL-UNNAMED -Declipse.application=org.eclipse.jdt.ls.core.id1 -Dosgi.bundles.defaultStartLevel=4 -Declipse.product=org.eclipse.jdt.ls.core.product -Djava.import.generatesMetadataFilesAtProjectRoot=false -Dfile.encoding=utf8 -XX:+UseParallelGC -XX:GCTimeRatio=4 -XX:AdaptiveSizePolicyWeight=90 -Dsun.zip.disableMemoryMapping=true -Xmx1G -Xms100m -Xlog:disable -javaagent:c:\Users\brend\.vscode\extensions\redhat.java-1.21.0-win32-x64\lombok\lombok-1.18.28.jar -XX:+HeapDumpOnOutOfMemoryError -XX:HeapDumpPath=c:\Users\brend\AppData\Roaming\Code\User\workspaceStorage\37c26aaaf44f27de3e38bd41993dd2a9\redhat.java -Daether.dependencyCollector.impl=bf c:\Users\brend\.vscode\extensions\redhat.java-1.21.0-win32-x64\server\plugins\org.eclipse.equinox.launcher_1.6.500.v20230717-2134.jar -configuration c:\Users\brend\AppData\Roaming\Code\User\globalStorage\redhat.java\1.21.0\config_win -data c:\Users\brend\AppData\Roaming\Code\User\workspaceStorage\37c26aaaf44f27de3e38bd41993dd2a9\redhat.java\jdt_ws

Host: Intel(R) Core(TM) i9-10900K CPU @ 3.70GHz, 20 cores, 95G,  Windows 11 , 64 bit Build 22621 (10.0.22621.2070)
Time: Tue Aug 22 20:07:56 2023 Eastern Daylight Time elapsed time: 378.882533 seconds (0d 0h 6m 18s)

---------------  T H R E A D  ---------------

Current thread (0x00000129353a5980):  WorkerThread "GC Thread#8" [stack: 0x00000026f9d00000,0x00000026f9e00000] [id=27780]

Stack: [0x00000026f9d00000,0x00000026f9e00000],  sp=0x00000026f9dff808,  free space=1022k
Native frames: (J=compiled Java code, j=interpreted, Vv=VM code, C=native code)
V  [jvm.dll+0x307bfa]
V  [jvm.dll+0x6d9708]
V  [jvm.dll+0x6d9b7f]
V  [jvm.dll+0x820a44]
V  [jvm.dll+0x7a125a]
V  [jvm.dll+0x698275]
C  [ucrtbase.dll+0x29363]
C  [KERNEL32.DLL+0x126ad]
C  [ntdll.dll+0x5aa68]


siginfo: EXCEPTION_ACCESS_VIOLATION (0xc0000005), data execution prevention violation at address 0x00007ff868a07bfa


Register to memory mapping:

RIP=0x00007ff869a47bfa jvm.dll
RAX=0x0000000000012d00 is an unknown value
RBX=0x0000000000000008 is an unknown value
RCX=0x000001292e714d60 points into unknown readable memory: 0x0000000000000000 | 00 00 00 00 00 00 00 00
RDX=0x0000000000000006 is an unknown value
RSP=0x00000026f9dff808 points into unknown readable memory: 0x00000026f7fff478 | 78 f4 ff f7 26 00 00 00
RBP=0x0 is NULL
RSI=0x0000000000000030 is an unknown value
RDI=0x000001291248c6c0 points into unknown readable memory: 0x00007ff86a05e660 | 60 e6 05 6a f8 7f 00 00
R8 =0x0 is NULL
R9 =0x0000000000000001 is an unknown value
R10=0x0 is NULL
R11=0x000001292e715560 points into unknown readable memory: 0x0000000000000000 | 00 00 00 00 00 00 00 00
R12=0x0 is NULL
R13=0x00000129354e4e40 points into unknown readable memory: 0x0000000000000002 | 02 00 00 00 00 00 00 00
R14=0x0000000000000008 is an unknown value
R15=0x00000026f9dff870 points into unknown readable memory: 0x0000000000000000 | 00 00 00 00 00 00 00 00


Registers:
RAX=0x0000000000012d00, RBX=0x0000000000000008, RCX=0x000001292e714d60, RDX=0x0000000000000006
RSP=0x00000026f9dff808, RBP=0x0000000000000000, RSI=0x0000000000000030, RDI=0x000001291248c6c0
R8 =0x0000000000000000, R9 =0x0000000000000001, R10=0x0000000000000000, R11=0x000001292e715560
R12=0x0000000000000000, R13=0x00000129354e4e40, R14=0x0000000000000008, R15=0x00000026f9dff870
RIP=0x00007ff869a47bfa, EFLAGS=0x0000000000010246

Top of Stack: (sp=0x00000026f9dff808)
0x00000026f9dff808:   00000026f7fff478 0000000000000020
0x00000026f9dff818:   0000000000000005 0000000000000008
0x00000026f9dff828:   00007ff869e19708 000001292e715500
0x00000026f9dff838:   000001292e715500 0000000000000000
0x00000026f9dff848:   00000026f7fff4d0 00000026f7fff370
0x00000026f9dff858:   00007ff869e19b7f 0000000000000000
0x00000026f9dff868:   00000026f9dff8f9 0000000000000000
0x00000026f9dff878:   0000000000000001 000001292e715500
0x00000026f9dff888:   0000000000000008 000000000000000f
0x00000026f9dff898:   00000026f7ffef18 0000000800000002
0x00000026f9dff8a8:   000001292e715500 00007ff86a0bc250
0x00000026f9dff8b8:   000001292e715500 00000026f7fff370
0x00000026f9dff8c8:   000001292e757290 00000000000003d8
0x00000026f9dff8d8:   000001292e7572a0 000001292e757678
0x00000026f9dff8e8:   00007ff86a0bc3a8 0000000000000008
0x00000026f9dff8f8:   0000000000000000 0000000000000001 

Instructions: (pc=0x00007ff869a47bfa)
0x00007ff869a47afa:   47 10 49 8b 0c 06 8b 81 00 01 00 00 44 8b 91 80
0x00007ff869a47b0a:   00 00 00 44 2b d0 8b c2 41 81 e2 ff ff 01 00 41
0x00007ff869a47b1a:   81 fa ff ff 01 00 45 0f 44 d4 48 8d 34 c5 00 00
0x00007ff869a47b2a:   00 00 48 8b 47 10 48 8b 0c 06 8b 81 00 01 00 00
0x00007ff869a47b3a:   44 8b 81 80 00 00 00 44 2b c0 32 c0 41 81 e0 ff
0x00007ff869a47b4a:   ff 01 00 41 81 f8 ff ff 01 00 45 0f 44 c4 45 3b
0x00007ff869a47b5a:   c2 76 11 48 8b 47 10 48 8b 34 06 48 8b 86 00 01
0x00007ff869a47b6a:   00 00 eb 1b 45 85 d2 0f 84 83 00 00 00 48 8b 47
0x00007ff869a47b7a:   10 41 8b d1 49 8b 34 06 48 8b 86 00 01 00 00 8b
0x00007ff869a47b8a:   8e 80 00 00 00 2b c8 81 e1 ff ff 01 00 81 f9 ff
0x00007ff869a47b9a:   ff 01 00 41 0f 44 cc 85 c9 75 13 ba ff ff ff ff
0x00007ff869a47baa:   32 c0 41 89 93 00 02 00 00 e9 c4 00 00 00 48 8b
0x00007ff869a47bba:   8e 80 01 00 00 4c 8b c8 44 8b c0 4e 8b 04 c1 8d
0x00007ff869a47bca:   48 01 81 e1 ff ff 01 00 4d 89 07 45 8b c4 41 0f
0x00007ff869a47bda:   94 c0 49 c1 e9 20 45 03 c8 49 c1 e1 20 4c 0b c9
0x00007ff869a47bea:   f0 4c 0f b1 8e 00 01 00 00 0f 94 c0 84 c0 75 05
0x00007ff869a47bfa:   ba ff ff ff ff 41 89 93 00 02 00 00 eb 74 75 76
0x00007ff869a47c0a:   48 8b 47 10 8d 4b ff 83 e1 01 4c 8b 14 c8 49 8b
0x00007ff869a47c1a:   82 00 01 00 00 41 8b 8a 80 00 00 00 2b c8 81 e1
0x00007ff869a47c2a:   ff ff 01 00 81 f9 ff ff 01 00 41 0f 44 cc 85 c9
0x00007ff869a47c3a:   75 04 32 c0 eb 3c 49 8b 8a 80 01 00 00 4c 8b c0
0x00007ff869a47c4a:   8b d0 48 8b 14 d1 8d 48 01 81 e1 ff ff 01 00 49
0x00007ff869a47c5a:   89 17 41 8b d4 0f 94 c2 49 c1 e8 20 44 03 c2 49
0x00007ff869a47c6a:   c1 e0 20 4c 0b c1 f0 4d 0f b1 82 00 01 00 00 0f
0x00007ff869a47c7a:   94 c0 84 c0 75 29 8b 4f 08 ff c5 8d 04 09 3b e8
0x00007ff869a47c8a:   0f 82 a2 fd ff ff 32 c0 48 8b 5c 24 30 48 8b 6c
0x00007ff869a47c9a:   24 38 48 8b 74 24 40 41 5f 41 5e 41 5c 5f c3 b0
0x00007ff869a47caa:   01 eb e5 cc cc cc 48 8b 91 90 00 00 00 48 8b 81
0x00007ff869a47cba:   98 00 00 00 48 89 81 90 00 00 00 48 89 91 98 00
0x00007ff869a47cca:   00 00 c3 cc cc cc 48 8b 89 a0 06 00 00 e9 d4 8e
0x00007ff869a47cda:   51 00 cc cc cc cc 48 89 54 24 10 4c 89 44 24 18
0x00007ff869a47cea:   4c 89 4c 24 20 53 48 83 ec 20 48 8b d9 4c 8d 4c 


Stack slot to memory mapping:
stack at sp + 0 slots: 0x00000026f7fff478 points into unknown readable memory: 0x00000129146b7e10 | 10 7e 6b 14 29 01 00 00
stack at sp + 1 slots: 0x0000000000000020 is an unknown value
stack at sp + 2 slots: 0x0000000000000005 is an unknown value
stack at sp + 3 slots: 0x0000000000000008 is an unknown value
stack at sp + 4 slots: 0x00007ff869e19708 jvm.dll
stack at sp + 5 slots: 0x000001292e715500 points into unknown readable memory: 0x00007ff86a0bc0f0 | f0 c0 0b 6a f8 7f 00 00
stack at sp + 6 slots: 0x000001292e715500 points into unknown readable memory: 0x00007ff86a0bc0f0 | f0 c0 0b 6a f8 7f 00 00
stack at sp + 7 slots: 0x0 is NULL


---------------  P R O C E S S  ---------------

Threads class SMR info:
_java_thread_list=0x000001293b913de0, length=54, elements={
0x00000129146ca580, 0x000001292d1d7020, 0x000001292d1d8690, 0x0000012914764900,
0x000001292d1ee4a0, 0x0000012914765770, 0x0000012914769510, 0x0000012914779600,
0x000001291477bbc0, 0x000001291477c0c0, 0x000001292e807b60, 0x000001292e807690,
0x000001292e806820, 0x000001292e806cf0, 0x000001292e808030, 0x000001292e808500,
0x000001292e809840, 0x0000012935e25040, 0x0000012935e23830, 0x0000012935e23d00,
0x0000012935e241d0, 0x0000012935e28ed0, 0x0000012935e24b70, 0x0000012935e2a6e0,
0x0000012935e25eb0, 0x0000012935e28060, 0x0000012935e22e90, 0x0000012935e26d20,
0x0000012935e28530, 0x0000012935e28a00, 0x0000012935e293a0, 0x0000012935e26380,
0x000001292e808ea0, 0x0000012939d553c0, 0x0000012939d583e0, 0x0000012939d56bd0,
0x0000012939d51a00, 0x0000012939d56700, 0x0000012939d54ef0, 0x0000012939d53bb0,
0x0000012945501ab0, 0x00000129454fd280, 0x00000129454fa260, 0x00000129454fe0f0,
0x00000129454fbf40, 0x00000129454ff430, 0x00000129454fe5c0, 0x00000129454fc8e0,
0x00000129454fac00, 0x0000012945501110, 0x00000129455015e0, 0x00000129454ffdd0,
0x00000129454fba70, 0x000001293b3958f0
}

Java Threads: ( => current thread )
  0x00000129146ca580 JavaThread "main" [_thread_blocked, id=35452, stack(0x00000026f7d00000,0x00000026f7e00000)]
  0x000001292d1d7020 JavaThread "Reference Handler" daemon [_thread_blocked, id=27460, stack(0x00000026f8000000,0x00000026f8100000)]
  0x000001292d1d8690 JavaThread "Finalizer" daemon [_thread_blocked, id=33912, stack(0x00000026f8100000,0x00000026f8200000)]
  0x0000012914764900 JavaThread "Signal Dispatcher" daemon [_thread_blocked, id=7332, stack(0x00000026f8200000,0x00000026f8300000)]
  0x000001292d1ee4a0 JavaThread "Attach Listener" daemon [_thread_blocked, id=24004, stack(0x00000026f8300000,0x00000026f8400000)]
  0x0000012914765770 JavaThread "Service Thread" daemon [_thread_blocked, id=24996, stack(0x00000026f8400000,0x00000026f8500000)]
  0x0000012914769510 JavaThread "Monitor Deflation Thread" daemon [_thread_blocked, id=16868, stack(0x00000026f8500000,0x00000026f8600000)]
  0x0000012914779600 JavaThread "C2 CompilerThread0" daemon [_thread_blocked, id=19396, stack(0x00000026f8600000,0x00000026f8700000)]
  0x000001291477bbc0 JavaThread "C1 CompilerThread0" daemon [_thread_blocked, id=5192, stack(0x00000026f8700000,0x00000026f8800000)]
  0x000001291477c0c0 JavaThread "Sweeper thread" daemon [_thread_blocked, id=31116, stack(0x00000026f8800000,0x00000026f8900000)]
  0x000001292e807b60 JavaThread "Common-Cleaner" daemon [_thread_blocked, id=16344, stack(0x00000026f8900000,0x00000026f8a00000)]
  0x000001292e807690 JavaThread "Notification Thread" daemon [_thread_blocked, id=27420, stack(0x00000026f8d00000,0x00000026f8e00000)]
  0x000001292e806820 JavaThread "Active Thread: Equinox Container: cdcd8348-9e2a-4257-9ae0-4abe09bd0e9b" [_thread_blocked, id=18460, stack(0x00000026f9800000,0x00000026f9900000)]
  0x000001292e806cf0 JavaThread "Framework Event Dispatcher: Equinox Container: cdcd8348-9e2a-4257-9ae0-4abe09bd0e9b" daemon [_thread_blocked, id=19696, stack(0x00000026f9900000,0x00000026f9a00000)]
  0x000001292e808030 JavaThread "Start Level: Equinox Container: cdcd8348-9e2a-4257-9ae0-4abe09bd0e9b" daemon [_thread_blocked, id=31884, stack(0x00000026f9a00000,0x00000026f9b00000)]
  0x000001292e808500 JavaThread "SCR Component Actor" daemon [_thread_blocked, id=13056, stack(0x00000026f9b00000,0x00000026f9c00000)]
  0x000001292e809840 JavaThread "Worker-JM" [_thread_blocked, id=33776, stack(0x00000026f9000000,0x00000026f9100000)]
  0x0000012935e25040 JavaThread "Java indexing" daemon [_thread_blocked, id=10420, stack(0x00000026fa100000,0x00000026fa200000)]
  0x0000012935e23830 JavaThread "JNA Cleaner" daemon [_thread_blocked, id=24616, stack(0x00000026fa200000,0x00000026fa300000)]
  0x0000012935e23d00 JavaThread "pool-2-thread-1" [_thread_blocked, id=19260, stack(0x00000026fab00000,0x00000026fac00000)]
  0x0000012935e241d0 JavaThread "WorkspaceEventsHandler" [_thread_blocked, id=9136, stack(0x00000026fac00000,0x00000026fad00000)]
  0x0000012935e28ed0 JavaThread "pool-1-thread-1" [_thread_in_native, id=5832, stack(0x00000026fad00000,0x00000026fae00000)]
  0x0000012935e24b70 JavaThread "Timer-0" [_thread_blocked, id=31304, stack(0x00000026fb200000,0x00000026fb300000)]
  0x0000012935e2a6e0 JavaThread "Worker-4" [_thread_blocked, id=23860, stack(0x00000026f9100000,0x00000026f9200000)]
  0x0000012935e25eb0 JavaThread "Worker-5" [_thread_blocked, id=39740, stack(0x00000026faf00000,0x00000026fb000000)]
  0x0000012935e28060 JavaThread "ForkJoinPool.commonPool-worker-1" daemon [_thread_blocked, id=38164, stack(0x00000026fb700000,0x00000026fb800000)]
  0x0000012935e22e90 JavaThread "ForkJoinPool.commonPool-worker-2" daemon [_thread_blocked, id=35600, stack(0x00000026fb800000,0x00000026fb900000)]
  0x0000012935e26d20 JavaThread "ForkJoinPool.commonPool-worker-3" daemon [_thread_blocked, id=31948, stack(0x00000026fb900000,0x00000026fba00000)]
  0x0000012935e28530 JavaThread "ForkJoinPool.commonPool-worker-4" daemon [_thread_blocked, id=28560, stack(0x00000026fba00000,0x00000026fbb00000)]
  0x0000012935e28a00 JavaThread "ForkJoinPool.commonPool-worker-5" daemon [_thread_blocked, id=13324, stack(0x00000026fbb00000,0x00000026fbc00000)]
  0x0000012935e293a0 JavaThread "ForkJoinPool.commonPool-worker-6" daemon [_thread_blocked, id=18784, stack(0x00000026fbc00000,0x00000026fbd00000)]
  0x0000012935e26380 JavaThread "ForkJoinPool.commonPool-worker-7" daemon [_thread_blocked, id=2264, stack(0x00000026fbd00000,0x00000026fbe00000)]
  0x000001292e808ea0 JavaThread "ForkJoinPool.commonPool-worker-8" daemon [_thread_blocked, id=17472, stack(0x00000026fbe00000,0x00000026fbf00000)]
  0x0000012939d553c0 JavaThread "ForkJoinPool.commonPool-worker-9" daemon [_thread_blocked, id=13160, stack(0x00000026fbf00000,0x00000026fc000000)]
  0x0000012939d583e0 JavaThread "ForkJoinPool.commonPool-worker-10" daemon [_thread_blocked, id=22236, stack(0x00000026fc000000,0x00000026fc100000)]
  0x0000012939d56bd0 JavaThread "Bundle File Closer" daemon [_thread_blocked, id=28532, stack(0x00000026fc100000,0x00000026fc200000)]
  0x0000012939d51a00 JavaThread "ForkJoinPool.commonPool-worker-13" daemon [_thread_blocked, id=33216, stack(0x00000026fc800000,0x00000026fc900000)]
  0x0000012939d56700 JavaThread "ForkJoinPool.commonPool-worker-14" daemon [_thread_blocked, id=5532, stack(0x00000026fc900000,0x00000026fca00000)]
  0x0000012939d54ef0 JavaThread "Java Debug Server" daemon [_thread_in_native, id=14364, stack(0x00000026fcc00000,0x00000026fcd00000)]
  0x0000012939d53bb0 JavaThread "pool-4-thread-1" [_thread_in_native, id=35784, stack(0x00000026fce00000,0x00000026fcf00000)]
  0x0000012945501ab0 JavaThread "RxSchedulerPurge-1" daemon [_thread_blocked, id=34896, stack(0x00000026fcf00000,0x00000026fd000000)]
  0x00000129454fd280 JavaThread "RxCachedWorkerPoolEvictor-1" daemon [_thread_blocked, id=32876, stack(0x00000026fd000000,0x00000026fd100000)]
  0x00000129454fa260 JavaThread "RxNewThreadScheduler-1" daemon [_thread_blocked, id=16416, stack(0x00000026fcd00000,0x00000026fce00000)]
  0x00000129454fe0f0 JavaThread "Packet Receive Manager" daemon [_thread_in_native, id=27356, stack(0x00000026fae00000,0x00000026faf00000)]
  0x00000129454fbf40 JavaThread "Packet Send Manager" daemon [_thread_blocked, id=32376, stack(0x00000026fb400000,0x00000026fb500000)]
  0x00000129454ff430 JavaThread "Event Hub" daemon [_thread_blocked, id=7720, stack(0x00000026fc700000,0x00000026fc800000)]
  0x00000129454fe5c0 JavaThread "ForkJoinPool.commonPool-worker-17" daemon [_thread_blocked, id=25444, stack(0x00000026f7c00000,0x00000026f7d00000)]
  0x00000129454fc8e0 JavaThread "ForkJoinPool.commonPool-worker-18" daemon [_thread_blocked, id=12684, stack(0x00000026f8a00000,0x00000026f8b00000)]
  0x00000129454fac00 JavaThread "ForkJoinPool.commonPool-worker-19" daemon [_thread_blocked, id=15840, stack(0x00000026fa300000,0x00000026fa400000)]
  0x0000012945501110 JavaThread "ForkJoinPool.commonPool-worker-20" daemon [_thread_blocked, id=37652, stack(0x00000026fb100000,0x00000026fb200000)]
  0x00000129455015e0 JavaThread "ForkJoinPool.commonPool-worker-21" daemon [_thread_blocked, id=38208, stack(0x00000026f8c00000,0x00000026f8d00000)]
  0x00000129454ffdd0 JavaThread "ForkJoinPool.commonPool-worker-22" daemon [_thread_blocked, id=33408, stack(0x00000026f7b00000,0x00000026f7c00000)]
  0x00000129454fba70 JavaThread "ForkJoinPool.commonPool-worker-23" daemon [_thread_blocked, id=18760, stack(0x00000026fa500000,0x00000026fa600000)]
  0x000001293b3958f0 JavaThread "C1 CompilerThread1" daemon [_thread_blocked, id=17660, stack(0x00000026f8b00000,0x00000026f8c00000)]

Other Threads:
  0x000001291475ecf0 VMThread "VM Thread" [stack: 0x00000026f7f00000,0x00000026f8000000] [id=5404]
  0x000001292e997540 WatcherThread "VM Periodic Task Thread" [stack: 0x00000026f8e00000,0x00000026f8f00000] [id=9812]
  0x00000129146e58b0 WorkerThread "GC Thread#0" [stack: 0x00000026f7e00000,0x00000026f7f00000] [id=26124]
  0x00000129353bec60 WorkerThread "GC Thread#1" [stack: 0x00000026f9200000,0x00000026f9300000] [id=39688]
  0x00000129353b1fd0 WorkerThread "GC Thread#2" [stack: 0x00000026f9300000,0x00000026f9400000] [id=11196]
  0x00000129353b2270 WorkerThread "GC Thread#3" [stack: 0x00000026f9400000,0x00000026f9500000] [id=3308]
  0x00000129350fc9a0 WorkerThread "GC Thread#4" [stack: 0x00000026f9500000,0x00000026f9600000] [id=18084]
  0x00000129350fcc40 WorkerThread "GC Thread#5" [stack: 0x00000026f9600000,0x00000026f9700000] [id=35536]
  0x00000129350fcee0 WorkerThread "GC Thread#6" [stack: 0x00000026f9700000,0x00000026f9800000] [id=30844]
  0x00000129352f9fd0 WorkerThread "GC Thread#7" [stack: 0x00000026f9c00000,0x00000026f9d00000] [id=18984]
=>0x00000129353a5980 WorkerThread "GC Thread#8" [stack: 0x00000026f9d00000,0x00000026f9e00000] [id=27780]
  0x00000129355cf200 WorkerThread "GC Thread#9" [stack: 0x00000026f9e00000,0x00000026f9f00000] [id=21208]
  0x00000129355d09a0 WorkerThread "GC Thread#10" [stack: 0x00000026f9f00000,0x00000026fa000000] [id=12088]
  0x00000129355d0700 WorkerThread "GC Thread#11" [stack: 0x00000026fa400000,0x00000026fa500000] [id=30356]
  0x00000129355cf4a0 WorkerThread "GC Thread#12" [stack: 0x00000026fa700000,0x00000026fa800000] [id=30732]
  0x00000129355cecc0 WorkerThread "GC Thread#13" [stack: 0x00000026fa800000,0x00000026fa900000] [id=2536]
  0x00000129355cef60 WorkerThread "GC Thread#14" [stack: 0x00000026fa900000,0x00000026faa00000] [id=2524]

Threads with active compile tasks:
C1 CompilerThread0   378914 16530   !   3       lombok.eclipse.agent.PatchValEclipse::addFinalAndValAnnotationToModifierList (516 bytes)

VM state: at safepoint (normal execution)

VM Mutex/Monitor currently owned by a thread:  ([mutex/lock_event])
[0x00000129146c4fb0] Threads_lock - owner thread: 0x000001291475ecf0
[0x00000129146c5430] Heap_lock - owner thread: 0x00000129454ffdd0

Heap address: 0x00000000c0000000, size: 1024 MB, Compressed Oops mode: 32-bit

CDS archive(s) mapped at: [0x0000000800000000-0x0000000800ba0000-0x0000000800ba0000), size 12189696, SharedBaseAddress: 0x0000000800000000, ArchiveRelocationMode: 0.
Compressed class space mapped at: 0x0000000800c00000-0x0000000840c00000, reserved size: 1073741824
Narrow klass base: 0x0000000800000000, Narrow klass shift: 0, Narrow klass range: 0x100000000

GC Precious Log:
 CardTable entry size: 512
 CPUs: 20 total, 20 available
 Memory: 98172M
 Large Page Support: Disabled
 NUMA Support: Disabled
 Compressed Oops: Enabled (32-bit)
 Alignments: Space 512K, Generation 512K, Heap 2M
 Heap Min Capacity: 100M
 Heap Initial Capacity: 100M
 Heap Max Capacity: 1G
 Pre-touch: Disabled
 Parallel Workers: 15

Heap:
 PSYoungGen      total 3072K, used 2586K [0x00000000eab00000, 0x00000000eaf00000, 0x0000000100000000)
  eden space 2048K, 100% used [0x00000000eab00000,0x00000000ead00000,0x00000000ead00000)
  from space 1024K, 52% used [0x00000000eae00000,0x00000000eae86900,0x00000000eaf00000)
  to   space 1024K, 98% used [0x00000000ead00000,0x00000000eadfaec0,0x00000000eae00000)
 ParOldGen       total 164864K, used 155448K [0x00000000c0000000, 0x00000000ca100000, 0x00000000eab00000)
  object space 164864K, 94% used [0x00000000c0000000,0x00000000c97ce380,0x00000000ca100000)
 Metaspace       used 81181K, committed 82624K, reserved 1179648K
  class space    used 8779K, committed 9472K, reserved 1048576K

Card table byte_map: [0x0000012914060000,0x0000012914270000] _byte_map_base: 0x0000012913a60000

Marking Bits: (ParMarkBitMap*) 0x00007ff86a28fbc0
 Begin Bits: [0x000001292aff0000, 0x000001292bff0000)
 End Bits:   [0x000001292bff0000, 0x000001292cff0000)

Polling page: 0x00000129125b0000

Metaspace:

Usage:
  Non-class:     70.70 MB used.
      Class:      8.57 MB used.
       Both:     79.28 MB used.

Virtual space:
  Non-class space:      128.00 MB reserved,      71.44 MB ( 56%) committed,  2 nodes.
      Class space:        1.00 GB reserved,       9.25 MB ( <1%) committed,  1 nodes.
             Both:        1.12 GB reserved,      80.69 MB (  7%) committed. 

Chunk freelists:
   Non-Class:  400.00 KB
       Class:  2.80 MB
        Both:  3.19 MB

MaxMetaspaceSize: unlimited
CompressedClassSpaceSize: 1.00 GB
Initial GC threshold: 21.00 MB
Current GC threshold: 133.75 MB
CDS: on
MetaspaceReclaimPolicy: balanced
 - commit_granule_bytes: 65536.
 - commit_granule_words: 8192.
 - virtual_space_node_default_size: 8388608.
 - enlarge_chunks_in_place: 1.
 - new_chunks_are_fully_committed: 0.
 - uncommit_free_chunks: 1.
 - use_allocation_guard: 0.


Internal statistics:

num_allocs_failed_limit: 13.
num_arena_births: 1384.
num_arena_deaths: 34.
num_vsnodes_births: 3.
num_vsnodes_deaths: 0.
num_space_committed: 1291.
num_space_uncommitted: 0.
num_chunks_returned_to_freelist: 54.
num_chunks_taken_from_freelist: 5040.
num_chunk_merges: 20.
num_chunk_splits: 3249.
num_chunks_enlarged: 2077.
num_inconsistent_stats: 0.

CodeHeap 'non-profiled nmethods': size=119168Kb used=11515Kb max_used=11613Kb free=107652Kb
 bounds [0x0000012923b90000, 0x00000129246f0000, 0x000001292aff0000]
CodeHeap 'profiled nmethods': size=119104Kb used=27807Kb max_used=29081Kb free=91296Kb
 bounds [0x000001291c740000, 0x000001291e3b0000, 0x0000012923b90000]
CodeHeap 'non-nmethods': size=7488Kb used=2000Kb max_used=3317Kb free=5487Kb
 bounds [0x000001291bff0000, 0x000001291c340000, 0x000001291c740000]
 total_blobs=13691 nmethods=12911 adapters=688
 compilation: enabled
              stopped_count=0, restarted_count=0
 full_count=0

Compilation events (20 events):
Event: 378.874 Thread 0x000001293b3958f0 nmethod 16550 0x000001291d9dba90 code [0x000001291d9dbd60, 0x000001291d9dd248]
Event: 378.874 Thread 0x000001293b3958f0 16554       3       org.eclipse.jdt.internal.corext.dom.Selection::covers (30 bytes)
Event: 378.874 Thread 0x000001293b3958f0 nmethod 16554 0x000001291d7c9e10 code [0x000001291d7c9fc0, 0x000001291d7ca1b8]
Event: 378.874 Thread 0x000001293b3958f0 16553       3       org.eclipse.jdt.core.dom.VariableBinding::getVariableId (8 bytes)
Event: 378.874 Thread 0x000001293b3958f0 nmethod 16553 0x000001291db8ac90 code [0x000001291db8ae20, 0x000001291db8af38]
Event: 378.874 Thread 0x000001293b3958f0 16552       3       org.eclipse.ltk.core.refactoring.RefactoringStatus::hasFatalError (12 bytes)
Event: 378.874 Thread 0x000001293b3958f0 nmethod 16552 0x000001291dbee110 code [0x000001291dbee2a0, 0x000001291dbee418]
Event: 378.874 Thread 0x000001293b3958f0 16551       3       org.eclipse.jdt.ls.core.internal.corext.refactoring.code.ExtractMethodAnalyzer::visit (57 bytes)
Event: 378.874 Thread 0x000001293b3958f0 nmethod 16551 0x000001291d9a9390 code [0x000001291d9a9560, 0x000001291d9a99e8]
Event: 378.874 Thread 0x000001293b3958f0 16555       1       org.eclipse.jdt.core.dom.NodeFinder::getCoveredNode (5 bytes)
Event: 378.874 Thread 0x000001293b3958f0 nmethod 16555 0x0000012924511290 code [0x0000012924511420, 0x00000129245114f8]
Event: 378.874 Thread 0x000001293b3958f0 16556       1       org.eclipse.jdt.internal.core.OpenableElementInfo::isStructureKnown (5 bytes)
Event: 378.875 Thread 0x000001293b3958f0 nmethod 16556 0x0000012924510f90 code [0x0000012924511120, 0x00000129245111f8]
Event: 378.877 Thread 0x0000012914779600 nmethod 16532 0x000001292450ed90 code [0x000001292450ef80, 0x0000012924510528]
Event: 378.877 Thread 0x0000012914779600 16542       4       java.util.concurrent.ConcurrentHashMap::put (8 bytes)
Event: 378.878 Thread 0x0000012914779600 nmethod 16542 0x000001292450ea90 code [0x000001292450ec20, 0x000001292450ecc8]
Event: 378.878 Thread 0x0000012914779600 16537       4       java.util.AbstractList::add (11 bytes)
Event: 378.878 Thread 0x0000012914779600 nmethod 16537 0x000001292450e690 code [0x000001292450e820, 0x000001292450e908]
Event: 378.878 Thread 0x0000012914779600 16541       4       java.util.regex.Pattern$LastNode::match (45 bytes)
Event: 378.879 Thread 0x0000012914779600 nmethod 16541 0x000001292450e310 code [0x000001292450e480, 0x000001292450e578]

GC Heap History (20 events):
Event: 378.824 GC heap after
{Heap after GC invocations=418 (full 13):
 PSYoungGen      total 3072K, used 650K [0x00000000eab00000, 0x00000000eaf00000, 0x0000000100000000)
  eden space 2048K, 0% used [0x00000000eab00000,0x00000000eab00000,0x00000000ead00000)
  from space 1024K, 63% used [0x00000000ead00000,0x00000000eada2910,0x00000000eae00000)
  to   space 1024K, 0% used [0x00000000eae00000,0x00000000eae00000,0x00000000eaf00000)
 ParOldGen       total 164864K, used 149653K [0x00000000c0000000, 0x00000000ca100000, 0x00000000eab00000)
  object space 164864K, 90% used [0x00000000c0000000,0x00000000c9225550,0x00000000ca100000)
 Metaspace       used 81136K, committed 82624K, reserved 1179648K
  class space    used 8779K, committed 9472K, reserved 1048576K
}
Event: 378.826 GC heap before
{Heap before GC invocations=419 (full 13):
 PSYoungGen      total 3072K, used 2698K [0x00000000eab00000, 0x00000000eaf00000, 0x0000000100000000)
  eden space 2048K, 100% used [0x00000000eab00000,0x00000000ead00000,0x00000000ead00000)
  from space 1024K, 63% used [0x00000000ead00000,0x00000000eada2910,0x00000000eae00000)
  to   space 1024K, 0% used [0x00000000eae00000,0x00000000eae00000,0x00000000eaf00000)
 ParOldGen       total 164864K, used 149653K [0x00000000c0000000, 0x00000000ca100000, 0x00000000eab00000)
  object space 164864K, 90% used [0x00000000c0000000,0x00000000c9225550,0x00000000ca100000)
 Metaspace       used 81136K, committed 82624K, reserved 1179648K
  class space    used 8779K, committed 9472K, reserved 1048576K
}
Event: 378.826 GC heap after
{Heap after GC invocations=419 (full 13):
 PSYoungGen      total 3072K, used 512K [0x00000000eab00000, 0x00000000eaf00000, 0x0000000100000000)
  eden space 2048K, 0% used [0x00000000eab00000,0x00000000eab00000,0x00000000ead00000)
  from space 1024K, 50% used [0x00000000eae00000,0x00000000eae80000,0x00000000eaf00000)
  to   space 1024K, 0% used [0x00000000ead00000,0x00000000ead00000,0x00000000eae00000)
 ParOldGen       total 164864K, used 150198K [0x00000000c0000000, 0x00000000ca100000, 0x00000000eab00000)
  object space 164864K, 91% used [0x00000000c0000000,0x00000000c92ad8e0,0x00000000ca100000)
 Metaspace       used 81136K, committed 82624K, reserved 1179648K
  class space    used 8779K, committed 9472K, reserved 1048576K
}
Event: 378.829 GC heap before
{Heap before GC invocations=420 (full 13):
 PSYoungGen      total 3072K, used 2560K [0x00000000eab00000, 0x00000000eaf00000, 0x0000000100000000)
  eden space 2048K, 100% used [0x00000000eab00000,0x00000000ead00000,0x00000000ead00000)
  from space 1024K, 50% used [0x00000000eae00000,0x00000000eae80000,0x00000000eaf00000)
  to   space 1024K, 0% used [0x00000000ead00000,0x00000000ead00000,0x00000000eae00000)
 ParOldGen       total 164864K, used 150198K [0x00000000c0000000, 0x00000000ca100000, 0x00000000eab00000)
  object space 164864K, 91% used [0x00000000c0000000,0x00000000c92ad8e0,0x00000000ca100000)
 Metaspace       used 81136K, committed 82624K, reserved 1179648K
  class space    used 8779K, committed 9472K, reserved 1048576K
}
Event: 378.829 GC heap after
{Heap after GC invocations=420 (full 13):
 PSYoungGen      total 3072K, used 638K [0x00000000eab00000, 0x00000000eaf00000, 0x0000000100000000)
  eden space 2048K, 0% used [0x00000000eab00000,0x00000000eab00000,0x00000000ead00000)
  from space 1024K, 62% used [0x00000000ead00000,0x00000000ead9f8e8,0x00000000eae00000)
  to   space 1024K, 0% used [0x00000000eae00000,0x00000000eae00000,0x00000000eaf00000)
 ParOldGen       total 164864K, used 150446K [0x00000000c0000000, 0x00000000ca100000, 0x00000000eab00000)
  object space 164864K, 91% used [0x00000000c0000000,0x00000000c92eb8e0,0x00000000ca100000)
 Metaspace       used 81136K, committed 82624K, reserved 1179648K
  class space    used 8779K, committed 9472K, reserved 1048576K
}
Event: 378.833 GC heap before
{Heap before GC invocations=421 (full 13):
 PSYoungGen      total 3072K, used 2686K [0x00000000eab00000, 0x00000000eaf00000, 0x0000000100000000)
  eden space 2048K, 100% used [0x00000000eab00000,0x00000000ead00000,0x00000000ead00000)
  from space 1024K, 62% used [0x00000000ead00000,0x00000000ead9f8e8,0x00000000eae00000)
  to   space 1024K, 0% used [0x00000000eae00000,0x00000000eae00000,0x00000000eaf00000)
 ParOldGen       total 164864K, used 150446K [0x00000000c0000000, 0x00000000ca100000, 0x00000000eab00000)
  object space 164864K, 91% used [0x00000000c0000000,0x00000000c92eb8e0,0x00000000ca100000)
 Metaspace       used 81136K, committed 82624K, reserved 1179648K
  class space    used 8779K, committed 9472K, reserved 1048576K
}
Event: 378.833 GC heap after
{Heap after GC invocations=421 (full 13):
 PSYoungGen      total 3072K, used 608K [0x00000000eab00000, 0x00000000eaf00000, 0x0000000100000000)
  eden space 2048K, 0% used [0x00000000eab00000,0x00000000eab00000,0x00000000ead00000)
  from space 1024K, 59% used [0x00000000eae00000,0x00000000eae98000,0x00000000eaf00000)
  to   space 1024K, 0% used [0x00000000ead00000,0x00000000ead00000,0x00000000eae00000)
 ParOldGen       total 164864K, used 150820K [0x00000000c0000000, 0x00000000ca100000, 0x00000000eab00000)
  object space 164864K, 91% used [0x00000000c0000000,0x00000000c93491c8,0x00000000ca100000)
 Metaspace       used 81136K, committed 82624K, reserved 1179648K
  class space    used 8779K, committed 9472K, reserved 1048576K
}
Event: 378.840 GC heap before
{Heap before GC invocations=422 (full 13):
 PSYoungGen      total 3072K, used 2656K [0x00000000eab00000, 0x00000000eaf00000, 0x0000000100000000)
  eden space 2048K, 100% used [0x00000000eab00000,0x00000000ead00000,0x00000000ead00000)
  from space 1024K, 59% used [0x00000000eae00000,0x00000000eae98000,0x00000000eaf00000)
  to   space 1024K, 0% used [0x00000000ead00000,0x00000000ead00000,0x00000000eae00000)
 ParOldGen       total 164864K, used 150820K [0x00000000c0000000, 0x00000000ca100000, 0x00000000eab00000)
  object space 164864K, 91% used [0x00000000c0000000,0x00000000c93491c8,0x00000000ca100000)
 Metaspace       used 81136K, committed 82624K, reserved 1179648K
  class space    used 8779K, committed 9472K, reserved 1048576K
}
Event: 378.840 GC heap after
{Heap after GC invocations=422 (full 13):
 PSYoungGen      total 3072K, used 704K [0x00000000eab00000, 0x00000000eaf00000, 0x0000000100000000)
  eden space 2048K, 0% used [0x00000000eab00000,0x00000000eab00000,0x00000000ead00000)
  from space 1024K, 68% used [0x00000000ead00000,0x00000000eadb0000,0x00000000eae00000)
  to   space 1024K, 0% used [0x00000000eae00000,0x00000000eae00000,0x00000000eaf00000)
 ParOldGen       total 164864K, used 151170K [0x00000000c0000000, 0x00000000ca100000, 0x00000000eab00000)
  object space 164864K, 91% used [0x00000000c0000000,0x00000000c93a0ad8,0x00000000ca100000)
 Metaspace       used 81136K, committed 82624K, reserved 1179648K
  class space    used 8779K, committed 9472K, reserved 1048576K
}
Event: 378.848 GC heap before
{Heap before GC invocations=423 (full 13):
 PSYoungGen      total 3072K, used 2752K [0x00000000eab00000, 0x00000000eaf00000, 0x0000000100000000)
  eden space 2048K, 100% used [0x00000000eab00000,0x00000000ead00000,0x00000000ead00000)
  from space 1024K, 68% used [0x00000000ead00000,0x00000000eadb0000,0x00000000eae00000)
  to   space 1024K, 0% used [0x00000000eae00000,0x00000000eae00000,0x00000000eaf00000)
 ParOldGen       total 164864K, used 151170K [0x00000000c0000000, 0x00000000ca100000, 0x00000000eab00000)
  object space 164864K, 91% used [0x00000000c0000000,0x00000000c93a0ad8,0x00000000ca100000)
 Metaspace       used 81139K, committed 82624K, reserved 1179648K
  class space    used 8779K, committed 9472K, reserved 1048576K
}
Event: 378.848 GC heap after
{Heap after GC invocations=423 (full 13):
 PSYoungGen      total 3072K, used 736K [0x00000000eab00000, 0x00000000eaf00000, 0x0000000100000000)
  eden space 2048K, 0% used [0x00000000eab00000,0x00000000eab00000,0x00000000ead00000)
  from space 1024K, 71% used [0x00000000eae00000,0x00000000eaeb8000,0x00000000eaf00000)
  to   space 1024K, 0% used [0x00000000ead00000,0x00000000ead00000,0x00000000eae00000)
 ParOldGen       total 164864K, used 151654K [0x00000000c0000000, 0x00000000ca100000, 0x00000000eab00000)
  object space 164864K, 91% used [0x00000000c0000000,0x00000000c9419bf0,0x00000000ca100000)
 Metaspace       used 81139K, committed 82624K, reserved 1179648K
  class space    used 8779K, committed 9472K, reserved 1048576K
}
Event: 378.857 GC heap before
{Heap before GC invocations=424 (full 13):
 PSYoungGen      total 3072K, used 2784K [0x00000000eab00000, 0x00000000eaf00000, 0x0000000100000000)
  eden space 2048K, 100% used [0x00000000eab00000,0x00000000ead00000,0x00000000ead00000)
  from space 1024K, 71% used [0x00000000eae00000,0x00000000eaeb8000,0x00000000eaf00000)
  to   space 1024K, 0% used [0x00000000ead00000,0x00000000ead00000,0x00000000eae00000)
 ParOldGen       total 164864K, used 151654K [0x00000000c0000000, 0x00000000ca100000, 0x00000000eab00000)
  object space 164864K, 91% used [0x00000000c0000000,0x00000000c9419bf0,0x00000000ca100000)
 Metaspace       used 81139K, committed 82624K, reserved 1179648K
  class space    used 8779K, committed 9472K, reserved 1048576K
}
Event: 378.857 GC heap after
{Heap after GC invocations=424 (full 13):
 PSYoungGen      total 3072K, used 704K [0x00000000eab00000, 0x00000000eaf00000, 0x0000000100000000)
  eden space 2048K, 0% used [0x00000000eab00000,0x00000000eab00000,0x00000000ead00000)
  from space 1024K, 68% used [0x00000000ead00000,0x00000000eadb0000,0x00000000eae00000)
  to   space 1024K, 0% used [0x00000000eae00000,0x00000000eae00000,0x00000000eaf00000)
 ParOldGen       total 164864K, used 152246K [0x00000000c0000000, 0x00000000ca100000, 0x00000000eab00000)
  object space 164864K, 92% used [0x00000000c0000000,0x00000000c94ad998,0x00000000ca100000)
 Metaspace       used 81139K, committed 82624K, reserved 1179648K
  class space    used 8779K, committed 9472K, reserved 1048576K
}
Event: 378.861 GC heap before
{Heap before GC invocations=425 (full 13):
 PSYoungGen      total 3072K, used 2752K [0x00000000eab00000, 0x00000000eaf00000, 0x0000000100000000)
  eden space 2048K, 100% used [0x00000000eab00000,0x00000000ead00000,0x00000000ead00000)
  from space 1024K, 68% used [0x00000000ead00000,0x00000000eadb0000,0x00000000eae00000)
  to   space 1024K, 0% used [0x00000000eae00000,0x00000000eae00000,0x00000000eaf00000)
 ParOldGen       total 164864K, used 152246K [0x00000000c0000000, 0x00000000ca100000, 0x00000000eab00000)
  object space 164864K, 92% used [0x00000000c0000000,0x00000000c94ad998,0x00000000ca100000)
 Metaspace       used 81140K, committed 82624K, reserved 1179648K
  class space    used 8779K, committed 9472K, reserved 1048576K
}
Event: 378.861 GC heap after
{Heap after GC invocations=425 (full 13):
 PSYoungGen      total 3072K, used 832K [0x00000000eab00000, 0x00000000eaf00000, 0x0000000100000000)
  eden space 2048K, 0% used [0x00000000eab00000,0x00000000eab00000,0x00000000ead00000)
  from space 1024K, 81% used [0x00000000eae00000,0x00000000eaed0000,0x00000000eaf00000)
  to   space 1024K, 0% used [0x00000000ead00000,0x00000000ead00000,0x00000000eae00000)
 ParOldGen       total 164864K, used 152774K [0x00000000c0000000, 0x00000000ca100000, 0x00000000eab00000)
  object space 164864K, 92% used [0x00000000c0000000,0x00000000c9531998,0x00000000ca100000)
 Metaspace       used 81140K, committed 82624K, reserved 1179648K
  class space    used 8779K, committed 9472K, reserved 1048576K
}
Event: 378.869 GC heap before
{Heap before GC invocations=426 (full 13):
 PSYoungGen      total 3072K, used 2880K [0x00000000eab00000, 0x00000000eaf00000, 0x0000000100000000)
  eden space 2048K, 100% used [0x00000000eab00000,0x00000000ead00000,0x00000000ead00000)
  from space 1024K, 81% used [0x00000000eae00000,0x00000000eaed0000,0x00000000eaf00000)
  to   space 1024K, 0% used [0x00000000ead00000,0x00000000ead00000,0x00000000eae00000)
 ParOldGen       total 164864K, used 152774K [0x00000000c0000000, 0x00000000ca100000, 0x00000000eab00000)
  object space 164864K, 92% used [0x00000000c0000000,0x00000000c9531998,0x00000000ca100000)
 Metaspace       used 81156K, committed 82624K, reserved 1179648K
  class space    used 8779K, committed 9472K, reserved 1048576K
}
Event: 378.869 GC heap after
{Heap after GC invocations=426 (full 13):
 PSYoungGen      total 3072K, used 928K [0x00000000eab00000, 0x00000000eaf00000, 0x0000000100000000)
  eden space 2048K, 0% used [0x00000000eab00000,0x00000000eab00000,0x00000000ead00000)
  from space 1024K, 90% used [0x00000000ead00000,0x00000000eade8000,0x00000000eae00000)
  to   space 1024K, 0% used [0x00000000eae00000,0x00000000eae00000,0x00000000eaf00000)
 ParOldGen       total 164864K, used 153386K [0x00000000c0000000, 0x00000000ca100000, 0x00000000eab00000)
  object space 164864K, 93% used [0x00000000c0000000,0x00000000c95ca9b8,0x00000000ca100000)
 Metaspace       used 81156K, committed 82624K, reserved 1179648K
  class space    used 8779K, committed 9472K, reserved 1048576K
}
Event: 378.876 GC heap before
{Heap before GC invocations=427 (full 13):
 PSYoungGen      total 3072K, used 2976K [0x00000000eab00000, 0x00000000eaf00000, 0x0000000100000000)
  eden space 2048K, 100% used [0x00000000eab00000,0x00000000ead00000,0x00000000ead00000)
  from space 1024K, 90% used [0x00000000ead00000,0x00000000eade8000,0x00000000eae00000)
  to   space 1024K, 0% used [0x00000000eae00000,0x00000000eae00000,0x00000000eaf00000)
 ParOldGen       total 164864K, used 153386K [0x00000000c0000000, 0x00000000ca100000, 0x00000000eab00000)
  object space 164864K, 93% used [0x00000000c0000000,0x00000000c95ca9b8,0x00000000ca100000)
 Metaspace       used 81181K, committed 82624K, reserved 1179648K
  class space    used 8779K, committed 9472K, reserved 1048576K
}
Event: 378.877 GC heap after
{Heap after GC invocations=427 (full 13):
 PSYoungGen      total 3072K, used 538K [0x00000000eab00000, 0x00000000eaf00000, 0x0000000100000000)
  eden space 2048K, 0% used [0x00000000eab00000,0x00000000eab00000,0x00000000ead00000)
  from space 1024K, 52% used [0x00000000eae00000,0x00000000eae86900,0x00000000eaf00000)
  to   space 1024K, 0% used [0x00000000ead00000,0x00000000ead00000,0x00000000eae00000)
 ParOldGen       total 164864K, used 154158K [0x00000000c0000000, 0x00000000ca100000, 0x00000000eab00000)
  object space 164864K, 93% used [0x00000000c0000000,0x00000000c968b8d8,0x00000000ca100000)
 Metaspace       used 81181K, committed 82624K, reserved 1179648K
  class space    used 8779K, committed 9472K, reserved 1048576K
}
Event: 378.879 GC heap before
{Heap before GC invocations=428 (full 13):
 PSYoungGen      total 3072K, used 2586K [0x00000000eab00000, 0x00000000eaf00000, 0x0000000100000000)
  eden space 2048K, 100% used [0x00000000eab00000,0x00000000ead00000,0x00000000ead00000)
  from space 1024K, 52% used [0x00000000eae00000,0x00000000eae86900,0x00000000eaf00000)
  to   space 1024K, 0% used [0x00000000ead00000,0x00000000ead00000,0x00000000eae00000)
 ParOldGen       total 164864K, used 154158K [0x00000000c0000000, 0x00000000ca100000, 0x00000000eab00000)
  object space 164864K, 93% used [0x00000000c0000000,0x00000000c968b8d8,0x00000000ca100000)
 Metaspace       used 81181K, committed 82624K, reserved 1179648K
  class space    used 8779K, committed 9472K, reserved 1048576K
}

Deoptimization events (20 events):
Event: 374.742 Thread 0x0000012935e25040 DEOPT PACKING pc=0x0000012923d37bb8 sp=0x00000026fa1fefd0
Event: 374.742 Thread 0x0000012935e25040 DEOPT UNPACKING pc=0x000001291c0420a3 sp=0x00000026fa1fef88 mode 2
Event: 375.235 Thread 0x0000012935e25eb0 Uncommon trap: trap_request=0xffffff76 fr.pc=0x000001292461de98 relative=0x0000000000001718
Event: 375.235 Thread 0x0000012935e25eb0 Uncommon trap: reason=predicate action=maybe_recompile pc=0x000001292461de98 method=org.eclipse.jdt.internal.compiler.parser.diagnose.DiagnoseParser.scopeTrialCheck([IILorg/eclipse/jdt/internal/compiler/parser/diagnose/DiagnoseParser$PrimaryRepairInfo;I)V
Event: 375.235 Thread 0x0000012935e25eb0 DEOPT PACKING pc=0x000001292461de98 sp=0x00000026faffe030
Event: 375.235 Thread 0x0000012935e25eb0 DEOPT UNPACKING pc=0x000001291c0420a3 sp=0x00000026faffdf80 mode 2
Event: 378.138 Thread 0x00000129454ffdd0 DEOPT PACKING pc=0x000001291c7a623a sp=0x00000026f7bfdba0
Event: 378.138 Thread 0x00000129454ffdd0 DEOPT UNPACKING pc=0x000001291c042843 sp=0x00000026f7bfd0b0 mode 0
Event: 378.341 Thread 0x0000012935e2a6e0 Uncommon trap: trap_request=0xffffffcc fr.pc=0x000001292418e004 relative=0x00000000000008a4
Event: 378.341 Thread 0x0000012935e2a6e0 Uncommon trap: reason=intrinsic_or_type_checked_inlining action=make_not_entrant pc=0x000001292418e004 method=org.eclipse.jdt.internal.compiler.parser.Parser.consumeMethodHeaderName(Z)V @ 221 c2
Event: 378.341 Thread 0x0000012935e2a6e0 DEOPT PACKING pc=0x000001292418e004 sp=0x00000026f91fdec0
Event: 378.341 Thread 0x0000012935e2a6e0 DEOPT UNPACKING pc=0x000001291c0420a3 sp=0x00000026f91fde60 mode 2
Event: 378.404 Thread 0x0000012935e2a6e0 Uncommon trap: trap_request=0xffffffcc fr.pc=0x0000012924141004 relative=0x0000000000001e64
Event: 378.404 Thread 0x0000012935e2a6e0 Uncommon trap: reason=intrinsic_or_type_checked_inlining action=make_not_entrant pc=0x0000012924141004 method=org.eclipse.jdt.internal.core.CompilationUnit.getImports()[Lorg/eclipse/jdt/core/IImportDeclaration; @ 66 c2
Event: 378.404 Thread 0x0000012935e2a6e0 DEOPT PACKING pc=0x0000012924141004 sp=0x00000026f91fdf60
Event: 378.404 Thread 0x0000012935e2a6e0 DEOPT UNPACKING pc=0x000001291c0420a3 sp=0x00000026f91fde90 mode 2
Event: 378.856 Thread 0x00000129454ffdd0 DEOPT PACKING pc=0x000001291dd25a64 sp=0x00000026f7bfcf10
Event: 378.856 Thread 0x00000129454ffdd0 DEOPT UNPACKING pc=0x000001291c042843 sp=0x00000026f7bfc340 mode 0
Event: 378.878 Thread 0x00000129454ffdd0 DEOPT PACKING pc=0x000001291e394983 sp=0x00000026f7bfd4f0
Event: 378.878 Thread 0x00000129454ffdd0 DEOPT UNPACKING pc=0x000001291c042843 sp=0x00000026f7bfca40 mode 0

Classes loaded (20 events):
Event: 304.036 Loading class java/util/stream/Nodes$CollectorTask$OfRef
Event: 304.036 Loading class java/util/stream/Nodes$CollectorTask
Event: 304.036 Loading class java/util/stream/Nodes$CollectorTask done
Event: 304.036 Loading class java/util/stream/Nodes$CollectorTask$OfRef done
Event: 304.036 Loading class java/util/function/LongFunction
Event: 304.036 Loading class java/util/function/LongFunction done
Event: 304.037 Loading class java/util/stream/Nodes$ConcNode
Event: 304.037 Loading class java/util/stream/Nodes$AbstractConcNode
Event: 304.037 Loading class java/util/stream/Nodes$AbstractConcNode done
Event: 304.037 Loading class java/util/stream/Nodes$ConcNode done
Event: 304.037 Loading class java/util/stream/Nodes$ToArrayTask$OfRef
Event: 304.037 Loading class java/util/stream/Nodes$ToArrayTask
Event: 304.037 Loading class java/util/stream/Nodes$ToArrayTask done
Event: 304.037 Loading class java/util/stream/Nodes$ToArrayTask$OfRef done
Event: 304.038 Loading class java/io/ObjectOutputStream$BlockDataOutputStream
Event: 304.038 Loading class java/io/ObjectOutputStream$BlockDataOutputStream done
Event: 304.038 Loading class java/io/ObjectOutputStream$HandleTable
Event: 304.038 Loading class java/io/ObjectOutputStream$HandleTable done
Event: 304.038 Loading class java/io/ObjectOutputStream$ReplaceTable
Event: 304.038 Loading class java/io/ObjectOutputStream$ReplaceTable done

Classes unloaded (17 events):
Event: 1.892 Thread 0x000001291475ecf0 Unloading class 0x0000000800da0c00 'java/lang/invoke/LambdaForm$MH+0x0000000800da0c00'
Event: 1.892 Thread 0x000001291475ecf0 Unloading class 0x0000000800da0800 'java/lang/invoke/LambdaForm$MH+0x0000000800da0800'
Event: 1.892 Thread 0x000001291475ecf0 Unloading class 0x0000000800da0400 'java/lang/invoke/LambdaForm$MH+0x0000000800da0400'
Event: 1.892 Thread 0x000001291475ecf0 Unloading class 0x0000000800da0000 'java/lang/invoke/LambdaForm$MH+0x0000000800da0000'
Event: 1.892 Thread 0x000001291475ecf0 Unloading class 0x0000000800d9fc00 'java/lang/invoke/LambdaForm$BMH+0x0000000800d9fc00'
Event: 1.892 Thread 0x000001291475ecf0 Unloading class 0x0000000800d9f800 'java/lang/invoke/LambdaForm$DMH+0x0000000800d9f800'
Event: 1.892 Thread 0x000001291475ecf0 Unloading class 0x0000000800d9e400 'java/lang/invoke/LambdaForm$DMH+0x0000000800d9e400'
Event: 9.063 Thread 0x000001291475ecf0 Unloading class 0x000000080137c800 'java/lang/invoke/LambdaForm$MH+0x000000080137c800'
Event: 9.063 Thread 0x000001291475ecf0 Unloading class 0x000000080137c000 'java/lang/invoke/LambdaForm$MH+0x000000080137c000'
Event: 10.112 Thread 0x000001291475ecf0 Unloading class 0x0000000801389400 'java/lang/invoke/LambdaForm$MH+0x0000000801389400'
Event: 10.112 Thread 0x000001291475ecf0 Unloading class 0x0000000801388c00 'java/lang/invoke/LambdaForm$MH+0x0000000801388c00'
Event: 10.112 Thread 0x000001291475ecf0 Unloading class 0x0000000801388400 'java/lang/invoke/LambdaForm$MH+0x0000000801388400'
Event: 10.112 Thread 0x000001291475ecf0 Unloading class 0x0000000801388000 'java/lang/invoke/LambdaForm$MH+0x0000000801388000'
Event: 10.112 Thread 0x000001291475ecf0 Unloading class 0x0000000801382400 'java/lang/invoke/LambdaForm$MH+0x0000000801382400'
Event: 10.112 Thread 0x000001291475ecf0 Unloading class 0x0000000801381c00 'java/lang/invoke/LambdaForm$MH+0x0000000801381c00'
Event: 10.112 Thread 0x000001291475ecf0 Unloading class 0x0000000801381400 'java/lang/invoke/LambdaForm$MH+0x0000000801381400'
Event: 10.112 Thread 0x000001291475ecf0 Unloading class 0x0000000801380c00 'java/lang/invoke/LambdaForm$MH+0x0000000801380c00'

Classes redefined (0 events):
No events

Internal exceptions (20 events):
Event: 378.862 Thread 0x00000129454ffdd0 Implicit null exception at 0x000001291cf1e7fd to 0x000001291cf1edad
Event: 378.862 Thread 0x00000129454ffdd0 Exception <a 'java/lang/NullPointerException'{0x00000000eab336d0}> (0x00000000eab336d0) 
thrown [s\open\src\hotspot\share\runtime\sharedRuntime.cpp, line 625]
Event: 378.862 Thread 0x00000129454ffdd0 Implicit null exception at 0x000001291cf1e7fd to 0x000001291cf1edad
Event: 378.862 Thread 0x00000129454ffdd0 Exception <a 'java/lang/NullPointerException'{0x00000000eab33ba8}> (0x00000000eab33ba8) 
thrown [s\open\src\hotspot\share\runtime\sharedRuntime.cpp, line 625]
Event: 378.862 Thread 0x00000129454ffdd0 Implicit null exception at 0x000001291cf1e7fd to 0x000001291cf1edad
Event: 378.862 Thread 0x00000129454ffdd0 Exception <a 'java/lang/NullPointerException'{0x00000000eab342d0}> (0x00000000eab342d0) 
thrown [s\open\src\hotspot\share\runtime\sharedRuntime.cpp, line 625]
Event: 378.862 Thread 0x00000129454ffdd0 Implicit null exception at 0x000001291cf1e7fd to 0x000001291cf1edad
Event: 378.862 Thread 0x00000129454ffdd0 Exception <a 'java/lang/NullPointerException'{0x00000000eab35078}> (0x00000000eab35078) 
thrown [s\open\src\hotspot\share\runtime\sharedRuntime.cpp, line 625]
Event: 378.862 Thread 0x00000129454ffdd0 Implicit null exception at 0x000001291cf1e7fd to 0x000001291cf1edad
Event: 378.862 Thread 0x00000129454ffdd0 Exception <a 'java/lang/NullPointerException'{0x00000000eab356f0}> (0x00000000eab356f0) 
thrown [s\open\src\hotspot\share\runtime\sharedRuntime.cpp, line 625]
Event: 378.862 Thread 0x00000129454ffdd0 Implicit null exception at 0x000001291cf1e7fd to 0x000001291cf1edad
Event: 378.862 Thread 0x00000129454ffdd0 Exception <a 'java/lang/NullPointerException'{0x00000000eab35ca0}> (0x00000000eab35ca0) 
thrown [s\open\src\hotspot\share\runtime\sharedRuntime.cpp, line 625]
Event: 378.862 Thread 0x00000129454ffdd0 Implicit null exception at 0x000001291cf1e7fd to 0x000001291cf1edad
Event: 378.862 Thread 0x00000129454ffdd0 Exception <a 'java/lang/NullPointerException'{0x00000000eab36138}> (0x00000000eab36138) 
thrown [s\open\src\hotspot\share\runtime\sharedRuntime.cpp, line 625]
Event: 378.862 Thread 0x00000129454ffdd0 Implicit null exception at 0x000001291cf1e7fd to 0x000001291cf1edad
Event: 378.862 Thread 0x00000129454ffdd0 Exception <a 'java/lang/NullPointerException'{0x00000000eab367b0}> (0x00000000eab367b0) 
thrown [s\open\src\hotspot\share\runtime\sharedRuntime.cpp, line 625]
Event: 378.862 Thread 0x00000129454ffdd0 Implicit null exception at 0x000001291cf1e7fd to 0x000001291cf1edad
Event: 378.862 Thread 0x00000129454ffdd0 Exception <a 'java/lang/NullPointerException'{0x00000000eab37e78}> (0x00000000eab37e78) 
thrown [s\open\src\hotspot\share\runtime\sharedRuntime.cpp, line 625]
Event: 378.862 Thread 0x00000129454ffdd0 Implicit null exception at 0x000001291cf1e7fd to 0x000001291cf1edad
Event: 378.862 Thread 0x00000129454ffdd0 Exception <a 'java/lang/NullPointerException'{0x00000000eab38520}> (0x00000000eab38520) 
thrown [s\open\src\hotspot\share\runtime\sharedRuntime.cpp, line 625]

VM Operations (20 events):
Event: 378.824 Executing VM operation: ParallelGCFailedAllocation done
Event: 378.826 Executing VM operation: ParallelGCFailedAllocation
Event: 378.826 Executing VM operation: ParallelGCFailedAllocation done
Event: 378.829 Executing VM operation: ParallelGCFailedAllocation
Event: 378.829 Executing VM operation: ParallelGCFailedAllocation done
Event: 378.833 Executing VM operation: ParallelGCFailedAllocation
Event: 378.833 Executing VM operation: ParallelGCFailedAllocation done
Event: 378.840 Executing VM operation: ParallelGCFailedAllocation
Event: 378.840 Executing VM operation: ParallelGCFailedAllocation done
Event: 378.848 Executing VM operation: ParallelGCFailedAllocation
Event: 378.848 Executing VM operation: ParallelGCFailedAllocation done
Event: 378.857 Executing VM operation: ParallelGCFailedAllocation
Event: 378.857 Executing VM operation: ParallelGCFailedAllocation done
Event: 378.861 Executing VM operation: ParallelGCFailedAllocation
Event: 378.861 Executing VM operation: ParallelGCFailedAllocation done
Event: 378.868 Executing VM operation: ParallelGCFailedAllocation
Event: 378.869 Executing VM operation: ParallelGCFailedAllocation done
Event: 378.876 Executing VM operation: ParallelGCFailedAllocation
Event: 378.877 Executing VM operation: ParallelGCFailedAllocation done
Event: 378.879 Executing VM operation: ParallelGCFailedAllocation

Events (20 events):
Event: 374.294 Thread 0x000001291477c0c0 flushing nmethod 0x000001291e32d810
Event: 374.294 Thread 0x000001291477c0c0 flushing nmethod 0x000001291e340310
Event: 374.294 Thread 0x000001291477c0c0 flushing nmethod 0x000001291e361490
Event: 374.294 Thread 0x000001291477c0c0 flushing nmethod 0x000001291e38cd10
Event: 374.294 Thread 0x000001291477c0c0 flushing nmethod 0x000001291e38e590
Event: 374.294 Thread 0x000001291477c0c0 flushing nmethod 0x000001291e38ef10
Event: 374.296 Thread 0x0000012939d55d60 Thread added: 0x0000012939d55d60
Event: 374.319 Thread 0x0000012939d55d60 Thread exited: 0x0000012939d55d60
Event: 374.674 Thread 0x000001293b391720 Thread exited: 0x000001293b391720
Event: 374.674 Thread 0x000001293b38fdd0 Thread exited: 0x000001293b38fdd0
Event: 375.201 Thread 0x000001293b38f8c0 Thread exited: 0x000001293b38f8c0
Event: 375.201 Thread 0x000001293b393580 Thread exited: 0x000001293b393580
Event: 375.249 Thread 0x000001293b3958f0 Thread added: 0x000001293b3958f0
Event: 375.542 Thread 0x000001293b3958f0 Thread exited: 0x000001293b3958f0
Event: 377.096 Thread 0x000001293b3953e0 Thread exited: 0x000001293b3953e0
Event: 378.135 Thread 0x000001293b393070 Thread added: 0x000001293b393070
Event: 378.135 Thread 0x000001293b38f8c0 Thread added: 0x000001293b38f8c0
Event: 378.283 Thread 0x000001293b38f8c0 Thread exited: 0x000001293b38f8c0
Event: 378.624 Thread 0x000001293b393070 Thread exited: 0x000001293b393070
Event: 378.870 Thread 0x000001293b3958f0 Thread added: 0x000001293b3958f0


Dynamic libraries:
0x00007ff6f5140000 - 0x00007ff6f5150000 	C:\Program Files\Java\jdk-18.0.2\bin\java.exe
0x00007ff8b0210000 - 0x00007ff8b0424000 	C:\WINDOWS\SYSTEM32\ntdll.dll
0x00007ff8af700000 - 0x00007ff8af7c4000 	C:\WINDOWS\System32\KERNEL32.DLL
0x00007ff8ad920000 - 0x00007ff8adcc4000 	C:\WINDOWS\System32\KERNELBASE.dll
0x00007ff8ad5f0000 - 0x00007ff8ad701000 	C:\WINDOWS\System32\ucrtbase.dll
0x00007ff89c0f0000 - 0x00007ff89c10a000 	C:\Program Files\Java\jdk-18.0.2\bin\VCRUNTIME140.dll
0x00007ff8a86b0000 - 0x00007ff8a86c8000 	C:\Program Files\Java\jdk-18.0.2\bin\jli.dll
0x00007ff8af350000 - 0x00007ff8af400000 	C:\WINDOWS\System32\ADVAPI32.dll
0x00007ff8af7d0000 - 0x00007ff8af877000 	C:\WINDOWS\System32\msvcrt.dll
0x00007ff8af8c0000 - 0x00007ff8af966000 	C:\WINDOWS\System32\sechost.dll
0x00007ff8ae050000 - 0x00007ff8ae167000 	C:\WINDOWS\System32\RPCRT4.dll
0x00007ff8ae170000 - 0x00007ff8ae31a000 	C:\WINDOWS\System32\USER32.dll
0x00007ff8add70000 - 0x00007ff8add96000 	C:\WINDOWS\System32\win32u.dll
0x00007ff89d740000 - 0x00007ff89d9cf000 	C:\WINDOWS\WinSxS\amd64_microsoft.windows.common-controls_6595b64144ccf1df_6.0.22621.2070_none_2713e6537381f706\COMCTL32.dll
0x00007ff8aea00000 - 0x00007ff8aea29000 	C:\WINDOWS\System32\GDI32.dll
0x00007ff8ad710000 - 0x00007ff8ad829000 	C:\WINDOWS\System32\gdi32full.dll
0x00007ff8adcd0000 - 0x00007ff8add6a000 	C:\WINDOWS\System32\msvcp_win.dll
0x00007ff8a1900000 - 0x00007ff8a190a000 	C:\WINDOWS\SYSTEM32\VERSION.dll
0x00007ff8af880000 - 0x00007ff8af8b1000 	C:\WINDOWS\System32\IMM32.DLL
0x00007ff891900000 - 0x00007ff89190c000 	C:\Program Files\Java\jdk-18.0.2\bin\vcruntime140_1.dll
0x00007ff878fc0000 - 0x00007ff87904d000 	C:\Program Files\Java\jdk-18.0.2\bin\msvcp140.dll
0x00007ff869740000 - 0x00007ff86a351000 	C:\Program Files\Java\jdk-18.0.2\bin\server\jvm.dll
0x00007ff8b01c0000 - 0x00007ff8b01c8000 	C:\WINDOWS\System32\PSAPI.DLL
0x00007ff8908f0000 - 0x00007ff8908f9000 	C:\WINDOWS\SYSTEM32\WSOCK32.dll
0x00007ff8a48b0000 - 0x00007ff8a48e4000 	C:\WINDOWS\SYSTEM32\WINMM.dll
0x00007ff8adfd0000 - 0x00007ff8ae041000 	C:\WINDOWS\System32\WS2_32.dll
0x00007ff8ac690000 - 0x00007ff8ac6a8000 	C:\WINDOWS\SYSTEM32\kernel.appcore.dll
0x00007ff8918a0000 - 0x00007ff8918aa000 	C:\Program Files\Java\jdk-18.0.2\bin\jimage.dll
0x00007ff8aaf00000 - 0x00007ff8ab12e000 	C:\WINDOWS\SYSTEM32\DBGHELP.DLL
0x00007ff8aead0000 - 0x00007ff8aee5a000 	C:\WINDOWS\System32\combase.dll
0x00007ff8aee80000 - 0x00007ff8aef57000 	C:\WINDOWS\System32\OLEAUT32.dll
0x00007ff89b2f0000 - 0x00007ff89b322000 	C:\WINDOWS\SYSTEM32\dbgcore.DLL
0x00007ff8ad8a0000 - 0x00007ff8ad91a000 	C:\WINDOWS\System32\bcryptPrimitives.dll
0x00007ff891890000 - 0x00007ff89189e000 	C:\Program Files\Java\jdk-18.0.2\bin\instrument.dll
0x00007ff885010000 - 0x00007ff885035000 	C:\Program Files\Java\jdk-18.0.2\bin\java.dll
0x00007ff878ee0000 - 0x00007ff878fb6000 	C:\Program Files\Java\jdk-18.0.2\bin\jsvml.dll
0x00007ff8af9a0000 - 0x00007ff8b01b6000 	C:\WINDOWS\System32\SHELL32.dll
0x00007ff8ab580000 - 0x00007ff8abe6a000 	C:\WINDOWS\SYSTEM32\windows.storage.dll
0x00007ff8ab440000 - 0x00007ff8ab57e000 	C:\WINDOWS\SYSTEM32\wintypes.dll
0x00007ff8af600000 - 0x00007ff8af6f3000 	C:\WINDOWS\System32\SHCORE.dll
0x00007ff8af5a0000 - 0x00007ff8af5fe000 	C:\WINDOWS\System32\shlwapi.dll
0x00007ff8ad520000 - 0x00007ff8ad546000 	C:\WINDOWS\SYSTEM32\profapi.dll
0x00007ff890830000 - 0x00007ff890848000 	C:\Program Files\Java\jdk-18.0.2\bin\zip.dll
0x00007ff88bbd0000 - 0x00007ff88bbe3000 	C:\Program Files\Java\jdk-18.0.2\bin\net.dll
0x00007ff8a5290000 - 0x00007ff8a53c7000 	C:\WINDOWS\SYSTEM32\WINHTTP.dll
0x00007ff8acb50000 - 0x00007ff8acbb9000 	C:\WINDOWS\system32\mswsock.dll
0x00007ff88a2f0000 - 0x00007ff88a306000 	C:\Program Files\Java\jdk-18.0.2\bin\nio.dll
0x00007ff88a800000 - 0x00007ff88a810000 	C:\Program Files\Java\jdk-18.0.2\bin\verify.dll
0x00007ff877080000 - 0x00007ff8770be000 	C:\Users\brend\AppData\Roaming\Code\User\globalStorage\redhat.java\1.21.0\config_win\org.eclipse.equinox.launcher\org.eclipse.equinox.launcher.win32.win32.x86_64_1.2.700.v20221108-1024\eclipse_11801.dll
0x00007ff8af400000 - 0x00007ff8af59c000 	C:\WINDOWS\System32\ole32.dll
0x00007ff8ace70000 - 0x00007ff8ace8b000 	C:\WINDOWS\SYSTEM32\CRYPTSP.dll
0x00007ff8ac650000 - 0x00007ff8ac685000 	C:\WINDOWS\system32\rsaenh.dll
0x00007ff8acbf0000 - 0x00007ff8acc1c000 	C:\WINDOWS\SYSTEM32\USERENV.dll
0x00007ff8acf90000 - 0x00007ff8acfb8000 	C:\WINDOWS\SYSTEM32\bcrypt.dll
0x00007ff8ace50000 - 0x00007ff8ace5c000 	C:\WINDOWS\SYSTEM32\CRYPTBASE.dll
0x00007ff8ac140000 - 0x00007ff8ac16d000 	C:\WINDOWS\SYSTEM32\IPHLPAPI.DLL
0x00007ff8aefc0000 - 0x00007ff8aefc9000 	C:\WINDOWS\System32\NSI.dll
0x00007ff8a5800000 - 0x00007ff8a5819000 	C:\WINDOWS\SYSTEM32\dhcpcsvc6.DLL
0x00007ff8a50e0000 - 0x00007ff8a50ff000 	C:\WINDOWS\SYSTEM32\dhcpcsvc.DLL
0x00007ff8ac1b0000 - 0x00007ff8ac2a3000 	C:\WINDOWS\SYSTEM32\DNSAPI.dll
0x00007ff8833a0000 - 0x00007ff8833e5000 	C:\Users\brend\AppData\Local\Temp\jna-94001803\jna5443714324182088575.dll
0x00007ff876600000 - 0x00007ff876627000 	C:\Users\brend\.gradle\native\68d5fa5c4cc2d200863cafc0d521ce42e7d3e7ee720ec0a83991735586a16f82\windows-amd64\native-platform.dll
0x00007ff8875c0000 - 0x00007ff8875c9000 	C:\Program Files\Java\jdk-18.0.2\bin\management.dll
0x00007ff8873e0000 - 0x00007ff8873eb000 	C:\Program Files\Java\jdk-18.0.2\bin\management_ext.dll
0x00007ff886ae0000 - 0x00007ff886aee000 	C:\Program Files\Java\jdk-18.0.2\bin\sunmscapi.dll
0x00007ff8ade60000 - 0x00007ff8adfc7000 	C:\WINDOWS\System32\CRYPT32.dll
0x00007ff8acf60000 - 0x00007ff8acf8e000 	C:\WINDOWS\SYSTEM32\ncrypt.dll
0x00007ff8acf20000 - 0x00007ff8acf57000 	C:\WINDOWS\SYSTEM32\NTASN1.dll

dbghelp: loaded successfully - version: 4.0.5 - missing functions: none
symbol engine: initialized successfully - sym options: 0x614 - pdb path: .;C:\Program Files\Java\jdk-18.0.2\bin;C:\WINDOWS\SYSTEM32;C:\WINDOWS\WinSxS\amd64_microsoft.windows.common-controls_6595b64144ccf1df_6.0.22621.2070_none_2713e6537381f706;C:\Program Files\Java\jdk-18.0.2\bin\server;C:\Users\brend\AppData\Roaming\Code\User\globalStorage\redhat.java\1.21.0\config_win\org.eclipse.equinox.launcher\org.eclipse.equinox.launcher.win32.win32.x86_64_1.2.700.v20221108-1024;C:\Users\brend\AppData\Local\Temp\jna-94001803;C:\Users\brend\.gradle\native\68d5fa5c4cc2d200863cafc0d521ce42e7d3e7ee720ec0a83991735586a16f82\windows-amd64

VM Arguments:
jvm_args: --add-modules=ALL-SYSTEM --add-opens=java.base/java.util=ALL-UNNAMED --add-opens=java.base/java.lang=ALL-UNNAMED --add-opens=java.base/sun.nio.fs=ALL-UNNAMED -Declipse.application=org.eclipse.jdt.ls.core.id1 -Dosgi.bundles.defaultStartLevel=4 -Declipse.product=org.eclipse.jdt.ls.core.product -Djava.import.generatesMetadataFilesAtProjectRoot=false -Dfile.encoding=utf8 -XX:+UseParallelGC -XX:GCTimeRatio=4 -XX:AdaptiveSizePolicyWeight=90 -Dsun.zip.disableMemoryMapping=true -Xmx1G -Xms100m -Xlog:disable -javaagent:c:\Users\brend\.vscode\extensions\redhat.java-1.21.0-win32-x64\lombok\lombok-1.18.28.jar -XX:+HeapDumpOnOutOfMemoryError -XX:HeapDumpPath=c:\Users\brend\AppData\Roaming\Code\User\workspaceStorage\37c26aaaf44f27de3e38bd41993dd2a9\redhat.java -Daether.dependencyCollector.impl=bf 
java_command: c:\Users\brend\.vscode\extensions\redhat.java-1.21.0-win32-x64\server\plugins\org.eclipse.equinox.launcher_1.6.500.v20230717-2134.jar -configuration c:\Users\brend\AppData\Roaming\Code\User\globalStorage\redhat.java\1.21.0\config_win -data c:\Users\brend\AppData\Roaming\Code\User\workspaceStorage\37c26aaaf44f27de3e38bd41993dd2a9\redhat.java\jdt_ws
java_class_path (initial): c:\Users\brend\.vscode\extensions\redhat.java-1.21.0-win32-x64\server\plugins\org.eclipse.equinox.launcher_1.6.500.v20230717-2134.jar
Launcher Type: SUN_STANDARD

[Global flags]
    uintx AdaptiveSizePolicyWeight                 = 90                                        {product} {command line}
     intx CICompilerCount                          = 12                                        {product} {ergonomic}
    uintx GCTimeRatio                              = 4                                         {product} {command line}
     bool HeapDumpOnOutOfMemoryError               = true                                   {manageable} {command line}
    ccstr HeapDumpPath                             = c:\Users\brend\AppData\Roaming\Code\User\workspaceStorage\37c26aaaf44f27de3e38bd41993dd2a9\redhat.java         {manageable} {command line}
   size_t InitialHeapSize                          = 104857600                                 {product} {command line}
   size_t MaxHeapSize                              = 1073741824                                {product} {command line}
   size_t MaxNewSize                               = 357564416                                 {product} {ergonomic}
   size_t MinHeapDeltaBytes                        = 524288                                    {product} {ergonomic}
   size_t MinHeapSize                              = 104857600                                 {product} {command line}
   size_t NewSize                                  = 34603008                                  {product} {ergonomic}
    uintx NonNMethodCodeHeapSize                   = 7602480                                {pd product} {ergonomic}
    uintx NonProfiledCodeHeapSize                  = 122027880                              {pd product} {ergonomic}
   size_t OldSize                                  = 70254592                                  {product} {ergonomic}
    uintx ProfiledCodeHeapSize                     = 122027880                              {pd product} {ergonomic}
    uintx ReservedCodeCacheSize                    = 251658240                              {pd product} {ergonomic}
     bool SegmentedCodeCache                       = true                                      {product} {ergonomic}
   size_t SoftMaxHeapSize                          = 1073741824                             {manageable} {ergonomic}
     bool UseCompressedClassPointers               = true                           {product lp64_product} {ergonomic}
     bool UseCompressedOops                        = true                           {product lp64_product} {ergonomic}
     bool UseLargePagesIndividualAllocation        = false                                  {pd product} {ergonomic}
     bool UseParallelGC                            = true                                      {product} {command line}

Logging:
Log output configuration:
 #0: stdout all=off uptime,level,tags foldmultilines=false
 #1: stderr all=off uptime,level,tags foldmultilines=false

Environment Variables:
PATH=E:\Oculus\Support\oculus-runtime;C:\Program Files\Eclipse Adoptium\jdk-17.0.4.8-hotspot\bin;C:\Program Files\Common Files\Oracle\Java\javapath;C:\Program Files\Microsoft MPI\Bin\;C:\Program Files (x86)\Common Files\Intel\Shared Libraries\redist\intel64\compiler;C:\Python39\Scripts\;C:\Python39\;C:\Windows\system32;C:\Windows;C:\Windows\System32\Wbem;C:\Windows\System32\WindowsPowerShell\v1.0\;C:\Windows\System32\OpenSSH\;C:\Program Files\NVIDIA Corporation\NVIDIA NvDLISR;C:\Program Files\Git\cmd;C:\Program Files\nodejs\;C:\ProgramData\chocolatey\bin;C:\Program Files\dotnet\;C:\Program Files\Microsoft SQL Server\Client SDK\ODBC\170\Tools\Binn\;C:\Program Files (x86)\Microsoft SQL Server\130\DTS\Binn\;C:\Program Files\Microsoft SQL Server\Client SDK\ODBC\130\Tools\Binn\;C:\Program Files\CMake\bin;C:\WINDOWS\system32;C:\WINDOWS;C:\WINDOWS\System32\Wbem;C:\WINDOWS\System32\WindowsPowerShell\v1.0\;C:\WINDOWS\System32\OpenSSH\;C:\Program Files (x86)\Calibre2\;C:\Program Files (x86)\Google\Cloud SDK\google-cloud-sdk\bin;C:\Program Files\PuTTY\;C:\xampp\php;C:\ProgramData\ComposerSetup\bin;C:\WINDOWS\system32;C:\WINDOWS;C:\WINDOWS\System32\Wbem;C:\WINDOWS\System32\WindowsPowerShell\v1.0\;C:\WINDOWS\System32\OpenSSH\;C:\Program Files\Docker\Docker\resources\bin;C:\ProgramData\DockerDesktop\version-bin;C:\Program Files (x86)\NVIDIA Corporation\PhysX\Common;C:\Program Files\MySQL\MySQL Shell 8.0\bin\;C:\Users\brend\.cargo\bin;C:\Users\brend\AppData\Local\Microsoft\WindowsApps;C:\Users\brend\AppData\Local\Programs\Microsoft VS Code\bin;C:\Users\brend\AppData\Roaming\npm;C:\Users\brend\.dotnet\tools;C:\Program Files\Azure Data Studio\bin;C:\Program Files\JetBrains\IntelliJ IDEA 2021.2\bin;;C:\Program Files\JetBrains\IntelliJ IDEA Community Edition 2021.2\bin;;C:\Users\brend\AppData\Roaming\Composer\vendor\bin;C:\Users\brend\AppData\Local\GitHubDesktop\bin
USERNAME=brend
OS=Windows_NT
PROCESSOR_IDENTIFIER=Intel64 Family 6 Model 165 Stepping 5, GenuineIntel



---------------  S Y S T E M  ---------------

OS:
 Windows 11 , 64 bit Build 22621 (10.0.22621.2070)
OS uptime: 3 days 3:44 hours
Hyper-V role detected

CPU: total 20 (initial active 20) (10 cores per cpu, 2 threads per core) family 6 model 165 stepping 5 microcode 0xe0, cx8, cmov, fxsr, ht, mmx, 3dnowpref, sse, sse2, sse3, ssse3, sse4.1, sse4.2, popcnt, lzcnt, tsc, tscinvbit, avx, avx2, aes, erms, clmul, bmi1, bmi2, adx, fma, vzeroupper, clflush, clflushopt, hv

Memory: 4k page, system-wide physical 98172M (57810M free)
TotalPageFile size 110460M (AvailPageFile size 52292M)
current process WorkingSet (physical memory assigned to process): 459M, peak: 492M
current process commit charge ("private bytes"): 509M, peak: 579M

vm_info: Java HotSpot(TM) 64-Bit Server VM (18.0.2+9-61) for windows-amd64 JRE (18.0.2+9-61), built on Jun  7 2022 13:09:01 by "mach5one" with MS VC++ 16.8 / 16.9 (VS2019)

END.
